Log file open, 04/01/19 19:26:26
LogWindows: Failed to load 'aqProf.dll' (GetLastError=126)
LogWindows: File 'aqProf.dll' does not exist
LogWindows: Failed to load 'VSPerf140.dll' (GetLastError=126)
LogWindows: File 'VSPerf140.dll' does not exist
LogWindows: Failed to load 'VtuneApi.dll' (GetLastError=126)
LogWindows: File 'VtuneApi.dll' does not exist
LogWindows: Failed to load 'VtuneApi32e.dll' (GetLastError=126)
LogWindows: File 'VtuneApi32e.dll' does not exist
LogInit: Display: Running engine for game: GroupProject
LogPlatformFile: Not using cached read wrapper
LogTaskGraph: Started task graph with 5 named threads and 35 total threads with 3 sets of task threads.
LogStats: Stats thread started at 0.428265
LogD3D11RHI: Loaded GFSDK_Aftermath_Lib.x64.dll
LogICUInternationalization: Display: ICU TimeZone Detection - Raw Offset: +0:00, Platform Override: ''
LogPluginManager: Mounting plugin Paper2D
LogPluginManager: Mounting plugin AISupport
LogPluginManager: Mounting plugin LightPropagationVolume
LogPluginManager: Mounting plugin CLionSourceCodeAccess
LogPluginManager: Mounting plugin CodeLiteSourceCodeAccess
LogPluginManager: Mounting plugin GitSourceControl
LogPluginManager: Mounting plugin KDevelopSourceCodeAccess
LogPluginManager: Mounting plugin NullSourceCodeAccess
LogPluginManager: Mounting plugin PerforceSourceControl
LogPluginManager: Mounting plugin SubversionSourceControl
LogPluginManager: Mounting plugin UObjectPlugin
LogPluginManager: Mounting plugin VisualStudioCodeSourceCodeAccess
LogPluginManager: Mounting plugin VisualStudioSourceCodeAccess
LogPluginManager: Mounting plugin XCodeSourceCodeAccess
LogPluginManager: Mounting plugin AssetManagerEditor
LogPluginManager: Mounting plugin CryptoKeys
LogPluginManager: Mounting plugin DataValidation
LogPluginManager: Mounting plugin FacialAnimation
LogPluginManager: Mounting plugin GameplayTagsEditor
LogPluginManager: Mounting plugin MacGraphicsSwitching
LogPluginManager: Mounting plugin MeshEditor
LogPluginManager: Mounting plugin MobileLauncherProfileWizard
LogPluginManager: Mounting plugin PluginBrowser
LogPluginManager: Mounting plugin SpeedTreeImporter
LogPluginManager: Mounting plugin DatasmithContent
LogPluginManager: Mounting plugin AlembicImporter
LogPluginManager: Mounting plugin AppleImageUtils
LogPluginManager: Mounting plugin AppleVision
LogPluginManager: Mounting plugin BackChannel
LogPluginManager: Mounting plugin CharacterAI
LogPluginManager: Mounting plugin GeometryCache
LogPluginManager: Mounting plugin HTML5Networking
LogPluginManager: Mounting plugin ProxyLODPlugin
LogPluginManager: Mounting plugin MagicLeap
LogPluginManager: Mounting plugin MagicLeapEmulator
LogPluginManager: Mounting plugin MagicLeapMedia
LogPluginManager: Mounting plugin AndroidMedia
LogPluginManager: Mounting plugin AvfMedia
LogPluginManager: Mounting plugin ImgMedia
LogPluginManager: Mounting plugin LinearTimecode
LogPluginManager: Mounting plugin MediaCompositing
LogPluginManager: Mounting plugin MediaPlayerEditor
LogPluginManager: Mounting plugin WmfMedia
LogPluginManager: Mounting plugin TcpMessaging
LogPluginManager: Mounting plugin UdpMessaging
LogPluginManager: Mounting plugin ActorSequence
LogPluginManager: Mounting plugin LevelSequenceEditor
LogPluginManager: Mounting plugin MatineeToLevelSequence
LogPluginManager: Mounting plugin NetcodeUnitTest
LogPluginManager: Mounting plugin NUTUnrealEngine4
LogPluginManager: Mounting plugin OnlineSubsystemGooglePlay
LogPluginManager: Mounting plugin OnlineSubsystemIOS
LogPluginManager: Mounting plugin OnlineSubsystem
LogPluginManager: Mounting plugin OnlineSubsystemNull
LogPluginManager: Mounting plugin OnlineSubsystemUtils
LogPluginManager: Mounting plugin LauncherChunkInstaller
LogPluginManager: Mounting plugin AndroidDeviceProfileSelector
LogPluginManager: Mounting plugin AndroidMoviePlayer
LogPluginManager: Mounting plugin AndroidPermission
LogPluginManager: Mounting plugin ApexDestruction
LogPluginManager: Mounting plugin AppleMoviePlayer
LogPluginManager: Mounting plugin ArchVisCharacter
LogPluginManager: Mounting plugin AudioCapture
LogPluginManager: Mounting plugin CableComponent
LogPluginManager: Mounting plugin CustomMeshComponent
LogPluginManager: Mounting plugin EditableMesh
LogPluginManager: Mounting plugin ExampleDeviceProfileSelector
LogPluginManager: Mounting plugin GoogleCloudMessaging
LogPluginManager: Mounting plugin ImmediatePhysics
LogPluginManager: Mounting plugin IOSDeviceProfileSelector
LogPluginManager: Mounting plugin LinuxDeviceProfileSelector
LogPluginManager: Mounting plugin LocationServicesBPLibrary
LogPluginManager: Mounting plugin MobilePatchingUtils
LogPluginManager: Mounting plugin OculusVR
LogPluginManager: Plugin shader directory ../../../Engine/Plugins/Runtime/Oculus/OculusVR/Shaders found
LogPluginManager: Mapping shader source directory ../../../Engine/Plugins/Runtime/Oculus/OculusVR/Shaders to virtual directory /Plugin/OculusVR
LogPluginManager: Mounting plugin PhysXVehicles
LogPluginManager: Mounting plugin ProceduralMeshComponent
LogPluginManager: Mounting plugin RuntimePhysXCooking
LogPluginManager: Mounting plugin SteamVR
LogPluginManager: Mounting plugin WindowsMoviePlayer
LogStreaming: Display: Took  0.255s to configure plugins.
LogInit: Using libcurl 7.55.1-DEV
LogInit:  - built for x86_64-pc-win32
LogInit:  - supports SSL with OpenSSL/1.0.2h
LogInit:  - supports HTTP deflate (compression) using libz 1.2.8
LogInit:  - other features:
LogInit:      CURL_VERSION_SSL
LogInit:      CURL_VERSION_LIBZ
LogInit:      CURL_VERSION_IPV6
LogInit:      CURL_VERSION_ASYNCHDNS
LogInit:      CURL_VERSION_LARGEFILE
LogInit:      CURL_VERSION_IDN
LogInit:  CurlRequestOptions (configurable via config and command line):
LogInit:  - bVerifyPeer = false  - Libcurl will NOT verify peer certificate
LogInit:  - bUseHttpProxy = false  - Libcurl will NOT use HTTP proxy
LogInit:  - bDontReuseConnections = false  - Libcurl will reuse connections
LogInit:  - CertBundlePath = nullptr  - Libcurl will use whatever was configured at build time.
LogInit:  - MaxHostConnections = 16  - Libcurl will limit the number of connections to a host
LogInit:  - LocalHostAddr = Default
LogInit:  - BufferSize = 65536
LogInit: WinSock: version 1.1 (2.2), MaxSocks=32767, MaxUdp=65467
LogInit: Build: ++UE4+Release-4.20-CL-4369336
LogInit: Engine Version: 4.20.3-4369336+++UE4+Release-4.20
LogInit: Compatible Engine Version: 4.20.0-4212847+++UE4+Release-4.20
LogInit: Net CL: 4212847
LogInit: OS: Windows 10 (), CPU: Intel(R) Core(TM) i7-8750H CPU @ 2.20GHz, GPU: Intel(R) UHD Graphics 630
LogInit: Compiled (64-bit): Sep 17 2018 12:26:19
LogInit: Compiled with Visual C++: 19.13.26129.00
LogInit: Build Configuration: Development
LogInit: Branch Name: ++UE4+Release-4.20
LogInit: Command Line:  
LogInit: Base Directory: C:/Program Files/Epic Games/UE_4.20/Engine/Binaries/Win64/
LogInit: Installed Engine Build: 1
LogDevObjectVersion: Number of dev versions registered: 20
LogDevObjectVersion:   Dev-Blueprints (B0D832E4-1F89-4F0D-ACCF-7EB736FD4AA2): 10
LogDevObjectVersion:   Dev-Build (E1C64328-A22C-4D53-A36C-8E866417BD8C): 0
LogDevObjectVersion:   Dev-Core (375EC13C-06E4-48FB-B500-84F0262A717E): 2
LogDevObjectVersion:   Dev-Editor (E4B068ED-F494-42E9-A231-DA0B2E46BB41): 24
LogDevObjectVersion:   Dev-Framework (CFFC743F-43B0-4480-9391-14DF171D2073): 34
LogDevObjectVersion:   Dev-Mobile (B02B49B5-BB20-44E9-A304-32B752E40360): 2
LogDevObjectVersion:   Dev-Networking (A4E4105C-59A1-49B5-A7C5-40C4547EDFEE): 0
LogDevObjectVersion:   Dev-Online (39C831C9-5AE6-47DC-9A44-9C173E1C8E7C): 0
LogDevObjectVersion:   Dev-Physics (78F01B33-EBEA-4F98-B9B4-84EACCB95AA2): 0
LogDevObjectVersion:   Dev-Platform (6631380F-2D4D-43E0-8009-CF276956A95A): 0
LogDevObjectVersion:   Dev-Rendering (12F88B9F-8875-4AFC-A67C-D90C383ABD29): 26
LogDevObjectVersion:   Dev-Sequencer (7B5AE74C-D270-4C10-A958-57980B212A5A): 9
LogDevObjectVersion:   Dev-VR (D7296918-1DD6-4BDD-9DE2-64A83CC13884): 2
LogDevObjectVersion:   Dev-LoadTimes (C2A15278-BFE7-4AFE-6C17-90FF531DF755): 1
LogDevObjectVersion:   Private-Geometry (6EACA3D4-40EC-4CC1-B786-8BED09428FC5): 3
LogDevObjectVersion:   Dev-AnimPhys (29E575DD-E0A3-4627-9D10-D276232CDCEA): 17
LogDevObjectVersion:   Dev-ReflectionCapture (6B266CEC-1EC7-4B8F-A30B-E4D90942FC07): 1
LogDevObjectVersion:   Dev-Automation (0DF73D61-A23F-47EA-B727-89E90C41499A): 1
LogDevObjectVersion:   FortniteMain (601D1886-AC64-4F84-AA16-D3DE0DEAC7D6): 12
LogDevObjectVersion:   Dev-Enterprise (9DFFBCD6-494F-0158-E221-12823C92A888): 1
LogStreaming: Display: Took  0.002s to delete old logs.
LogInit: Presizing for max 8388607 objects, including 0 objects not considered by GC, pre-allocating 0 bytes for permanent pool.
LogInit: Object subsystem initialized
[2019.04.01-18.26.27:007][  0]LogInit: Selected Device Profile: [Windows]
[2019.04.01-18.26.27:007][  0]LogInit: Applying CVar settings loaded from the selected device profile: [Windows]
[2019.04.01-18.26.27:032][  0]LogHAL: Display: Platform has ~ 16 GB [16964153344 / 17179869184 / 16], which maps to Larger [LargestMinGB=32, LargerMinGB=12, DefaultMinGB=8, SmallerMinGB=6, SmallestMinGB=0)
[2019.04.01-18.26.27:032][  0]LogInit: Setting Device Profile CVar: [[r.Vulkan.UseRealUBs:1]]
[2019.04.01-18.26.27:032][  0]LogInit: Going up to parent DeviceProfile []
[2019.04.01-18.26.27:032][  0]LogInit: Computer: DESKTOP-3R96R1L
[2019.04.01-18.26.27:032][  0]LogInit: User: JamesMasterton
[2019.04.01-18.26.27:032][  0]LogInit: CPU Page size=4096, Cores=6
[2019.04.01-18.26.27:032][  0]LogInit: High frequency timer resolution =10.000000 MHz
[2019.04.01-18.26.27:033][  0]LogMemory: Memory total: Physical=15.8GB (16GB approx)
[2019.04.01-18.26.27:033][  0]LogMemory: Platform Memory Stats for Windows
[2019.04.01-18.26.27:033][  0]LogMemory: Process Physical Memory: 102.84 MB used, 102.85 MB peak
[2019.04.01-18.26.27:033][  0]LogMemory: Process Virtual Memory: 94.04 MB used, 94.04 MB peak
[2019.04.01-18.26.27:033][  0]LogMemory: Physical Memory: 5504.95 MB used,  10673.33 MB free, 16178.28 MB total
[2019.04.01-18.26.27:033][  0]LogMemory: Virtual Memory: 4662.98 MB used,  10673.33 MB free, 134217728.00 MB total
[2019.04.01-18.26.27:343][  0]LogInit: Using OS detected language (en-US).
[2019.04.01-18.26.27:343][  0]LogInit: Using OS detected locale (en-GB).
[2019.04.01-18.26.27:344][  0]LogTextLocalizationManager: No specific localization for 'en-US' exists, so the 'en' localization will be used.
[2019.04.01-18.26.27:651][  0]LogStreaming: Display: Took  0.308s to InitEngineTextLocalization.
[2019.04.01-18.26.27:651][  0]LogInit: Setting process to per monitor DPI aware
[2019.04.01-18.26.27:679][  0]LogSlate: New Slate User Created.  User Index 0, Is Virtual User: 0
[2019.04.01-18.26.27:679][  0]LogSlate: Slate User Registered.  User Index 0, Is Virtual User: 0
[2019.04.01-18.26.27:893][  0]LogHMD: Failed to initialize OpenVR with code 110
[2019.04.01-18.26.27:893][  0]LogD3D11RHI: D3D11 adapters:
[2019.04.01-18.26.27:944][  0]LogD3D11RHI:    0. 'NVIDIA GeForce GTX 1060 with Max-Q Design' (Feature Level 11_0)
[2019.04.01-18.26.27:944][  0]LogD3D11RHI:       6052/0/8089 MB DedicatedVideo/DedicatedSystem/SharedSystem, Outputs:1, VendorId:0x10de
[2019.04.01-18.26.27:959][  0]LogD3D11RHI:    1. 'Intel(R) UHD Graphics 630' (Feature Level 11_0)
[2019.04.01-18.26.27:959][  0]LogD3D11RHI:       128/0/8089 MB DedicatedVideo/DedicatedSystem/SharedSystem, Outputs:0, VendorId:0x8086
[2019.04.01-18.26.27:960][  0]LogD3D11RHI:    2. 'Microsoft Basic Render Driver' (Feature Level 11_0)
[2019.04.01-18.26.27:960][  0]LogD3D11RHI:       0/0/8089 MB DedicatedVideo/DedicatedSystem/SharedSystem, Outputs:0, VendorId:0x1414
[2019.04.01-18.26.27:960][  0]LogD3D11RHI: Chosen D3D11 Adapter: 0
[2019.04.01-18.26.27:983][  0]LogD3D11RHI: Creating new Direct3DDevice
[2019.04.01-18.26.27:983][  0]LogD3D11RHI:     GPU DeviceId: 0x1c20 (for the marketing name, search the web for "GPU Device Id")
[2019.04.01-18.26.27:983][  0]LogWindows: EnumDisplayDevices:
[2019.04.01-18.26.27:984][  0]LogWindows:    0. 'Intel(R) UHD Graphics 630' (P:1 D:1)
[2019.04.01-18.26.27:984][  0]LogWindows:    1. 'Intel(R) UHD Graphics 630' (P:0 D:0)
[2019.04.01-18.26.27:984][  0]LogWindows:    2. 'Intel(R) UHD Graphics 630' (P:0 D:0)
[2019.04.01-18.26.27:984][  0]LogWindows:    3. 'NVIDIA GeForce GTX 1060 with Max-Q Design' (P:0 D:0)
[2019.04.01-18.26.27:984][  0]LogWindows: DebugString: PrimaryIsNotTheChoosenAdapter PrimaryIsNotTheChoosenAdapter PrimaryIsNotTheChoosenAdapter 
[2019.04.01-18.26.27:984][  0]LogD3D11RHI:     Adapter Name: NVIDIA GeForce GTX 1060 with Max-Q Design
[2019.04.01-18.26.27:985][  0]LogD3D11RHI:   Driver Version: 417.71 (internal:25.21.14.1771, unified:417.71)
[2019.04.01-18.26.27:985][  0]LogD3D11RHI:      Driver Date: 1-11-2019
[2019.04.01-18.26.27:985][  0]LogRHI: Texture pool is 4236 MB (70% of 6052 MB)
[2019.04.01-18.26.28:021][  0]LogD3D11RHI: Async texture creation enabled
[2019.04.01-18.26.28:038][  0]LogD3D11RHI: GPU Timing Frequency: 1000.000000 (Debug: 2 2)
[2019.04.01-18.26.28:039][  0]LogShaderCompilers: Guid format shader working directory is -19 characters bigger than the processId version (D:/SEP GitHub Repositry/Team-Molyneux-3/Project/Unreal Project/GroupProject/Intermediate/Shaders/WorkingDirectory/8984/).
[2019.04.01-18.26.28:039][  0]LogShaderCompilers: Cleaned the shader compiler working directory 'C:/Users/James Masterton/AppData/Local/Temp/UnrealShaderWorkingDir/A36BC0B948F627CE511D15B564A075DD/'.
[2019.04.01-18.26.28:744][  0]LogTemp: Display: Loaded TP AllDesktopTargetPlatform
[2019.04.01-18.26.28:758][  0]LogTemp: Display: Loaded TP MacClientTargetPlatform
[2019.04.01-18.26.28:773][  0]LogTemp: Display: Loaded TP MacNoEditorTargetPlatform
[2019.04.01-18.26.28:784][  0]LogTemp: Display: Loaded TP MacServerTargetPlatform
[2019.04.01-18.26.28:796][  0]LogTemp: Display: Loaded TP MacTargetPlatform
[2019.04.01-18.26.28:807][  0]LogTemp: Display: Loaded TP WindowsClientTargetPlatform
[2019.04.01-18.26.28:818][  0]LogTemp: Display: Loaded TP WindowsNoEditorTargetPlatform
[2019.04.01-18.26.28:830][  0]LogTemp: Display: Loaded TP WindowsServerTargetPlatform
[2019.04.01-18.26.28:836][  0]LogTemp: Display: Loaded TP WindowsTargetPlatform
[2019.04.01-18.26.28:903][  0]LogTemp: Display: Loaded TP AndroidTargetPlatform
[2019.04.01-18.26.28:903][  0]LogTemp: Display: Loaded TP AndroidTargetPlatform
[2019.04.01-18.26.28:903][  0]LogTemp: Display: Loaded TP AndroidTargetPlatform
[2019.04.01-18.26.28:903][  0]LogTemp: Display: Loaded TP AndroidTargetPlatform
[2019.04.01-18.26.28:903][  0]LogTemp: Display: Loaded TP AndroidTargetPlatform
[2019.04.01-18.26.28:903][  0]LogTemp: Display: Loaded TP AndroidTargetPlatform
[2019.04.01-18.26.28:903][  0]LogTemp: Display: Loaded TP AndroidTargetPlatform
[2019.04.01-18.26.28:903][  0]LogTemp: Display: Loaded TP AndroidTargetPlatform
[2019.04.01-18.26.28:903][  0]LogTemp: Display: Loaded TP AndroidTargetPlatform
[2019.04.01-18.26.28:903][  0]LogTemp: Display: Loaded TP AndroidTargetPlatform
[2019.04.01-18.26.28:903][  0]LogTemp: Display: Loaded TP AndroidTargetPlatform
[2019.04.01-18.26.28:903][  0]LogTemp: Display: Loaded TP AndroidTargetPlatform
[2019.04.01-18.26.28:903][  0]LogTemp: Display: Loaded TP AndroidTargetPlatform
[2019.04.01-18.26.28:903][  0]LogTemp: Display: Loaded TP AndroidTargetPlatform
[2019.04.01-18.26.28:903][  0]LogTemp: Display: Loaded TP AndroidTargetPlatform
[2019.04.01-18.26.28:903][  0]LogTemp: Display: Loaded TP AndroidTargetPlatform
[2019.04.01-18.26.28:903][  0]LogTemp: Display: Loaded TP AndroidTargetPlatform
[2019.04.01-18.26.28:904][  0]LogTemp: Display: Loaded TP AndroidTargetPlatform
[2019.04.01-18.26.28:905][  0]LogTemp: Display: Loaded TP HTML5TargetPlatform
[2019.04.01-18.26.28:961][  0]LogTemp: Display: Loaded TP IOSTargetPlatform
[2019.04.01-18.26.28:961][  0]LogTemp: Display: Loaded TP IOSTargetPlatform
[2019.04.01-18.26.28:981][  0]LogTemp: Display: Loaded TP TVOSTargetPlatform
[2019.04.01-18.26.28:981][  0]LogTemp: Display: Loaded TP TVOSTargetPlatform
[2019.04.01-18.26.28:991][  0]LogTemp: Display: Loaded TP LinuxClientTargetPlatform
[2019.04.01-18.26.29:002][  0]LogTemp: Display: Loaded TP LinuxNoEditorTargetPlatform
[2019.04.01-18.26.29:012][  0]LogTemp: Display: Loaded TP LinuxServerTargetPlatform
[2019.04.01-18.26.29:023][  0]LogTemp: Display: Loaded TP LinuxTargetPlatform
[2019.04.01-18.26.29:031][  0]LogTemp: Display: Loaded TP LuminTargetPlatform
[2019.04.01-18.26.29:031][  0]LogTargetPlatformManager: Display: Building Assets For Windows
[2019.04.01-18.26.29:227][  0]LogXGEController: Cannot use XGE Controller as Incredibuild is not installed on this machine.
[2019.04.01-18.26.29:227][  0]LogShaderCompilers: Cannot use XGE Shader Compiler as Incredibuild is not installed on this machine.
[2019.04.01-18.26.29:227][  0]LogShaderCompilers: Display: Using Local Shader Compiler.
[2019.04.01-18.26.30:119][  0]LogDerivedDataCache: Display: Max Cache Size: 512 MB
[2019.04.01-18.26.30:391][  0]LogDerivedDataCache: Loaded boot cache 0.27s 71MB C:/Users/James Masterton/AppData/Local/UnrealEngine/4.20/DerivedDataCache/Boot.ddc.
[2019.04.01-18.26.30:392][  0]LogDerivedDataCache: Display: Loaded Boot cache: C:/Users/James Masterton/AppData/Local/UnrealEngine/4.20/DerivedDataCache/Boot.ddc
[2019.04.01-18.26.30:392][  0]LogDerivedDataCache: FDerivedDataBackendGraph:  Pak pak cache file D:/SEP GitHub Repositry/Team-Molyneux-3/Project/Unreal Project/GroupProject/DerivedDataCache/DDC.ddp not found, will not use a pak cache.
[2019.04.01-18.26.30:392][  0]LogDerivedDataCache: Unable to find inner node Pak for hierarchical cache Hierarchy.
[2019.04.01-18.26.30:392][  0]LogDerivedDataCache: FDerivedDataBackendGraph:  CompressedPak pak cache file D:/SEP GitHub Repositry/Team-Molyneux-3/Project/Unreal Project/GroupProject/DerivedDataCache/Compressed.ddp not found, will not use a pak cache.
[2019.04.01-18.26.30:392][  0]LogDerivedDataCache: Unable to find inner node CompressedPak for hierarchical cache Hierarchy.
[2019.04.01-18.26.30:413][  0]LogDerivedDataCache: Display: Pak cache opened for reading ../../../Engine/DerivedDataCache/Compressed.ddp.
[2019.04.01-18.26.30:427][  0]LogDerivedDataCache: Using Local data cache path C:/Users/James Masterton/AppData/Local/UnrealEngine/Common/DerivedDataCache: Writable
[2019.04.01-18.26.30:427][  0]LogDerivedDataCache: Shared data cache path not found in *engine.ini, will not use an Shared cache.
[2019.04.01-18.26.30:427][  0]LogDerivedDataCache: Unable to find inner node Shared for hierarchical cache Hierarchy.
[2019.04.01-18.26.30:444][  0]LogMaterial: Verifying Global Shaders for PCD3D_SM5
[2019.04.01-18.26.30:452][  0]LogSlate: Using FreeType 2.6.0
[2019.04.01-18.26.30:462][  0]LogSlate: SlateFontServices - WITH_FREETYPE: 1, WITH_HARFBUZZ: 1
[2019.04.01-18.26.30:632][  0]LogAssetRegistry: FAssetRegistry took 0.0287 seconds to start up
[2019.04.01-18.26.30:982][  0]LogInit: Selected Device Profile: [Windows]
[2019.04.01-18.26.31:272][  0]LogSimplygon: Simplygon DLL not present - disabling.
[2019.04.01-18.26.31:316][  0]LogMeshReduction: Using SimplygonSwarm for distributed automatic mesh merging
[2019.04.01-18.26.31:317][  0]LogMeshReduction: Using ProxyLODMeshReduction for automatic mesh merging
[2019.04.01-18.26.31:318][  0]LogMeshReduction: Using QuadricMeshReduction for automatic static mesh reduction
[2019.04.01-18.26.31:318][  0]LogMeshReduction: No automatic skeletal mesh reduction module available
[2019.04.01-18.26.31:375][  0]LogNetVersion: GroupProject 1.0.0, NetCL: 4212847, EngineNetVer: 5, GameNetVer: 0 (Checksum: 857663312)
[2019.04.01-18.26.32:110][  0]LogPackageLocalizationCache: Processed 11 localized package path(s) for 2 prioritized culture(s) in 0.066918 seconds
[2019.04.01-18.26.32:117][  0]LogUObjectArray: 38425 objects as part of root set at end of initial load.
[2019.04.01-18.26.32:117][  0]LogUObjectAllocator: 6690872 out of 0 bytes used by permanent object pool.
[2019.04.01-18.26.32:117][  0]LogUObjectArray: CloseDisregardForGC: 0/0 objects in disregard for GC pool
[2019.04.01-18.26.34:623][  0]LogTcpMessaging: Initializing TcpMessaging bridge
[2019.04.01-18.26.34:644][  0]LogUdpMessaging: Initializing bridge on interface 0.0.0.0:0 to multicast group 230.0.0.1:6666.
[2019.04.01-18.26.34:995][  0]SourceControl: Source control is disabled
[2019.04.01-18.26.34:996][  0]SourceControl: Source control is disabled
[2019.04.01-18.26.35:020][  0]SourceControl: Source control is disabled
[2019.04.01-18.26.35:034][  0]SourceControl: Source control is disabled
[2019.04.01-18.26.35:648][  0]LogAndroidPermission: UAndroidPermissionCallbackProxy::GetInstance
[2019.04.01-18.26.35:756][  0]LogOcInput: OculusInput pre-init called
[2019.04.01-18.26.35:892][  0]LogEngine: Initializing Engine...
[2019.04.01-18.26.35:895][  0]LogHMD: Failed to initialize OpenVR with code 110
[2019.04.01-18.26.35:897][  0]LogStats: UGameplayTagsManager::ConstructGameplayTagTree: ImportINI prefixes -  0.000 s
[2019.04.01-18.26.35:897][  0]LogStats: UGameplayTagsManager::ConstructGameplayTagTree: Construct from data asset -  0.000 s
[2019.04.01-18.26.35:897][  0]LogStats: UGameplayTagsManager::ConstructGameplayTagTree: ImportINI -  0.000 s
[2019.04.01-18.26.35:897][  0]LogStats: UGameplayTagsManager::ConstructGameplayTagTree: GameplayTagTreeChangedEvent.Broadcast -  0.000 s
[2019.04.01-18.26.36:088][  0]LogInit: Initializing FReadOnlyCVARCache
[2019.04.01-18.26.36:139][  0]LogAIModule: Creating AISystem for world Untitled
[2019.04.01-18.26.36:166][  0]LogInit: XAudio2 using 'Speakers/Headphones (Realtek(R) Audio)' : 2 channels at 48 kHz using 32 bits per sample (channel mask 0x3)
[2019.04.01-18.26.36:871][  0]LogInit: FAudioDevice initialized.
[2019.04.01-18.26.36:871][  0]LogNetVersion: Set ProjectVersion to 1.0.0.0. Version Checksum will be recalculated on next use.
[2019.04.01-18.26.36:879][  0]LogDerivedDataCache: Error: Could not save memory cache C:/Users/James Masterton/AppData/Local/UnrealEngine/4.20/DerivedDataCache/Boot.ddc.
[2019.04.01-18.26.36:881][  0]LogInit: Texture streaming: Enabled
[2019.04.01-18.26.36:929][  0]LogEngineSessionManager: EngineSessionManager initialized
[2019.04.01-18.26.37:598][  0]LogInit: Transaction tracking system initialized
[2019.04.01-18.26.37:680][  0]BlueprintLog: New page: Editor Load
[2019.04.01-18.26.38:038][  0]LocalizationService: Localization service is disabled
[2019.04.01-18.26.38:544][  0]LogCook: Display: Max memory allowance for cook 16384mb min free memory 0mb
[2019.04.01-18.26.38:545][  0]LogCook: Display: Mobile HDR setting 1
[2019.04.01-18.26.38:545][  0]LogGameplayTags: Display: UGameplayTagsManager::DoneAddingNativeTags. DelegateIsBound: 0
[2019.04.01-18.26.38:545][  0]LogStats: UGameplayTagsManager::ConstructGameplayTagTree: ImportINI prefixes -  0.000 s
[2019.04.01-18.26.38:545][  0]LogStats: UGameplayTagsManager::ConstructGameplayTagTree: Construct from data asset -  0.000 s
[2019.04.01-18.26.38:545][  0]LogStats: UGameplayTagsManager::ConstructGameplayTagTree: ImportINI -  0.000 s
[2019.04.01-18.26.38:545][  0]LogStats: UGameplayTagsManager::ConstructGameplayTagTree: GameplayTagTreeChangedEvent.Broadcast -  0.000 s
[2019.04.01-18.26.38:651][  0]LogFileCache: Scanning file cache for directory 'D:/SEP GitHub Repositry/Team-Molyneux-3/Project/Unreal Project/GroupProject/Content/' took 0.01s
[2019.04.01-18.26.39:019][  0]SourceControl: Source control is disabled
[2019.04.01-18.26.39:020][  0]Cmd: MAP LOAD FILE="D:/SEP GitHub Repositry/Team-Molyneux-3/Project/Unreal Project/GroupProject/Content/ThirdPersonBP/Maps/ThirdPersonExampleMap.umap" TEMPLATE=0 SHOWPROGRESS=1 FEATURELEVEL=3
[2019.04.01-18.26.39:021][  0]LightingResults: New page: Lighting Build
[2019.04.01-18.26.39:031][  0]MapCheck: New page: Map Check
[2019.04.01-18.26.39:031][  0]LightingResults: New page: Lighting Build
[2019.04.01-18.26.49:837][  0]LogAIModule: Creating AISystem for world ThirdPersonExampleMap
[2019.04.01-18.26.49:882][  0]LogEditorServer: Finished looking for orphan Actors (0.000 secs)
[2019.04.01-18.26.49:907][  0]Cmd: MAP CHECKDEP NOCLEARLOG
[2019.04.01-18.26.49:994][  0]MapCheck: Map check complete: 0 Error(s), 0 Warning(s), took 87.022ms to complete.
[2019.04.01-18.26.49:994][  0]LogFileHelpers: Loading map 'ThirdPersonExampleMap' took 10.975
[2019.04.01-18.26.50:080][  0]LogSlate: Updating window title bar state: overlay mode, drag disabled, window buttons hidden, title bar hidden
[2019.04.01-18.26.50:085][  0]LogSlate: Updating window title bar state: overlay mode, drag disabled, window buttons hidden, title bar hidden
[2019.04.01-18.26.50:091][  0]LogSlate: Updating window title bar state: overlay mode, drag disabled, window buttons hidden, title bar hidden
[2019.04.01-18.26.50:097][  0]LogSlate: Updating window title bar state: overlay mode, drag disabled, window buttons hidden, title bar hidden
[2019.04.01-18.26.50:103][  0]LogCollectionManager: Loaded 0 collections in 0.001485 seconds
[2019.04.01-18.26.50:142][  0]LogFileCache: Scanning file cache for directory 'D:/SEP GitHub Repositry/Team-Molyneux-3/Project/Unreal Project/GroupProject/Saved/Collections/' took 0.01s
[2019.04.01-18.26.50:142][  0]LogFileCache: Scanning file cache for directory 'D:/SEP GitHub Repositry/Team-Molyneux-3/Project/Unreal Project/GroupProject/Content/Developers/JamesMasterton/Collections/' took 0.01s
[2019.04.01-18.26.50:142][  0]LogFileCache: Scanning file cache for directory 'D:/SEP GitHub Repositry/Team-Molyneux-3/Project/Unreal Project/GroupProject/Content/Collections/' took 0.01s
[2019.04.01-18.26.50:142][  0]LogCollectionManager: Rebuilt the GUID cache for 0 collections in 0.000000 seconds
[2019.04.01-18.26.50:150][  0]LogContentBrowser: Native class hierarchy populated in 0.0074 seconds. Added 2581 classes and 608 folders.
[2019.04.01-18.26.50:155][  0]LogContentBrowser: Native class hierarchy updated for 'WidgetCarousel' in 0.0002 seconds. Added 0 classes and 0 folders.
[2019.04.01-18.26.50:196][  0]LogContentBrowser: Native class hierarchy updated for 'AddContentDialog' in 0.0002 seconds. Added 0 classes and 0 folders.
[2019.04.01-18.26.50:199][  0]LogContentBrowser: Native class hierarchy updated for 'SceneOutliner' in 0.0002 seconds. Added 1 classes and 2 folders.
[2019.04.01-18.26.50:212][  0]LogSlate: Took 0.000146 seconds to synchronously load lazily loaded font '../../../Engine/Content/Slate/Fonts/Roboto-Regular.ttf' (155K)
[2019.04.01-18.26.50:213][  0]LogSlate: Took 0.000126 seconds to synchronously load lazily loaded font '../../../Engine/Content/Slate/Fonts/Roboto-Bold.ttf' (160K)
[2019.04.01-18.26.50:217][  0]LogSlate: Took 0.000127 seconds to synchronously load lazily loaded font '../../../Engine/Content/Editor/Slate/Fonts/FontAwesome.ttf' (139K)
[2019.04.01-18.26.50:282][  0]LogRenderer: Reallocating scene render targets to support 964x420 Format 10 NumSamples 1 (Frame:1).
[2019.04.01-18.26.50:349][  0]LogSlate: Took 0.000175 seconds to synchronously load lazily loaded font '../../../Engine/Content/Slate/Fonts/Roboto-Light.ttf' (167K)
[2019.04.01-18.26.50:422][  0]LogContentBrowser: Native class hierarchy updated for 'HierarchicalLODOutliner' in 0.0003 seconds. Added 0 classes and 0 folders.
[2019.04.01-18.26.50:423][  0]LogLoad: (Engine Initialization) Total time: 25.43 seconds
[2019.04.01-18.26.50:423][  0]LogLoad: (Engine Initialization) Total Blueprint compile time: 0.00 seconds
[2019.04.01-18.26.50:476][  0]LogContentStreaming: Texture pool size now 1000 MB
[2019.04.01-18.26.50:594][  1]LogAssetRegistry: Asset discovery search completed in 19.9862 seconds
[2019.04.01-18.26.50:598][  1]LogCollectionManager: Rebuilt the object cache for 0 collections in 0.000000 seconds (found 0 objects)
[2019.04.01-18.26.50:598][  1]LogCollectionManager: Fixed up redirectors for 0 collections in 0.000054 seconds (updated 0 objects)
[2019.04.01-18.26.51:455][ 52]LogSlate: Took 0.000365 seconds to synchronously load lazily loaded font '../../../Engine/Content/Slate/Fonts/Roboto-Light.ttf' (167K)
[2019.04.01-18.26.53:594][ 88]LogSlate: FSceneViewport::OnFocusLost() reason 0
[2019.04.01-18.26.55:519][142]LogFileCache: Retrieving MD5 hashes for directory 'D:/SEP GitHub Repositry/Team-Molyneux-3/Project/Unreal Project/GroupProject/Content/' took 5.06s
[2019.04.01-18.27.23:730][342]LogSlate: FSceneViewport::OnFocusLost() reason 0
[2019.04.01-18.27.39:338][654]LogSlate: Window 'Delete Assets' being destroyed
[2019.04.01-18.28.54:883][127]LogTemp: Repeating last play command: Selected Viewport
[2019.04.01-18.28.54:896][127]LogBlueprintUserMessages: Early PlayInEditor Detection: Level '/Game/ThirdPersonBP/Maps/ThirdPersonExampleMap.ThirdPersonExampleMap:PersistentLevel' has LevelScriptBlueprint '/Game/ThirdPersonBP/Maps/ThirdPersonExampleMap.ThirdPersonExampleMap:PersistentLevel.ThirdPersonExampleMap' with GeneratedClass '/Game/ThirdPersonBP/Maps/ThirdPersonExampleMap.ThirdPersonExampleMap_C' with ClassGeneratedBy '/Game/ThirdPersonBP/Maps/ThirdPersonExampleMap.ThirdPersonExampleMap:PersistentLevel.ThirdPersonExampleMap'
[2019.04.01-18.28.54:896][127]LogPlayLevel: PlayLevel: No blueprints needed recompiling
[2019.04.01-18.28.54:909][127]PIE: New page: PIE session: ThirdPersonExampleMap (1 Apr 2019 20:28:54)
[2019.04.01-18.28.54:909][127]LogPlayLevel: Creating play world package: /Game/ThirdPersonBP/Maps/UEDPIE_0_ThirdPersonExampleMap
[2019.04.01-18.28.54:931][127]LogPlayLevel: PIE: StaticDuplicateObject took: (0.021333s)
[2019.04.01-18.28.54:932][127]LogAIModule: Creating AISystem for world ThirdPersonExampleMap
[2019.04.01-18.28.54:932][127]LogPlayLevel: PIE: World Init took: (0.000813s)
[2019.04.01-18.28.54:932][127]LogPlayLevel: PIE: Created PIE world by copying editor world from /Game/ThirdPersonBP/Maps/ThirdPersonExampleMap.ThirdPersonExampleMap to /Game/ThirdPersonBP/Maps/UEDPIE_0_ThirdPersonExampleMap.ThirdPersonExampleMap (0.022326s)
[2019.04.01-18.28.54:959][127]LogInit: XAudio2 using 'Speakers/Headphones (Realtek(R) Audio)' : 2 channels at 48 kHz using 32 bits per sample (channel mask 0x3)
[2019.04.01-18.28.54:965][127]LogInit: FAudioDevice initialized.
[2019.04.01-18.28.55:027][127]LogLinker: Warning: Can't find file '/Game/HUD'
[2019.04.01-18.28.55:027][127]LogLinker: Warning: Can't find file for asset '/Game/HUD' while loading D:/SEP GitHub Repositry/Team-Molyneux-3/Project/Unreal Project/GroupProject/Content/ThirdPersonBP/Blueprints/ThirdPersonCharacter.uasset.
[2019.04.01-18.28.55:027][127]LoadErrors: Error: /Game/ThirdPersonBP/Blueprints/ThirdPersonCharacter : Can't find file for asset. /Game/HUD
[2019.04.01-18.28.55:052][127]LogLinker: Warning: Can't find file '/Game/HUD'
[2019.04.01-18.28.55:052][127]LogLinker: Warning: Can't find file for asset '/Game/HUD' while loading D:/SEP GitHub Repositry/Team-Molyneux-3/Project/Unreal Project/GroupProject/Content/ThirdPersonBP/Blueprints/ThirdPersonCharacter.uasset.
[2019.04.01-18.28.55:056][127]LogLoad: Game class is 'ThirdPersonGameMode_C'
[2019.04.01-18.28.55:065][127]LogWorld: Bringing World /Game/ThirdPersonBP/Maps/UEDPIE_0_ThirdPersonExampleMap.ThirdPersonExampleMap up for play (max tick rate 60) at 2019.04.01-19.28.55
[2019.04.01-18.28.55:068][127]LogWorld: Bringing up level for play took: 0.010306
[2019.04.01-18.28.55:085][127]LogContentBrowser: Native class hierarchy updated for 'MovieSceneCapture' in 0.0002 seconds. Added 10 classes and 0 folders.
[2019.04.01-18.28.55:088][127]LogScript: Warning: Accessed None trying to read property HUD Reference
	ThirdPersonCharacter_C /Game/ThirdPersonBP/Maps/UEDPIE_0_ThirdPersonExampleMap.ThirdPersonExampleMap:PersistentLevel.ThirdPersonCharacter_167
	Function /Game/ThirdPersonBP/Blueprints/ThirdPersonCharacter.ThirdPersonCharacter_C:ExecuteUbergraph_ThirdPersonCharacter:00BB
[2019.04.01-18.28.55:088][127]PIE: Error: Blueprint Runtime Error: "Accessed None trying to read property HUD Reference". Blueprint:  ThirdPersonCharacter Function:  Execute Ubergraph Third Person Character Graph:  EventGraph Node:  Add to Viewport
[2019.04.01-18.28.55:088][127]PIE: Play in editor start time for /Game/ThirdPersonBP/Maps/UEDPIE_0_ThirdPersonExampleMap 0.511
[2019.04.01-18.28.55:088][127]LogBlueprintUserMessages: Late PlayInEditor Detection: Level '/Game/ThirdPersonBP/Maps/ThirdPersonExampleMap.ThirdPersonExampleMap:PersistentLevel' has LevelScriptBlueprint '/Game/ThirdPersonBP/Maps/ThirdPersonExampleMap.ThirdPersonExampleMap:PersistentLevel.ThirdPersonExampleMap' with GeneratedClass '/Game/ThirdPersonBP/Maps/ThirdPersonExampleMap.ThirdPersonExampleMap_C' with ClassGeneratedBy '/Game/ThirdPersonBP/Maps/ThirdPersonExampleMap.ThirdPersonExampleMap:PersistentLevel.ThirdPersonExampleMap'
[2019.04.01-18.28.56:815][225]LogBlueprintUserMessages: Early EndPlayMap Detection: Level '/Game/ThirdPersonBP/Maps/ThirdPersonExampleMap.ThirdPersonExampleMap:PersistentLevel' has LevelScriptBlueprint '/Game/ThirdPersonBP/Maps/ThirdPersonExampleMap.ThirdPersonExampleMap:PersistentLevel.ThirdPersonExampleMap' with GeneratedClass '/Game/ThirdPersonBP/Maps/ThirdPersonExampleMap.ThirdPersonExampleMap_C' with ClassGeneratedBy '/Game/ThirdPersonBP/Maps/ThirdPersonExampleMap.ThirdPersonExampleMap:PersistentLevel.ThirdPersonExampleMap'
[2019.04.01-18.28.56:817][225]LogSlate: Updating window title bar state: overlay mode, drag disabled, window buttons hidden, title bar hidden
[2019.04.01-18.28.56:853][225]LogPlayLevel: Display: Shutting down PIE online subsystems
[2019.04.01-18.28.56:854][225]LogBlueprintUserMessages: Late EndPlayMap Detection: Level '/Game/ThirdPersonBP/Maps/ThirdPersonExampleMap.ThirdPersonExampleMap:PersistentLevel' has LevelScriptBlueprint '/Game/ThirdPersonBP/Maps/ThirdPersonExampleMap.ThirdPersonExampleMap:PersistentLevel.ThirdPersonExampleMap' with GeneratedClass '/Game/ThirdPersonBP/Maps/ThirdPersonExampleMap.ThirdPersonExampleMap_C' with ClassGeneratedBy '/Game/ThirdPersonBP/Maps/ThirdPersonExampleMap.ThirdPersonExampleMap:PersistentLevel.ThirdPersonExampleMap'
[2019.04.01-18.28.56:878][225]LogSlate: Updating window title bar state: overlay mode, drag disabled, window buttons hidden, title bar hidden
[2019.04.01-18.28.56:922][227]LogPlayLevel: Display: Destroying online subsystem :Context_3
[2019.04.01-18.28.58:240][306]LogSlate: FSceneViewport::OnFocusLost() reason 0
[2019.04.01-18.29.05:097][717]LogAssetEditorManager: Opening Asset editor for Blueprint /Game/ThirdPersonBP/Blueprints/ThirdPersonCharacter.ThirdPersonCharacter
[2019.04.01-18.29.05:502][717]LogContentBrowser: Native class hierarchy updated for 'BlueprintGraph' in 0.0005 seconds. Added 116 classes and 0 folders.
[2019.04.01-18.29.06:193][717]LogSlate: Took 0.002007 seconds to synchronously load lazily loaded font '../../../Engine/Content/Slate/Fonts/Roboto-BoldCondensed.ttf' (158K)
[2019.04.01-18.29.08:795][800]LogSlate: Took 0.003912 seconds to synchronously load lazily loaded font '../../../Engine/Content/Slate/Fonts/Roboto-Italic.ttf' (157K)
[2019.04.01-18.29.09:622][850]BlueprintLog: New page: Compile ThirdPersonCharacter
[2019.04.01-18.29.09:663][850]LogBlueprint: Error: [Compiler ThirdPersonCharacter] COMPILER ERROR: failed building connection with 'Object Reference is not compatible with User Widget Object Reference.' at  Set HUD Reference
[2019.04.01-18.29.09:663][850]LogBlueprint: Error: [Compiler ThirdPersonCharacter] Spawn node  Create Widget  must have a class specified.
[2019.04.01-18.29.09:790][850]LogBlueprint: Warning: [Compiler ThirdPersonCharacter] [0164.80] Compile of ThirdPersonCharacter failed. 2 Fatal Issue(s) 0 Warning(s) [in 167 ms] (/Game/ThirdPersonBP/Blueprints/ThirdPersonCharacter.ThirdPersonCharacter)
[2019.04.01-18.29.15:433][158]LogSlate: Window 'Message Log' being destroyed
[2019.04.01-18.29.15:437][158]LogSlate: Window 'Message Log' being destroyed
[2019.04.01-18.29.21:340][509]LogSlate: Prevented a slow task dialog from being summoned while a context menu was open
[2019.04.01-18.29.21:345][509]LogLinker: Warning: Can't find file '/Game/HUD'
[2019.04.01-18.29.21:345][509]LogLinker: Warning: Can't find file for asset '/Game/HUD' while loading D:/SEP GitHub Repositry/Team-Molyneux-3/Project/Unreal Project/GroupProject/Content/ThirdPersonBP/Blueprints/ThirdPersonCharacter.uasset.
[2019.04.01-18.29.21:346][509]LogLinker: Warning: Can't find file '/Game/HUD'
[2019.04.01-18.29.21:346][509]LogLinker: Warning: Can't find file for asset '/Game/HUD' while loading D:/SEP GitHub Repositry/Team-Molyneux-3/Project/Unreal Project/GroupProject/Content/ThirdPersonBP/Blueprints/ThirdPersonCharacter.uasset.
[2019.04.01-18.29.24:007][656]BlueprintLog: New page: Compile ThirdPersonCharacter
[2019.04.01-18.29.24:046][656]LogBlueprint: Error: [Compiler ThirdPersonCharacter] COMPILER ERROR: failed building connection with 'Object Reference is not compatible with User Widget Object Reference.' at  Set HUD Reference
[2019.04.01-18.29.24:048][656]LogBlueprint: Error: [Compiler ThirdPersonCharacter] This blueprint (self) is not a UserWidget, therefore ' Target ' must have a connection.
[2019.04.01-18.29.24:049][656]LogBlueprint: Error: [Compiler ThirdPersonCharacter] Default value '' for  HUD Reference  is invalid: 'PinSubCategoryObject on pin 'HUD Reference' is NULL and PinSubCategory is 'None' not 'self''
[2019.04.01-18.29.24:181][656]LogBlueprint: Warning: [Compiler ThirdPersonCharacter] [0179.19] Compile of ThirdPersonCharacter failed. 3 Fatal Issue(s) 0 Warning(s) [in 174 ms] (/Game/ThirdPersonBP/Blueprints/ThirdPersonCharacter.ThirdPersonCharacter)
[2019.04.01-18.29.31:086][ 47]LogSlate: Prevented a slow task dialog from being summoned while a context menu was open
[2019.04.01-18.30.57:772][914]LogRenderer: Reallocating scene render targets to support 964x540 Format 10 NumSamples 1 (Frame:1).
[2019.04.01-18.31.05:550][365]BlueprintLog: New page: Compile ThirdPersonCharacter
[2019.04.01-18.31.05:592][365]LogBlueprint: Error: [Compiler ThirdPersonCharacter] COMPILER ERROR: failed building connection with 'Object Reference is not compatible with User Widget Object Reference.' at  Set HUD Reference
[2019.04.01-18.31.05:592][365]LogBlueprint: Warning: [Compiler ThirdPersonCharacter] Could not find a variable named "TorchVisible" in 'ThirdPersonCharacter_C'.
Make sure 'ThirdPersonCharacter_C' has been compiled for  Set TorchVisible
[2019.04.01-18.31.05:592][365]LogBlueprint: Warning: [Compiler ThirdPersonCharacter] Could not find a variable named "TorchVisible" in 'ThirdPersonCharacter_C'.
Make sure 'ThirdPersonCharacter_C' has been compiled for  Set TorchVisible
[2019.04.01-18.31.05:592][365]LogBlueprint: Warning: [Compiler ThirdPersonCharacter] Could not find a variable named "TorchVisible" in 'ThirdPersonCharacter_C'.
Make sure 'ThirdPersonCharacter_C' has been compiled for  Get TorchVisible
[2019.04.01-18.31.05:595][365]LogBlueprint: Error: [Compiler ThirdPersonCharacter] This blueprint (self) is not a UserWidget, therefore ' Target ' must have a connection.
[2019.04.01-18.31.05:595][365]LogBlueprint: Error: [Compiler ThirdPersonCharacter] The property associated with  Torch Visible  could not be found in '/Game/ThirdPersonBP/Blueprints/ThirdPersonCharacter.ThirdPersonCharacter_C'
[2019.04.01-18.31.05:595][365]LogBlueprint: Error: [Compiler ThirdPersonCharacter] Default value '' for  HUD Reference  is invalid: 'PinSubCategoryObject on pin 'HUD Reference' is NULL and PinSubCategory is 'None' not 'self''
[2019.04.01-18.31.05:596][365]LogBlueprint: Error: [Compiler ThirdPersonCharacter] The property associated with  Torch Visible  could not be found in '/Game/ThirdPersonBP/Blueprints/ThirdPersonCharacter.ThirdPersonCharacter_C'
[2019.04.01-18.31.05:596][365]LogBlueprint: Error: [Compiler ThirdPersonCharacter] The property associated with  Torch Visible  could not be found in '/Game/ThirdPersonBP/Blueprints/ThirdPersonCharacter.ThirdPersonCharacter_C'
[2019.04.01-18.31.05:739][365]LogBlueprint: Warning: [Compiler ThirdPersonCharacter] [0280.75] Compile of ThirdPersonCharacter failed. 6 Fatal Issue(s) 3 Warning(s) [in 189 ms] (/Game/ThirdPersonBP/Blueprints/ThirdPersonCharacter.ThirdPersonCharacter)
[2019.04.01-18.31.21:202][249]BlueprintLog: New page: Compile ThirdPersonCharacter
[2019.04.01-18.31.21:242][249]LogBlueprint: Error: [Compiler ThirdPersonCharacter] COMPILER ERROR: failed building connection with 'Object Reference is not compatible with User Widget Object Reference.' at  Set HUD Reference
[2019.04.01-18.31.21:245][249]LogBlueprint: Error: [Compiler ThirdPersonCharacter] This blueprint (self) is not a UserWidget, therefore ' Target ' must have a connection.
[2019.04.01-18.31.21:246][249]LogBlueprint: Error: [Compiler ThirdPersonCharacter] Default value '' for  HUD Reference  is invalid: 'PinSubCategoryObject on pin 'HUD Reference' is NULL and PinSubCategory is 'None' not 'self''
[2019.04.01-18.31.21:384][249]LogBlueprint: Warning: [Compiler ThirdPersonCharacter] [0296.39] Compile of ThirdPersonCharacter failed. 3 Fatal Issue(s) 0 Warning(s) [in 180 ms] (/Game/ThirdPersonBP/Blueprints/ThirdPersonCharacter.ThirdPersonCharacter)
[2019.04.01-18.32.50:026][903]BlueprintLog: New page: Compile ThirdPersonCharacter
[2019.04.01-18.33.06:841][888]LogTemp: Repeating last play command: Selected Viewport
[2019.04.01-18.33.06:867][888]LogBlueprintUserMessages: Early PlayInEditor Detection: Level '/Game/ThirdPersonBP/Maps/ThirdPersonExampleMap.ThirdPersonExampleMap:PersistentLevel' has LevelScriptBlueprint '/Game/ThirdPersonBP/Maps/ThirdPersonExampleMap.ThirdPersonExampleMap:PersistentLevel.ThirdPersonExampleMap' with GeneratedClass '/Game/ThirdPersonBP/Maps/ThirdPersonExampleMap.ThirdPersonExampleMap_C' with ClassGeneratedBy '/Game/ThirdPersonBP/Maps/ThirdPersonExampleMap.ThirdPersonExampleMap:PersistentLevel.ThirdPersonExampleMap'
[2019.04.01-18.33.06:867][888]LogPlayLevel: PlayLevel: No blueprints needed recompiling
[2019.04.01-18.33.06:867][888]PIE: New page: PIE session: ThirdPersonExampleMap (1 Apr 2019 20:33:06)
[2019.04.01-18.33.06:867][888]LogPlayLevel: Creating play world package: /Game/ThirdPersonBP/Maps/UEDPIE_0_ThirdPersonExampleMap
[2019.04.01-18.33.06:886][888]LogPlayLevel: PIE: StaticDuplicateObject took: (0.019038s)
[2019.04.01-18.33.06:887][888]LogAIModule: Creating AISystem for world ThirdPersonExampleMap
[2019.04.01-18.33.06:887][888]LogPlayLevel: PIE: World Init took: (0.000807s)
[2019.04.01-18.33.06:887][888]LogPlayLevel: PIE: Created PIE world by copying editor world from /Game/ThirdPersonBP/Maps/ThirdPersonExampleMap.ThirdPersonExampleMap to /Game/ThirdPersonBP/Maps/UEDPIE_0_ThirdPersonExampleMap.ThirdPersonExampleMap (0.019989s)
[2019.04.01-18.33.06:915][888]LogInit: XAudio2 using 'Speakers/Headphones (Realtek(R) Audio)' : 2 channels at 48 kHz using 32 bits per sample (channel mask 0x3)
[2019.04.01-18.33.06:920][888]LogInit: FAudioDevice initialized.
[2019.04.01-18.33.06:953][888]LogLoad: Game class is 'ThirdPersonGameMode_C'
[2019.04.01-18.33.06:962][888]LogWorld: Bringing World /Game/ThirdPersonBP/Maps/UEDPIE_0_ThirdPersonExampleMap.ThirdPersonExampleMap up for play (max tick rate 60) at 2019.04.01-19.33.06
[2019.04.01-18.33.06:962][888]LogWorld: Bringing up level for play took: 0.007730
[2019.04.01-18.33.06:976][888]PIE: Play in editor start time for /Game/ThirdPersonBP/Maps/UEDPIE_0_ThirdPersonExampleMap 0.406
[2019.04.01-18.33.06:976][888]LogBlueprintUserMessages: Late PlayInEditor Detection: Level '/Game/ThirdPersonBP/Maps/ThirdPersonExampleMap.ThirdPersonExampleMap:PersistentLevel' has LevelScriptBlueprint '/Game/ThirdPersonBP/Maps/ThirdPersonExampleMap.ThirdPersonExampleMap:PersistentLevel.ThirdPersonExampleMap' with GeneratedClass '/Game/ThirdPersonBP/Maps/ThirdPersonExampleMap.ThirdPersonExampleMap_C' with ClassGeneratedBy '/Game/ThirdPersonBP/Maps/ThirdPersonExampleMap.ThirdPersonExampleMap:PersistentLevel.ThirdPersonExampleMap'
[2019.04.01-18.33.17:950][546]LogBlueprintUserMessages: [SlidingDoor5] within Opening Range
[2019.04.01-18.33.17:999][549]LogBlueprintUserMessages: [SlidingDoor5] Door
[2019.04.01-18.33.17:999][549]LogBlueprintUserMessages: [SlidingDoor_2] Door
[2019.04.01-18.33.17:999][549]LogBlueprintUserMessages: [SlidingDoor_2] FALSE
[2019.04.01-18.33.17:999][549]LogBlueprintUserMessages: [SlidingDoor2_2] Door
[2019.04.01-18.33.17:999][549]LogBlueprintUserMessages: [SlidingDoor2_2] FALSE
[2019.04.01-18.33.17:999][549]LogBlueprintUserMessages: [SlidingDoor3_5] Door
[2019.04.01-18.33.17:999][549]LogBlueprintUserMessages: [SlidingDoor3_5] FALSE
[2019.04.01-18.33.17:999][549]LogBlueprintUserMessages: [SlidingDoor4] Door
[2019.04.01-18.33.17:999][549]LogBlueprintUserMessages: [SlidingDoor4] FALSE
[2019.04.01-18.33.18:498][579]LogBlueprintUserMessages: [SlidingDoor5] Door
[2019.04.01-18.33.18:498][579]LogBlueprintUserMessages: [SlidingDoor_2] Door
[2019.04.01-18.33.18:498][579]LogBlueprintUserMessages: [SlidingDoor_2] FALSE
[2019.04.01-18.33.18:498][579]LogBlueprintUserMessages: [SlidingDoor2_2] Door
[2019.04.01-18.33.18:498][579]LogBlueprintUserMessages: [SlidingDoor2_2] FALSE
[2019.04.01-18.33.18:499][579]LogBlueprintUserMessages: [SlidingDoor3_5] Door
[2019.04.01-18.33.18:499][579]LogBlueprintUserMessages: [SlidingDoor3_5] FALSE
[2019.04.01-18.33.18:499][579]LogBlueprintUserMessages: [SlidingDoor4] Door
[2019.04.01-18.33.18:499][579]LogBlueprintUserMessages: [SlidingDoor4] FALSE
[2019.04.01-18.33.19:349][630]LogBlueprintUserMessages: [SlidingDoor5] Not Within Opening Range
[2019.04.01-18.33.19:398][633]LogBlueprintUserMessages: [SlidingDoor_2] within Opening Range
[2019.04.01-18.33.19:648][648]LogBlueprintUserMessages: [SlidingDoor5] Door
[2019.04.01-18.33.19:648][648]LogBlueprintUserMessages: [SlidingDoor5] FALSE
[2019.04.01-18.33.19:648][648]LogBlueprintUserMessages: [SlidingDoor_2] Door
[2019.04.01-18.33.19:648][648]LogBlueprintUserMessages: [SlidingDoor2_2] Door
[2019.04.01-18.33.19:648][648]LogBlueprintUserMessages: [SlidingDoor2_2] FALSE
[2019.04.01-18.33.19:648][648]LogBlueprintUserMessages: [SlidingDoor3_5] Door
[2019.04.01-18.33.19:648][648]LogBlueprintUserMessages: [SlidingDoor3_5] FALSE
[2019.04.01-18.33.19:648][648]LogBlueprintUserMessages: [SlidingDoor4] Door
[2019.04.01-18.33.19:648][648]LogBlueprintUserMessages: [SlidingDoor4] FALSE
[2019.04.01-18.33.20:399][693]LogBlueprintUserMessages: [SlidingDoor5] Door
[2019.04.01-18.33.20:399][693]LogBlueprintUserMessages: [SlidingDoor5] FALSE
[2019.04.01-18.33.20:399][693]LogBlueprintUserMessages: [SlidingDoor_2] Door
[2019.04.01-18.33.20:399][693]LogBlueprintUserMessages: [SlidingDoor2_2] Door
[2019.04.01-18.33.20:399][693]LogBlueprintUserMessages: [SlidingDoor2_2] FALSE
[2019.04.01-18.33.20:399][693]LogBlueprintUserMessages: [SlidingDoor3_5] Door
[2019.04.01-18.33.20:399][693]LogBlueprintUserMessages: [SlidingDoor3_5] FALSE
[2019.04.01-18.33.20:399][693]LogBlueprintUserMessages: [SlidingDoor4] Door
[2019.04.01-18.33.20:399][693]LogBlueprintUserMessages: [SlidingDoor4] FALSE
[2019.04.01-18.33.20:881][722]LogBlueprintUserMessages: [SlidingDoor5] Door
[2019.04.01-18.33.20:881][722]LogBlueprintUserMessages: [SlidingDoor5] FALSE
[2019.04.01-18.33.20:881][722]LogBlueprintUserMessages: [SlidingDoor_2] Door
[2019.04.01-18.33.20:881][722]LogBlueprintUserMessages: [SlidingDoor2_2] Door
[2019.04.01-18.33.20:881][722]LogBlueprintUserMessages: [SlidingDoor2_2] FALSE
[2019.04.01-18.33.20:881][722]LogBlueprintUserMessages: [SlidingDoor3_5] Door
[2019.04.01-18.33.20:881][722]LogBlueprintUserMessages: [SlidingDoor3_5] FALSE
[2019.04.01-18.33.20:881][722]LogBlueprintUserMessages: [SlidingDoor4] Door
[2019.04.01-18.33.20:881][722]LogBlueprintUserMessages: [SlidingDoor4] FALSE
[2019.04.01-18.33.21:831][779]LogBlueprintUserMessages: [SlidingDoor_2] Not Within Opening Range
[2019.04.01-18.33.27:330][109]LogBlueprintUserMessages: [SlidingDoor5] Door
[2019.04.01-18.33.27:330][109]LogBlueprintUserMessages: [SlidingDoor5] FALSE
[2019.04.01-18.33.27:330][109]LogBlueprintUserMessages: [SlidingDoor_2] Door
[2019.04.01-18.33.27:330][109]LogBlueprintUserMessages: [SlidingDoor_2] FALSE
[2019.04.01-18.33.27:330][109]LogBlueprintUserMessages: [SlidingDoor2_2] Door
[2019.04.01-18.33.27:330][109]LogBlueprintUserMessages: [SlidingDoor2_2] FALSE
[2019.04.01-18.33.27:330][109]LogBlueprintUserMessages: [SlidingDoor3_5] Door
[2019.04.01-18.33.27:330][109]LogBlueprintUserMessages: [SlidingDoor3_5] FALSE
[2019.04.01-18.33.27:330][109]LogBlueprintUserMessages: [SlidingDoor4] Door
[2019.04.01-18.33.27:330][109]LogBlueprintUserMessages: [SlidingDoor4] FALSE
[2019.04.01-18.33.27:330][109]LogBlueprintUserMessages: [SlidingDoor2_2] within Opening Range
[2019.04.01-18.33.28:063][153]LogBlueprintUserMessages: [SlidingDoor5] Door
[2019.04.01-18.33.28:063][153]LogBlueprintUserMessages: [SlidingDoor5] FALSE
[2019.04.01-18.33.28:063][153]LogBlueprintUserMessages: [SlidingDoor_2] Door
[2019.04.01-18.33.28:063][153]LogBlueprintUserMessages: [SlidingDoor_2] FALSE
[2019.04.01-18.33.28:063][153]LogBlueprintUserMessages: [SlidingDoor2_2] Door
[2019.04.01-18.33.28:063][153]LogBlueprintUserMessages: [SlidingDoor3_5] Door
[2019.04.01-18.33.28:063][153]LogBlueprintUserMessages: [SlidingDoor3_5] FALSE
[2019.04.01-18.33.28:063][153]LogBlueprintUserMessages: [SlidingDoor4] Door
[2019.04.01-18.33.28:063][153]LogBlueprintUserMessages: [SlidingDoor4] FALSE
[2019.04.01-18.33.29:364][231]LogBlueprintUserMessages: [SlidingDoor2_2] Not Within Opening Range
[2019.04.01-18.33.31:913][384]LogBlueprintUserMessages: [SlidingDoor2_2] within Opening Range
[2019.04.01-18.33.32:313][408]LogBlueprintUserMessages: [SlidingDoor2_2] Not Within Opening Range
[2019.04.01-18.33.34:429][535]LogBlueprintUserMessages: [SlidingDoor4] within Opening Range
[2019.04.01-18.33.34:462][537]LogBlueprintUserMessages: [SlidingDoor5] Door
[2019.04.01-18.33.34:462][537]LogBlueprintUserMessages: [SlidingDoor5] FALSE
[2019.04.01-18.33.34:462][537]LogBlueprintUserMessages: [SlidingDoor_2] Door
[2019.04.01-18.33.34:462][537]LogBlueprintUserMessages: [SlidingDoor_2] FALSE
[2019.04.01-18.33.34:462][537]LogBlueprintUserMessages: [SlidingDoor2_2] Door
[2019.04.01-18.33.34:462][537]LogBlueprintUserMessages: [SlidingDoor2_2] FALSE
[2019.04.01-18.33.34:462][537]LogBlueprintUserMessages: [SlidingDoor3_5] Door
[2019.04.01-18.33.34:462][537]LogBlueprintUserMessages: [SlidingDoor3_5] FALSE
[2019.04.01-18.33.34:462][537]LogBlueprintUserMessages: [SlidingDoor4] Door
[2019.04.01-18.33.35:679][610]LogBlueprintUserMessages: [SlidingDoor4] Not Within Opening Range
[2019.04.01-18.33.48:278][366]LogBlueprintUserMessages: [SlidingDoor4] within Opening Range
[2019.04.01-18.33.48:360][371]LogBlueprintUserMessages: [SlidingDoor5] Door
[2019.04.01-18.33.48:360][371]LogBlueprintUserMessages: [SlidingDoor5] FALSE
[2019.04.01-18.33.48:360][371]LogBlueprintUserMessages: [SlidingDoor_2] Door
[2019.04.01-18.33.48:360][371]LogBlueprintUserMessages: [SlidingDoor_2] FALSE
[2019.04.01-18.33.48:360][371]LogBlueprintUserMessages: [SlidingDoor2_2] Door
[2019.04.01-18.33.48:360][371]LogBlueprintUserMessages: [SlidingDoor2_2] FALSE
[2019.04.01-18.33.48:360][371]LogBlueprintUserMessages: [SlidingDoor3_5] Door
[2019.04.01-18.33.48:361][371]LogBlueprintUserMessages: [SlidingDoor3_5] FALSE
[2019.04.01-18.33.48:361][371]LogBlueprintUserMessages: [SlidingDoor4] Door
[2019.04.01-18.33.49:544][442]LogBlueprintUserMessages: [SlidingDoor4] Not Within Opening Range
[2019.04.01-18.33.54:727][753]LogBlueprintUserMessages: [SlidingDoor5] Door
[2019.04.01-18.33.54:727][753]LogBlueprintUserMessages: [SlidingDoor5] FALSE
[2019.04.01-18.33.54:727][753]LogBlueprintUserMessages: [SlidingDoor_2] Door
[2019.04.01-18.33.54:727][753]LogBlueprintUserMessages: [SlidingDoor_2] FALSE
[2019.04.01-18.33.54:727][753]LogBlueprintUserMessages: [SlidingDoor2_2] Door
[2019.04.01-18.33.54:727][753]LogBlueprintUserMessages: [SlidingDoor2_2] FALSE
[2019.04.01-18.33.54:727][753]LogBlueprintUserMessages: [SlidingDoor3_5] Door
[2019.04.01-18.33.54:727][753]LogBlueprintUserMessages: [SlidingDoor3_5] FALSE
[2019.04.01-18.33.54:727][753]LogBlueprintUserMessages: [SlidingDoor4] Door
[2019.04.01-18.33.54:727][753]LogBlueprintUserMessages: [SlidingDoor4] FALSE
[2019.04.01-18.33.55:276][786]LogBlueprintUserMessages: [SlidingDoor_2] within Opening Range
[2019.04.01-18.33.55:427][795]LogBlueprintUserMessages: [SlidingDoor5] Door
[2019.04.01-18.33.55:427][795]LogBlueprintUserMessages: [SlidingDoor5] FALSE
[2019.04.01-18.33.55:427][795]LogBlueprintUserMessages: [SlidingDoor_2] Door
[2019.04.01-18.33.55:427][795]LogBlueprintUserMessages: [SlidingDoor2_2] Door
[2019.04.01-18.33.55:427][795]LogBlueprintUserMessages: [SlidingDoor2_2] FALSE
[2019.04.01-18.33.55:427][795]LogBlueprintUserMessages: [SlidingDoor3_5] Door
[2019.04.01-18.33.55:427][795]LogBlueprintUserMessages: [SlidingDoor3_5] FALSE
[2019.04.01-18.33.55:427][795]LogBlueprintUserMessages: [SlidingDoor4] Door
[2019.04.01-18.33.55:427][795]LogBlueprintUserMessages: [SlidingDoor4] FALSE
[2019.04.01-18.33.56:426][855]LogBlueprintUserMessages: [SlidingDoor_2] Not Within Opening Range
[2019.04.01-18.33.56:827][879]LogBlueprintUserMessages: [ThirdPersonCharacter_167] Oxygen at 50%
[2019.04.01-18.34.04:093][315]LogBlueprintUserMessages: [SlidingDoor_2] within Opening Range
[2019.04.01-18.34.04:209][322]LogBlueprintUserMessages: [SlidingDoor5] Door
[2019.04.01-18.34.04:209][322]LogBlueprintUserMessages: [SlidingDoor5] FALSE
[2019.04.01-18.34.04:209][322]LogBlueprintUserMessages: [SlidingDoor_2] Door
[2019.04.01-18.34.04:209][322]LogBlueprintUserMessages: [SlidingDoor2_2] Door
[2019.04.01-18.34.04:209][322]LogBlueprintUserMessages: [SlidingDoor2_2] FALSE
[2019.04.01-18.34.04:209][322]LogBlueprintUserMessages: [SlidingDoor3_5] Door
[2019.04.01-18.34.04:209][322]LogBlueprintUserMessages: [SlidingDoor3_5] FALSE
[2019.04.01-18.34.04:209][322]LogBlueprintUserMessages: [SlidingDoor4] Door
[2019.04.01-18.34.04:209][322]LogBlueprintUserMessages: [SlidingDoor4] FALSE
[2019.04.01-18.34.05:975][428]LogBlueprintUserMessages: [SlidingDoor_2] Not Within Opening Range
[2019.04.01-18.34.11:501][759]LogBlueprintUserMessages: [SlidingDoor4] within Opening Range
[2019.04.01-18.34.11:717][772]LogBlueprintUserMessages: [SlidingDoor5] Door
[2019.04.01-18.34.11:717][772]LogBlueprintUserMessages: [SlidingDoor5] FALSE
[2019.04.01-18.34.11:717][772]LogBlueprintUserMessages: [SlidingDoor_2] Door
[2019.04.01-18.34.11:717][772]LogBlueprintUserMessages: [SlidingDoor_2] FALSE
[2019.04.01-18.34.11:717][772]LogBlueprintUserMessages: [SlidingDoor2_2] Door
[2019.04.01-18.34.11:717][772]LogBlueprintUserMessages: [SlidingDoor2_2] FALSE
[2019.04.01-18.34.11:717][772]LogBlueprintUserMessages: [SlidingDoor3_5] Door
[2019.04.01-18.34.11:717][772]LogBlueprintUserMessages: [SlidingDoor3_5] FALSE
[2019.04.01-18.34.11:717][772]LogBlueprintUserMessages: [SlidingDoor4] Door
[2019.04.01-18.34.12:933][845]LogBlueprintUserMessages: [SlidingDoor4] Not Within Opening Range
[2019.04.01-18.34.21:816][378]LogBlueprintUserMessages: [ThirdPersonCharacter_167] Oxygen at 25%
[2019.04.01-18.34.36:814][278]LogBlueprintUserMessages: [ThirdPersonCharacter_167] Oxygen at 10%
[2019.04.01-18.34.46:813][878]LogBlueprintUserMessages: [ThirdPersonCharacter_167] Oxygen Exhausted. Game Over.
[2019.04.01-18.34.48:246][964]LogBlueprintUserMessages: Early EndPlayMap Detection: Level '/Game/ThirdPersonBP/Maps/ThirdPersonExampleMap.ThirdPersonExampleMap:PersistentLevel' has LevelScriptBlueprint '/Game/ThirdPersonBP/Maps/ThirdPersonExampleMap.ThirdPersonExampleMap:PersistentLevel.ThirdPersonExampleMap' with GeneratedClass '/Game/ThirdPersonBP/Maps/ThirdPersonExampleMap.ThirdPersonExampleMap_C' with ClassGeneratedBy '/Game/ThirdPersonBP/Maps/ThirdPersonExampleMap.ThirdPersonExampleMap:PersistentLevel.ThirdPersonExampleMap'
[2019.04.01-18.34.48:246][964]LogSlate: Updating window title bar state: overlay mode, drag disabled, window buttons hidden, title bar hidden
[2019.04.01-18.34.48:287][964]LogPlayLevel: Display: Shutting down PIE online subsystems
[2019.04.01-18.34.48:287][964]LogBlueprintUserMessages: Late EndPlayMap Detection: Level '/Game/ThirdPersonBP/Maps/ThirdPersonExampleMap.ThirdPersonExampleMap:PersistentLevel' has LevelScriptBlueprint '/Game/ThirdPersonBP/Maps/ThirdPersonExampleMap.ThirdPersonExampleMap:PersistentLevel.ThirdPersonExampleMap' with GeneratedClass '/Game/ThirdPersonBP/Maps/ThirdPersonExampleMap.ThirdPersonExampleMap_C' with ClassGeneratedBy '/Game/ThirdPersonBP/Maps/ThirdPersonExampleMap.ThirdPersonExampleMap:PersistentLevel.ThirdPersonExampleMap'
[2019.04.01-18.34.48:314][964]LogSlate: Updating window title bar state: overlay mode, drag disabled, window buttons hidden, title bar hidden
[2019.04.01-18.34.48:364][965]LogPlayLevel: Display: Destroying online subsystem :Context_6
[2019.04.01-18.34.50:414][ 84]LogSlate: FSceneViewport::OnFocusLost() reason 0
[2019.04.01-18.34.50:556][ 92]LogAssetEditorManager: Opening Asset editor for WidgetBlueprint /Game/UI/HUD.HUD
[2019.04.01-18.34.53:657][257]LogSlate: Window 'HUD' being destroyed
[2019.04.01-18.35.33:206][785]LogEditorTransaction: Undo Delete current selection
[2019.04.01-18.35.45:466][507]BlueprintLog: New page: Compile ThirdPersonCharacter
[2019.04.01-18.35.45:515][507]LogBlueprint: Error: [Compiler ThirdPersonCharacter] Spawn node  Create Widget  must have a class specified.
[2019.04.01-18.35.45:662][507]LogBlueprint: Warning: [Compiler ThirdPersonCharacter] [0560.70] Compile of ThirdPersonCharacter failed. 1 Fatal Issue(s) 0 Warning(s) [in 196 ms] (/Game/ThirdPersonBP/Blueprints/ThirdPersonCharacter.ThirdPersonCharacter)
[2019.04.01-18.35.52:178][887]LogSlate: Prevented a slow task dialog from being summoned while a context menu was open
[2019.04.01-18.35.54:759][ 28]BlueprintLog: New page: Compile ThirdPersonCharacter
[2019.04.01-18.36.03:393][524]LogSlate: FSceneViewport::OnFocusLost() reason 0
[2019.04.01-18.36.29:375][ 78]LogTemp: Repeating last play command: Selected Viewport
[2019.04.01-18.36.29:402][ 78]LogBlueprintUserMessages: Early PlayInEditor Detection: Level '/Game/ThirdPersonBP/Maps/ThirdPersonExampleMap.ThirdPersonExampleMap:PersistentLevel' has LevelScriptBlueprint '/Game/ThirdPersonBP/Maps/ThirdPersonExampleMap.ThirdPersonExampleMap:PersistentLevel.ThirdPersonExampleMap' with GeneratedClass '/Game/ThirdPersonBP/Maps/ThirdPersonExampleMap.ThirdPersonExampleMap_C' with ClassGeneratedBy '/Game/ThirdPersonBP/Maps/ThirdPersonExampleMap.ThirdPersonExampleMap:PersistentLevel.ThirdPersonExampleMap'
[2019.04.01-18.36.29:402][ 78]LogPlayLevel: PlayLevel: No blueprints needed recompiling
[2019.04.01-18.36.29:402][ 78]PIE: New page: PIE session: ThirdPersonExampleMap (1 Apr 2019 20:36:29)
[2019.04.01-18.36.29:402][ 78]LogPlayLevel: Creating play world package: /Game/ThirdPersonBP/Maps/UEDPIE_0_ThirdPersonExampleMap
[2019.04.01-18.36.29:421][ 78]LogPlayLevel: PIE: StaticDuplicateObject took: (0.018793s)
[2019.04.01-18.36.29:421][ 78]LogAIModule: Creating AISystem for world ThirdPersonExampleMap
[2019.04.01-18.36.29:421][ 78]LogPlayLevel: PIE: World Init took: (0.000639s)
[2019.04.01-18.36.29:422][ 78]LogPlayLevel: PIE: Created PIE world by copying editor world from /Game/ThirdPersonBP/Maps/ThirdPersonExampleMap.ThirdPersonExampleMap to /Game/ThirdPersonBP/Maps/UEDPIE_0_ThirdPersonExampleMap.ThirdPersonExampleMap (0.019591s)
[2019.04.01-18.36.29:475][ 78]LogInit: XAudio2 using 'Speakers/Headphones (Realtek(R) Audio)' : 2 channels at 48 kHz using 32 bits per sample (channel mask 0x3)
[2019.04.01-18.36.29:481][ 78]LogInit: FAudioDevice initialized.
[2019.04.01-18.36.29:510][ 78]LogLoad: Game class is 'ThirdPersonGameMode_C'
[2019.04.01-18.36.29:518][ 78]LogWorld: Bringing World /Game/ThirdPersonBP/Maps/UEDPIE_0_ThirdPersonExampleMap.ThirdPersonExampleMap up for play (max tick rate 60) at 2019.04.01-19.36.29
[2019.04.01-18.36.29:519][ 78]LogWorld: Bringing up level for play took: 0.007801
[2019.04.01-18.36.29:532][ 78]PIE: Play in editor start time for /Game/ThirdPersonBP/Maps/UEDPIE_0_ThirdPersonExampleMap 0.997
[2019.04.01-18.36.29:532][ 78]LogBlueprintUserMessages: Late PlayInEditor Detection: Level '/Game/ThirdPersonBP/Maps/ThirdPersonExampleMap.ThirdPersonExampleMap:PersistentLevel' has LevelScriptBlueprint '/Game/ThirdPersonBP/Maps/ThirdPersonExampleMap.ThirdPersonExampleMap:PersistentLevel.ThirdPersonExampleMap' with GeneratedClass '/Game/ThirdPersonBP/Maps/ThirdPersonExampleMap.ThirdPersonExampleMap_C' with ClassGeneratedBy '/Game/ThirdPersonBP/Maps/ThirdPersonExampleMap.ThirdPersonExampleMap:PersistentLevel.ThirdPersonExampleMap'
[2019.04.01-18.36.34:369][368]LogBlueprintUserMessages: [ThirdPersonCharacter_167] Oxygen at 50%
[2019.04.01-18.36.36:868][518]LogBlueprintUserMessages: [ThirdPersonCharacter_167] Oxygen at 25%
[2019.04.01-18.36.38:368][608]LogBlueprintUserMessages: [ThirdPersonCharacter_167] Oxygen at 10%
[2019.04.01-18.36.41:834][816]LogSlate: FSceneViewport::OnFocusLost() reason 0
[2019.04.01-18.36.41:868][818]LogNet: Browse: /Game/ThirdPersonBP/Maps/ThirdPersonExampleMap
[2019.04.01-18.36.41:869][818]LogLoad: LoadMap: /Game/ThirdPersonBP/Maps/ThirdPersonExampleMap
[2019.04.01-18.36.41:904][818]LogPlayLevel: Creating play world package: /Game/ThirdPersonBP/Maps/UEDPIE_0_ThirdPersonExampleMap
[2019.04.01-18.36.41:921][818]LogPlayLevel: PIE: StaticDuplicateObject took: (0.016797s)
[2019.04.01-18.36.41:922][818]LogAIModule: Creating AISystem for world ThirdPersonExampleMap
[2019.04.01-18.36.41:922][818]LogPlayLevel: PIE: World Init took: (0.000601s)
[2019.04.01-18.36.41:922][818]LogPlayLevel: PIE: Created PIE world by copying editor world from /Game/ThirdPersonBP/Maps/ThirdPersonExampleMap.ThirdPersonExampleMap to /Game/ThirdPersonBP/Maps/UEDPIE_0_ThirdPersonExampleMap.ThirdPersonExampleMap (0.017589s)
[2019.04.01-18.36.41:922][818]LogLoad: Game class is 'ThirdPersonGameMode_C'
[2019.04.01-18.36.41:935][818]LogWorld: Bringing World /Game/ThirdPersonBP/Maps/UEDPIE_0_ThirdPersonExampleMap.ThirdPersonExampleMap up for play (max tick rate 60) at 2019.04.01-19.36.41
[2019.04.01-18.36.41:936][818]LogWorld: Bringing up level for play took: 0.012795
[2019.04.01-18.36.41:936][818]LogGameMode: FindPlayerStart: PATHS NOT DEFINED or NO PLAYERSTART with positive rating
[2019.04.01-18.36.41:937][818]LogLoad: Took 0.068695 seconds to LoadMap(/Game/ThirdPersonBP/Maps/UEDPIE_0_ThirdPersonExampleMap)
[2019.04.01-18.36.46:867][114]LogBlueprintUserMessages: [ThirdPersonCharacter_167] Oxygen at 50%
[2019.04.01-18.36.49:363][263]LogBlueprintUserMessages: [ThirdPersonCharacter_167] Oxygen at 25%
[2019.04.01-18.36.50:863][353]LogBlueprintUserMessages: [ThirdPersonCharacter_167] Oxygen at 10%
[2019.04.01-18.36.54:128][549]LogSlate: FSceneViewport::OnFocusLost() reason 0
[2019.04.01-18.36.54:162][551]LogNet: Browse: /Game/ThirdPersonBP/Maps/ThirdPersonExampleMap
[2019.04.01-18.36.54:162][551]LogLoad: LoadMap: /Game/ThirdPersonBP/Maps/ThirdPersonExampleMap
[2019.04.01-18.36.54:193][551]LogPlayLevel: Creating play world package: /Game/ThirdPersonBP/Maps/UEDPIE_0_ThirdPersonExampleMap
[2019.04.01-18.36.54:210][551]LogPlayLevel: PIE: StaticDuplicateObject took: (0.016739s)
[2019.04.01-18.36.54:210][551]LogAIModule: Creating AISystem for world ThirdPersonExampleMap
[2019.04.01-18.36.54:210][551]LogPlayLevel: PIE: World Init took: (0.000653s)
[2019.04.01-18.36.54:210][551]LogPlayLevel: PIE: Created PIE world by copying editor world from /Game/ThirdPersonBP/Maps/ThirdPersonExampleMap.ThirdPersonExampleMap to /Game/ThirdPersonBP/Maps/UEDPIE_0_ThirdPersonExampleMap.ThirdPersonExampleMap (0.017577s)
[2019.04.01-18.36.54:210][551]LogLoad: Game class is 'ThirdPersonGameMode_C'
[2019.04.01-18.36.54:221][551]LogWorld: Bringing World /Game/ThirdPersonBP/Maps/UEDPIE_0_ThirdPersonExampleMap.ThirdPersonExampleMap up for play (max tick rate 60) at 2019.04.01-19.36.54
[2019.04.01-18.36.54:222][551]LogWorld: Bringing up level for play took: 0.010716
[2019.04.01-18.36.54:222][551]LogGameMode: FindPlayerStart: PATHS NOT DEFINED or NO PLAYERSTART with positive rating
[2019.04.01-18.36.54:224][551]LogLoad: Took 0.061402 seconds to LoadMap(/Game/ThirdPersonBP/Maps/UEDPIE_0_ThirdPersonExampleMap)
[2019.04.01-18.36.54:753][583]LogBlueprintUserMessages: Early EndPlayMap Detection: Level '/Game/ThirdPersonBP/Maps/ThirdPersonExampleMap.ThirdPersonExampleMap:PersistentLevel' has LevelScriptBlueprint '/Game/ThirdPersonBP/Maps/ThirdPersonExampleMap.ThirdPersonExampleMap:PersistentLevel.ThirdPersonExampleMap' with GeneratedClass '/Game/ThirdPersonBP/Maps/ThirdPersonExampleMap.ThirdPersonExampleMap_C' with ClassGeneratedBy '/Game/ThirdPersonBP/Maps/ThirdPersonExampleMap.ThirdPersonExampleMap:PersistentLevel.ThirdPersonExampleMap'
[2019.04.01-18.36.54:753][583]LogSlate: Updating window title bar state: overlay mode, drag disabled, window buttons hidden, title bar hidden
[2019.04.01-18.36.54:788][583]LogPlayLevel: Display: Shutting down PIE online subsystems
[2019.04.01-18.36.54:788][583]LogBlueprintUserMessages: Late EndPlayMap Detection: Level '/Game/ThirdPersonBP/Maps/ThirdPersonExampleMap.ThirdPersonExampleMap:PersistentLevel' has LevelScriptBlueprint '/Game/ThirdPersonBP/Maps/ThirdPersonExampleMap.ThirdPersonExampleMap:PersistentLevel.ThirdPersonExampleMap' with GeneratedClass '/Game/ThirdPersonBP/Maps/ThirdPersonExampleMap.ThirdPersonExampleMap_C' with ClassGeneratedBy '/Game/ThirdPersonBP/Maps/ThirdPersonExampleMap.ThirdPersonExampleMap:PersistentLevel.ThirdPersonExampleMap'
[2019.04.01-18.36.54:816][583]LogSlate: Updating window title bar state: overlay mode, drag disabled, window buttons hidden, title bar hidden
[2019.04.01-18.36.54:858][585]LogPlayLevel: Display: Destroying online subsystem :Context_10
[2019.04.01-18.36.56:592][689]LogSlate: FSceneViewport::OnFocusLost() reason 0
[2019.04.01-18.36.57:017][691]LogSavePackage: Moving 'D:/SEP GitHub Repositry/Team-Molyneux-3/Project/Unreal Project/GroupProject/Saved/ThirdPersonExampleMapEDE39176406B0E28C911A6B4D6FDF6C2.tmp' to 'D:/SEP GitHub Repositry/Team-Molyneux-3/Project/Unreal Project/GroupProject/Content/ThirdPersonBP/Maps/ThirdPersonExampleMap.umap'
[2019.04.01-18.36.57:189][691]LogSavePackage: Moving 'D:/SEP GitHub Repositry/Team-Molyneux-3/Project/Unreal Project/GroupProject/Saved/ThirdPersonExampleMap_BuiltData4E65FE45476FE610612893879862D5E4.tmp' to 'D:/SEP GitHub Repositry/Team-Molyneux-3/Project/Unreal Project/GroupProject/Content/ThirdPersonBP/Maps/ThirdPersonExampleMap_BuiltData.uasset'
[2019.04.01-18.36.59:080][784]BlueprintLog: New page: Compile ThirdPersonCharacter
[2019.04.01-18.36.59:957][808]LogSavePackage: Moving 'D:/SEP GitHub Repositry/Team-Molyneux-3/Project/Unreal Project/GroupProject/Saved/ThirdPersonCharacter0739E00641738FA5E6A442B7BB56F652.tmp' to 'D:/SEP GitHub Repositry/Team-Molyneux-3/Project/Unreal Project/GroupProject/Content/ThirdPersonBP/Blueprints/ThirdPersonCharacter.uasset'
[2019.04.01-18.38.05:116][321]BlueprintLog: New page: Compile ThirdPersonCharacter
[2019.04.01-18.38.06:203][358]LogSavePackage: Moving 'D:/SEP GitHub Repositry/Team-Molyneux-3/Project/Unreal Project/GroupProject/Saved/ThirdPersonCharacter0F74EF9E4A06DC4E5968C68876A005DE.tmp' to 'D:/SEP GitHub Repositry/Team-Molyneux-3/Project/Unreal Project/GroupProject/Content/ThirdPersonBP/Blueprints/ThirdPersonCharacter.uasset'
[2019.04.01-18.38.09:432][551]LogAssetEditorManager: Opening Asset editor for WidgetBlueprint /Game/UI/GameOverScreen.GameOverScreen
[2019.04.01-18.38.46:551][762]BlueprintLog: New page: Compile GameOverScreen
[2019.04.01-18.38.47:284][802]Cmd: OBJ SAVEPACKAGE PACKAGE="/Game/UI/GameOverScreen" FILE="D:/SEP GitHub Repositry/Team-Molyneux-3/Project/Unreal Project/GroupProject/Content/UI/GameOverScreen.uasset" SILENT=true
[2019.04.01-18.38.47:296][802]LogSavePackage: Moving 'D:/SEP GitHub Repositry/Team-Molyneux-3/Project/Unreal Project/GroupProject/Saved/GameOverScreenF35C29D048AA20884649BF8C9A6BDCF6.tmp' to 'D:/SEP GitHub Repositry/Team-Molyneux-3/Project/Unreal Project/GroupProject/Content/UI/GameOverScreen.uasset'
[2019.04.01-18.43.02:927][654]LogSavePackage: Moving 'D:/SEP GitHub Repositry/Team-Molyneux-3/Project/Unreal Project/GroupProject/Saved/ThirdPersonExampleMap698D508C4CCED66F8CB75FB90A3D32F6.tmp' to 'D:/SEP GitHub Repositry/Team-Molyneux-3/Project/Unreal Project/GroupProject/Content/ThirdPersonBP/Maps/ThirdPersonExampleMap.umap'
[2019.04.01-18.43.03:101][654]LogSavePackage: Moving 'D:/SEP GitHub Repositry/Team-Molyneux-3/Project/Unreal Project/GroupProject/Saved/ThirdPersonExampleMap_BuiltDataAF1077CC45A2BBAC0551A1A717AE3D8F.tmp' to 'D:/SEP GitHub Repositry/Team-Molyneux-3/Project/Unreal Project/GroupProject/Content/ThirdPersonBP/Maps/ThirdPersonExampleMap_BuiltData.uasset'
[2019.04.01-18.44.51:095][ 93]LogMetaData: Removing '/Game/LevelChanger.LevelChanger_C' ref from Metadata '/Game/LevelChangeTest.PackageMetaData'
[2019.04.01-18.44.51:095][ 93]LogMetaData: Removing '/Game/LevelChanger.LevelChanger:UserConstructionScript.K2Node_FunctionEntry_0' ref from Metadata '/Game/LevelChangeTest.PackageMetaData'
[2019.04.01-18.44.51:095][ 93]LogMetaData: Removing '/Game/LevelChanger.LevelChanger:EventGraph.K2Node_Event_0' ref from Metadata '/Game/LevelChangeTest.PackageMetaData'
[2019.04.01-18.44.51:095][ 93]LogMetaData: Removing '/Game/LevelChanger.LevelChanger:EventGraph.K2Node_Event_3' ref from Metadata '/Game/LevelChangeTest.PackageMetaData'
[2019.04.01-18.44.51:095][ 93]LogMetaData: Removing '/Game/LevelChanger.LevelChanger:EventGraph.K2Node_Event_2' ref from Metadata '/Game/LevelChangeTest.PackageMetaData'
[2019.04.01-18.44.51:095][ 93]LogMetaData: Removing '/Game/LevelChanger.SKEL_LevelChanger_C' ref from Metadata '/Game/LevelChangeTest.PackageMetaData'
[2019.04.01-18.44.51:114][ 93]Cmd: OBJ SAVEPACKAGE PACKAGE="/Game/LevelChanger" FILE="D:/SEP GitHub Repositry/Team-Molyneux-3/Project/Unreal Project/GroupProject/Content/LevelChanger.uasset" SILENT=true
[2019.04.01-18.44.51:123][ 93]LogSavePackage: Moving 'D:/SEP GitHub Repositry/Team-Molyneux-3/Project/Unreal Project/GroupProject/Saved/LevelChangerEBB93BF24BB20EA582BAE6AF5C70D4A2.tmp' to 'D:/SEP GitHub Repositry/Team-Molyneux-3/Project/Unreal Project/GroupProject/Content/LevelChanger.uasset'
[2019.04.01-18.45.05:240][684]Cmd: DELETE
[2019.04.01-18.45.05:240][684]Cmd: ACTOR DELETE
[2019.04.01-18.45.05:246][684]LogEditorActor: Deleted Actor: LevelChanger_C
[2019.04.01-18.45.05:276][684]LogEditorActor: Deleted 1 Actors (0.036 secs)
[2019.04.01-18.45.06:682][764]LogSlate: FSceneViewport::OnFocusLost() reason 0
[2019.04.01-18.45.07:093][767]LogSavePackage: Moving 'D:/SEP GitHub Repositry/Team-Molyneux-3/Project/Unreal Project/GroupProject/Saved/ThirdPersonExampleMapE72ECAD844A66A86C05B969D07C41230.tmp' to 'D:/SEP GitHub Repositry/Team-Molyneux-3/Project/Unreal Project/GroupProject/Content/ThirdPersonBP/Maps/ThirdPersonExampleMap.umap'
[2019.04.01-18.45.07:258][767]LogSavePackage: Moving 'D:/SEP GitHub Repositry/Team-Molyneux-3/Project/Unreal Project/GroupProject/Saved/ThirdPersonExampleMap_BuiltData5DC4E4B0475E3AF033E5E5895C7DD7F2.tmp' to 'D:/SEP GitHub Repositry/Team-Molyneux-3/Project/Unreal Project/GroupProject/Content/ThirdPersonBP/Maps/ThirdPersonExampleMap_BuiltData.uasset'
[2019.04.01-18.45.23:012][446]LogSlate: FSceneViewport::OnFocusLost() reason 0
[2019.04.01-18.45.47:401][849]LogTemp: Repeating last play command: Selected Viewport
[2019.04.01-18.45.47:419][849]LogBlueprintUserMessages: Early PlayInEditor Detection: Level '/Game/ThirdPersonBP/Maps/ThirdPersonExampleMap.ThirdPersonExampleMap:PersistentLevel' has LevelScriptBlueprint '/Game/ThirdPersonBP/Maps/ThirdPersonExampleMap.ThirdPersonExampleMap:PersistentLevel.ThirdPersonExampleMap' with GeneratedClass '/Game/ThirdPersonBP/Maps/ThirdPersonExampleMap.ThirdPersonExampleMap_C' with ClassGeneratedBy '/Game/ThirdPersonBP/Maps/ThirdPersonExampleMap.ThirdPersonExampleMap:PersistentLevel.ThirdPersonExampleMap'
[2019.04.01-18.45.47:419][849]LogPlayLevel: PlayLevel: No blueprints needed recompiling
[2019.04.01-18.45.47:419][849]PIE: New page: PIE session: ThirdPersonExampleMap (1 Apr 2019 20:45:47)
[2019.04.01-18.45.47:419][849]LogPlayLevel: Creating play world package: /Game/ThirdPersonBP/Maps/UEDPIE_0_ThirdPersonExampleMap
[2019.04.01-18.45.47:438][849]LogPlayLevel: PIE: StaticDuplicateObject took: (0.018595s)
[2019.04.01-18.45.47:438][849]LogAIModule: Creating AISystem for world ThirdPersonExampleMap
[2019.04.01-18.45.47:439][849]LogPlayLevel: PIE: World Init took: (0.000715s)
[2019.04.01-18.45.47:439][849]LogPlayLevel: PIE: Created PIE world by copying editor world from /Game/ThirdPersonBP/Maps/ThirdPersonExampleMap.ThirdPersonExampleMap to /Game/ThirdPersonBP/Maps/UEDPIE_0_ThirdPersonExampleMap.ThirdPersonExampleMap (0.019455s)
[2019.04.01-18.45.47:464][849]LogInit: XAudio2 using 'Speakers/Headphones (Realtek(R) Audio)' : 2 channels at 48 kHz using 32 bits per sample (channel mask 0x3)
[2019.04.01-18.45.47:470][849]LogInit: FAudioDevice initialized.
[2019.04.01-18.45.47:501][849]LogLoad: Game class is 'ThirdPersonGameMode_C'
[2019.04.01-18.45.47:509][849]LogWorld: Bringing World /Game/ThirdPersonBP/Maps/UEDPIE_0_ThirdPersonExampleMap.ThirdPersonExampleMap up for play (max tick rate 60) at 2019.04.01-19.45.47
[2019.04.01-18.45.47:510][849]LogWorld: Bringing up level for play took: 0.008069
[2019.04.01-18.45.47:523][849]PIE: Play in editor start time for /Game/ThirdPersonBP/Maps/UEDPIE_0_ThirdPersonExampleMap 1.083
[2019.04.01-18.45.47:523][849]LogBlueprintUserMessages: Late PlayInEditor Detection: Level '/Game/ThirdPersonBP/Maps/ThirdPersonExampleMap.ThirdPersonExampleMap:PersistentLevel' has LevelScriptBlueprint '/Game/ThirdPersonBP/Maps/ThirdPersonExampleMap.ThirdPersonExampleMap:PersistentLevel.ThirdPersonExampleMap' with GeneratedClass '/Game/ThirdPersonBP/Maps/ThirdPersonExampleMap.ThirdPersonExampleMap_C' with ClassGeneratedBy '/Game/ThirdPersonBP/Maps/ThirdPersonExampleMap.ThirdPersonExampleMap:PersistentLevel.ThirdPersonExampleMap'
[2019.04.01-18.45.52:398][139]LogBlueprintUserMessages: [ThirdPersonCharacter_167] Oxygen at 50%
[2019.04.01-18.45.54:897][289]LogBlueprintUserMessages: [ThirdPersonCharacter_167] Oxygen at 25%
[2019.04.01-18.45.56:397][379]LogBlueprintUserMessages: [ThirdPersonCharacter_167] Oxygen at 10%
[2019.04.01-18.45.59:613][572]LogSlate: FSceneViewport::OnFocusLost() reason 0
[2019.04.01-18.45.59:664][575]LogNet: Browse: /Game/ThirdPersonBP/Maps/ThirdPersonExampleMap
[2019.04.01-18.45.59:664][575]LogLoad: LoadMap: /Game/ThirdPersonBP/Maps/ThirdPersonExampleMap
[2019.04.01-18.45.59:699][575]LogPlayLevel: Creating play world package: /Game/ThirdPersonBP/Maps/UEDPIE_0_ThirdPersonExampleMap
[2019.04.01-18.45.59:716][575]LogPlayLevel: PIE: StaticDuplicateObject took: (0.017367s)
[2019.04.01-18.45.59:717][575]LogAIModule: Creating AISystem for world ThirdPersonExampleMap
[2019.04.01-18.45.59:717][575]LogPlayLevel: PIE: World Init took: (0.000715s)
[2019.04.01-18.45.59:717][575]LogPlayLevel: PIE: Created PIE world by copying editor world from /Game/ThirdPersonBP/Maps/ThirdPersonExampleMap.ThirdPersonExampleMap to /Game/ThirdPersonBP/Maps/UEDPIE_0_ThirdPersonExampleMap.ThirdPersonExampleMap (0.018269s)
[2019.04.01-18.45.59:717][575]LogLoad: Game class is 'ThirdPersonGameMode_C'
[2019.04.01-18.45.59:727][575]LogWorld: Bringing World /Game/ThirdPersonBP/Maps/UEDPIE_0_ThirdPersonExampleMap.ThirdPersonExampleMap up for play (max tick rate 60) at 2019.04.01-19.45.59
[2019.04.01-18.45.59:728][575]LogWorld: Bringing up level for play took: 0.010410
[2019.04.01-18.45.59:728][575]LogGameMode: FindPlayerStart: PATHS NOT DEFINED or NO PLAYERSTART with positive rating
[2019.04.01-18.45.59:730][575]LogLoad: Took 0.066304 seconds to LoadMap(/Game/ThirdPersonBP/Maps/UEDPIE_0_ThirdPersonExampleMap)
[2019.04.01-18.46.03:479][798]LogBlueprintUserMessages: Early EndPlayMap Detection: Level '/Game/ThirdPersonBP/Maps/ThirdPersonExampleMap.ThirdPersonExampleMap:PersistentLevel' has LevelScriptBlueprint '/Game/ThirdPersonBP/Maps/ThirdPersonExampleMap.ThirdPersonExampleMap:PersistentLevel.ThirdPersonExampleMap' with GeneratedClass '/Game/ThirdPersonBP/Maps/ThirdPersonExampleMap.ThirdPersonExampleMap_C' with ClassGeneratedBy '/Game/ThirdPersonBP/Maps/ThirdPersonExampleMap.ThirdPersonExampleMap:PersistentLevel.ThirdPersonExampleMap'
[2019.04.01-18.46.03:480][798]LogSlate: Updating window title bar state: overlay mode, drag disabled, window buttons hidden, title bar hidden
[2019.04.01-18.46.03:520][798]LogPlayLevel: Display: Shutting down PIE online subsystems
[2019.04.01-18.46.03:520][798]LogBlueprintUserMessages: Late EndPlayMap Detection: Level '/Game/ThirdPersonBP/Maps/ThirdPersonExampleMap.ThirdPersonExampleMap:PersistentLevel' has LevelScriptBlueprint '/Game/ThirdPersonBP/Maps/ThirdPersonExampleMap.ThirdPersonExampleMap:PersistentLevel.ThirdPersonExampleMap' with GeneratedClass '/Game/ThirdPersonBP/Maps/ThirdPersonExampleMap.ThirdPersonExampleMap_C' with ClassGeneratedBy '/Game/ThirdPersonBP/Maps/ThirdPersonExampleMap.ThirdPersonExampleMap:PersistentLevel.ThirdPersonExampleMap'
[2019.04.01-18.46.03:550][798]LogSlate: Updating window title bar state: overlay mode, drag disabled, window buttons hidden, title bar hidden
[2019.04.01-18.46.03:602][799]LogPlayLevel: Display: Destroying online subsystem :Context_13
[2019.04.01-18.46.04:758][864]LogEditorViewport: Clicking on Actor (LMB): ThirdPersonCharacter_C (ThirdPersonCharacter)
[2019.04.01-18.46.07:681][ 33]LogSlate: FSceneViewport::OnFocusLost() reason 0
[2019.04.01-18.46.10:645][210]LogEditorViewport: Clicking on Actor (LMB): HallWay_C (HallWay102)
[2019.04.01-18.46.11:684][269]LogSlate: FSceneViewport::OnFocusLost() reason 0
[2019.04.01-18.46.12:075][271]LogSavePackage: Moving 'D:/SEP GitHub Repositry/Team-Molyneux-3/Project/Unreal Project/GroupProject/Saved/ThirdPersonExampleMapDBBECAEA49802ABDBDBA1FA88F348660.tmp' to 'D:/SEP GitHub Repositry/Team-Molyneux-3/Project/Unreal Project/GroupProject/Content/ThirdPersonBP/Maps/ThirdPersonExampleMap.umap'
[2019.04.01-18.46.12:243][271]LogSavePackage: Moving 'D:/SEP GitHub Repositry/Team-Molyneux-3/Project/Unreal Project/GroupProject/Saved/ThirdPersonExampleMap_BuiltDataE3149981401AFA59657334AF87981AE1.tmp' to 'D:/SEP GitHub Repositry/Team-Molyneux-3/Project/Unreal Project/GroupProject/Content/ThirdPersonBP/Maps/ThirdPersonExampleMap_BuiltData.uasset'
[2019.04.01-18.46.14:428][397]BlueprintLog: New page: Compile HUD
[2019.04.01-18.46.17:088][539]BlueprintLog: New page: Compile ThirdPersonCharacter
[2019.04.01-18.47.22:823][456]BlueprintLog: New page: Compile ThirdPersonCharacter
[2019.04.01-18.47.24:058][498]LogSavePackage: Moving 'D:/SEP GitHub Repositry/Team-Molyneux-3/Project/Unreal Project/GroupProject/Saved/ThirdPersonCharacter3AA22CD34304AE93F682808F8552DC78.tmp' to 'D:/SEP GitHub Repositry/Team-Molyneux-3/Project/Unreal Project/GroupProject/Content/ThirdPersonBP/Blueprints/ThirdPersonCharacter.uasset'
[2019.04.01-18.47.26:953][672]BlueprintLog: New page: Compile ThirdPersonCharacter
[2019.04.01-18.47.41:364][511]BlueprintLog: New page: Compile ThirdPersonCharacter
[2019.04.01-18.47.42:056][521]LogSavePackage: Moving 'D:/SEP GitHub Repositry/Team-Molyneux-3/Project/Unreal Project/GroupProject/Saved/ThirdPersonCharacter6654FCD747CE08F08E1CF2956DDCB867.tmp' to 'D:/SEP GitHub Repositry/Team-Molyneux-3/Project/Unreal Project/GroupProject/Content/ThirdPersonBP/Blueprints/ThirdPersonCharacter.uasset'
[2019.04.01-18.47.53:366][178]LogSavePackage: Moving 'D:/SEP GitHub Repositry/Team-Molyneux-3/Project/Unreal Project/GroupProject/Saved/ThirdPersonExampleMap2AC4A44247FDABBC60E776AED90D3AAE.tmp' to 'D:/SEP GitHub Repositry/Team-Molyneux-3/Project/Unreal Project/GroupProject/Content/ThirdPersonBP/Maps/ThirdPersonExampleMap.umap'
[2019.04.01-18.47.53:535][178]LogSavePackage: Moving 'D:/SEP GitHub Repositry/Team-Molyneux-3/Project/Unreal Project/GroupProject/Saved/ThirdPersonExampleMap_BuiltData85A8F11F46048A13D3BBC7893CF75D77.tmp' to 'D:/SEP GitHub Repositry/Team-Molyneux-3/Project/Unreal Project/GroupProject/Content/ThirdPersonBP/Maps/ThirdPersonExampleMap_BuiltData.uasset'
[2019.04.01-18.47.54:682][238]LogTemp: Repeating last play command: Selected Viewport
[2019.04.01-18.47.54:713][238]LogBlueprintUserMessages: Early PlayInEditor Detection: Level '/Game/ThirdPersonBP/Maps/ThirdPersonExampleMap.ThirdPersonExampleMap:PersistentLevel' has LevelScriptBlueprint '/Game/ThirdPersonBP/Maps/ThirdPersonExampleMap.ThirdPersonExampleMap:PersistentLevel.ThirdPersonExampleMap' with GeneratedClass '/Game/ThirdPersonBP/Maps/ThirdPersonExampleMap.ThirdPersonExampleMap_C' with ClassGeneratedBy '/Game/ThirdPersonBP/Maps/ThirdPersonExampleMap.ThirdPersonExampleMap:PersistentLevel.ThirdPersonExampleMap'
[2019.04.01-18.47.54:713][238]LogPlayLevel: PlayLevel: No blueprints needed recompiling
[2019.04.01-18.47.54:713][238]PIE: New page: PIE session: ThirdPersonExampleMap (1 Apr 2019 20:47:54)
[2019.04.01-18.47.54:713][238]LogPlayLevel: Creating play world package: /Game/ThirdPersonBP/Maps/UEDPIE_0_ThirdPersonExampleMap
[2019.04.01-18.47.54:730][238]LogPlayLevel: PIE: StaticDuplicateObject took: (0.016612s)
[2019.04.01-18.47.54:730][238]LogAIModule: Creating AISystem for world ThirdPersonExampleMap
[2019.04.01-18.47.54:731][238]LogPlayLevel: PIE: World Init took: (0.000648s)
[2019.04.01-18.47.54:731][238]LogPlayLevel: PIE: Created PIE world by copying editor world from /Game/ThirdPersonBP/Maps/ThirdPersonExampleMap.ThirdPersonExampleMap to /Game/ThirdPersonBP/Maps/UEDPIE_0_ThirdPersonExampleMap.ThirdPersonExampleMap (0.017417s)
[2019.04.01-18.47.54:760][238]LogInit: XAudio2 using 'Speakers/Headphones (Realtek(R) Audio)' : 2 channels at 48 kHz using 32 bits per sample (channel mask 0x3)
[2019.04.01-18.47.54:765][238]LogInit: FAudioDevice initialized.
[2019.04.01-18.47.54:793][238]LogLoad: Game class is 'ThirdPersonGameMode_C'
[2019.04.01-18.47.54:801][238]LogWorld: Bringing World /Game/ThirdPersonBP/Maps/UEDPIE_0_ThirdPersonExampleMap.ThirdPersonExampleMap up for play (max tick rate 60) at 2019.04.01-19.47.54
[2019.04.01-18.47.54:802][238]LogWorld: Bringing up level for play took: 0.007885
[2019.04.01-18.47.54:815][238]PIE: Play in editor start time for /Game/ThirdPersonBP/Maps/UEDPIE_0_ThirdPersonExampleMap 0.397
[2019.04.01-18.47.54:815][238]LogBlueprintUserMessages: Late PlayInEditor Detection: Level '/Game/ThirdPersonBP/Maps/ThirdPersonExampleMap.ThirdPersonExampleMap:PersistentLevel' has LevelScriptBlueprint '/Game/ThirdPersonBP/Maps/ThirdPersonExampleMap.ThirdPersonExampleMap:PersistentLevel.ThirdPersonExampleMap' with GeneratedClass '/Game/ThirdPersonBP/Maps/ThirdPersonExampleMap.ThirdPersonExampleMap_C' with ClassGeneratedBy '/Game/ThirdPersonBP/Maps/ThirdPersonExampleMap.ThirdPersonExampleMap:PersistentLevel.ThirdPersonExampleMap'
[2019.04.01-18.48.04:571][821]LogBlueprintUserMessages: Early EndPlayMap Detection: Level '/Game/ThirdPersonBP/Maps/ThirdPersonExampleMap.ThirdPersonExampleMap:PersistentLevel' has LevelScriptBlueprint '/Game/ThirdPersonBP/Maps/ThirdPersonExampleMap.ThirdPersonExampleMap:PersistentLevel.ThirdPersonExampleMap' with GeneratedClass '/Game/ThirdPersonBP/Maps/ThirdPersonExampleMap.ThirdPersonExampleMap_C' with ClassGeneratedBy '/Game/ThirdPersonBP/Maps/ThirdPersonExampleMap.ThirdPersonExampleMap:PersistentLevel.ThirdPersonExampleMap'
[2019.04.01-18.48.04:571][821]LogSlate: Updating window title bar state: overlay mode, drag disabled, window buttons hidden, title bar hidden
[2019.04.01-18.48.04:612][821]LogPlayLevel: Display: Shutting down PIE online subsystems
[2019.04.01-18.48.04:612][821]LogBlueprintUserMessages: Late EndPlayMap Detection: Level '/Game/ThirdPersonBP/Maps/ThirdPersonExampleMap.ThirdPersonExampleMap:PersistentLevel' has LevelScriptBlueprint '/Game/ThirdPersonBP/Maps/ThirdPersonExampleMap.ThirdPersonExampleMap:PersistentLevel.ThirdPersonExampleMap' with GeneratedClass '/Game/ThirdPersonBP/Maps/ThirdPersonExampleMap.ThirdPersonExampleMap_C' with ClassGeneratedBy '/Game/ThirdPersonBP/Maps/ThirdPersonExampleMap.ThirdPersonExampleMap:PersistentLevel.ThirdPersonExampleMap'
[2019.04.01-18.48.04:642][821]LogSlate: Updating window title bar state: overlay mode, drag disabled, window buttons hidden, title bar hidden
[2019.04.01-18.48.04:735][823]LogPlayLevel: Display: Destroying online subsystem :Context_14
[2019.04.01-18.48.05:968][897]LogSlate: FSceneViewport::OnFocusLost() reason 0
[2019.04.01-18.48.14:860][426]BlueprintLog: New page: Compile HUD
[2019.04.01-18.48.15:676][465]Cmd: OBJ SAVEPACKAGE PACKAGE="/Game/UI/HUD" FILE="D:/SEP GitHub Repositry/Team-Molyneux-3/Project/Unreal Project/GroupProject/Content/UI/HUD.uasset" SILENT=true
[2019.04.01-18.48.15:690][465]LogSavePackage: Moving 'D:/SEP GitHub Repositry/Team-Molyneux-3/Project/Unreal Project/GroupProject/Saved/HUDCFA679CD4A2915DE116645BA0DCCB217.tmp' to 'D:/SEP GitHub Repositry/Team-Molyneux-3/Project/Unreal Project/GroupProject/Content/UI/HUD.uasset'
[2019.04.01-18.48.17:468][572]LogTemp: Repeating last play command: Selected Viewport
[2019.04.01-18.48.17:485][572]LogBlueprintUserMessages: Early PlayInEditor Detection: Level '/Game/ThirdPersonBP/Maps/ThirdPersonExampleMap.ThirdPersonExampleMap:PersistentLevel' has LevelScriptBlueprint '/Game/ThirdPersonBP/Maps/ThirdPersonExampleMap.ThirdPersonExampleMap:PersistentLevel.ThirdPersonExampleMap' with GeneratedClass '/Game/ThirdPersonBP/Maps/ThirdPersonExampleMap.ThirdPersonExampleMap_C' with ClassGeneratedBy '/Game/ThirdPersonBP/Maps/ThirdPersonExampleMap.ThirdPersonExampleMap:PersistentLevel.ThirdPersonExampleMap'
[2019.04.01-18.48.17:485][572]LogPlayLevel: PlayLevel: No blueprints needed recompiling
[2019.04.01-18.48.17:485][572]PIE: New page: PIE session: ThirdPersonExampleMap (1 Apr 2019 20:48:17)
[2019.04.01-18.48.17:486][572]LogPlayLevel: Creating play world package: /Game/ThirdPersonBP/Maps/UEDPIE_0_ThirdPersonExampleMap
[2019.04.01-18.48.17:502][572]LogPlayLevel: PIE: StaticDuplicateObject took: (0.016523s)
[2019.04.01-18.48.17:503][572]LogAIModule: Creating AISystem for world ThirdPersonExampleMap
[2019.04.01-18.48.17:503][572]LogPlayLevel: PIE: World Init took: (0.000641s)
[2019.04.01-18.48.17:503][572]LogPlayLevel: PIE: Created PIE world by copying editor world from /Game/ThirdPersonBP/Maps/ThirdPersonExampleMap.ThirdPersonExampleMap to /Game/ThirdPersonBP/Maps/UEDPIE_0_ThirdPersonExampleMap.ThirdPersonExampleMap (0.017307s)
[2019.04.01-18.48.17:531][572]LogInit: XAudio2 using 'Speakers/Headphones (Realtek(R) Audio)' : 2 channels at 48 kHz using 32 bits per sample (channel mask 0x3)
[2019.04.01-18.48.17:536][572]LogInit: FAudioDevice initialized.
[2019.04.01-18.48.17:564][572]LogLoad: Game class is 'ThirdPersonGameMode_C'
[2019.04.01-18.48.17:572][572]LogWorld: Bringing World /Game/ThirdPersonBP/Maps/UEDPIE_0_ThirdPersonExampleMap.ThirdPersonExampleMap up for play (max tick rate 60) at 2019.04.01-19.48.17
[2019.04.01-18.48.17:573][572]LogWorld: Bringing up level for play took: 0.007852
[2019.04.01-18.48.17:587][572]PIE: Play in editor start time for /Game/ThirdPersonBP/Maps/UEDPIE_0_ThirdPersonExampleMap -0.827
[2019.04.01-18.48.17:587][572]LogBlueprintUserMessages: Late PlayInEditor Detection: Level '/Game/ThirdPersonBP/Maps/ThirdPersonExampleMap.ThirdPersonExampleMap:PersistentLevel' has LevelScriptBlueprint '/Game/ThirdPersonBP/Maps/ThirdPersonExampleMap.ThirdPersonExampleMap:PersistentLevel.ThirdPersonExampleMap' with GeneratedClass '/Game/ThirdPersonBP/Maps/ThirdPersonExampleMap.ThirdPersonExampleMap_C' with ClassGeneratedBy '/Game/ThirdPersonBP/Maps/ThirdPersonExampleMap.ThirdPersonExampleMap:PersistentLevel.ThirdPersonExampleMap'
[2019.04.01-18.48.22:695][876]LogBlueprintUserMessages: Early EndPlayMap Detection: Level '/Game/ThirdPersonBP/Maps/ThirdPersonExampleMap.ThirdPersonExampleMap:PersistentLevel' has LevelScriptBlueprint '/Game/ThirdPersonBP/Maps/ThirdPersonExampleMap.ThirdPersonExampleMap:PersistentLevel.ThirdPersonExampleMap' with GeneratedClass '/Game/ThirdPersonBP/Maps/ThirdPersonExampleMap.ThirdPersonExampleMap_C' with ClassGeneratedBy '/Game/ThirdPersonBP/Maps/ThirdPersonExampleMap.ThirdPersonExampleMap:PersistentLevel.ThirdPersonExampleMap'
[2019.04.01-18.48.22:695][876]LogSlate: Updating window title bar state: overlay mode, drag disabled, window buttons hidden, title bar hidden
[2019.04.01-18.48.22:734][876]LogPlayLevel: Display: Shutting down PIE online subsystems
[2019.04.01-18.48.22:734][876]LogBlueprintUserMessages: Late EndPlayMap Detection: Level '/Game/ThirdPersonBP/Maps/ThirdPersonExampleMap.ThirdPersonExampleMap:PersistentLevel' has LevelScriptBlueprint '/Game/ThirdPersonBP/Maps/ThirdPersonExampleMap.ThirdPersonExampleMap:PersistentLevel.ThirdPersonExampleMap' with GeneratedClass '/Game/ThirdPersonBP/Maps/ThirdPersonExampleMap.ThirdPersonExampleMap_C' with ClassGeneratedBy '/Game/ThirdPersonBP/Maps/ThirdPersonExampleMap.ThirdPersonExampleMap:PersistentLevel.ThirdPersonExampleMap'
[2019.04.01-18.48.22:763][876]LogSlate: Updating window title bar state: overlay mode, drag disabled, window buttons hidden, title bar hidden
[2019.04.01-18.48.22:824][877]LogPlayLevel: Display: Destroying online subsystem :Context_15
[2019.04.01-18.48.23:957][936]LogSlate: FSceneViewport::OnFocusLost() reason 0
[2019.04.01-18.48.24:352][938]LogSavePackage: Moving 'D:/SEP GitHub Repositry/Team-Molyneux-3/Project/Unreal Project/GroupProject/Saved/ThirdPersonExampleMap432DECF143011BFA995610B365B0ECE0.tmp' to 'D:/SEP GitHub Repositry/Team-Molyneux-3/Project/Unreal Project/GroupProject/Content/ThirdPersonBP/Maps/ThirdPersonExampleMap.umap'
[2019.04.01-18.48.24:530][938]LogSavePackage: Moving 'D:/SEP GitHub Repositry/Team-Molyneux-3/Project/Unreal Project/GroupProject/Saved/ThirdPersonExampleMap_BuiltDataDA8F8BD64DAF83A76975E1A6BF479D15.tmp' to 'D:/SEP GitHub Repositry/Team-Molyneux-3/Project/Unreal Project/GroupProject/Content/ThirdPersonBP/Maps/ThirdPersonExampleMap_BuiltData.uasset'
