Log file open, 03/06/19 13:48:20
LogWindows: Failed to load 'aqProf.dll' (GetLastError=126)
LogWindows: File 'aqProf.dll' does not exist
LogWindows: Failed to load 'VtuneApi.dll' (GetLastError=126)
LogWindows: File 'VtuneApi.dll' does not exist
LogWindows: Failed to load 'VtuneApi32e.dll' (GetLastError=126)
LogWindows: File 'VtuneApi32e.dll' does not exist
LogInit: Display: Running engine for game: GroupProject
LogPlatformFile: Not using cached read wrapper
LogTaskGraph: Started task graph with 5 named threads and 35 total threads with 3 sets of task threads.
LogStats: Stats thread started at 0.409295
LogD3D11RHI: Loaded GFSDK_Aftermath_Lib.x64.dll
LogICUInternationalization: Display: ICU TimeZone Detection - Raw Offset: +0:00, Platform Override: ''
LogPluginManager: Mounting plugin Paper2D
LogPluginManager: Mounting plugin AISupport
LogPluginManager: Mounting plugin LightPropagationVolume
LogPluginManager: Mounting plugin CLionSourceCodeAccess
LogPluginManager: Mounting plugin CodeLiteSourceCodeAccess
LogPluginManager: Mounting plugin GitSourceControl
LogPluginManager: Mounting plugin KDevelopSourceCodeAccess
LogPluginManager: Mounting plugin NullSourceCodeAccess
LogPluginManager: Mounting plugin PerforceSourceControl
LogPluginManager: Mounting plugin SubversionSourceControl
LogPluginManager: Mounting plugin UObjectPlugin
LogPluginManager: Mounting plugin VisualStudioCodeSourceCodeAccess
LogPluginManager: Mounting plugin VisualStudioSourceCodeAccess
LogPluginManager: Mounting plugin XCodeSourceCodeAccess
LogPluginManager: Mounting plugin AssetManagerEditor
LogPluginManager: Mounting plugin CryptoKeys
LogPluginManager: Mounting plugin DataValidation
LogPluginManager: Mounting plugin FacialAnimation
LogPluginManager: Mounting plugin GameplayTagsEditor
LogPluginManager: Mounting plugin MacGraphicsSwitching
LogPluginManager: Mounting plugin MeshEditor
LogPluginManager: Mounting plugin MobileLauncherProfileWizard
LogPluginManager: Mounting plugin PluginBrowser
LogPluginManager: Mounting plugin SpeedTreeImporter
LogPluginManager: Mounting plugin DatasmithContent
LogPluginManager: Mounting plugin AlembicImporter
LogPluginManager: Mounting plugin AppleImageUtils
LogPluginManager: Mounting plugin AppleVision
LogPluginManager: Mounting plugin BackChannel
LogPluginManager: Mounting plugin CharacterAI
LogPluginManager: Mounting plugin GeometryCache
LogPluginManager: Mounting plugin HTML5Networking
LogPluginManager: Mounting plugin ProxyLODPlugin
LogPluginManager: Mounting plugin MagicLeap
LogPluginManager: Mounting plugin MagicLeapEmulator
LogPluginManager: Mounting plugin MagicLeapMedia
LogPluginManager: Mounting plugin AndroidMedia
LogPluginManager: Mounting plugin AvfMedia
LogPluginManager: Mounting plugin ImgMedia
LogPluginManager: Mounting plugin LinearTimecode
LogPluginManager: Mounting plugin MediaCompositing
LogPluginManager: Mounting plugin MediaPlayerEditor
LogPluginManager: Mounting plugin WmfMedia
LogPluginManager: Mounting plugin TcpMessaging
LogPluginManager: Mounting plugin UdpMessaging
LogPluginManager: Mounting plugin ActorSequence
LogPluginManager: Mounting plugin LevelSequenceEditor
LogPluginManager: Mounting plugin MatineeToLevelSequence
LogPluginManager: Mounting plugin NetcodeUnitTest
LogPluginManager: Mounting plugin NUTUnrealEngine4
LogPluginManager: Mounting plugin OnlineSubsystemGooglePlay
LogPluginManager: Mounting plugin OnlineSubsystemIOS
LogPluginManager: Mounting plugin OnlineSubsystem
LogPluginManager: Mounting plugin OnlineSubsystemNull
LogPluginManager: Mounting plugin OnlineSubsystemUtils
LogPluginManager: Mounting plugin LauncherChunkInstaller
LogPluginManager: Mounting plugin AndroidDeviceProfileSelector
LogPluginManager: Mounting plugin AndroidMoviePlayer
LogPluginManager: Mounting plugin AndroidPermission
LogPluginManager: Mounting plugin AppleMoviePlayer
LogPluginManager: Mounting plugin ArchVisCharacter
LogPluginManager: Mounting plugin AudioCapture
LogPluginManager: Mounting plugin CableComponent
LogPluginManager: Mounting plugin CustomMeshComponent
LogPluginManager: Mounting plugin EditableMesh
LogPluginManager: Mounting plugin ExampleDeviceProfileSelector
LogPluginManager: Mounting plugin GoogleCloudMessaging
LogPluginManager: Mounting plugin ImmediatePhysics
LogPluginManager: Mounting plugin IOSDeviceProfileSelector
LogPluginManager: Mounting plugin LinuxDeviceProfileSelector
LogPluginManager: Mounting plugin LocationServicesBPLibrary
LogPluginManager: Mounting plugin MobilePatchingUtils
LogPluginManager: Mounting plugin OculusVR
LogPluginManager: Plugin shader directory ../../../Engine/Plugins/Runtime/Oculus/OculusVR/Shaders found
LogPluginManager: Mapping shader source directory ../../../Engine/Plugins/Runtime/Oculus/OculusVR/Shaders to virtual directory /Plugin/OculusVR
LogPluginManager: Mounting plugin PhysXVehicles
LogPluginManager: Mounting plugin ProceduralMeshComponent
LogPluginManager: Mounting plugin RuntimePhysXCooking
LogPluginManager: Mounting plugin SteamVR
LogPluginManager: Mounting plugin WindowsMoviePlayer
LogStreaming: Display: Took  0.088s to configure plugins.
LogInit: Using libcurl 7.55.1-DEV
LogInit:  - built for x86_64-pc-win32
LogInit:  - supports SSL with OpenSSL/1.0.2h
LogInit:  - supports HTTP deflate (compression) using libz 1.2.8
LogInit:  - other features:
LogInit:      CURL_VERSION_SSL
LogInit:      CURL_VERSION_LIBZ
LogInit:      CURL_VERSION_IPV6
LogInit:      CURL_VERSION_ASYNCHDNS
LogInit:      CURL_VERSION_LARGEFILE
LogInit:      CURL_VERSION_IDN
LogInit:  CurlRequestOptions (configurable via config and command line):
LogInit:  - bVerifyPeer = false  - Libcurl will NOT verify peer certificate
LogInit:  - bUseHttpProxy = false  - Libcurl will NOT use HTTP proxy
LogInit:  - bDontReuseConnections = false  - Libcurl will reuse connections
LogInit:  - CertBundlePath = nullptr  - Libcurl will use whatever was configured at build time.
LogInit:  - MaxHostConnections = 16  - Libcurl will limit the number of connections to a host
LogInit:  - LocalHostAddr = Default
LogInit:  - BufferSize = 65536
LogInit: WinSock: version 1.1 (2.2), MaxSocks=32767, MaxUdp=65467
LogInit: Build: ++UE4+Release-4.20-CL-4369336
LogInit: Engine Version: 4.20.3-4369336+++UE4+Release-4.20
LogInit: Compatible Engine Version: 4.20.0-4212847+++UE4+Release-4.20
LogInit: Net CL: 4212847
LogInit: OS: Windows 10 (), CPU: Intel(R) Xeon(R) CPU E5-1650 v3 @ 3.50GHz, GPU: NVIDIA GeForce GTX 970
LogInit: Compiled (64-bit): Sep 17 2018 12:26:19
LogInit: Compiled with Visual C++: 19.13.26129.00
LogInit: Build Configuration: Development
LogInit: Branch Name: ++UE4+Release-4.20
LogInit: Command Line:  
LogInit: Base Directory: C:/Program Files/Epic Games/UE_4.20/Engine/Binaries/Win64/
LogInit: Installed Engine Build: 1
LogDevObjectVersion: Number of dev versions registered: 20
LogDevObjectVersion:   Dev-Blueprints (B0D832E4-1F89-4F0D-ACCF-7EB736FD4AA2): 10
LogDevObjectVersion:   Dev-Build (E1C64328-A22C-4D53-A36C-8E866417BD8C): 0
LogDevObjectVersion:   Dev-Core (375EC13C-06E4-48FB-B500-84F0262A717E): 2
LogDevObjectVersion:   Dev-Editor (E4B068ED-F494-42E9-A231-DA0B2E46BB41): 24
LogDevObjectVersion:   Dev-Framework (CFFC743F-43B0-4480-9391-14DF171D2073): 34
LogDevObjectVersion:   Dev-Mobile (B02B49B5-BB20-44E9-A304-32B752E40360): 2
LogDevObjectVersion:   Dev-Networking (A4E4105C-59A1-49B5-A7C5-40C4547EDFEE): 0
LogDevObjectVersion:   Dev-Online (39C831C9-5AE6-47DC-9A44-9C173E1C8E7C): 0
LogDevObjectVersion:   Dev-Physics (78F01B33-EBEA-4F98-B9B4-84EACCB95AA2): 0
LogDevObjectVersion:   Dev-Platform (6631380F-2D4D-43E0-8009-CF276956A95A): 0
LogDevObjectVersion:   Dev-Rendering (12F88B9F-8875-4AFC-A67C-D90C383ABD29): 26
LogDevObjectVersion:   Dev-Sequencer (7B5AE74C-D270-4C10-A958-57980B212A5A): 9
LogDevObjectVersion:   Dev-VR (D7296918-1DD6-4BDD-9DE2-64A83CC13884): 2
LogDevObjectVersion:   Dev-LoadTimes (C2A15278-BFE7-4AFE-6C17-90FF531DF755): 1
LogDevObjectVersion:   Private-Geometry (6EACA3D4-40EC-4CC1-B786-8BED09428FC5): 3
LogDevObjectVersion:   Dev-AnimPhys (29E575DD-E0A3-4627-9D10-D276232CDCEA): 17
LogDevObjectVersion:   Dev-ReflectionCapture (6B266CEC-1EC7-4B8F-A30B-E4D90942FC07): 1
LogDevObjectVersion:   Dev-Automation (0DF73D61-A23F-47EA-B727-89E90C41499A): 1
LogDevObjectVersion:   FortniteMain (601D1886-AC64-4F84-AA16-D3DE0DEAC7D6): 12
LogDevObjectVersion:   Dev-Enterprise (9DFFBCD6-494F-0158-E221-12823C92A888): 1
LogStreaming: Display: Took  0.001s to delete old logs.
LogInit: Presizing for max 8388607 objects, including 0 objects not considered by GC, pre-allocating 0 bytes for permanent pool.
LogInit: Object subsystem initialized
[2019.03.06-13.48.21:007][  0]LogInit: Selected Device Profile: [Windows]
[2019.03.06-13.48.21:007][  0]LogInit: Applying CVar settings loaded from the selected device profile: [Windows]
[2019.03.06-13.48.21:019][  0]LogHAL: Display: Platform has ~ 32 GB [34262470656 / 34359738368 / 32], which maps to Largest [LargestMinGB=32, LargerMinGB=12, DefaultMinGB=8, SmallerMinGB=6, SmallestMinGB=0)
[2019.03.06-13.48.21:019][  0]LogInit: Setting Device Profile CVar: [[r.Vulkan.UseRealUBs:1]]
[2019.03.06-13.48.21:019][  0]LogInit: Going up to parent DeviceProfile []
[2019.03.06-13.48.21:020][  0]LogInit: Computer: C15003241
[2019.03.06-13.48.21:020][  0]LogInit: User: CSG18036486
[2019.03.06-13.48.21:020][  0]LogInit: CPU Page size=4096, Cores=6
[2019.03.06-13.48.21:020][  0]LogInit: High frequency timer resolution =3.410070 MHz
[2019.03.06-13.48.21:020][  0]LogMemory: Memory total: Physical=31.9GB (32GB approx)
[2019.03.06-13.48.21:020][  0]LogMemory: Platform Memory Stats for Windows
[2019.03.06-13.48.21:020][  0]LogMemory: Process Physical Memory: 101.79 MB used, 101.79 MB peak
[2019.03.06-13.48.21:020][  0]LogMemory: Process Virtual Memory: 86.16 MB used, 86.16 MB peak
[2019.03.06-13.48.21:020][  0]LogMemory: Physical Memory: 5493.39 MB used,  27181.85 MB free, 32675.24 MB total
[2019.03.06-13.48.21:020][  0]LogMemory: Virtual Memory: 521.39 MB used,  27181.85 MB free, 134217728.00 MB total
[2019.03.06-13.48.21:036][  0]LogInit: Using OS detected language (en-US).
[2019.03.06-13.48.21:036][  0]LogInit: Using OS detected locale (en-GB).
[2019.03.06-13.48.21:036][  0]LogTextLocalizationManager: No specific localization for 'en-US' exists, so the 'en' localization will be used.
[2019.03.06-13.48.21:410][  0]LogStreaming: Display: Took  0.375s to InitEngineTextLocalization.
[2019.03.06-13.48.21:411][  0]LogInit: Setting process to per monitor DPI aware
[2019.03.06-13.48.21:457][  0]LogSlate: New Slate User Created.  User Index 0, Is Virtual User: 0
[2019.03.06-13.48.21:457][  0]LogSlate: Slate User Registered.  User Index 0, Is Virtual User: 0
[2019.03.06-13.48.21:639][  0]LogHMD: Failed to initialize OpenVR with code 110
[2019.03.06-13.48.21:639][  0]LogD3D11RHI: D3D11 adapters:
[2019.03.06-13.48.21:718][  0]LogD3D11RHI:    0. 'NVIDIA GeForce GTX 970' (Feature Level 11_0)
[2019.03.06-13.48.21:718][  0]LogD3D11RHI:       4043/0/16337 MB DedicatedVideo/DedicatedSystem/SharedSystem, Outputs:2, VendorId:0x10de
[2019.03.06-13.48.21:720][  0]LogD3D11RHI:    1. 'Microsoft Basic Render Driver' (Feature Level 11_0)
[2019.03.06-13.48.21:720][  0]LogD3D11RHI:       0/0/16337 MB DedicatedVideo/DedicatedSystem/SharedSystem, Outputs:0, VendorId:0x1414
[2019.03.06-13.48.21:720][  0]LogD3D11RHI: Chosen D3D11 Adapter: 0
[2019.03.06-13.48.21:727][  0]LogD3D11RHI: Creating new Direct3DDevice
[2019.03.06-13.48.21:727][  0]LogD3D11RHI:     GPU DeviceId: 0x13c2 (for the marketing name, search the web for "GPU Device Id")
[2019.03.06-13.48.21:727][  0]LogWindows: EnumDisplayDevices:
[2019.03.06-13.48.21:727][  0]LogWindows:    0. 'NVIDIA GeForce GTX 970' (P:0 D:1)
[2019.03.06-13.48.21:727][  0]LogWindows:    1. 'NVIDIA GeForce GTX 970' (P:1 D:1)
[2019.03.06-13.48.21:728][  0]LogWindows:    2. 'NVIDIA GeForce GTX 970' (P:0 D:0)
[2019.03.06-13.48.21:728][  0]LogWindows:    3. 'NVIDIA GeForce GTX 970' (P:0 D:0)
[2019.03.06-13.48.21:728][  0]LogWindows: DebugString: FoundDriverCount:4 
[2019.03.06-13.48.21:728][  0]LogD3D11RHI:     Adapter Name: NVIDIA GeForce GTX 970
[2019.03.06-13.48.21:728][  0]LogD3D11RHI:   Driver Version: 399.24 (internal:24.21.13.9924, unified:399.24)
[2019.03.06-13.48.21:728][  0]LogD3D11RHI:      Driver Date: 9-5-2018
[2019.03.06-13.48.21:728][  0]LogRHI: Texture pool is 2830 MB (70% of 4043 MB)
[2019.03.06-13.48.21:773][  0]LogD3D11RHI: Async texture creation enabled
[2019.03.06-13.48.21:791][  0]LogD3D11RHI: GPU Timing Frequency: 1000.000000 (Debug: 2 2)
[2019.03.06-13.48.21:842][  0]LogShaderCompilers: Guid format shader working directory is -36 characters bigger than the processId version (../../../../../../Users/CSG18036486/Documents/GitHub/Project/Unreal Project/GroupProject/Intermediate/Shaders/WorkingDirectory/7460/).
[2019.03.06-13.48.21:842][  0]LogShaderCompilers: Cleaned the shader compiler working directory 'C:/Users/CSG18036486/AppData/Local/Temp/UnrealShaderWorkingDir/0BB0866745ADB9A297C60A8597D00136/'.
[2019.03.06-13.48.22:070][  0]LogTemp: Display: Loaded TP AllDesktopTargetPlatform
[2019.03.06-13.48.22:083][  0]LogTemp: Display: Loaded TP MacClientTargetPlatform
[2019.03.06-13.48.22:102][  0]LogTemp: Display: Loaded TP MacNoEditorTargetPlatform
[2019.03.06-13.48.22:115][  0]LogTemp: Display: Loaded TP MacServerTargetPlatform
[2019.03.06-13.48.22:127][  0]LogTemp: Display: Loaded TP MacTargetPlatform
[2019.03.06-13.48.22:140][  0]LogTemp: Display: Loaded TP WindowsClientTargetPlatform
[2019.03.06-13.48.22:152][  0]LogTemp: Display: Loaded TP WindowsNoEditorTargetPlatform
[2019.03.06-13.48.22:165][  0]LogTemp: Display: Loaded TP WindowsServerTargetPlatform
[2019.03.06-13.48.22:170][  0]LogTemp: Display: Loaded TP WindowsTargetPlatform
[2019.03.06-13.48.22:246][  0]LogTemp: Display: Loaded TP AndroidTargetPlatform
[2019.03.06-13.48.22:246][  0]LogTemp: Display: Loaded TP AndroidTargetPlatform
[2019.03.06-13.48.22:246][  0]LogTemp: Display: Loaded TP AndroidTargetPlatform
[2019.03.06-13.48.22:246][  0]LogTemp: Display: Loaded TP AndroidTargetPlatform
[2019.03.06-13.48.22:246][  0]LogTemp: Display: Loaded TP AndroidTargetPlatform
[2019.03.06-13.48.22:246][  0]LogTemp: Display: Loaded TP AndroidTargetPlatform
[2019.03.06-13.48.22:246][  0]LogTemp: Display: Loaded TP AndroidTargetPlatform
[2019.03.06-13.48.22:246][  0]LogTemp: Display: Loaded TP AndroidTargetPlatform
[2019.03.06-13.48.22:246][  0]LogTemp: Display: Loaded TP AndroidTargetPlatform
[2019.03.06-13.48.22:246][  0]LogTemp: Display: Loaded TP AndroidTargetPlatform
[2019.03.06-13.48.22:246][  0]LogTemp: Display: Loaded TP AndroidTargetPlatform
[2019.03.06-13.48.22:246][  0]LogTemp: Display: Loaded TP AndroidTargetPlatform
[2019.03.06-13.48.22:246][  0]LogTemp: Display: Loaded TP AndroidTargetPlatform
[2019.03.06-13.48.22:246][  0]LogTemp: Display: Loaded TP AndroidTargetPlatform
[2019.03.06-13.48.22:246][  0]LogTemp: Display: Loaded TP AndroidTargetPlatform
[2019.03.06-13.48.22:246][  0]LogTemp: Display: Loaded TP AndroidTargetPlatform
[2019.03.06-13.48.22:246][  0]LogTemp: Display: Loaded TP AndroidTargetPlatform
[2019.03.06-13.48.22:246][  0]LogTemp: Display: Loaded TP AndroidTargetPlatform
[2019.03.06-13.48.22:247][  0]LogTemp: Display: Loaded TP HTML5TargetPlatform
[2019.03.06-13.48.22:321][  0]LogTemp: Display: Loaded TP IOSTargetPlatform
[2019.03.06-13.48.22:321][  0]LogTemp: Display: Loaded TP IOSTargetPlatform
[2019.03.06-13.48.22:346][  0]LogTemp: Display: Loaded TP TVOSTargetPlatform
[2019.03.06-13.48.22:346][  0]LogTemp: Display: Loaded TP TVOSTargetPlatform
[2019.03.06-13.48.22:358][  0]LogTemp: Display: Loaded TP LinuxClientTargetPlatform
[2019.03.06-13.48.22:370][  0]LogTemp: Display: Loaded TP LinuxNoEditorTargetPlatform
[2019.03.06-13.48.22:382][  0]LogTemp: Display: Loaded TP LinuxServerTargetPlatform
[2019.03.06-13.48.22:394][  0]LogTemp: Display: Loaded TP LinuxTargetPlatform
[2019.03.06-13.48.22:403][  0]LogTemp: Display: Loaded TP LuminTargetPlatform
[2019.03.06-13.48.22:403][  0]LogTargetPlatformManager: Display: Building Assets For Windows
[2019.03.06-13.48.22:448][  0]LogXGEController: Cleaning working directory: C:/Users/CSG18036486/AppData/Local/Temp/UnrealXGEWorkingDir/
[2019.03.06-13.48.22:448][  0]LogXGEController: Cannot use XGE Controller as Incredibuild is not installed on this machine.
[2019.03.06-13.48.22:448][  0]LogShaderCompilers: Cannot use XGE Shader Compiler as Incredibuild is not installed on this machine.
[2019.03.06-13.48.22:448][  0]LogShaderCompilers: Display: Using Local Shader Compiler.
[2019.03.06-13.48.23:223][  0]LogDerivedDataCache: Display: Max Cache Size: 512 MB
[2019.03.06-13.48.23:302][  0]LogDerivedDataCache: Loaded boot cache 0.08s 71MB C:/Users/CSG18036486/AppData/Local/UnrealEngine/4.20/DerivedDataCache/Boot.ddc.
[2019.03.06-13.48.23:302][  0]LogDerivedDataCache: Display: Loaded Boot cache: C:/Users/CSG18036486/AppData/Local/UnrealEngine/4.20/DerivedDataCache/Boot.ddc
[2019.03.06-13.48.23:302][  0]LogDerivedDataCache: FDerivedDataBackendGraph:  Pak pak cache file ../../../../../../Users/CSG18036486/Documents/GitHub/Project/Unreal Project/GroupProject/DerivedDataCache/DDC.ddp not found, will not use a pak cache.
[2019.03.06-13.48.23:302][  0]LogDerivedDataCache: Unable to find inner node Pak for hierarchical cache Hierarchy.
[2019.03.06-13.48.23:302][  0]LogDerivedDataCache: FDerivedDataBackendGraph:  CompressedPak pak cache file ../../../../../../Users/CSG18036486/Documents/GitHub/Project/Unreal Project/GroupProject/DerivedDataCache/Compressed.ddp not found, will not use a pak cache.
[2019.03.06-13.48.23:302][  0]LogDerivedDataCache: Unable to find inner node CompressedPak for hierarchical cache Hierarchy.
[2019.03.06-13.48.23:318][  0]LogDerivedDataCache: Display: Pak cache opened for reading ../../../Engine/DerivedDataCache/Compressed.ddp.
[2019.03.06-13.48.23:330][  0]LogDerivedDataCache: Using Local data cache path C:/Users/CSG18036486/AppData/Local/UnrealEngine/Common/DerivedDataCache: Writable
[2019.03.06-13.48.23:330][  0]LogDerivedDataCache: Shared data cache path not found in *engine.ini, will not use an Shared cache.
[2019.03.06-13.48.23:330][  0]LogDerivedDataCache: Unable to find inner node Shared for hierarchical cache Hierarchy.
[2019.03.06-13.48.23:368][  0]LogMaterial: Verifying Global Shaders for PCD3D_SM5
[2019.03.06-13.48.23:370][  0]LogSlate: Using FreeType 2.6.0
[2019.03.06-13.48.23:371][  0]LogSlate: SlateFontServices - WITH_FREETYPE: 1, WITH_HARFBUZZ: 1
[2019.03.06-13.48.23:447][  0]LogAssetRegistry: FAssetRegistry took 0.0262 seconds to start up
[2019.03.06-13.48.23:777][  0]LogInit: Selected Device Profile: [Windows]
[2019.03.06-13.48.23:926][  0]LogSimplygon: Simplygon DLL not present - disabling.
[2019.03.06-13.48.23:928][  0]LogMeshReduction: Using SimplygonSwarm for distributed automatic mesh merging
[2019.03.06-13.48.23:929][  0]LogMeshReduction: Using ProxyLODMeshReduction for automatic mesh merging
[2019.03.06-13.48.23:929][  0]LogMeshReduction: Using QuadricMeshReduction for automatic static mesh reduction
[2019.03.06-13.48.23:929][  0]LogMeshReduction: No automatic skeletal mesh reduction module available
[2019.03.06-13.48.23:955][  0]LogNetVersion: GroupProject 1.0.0, NetCL: 4212847, EngineNetVer: 5, GameNetVer: 0 (Checksum: 857663312)
[2019.03.06-13.48.24:573][  0]LogPackageLocalizationCache: Processed 11 localized package path(s) for 2 prioritized culture(s) in 0.095420 seconds
[2019.03.06-13.48.24:578][  0]LogUObjectArray: 38425 objects as part of root set at end of initial load.
[2019.03.06-13.48.24:578][  0]LogUObjectAllocator: 6690864 out of 0 bytes used by permanent object pool.
[2019.03.06-13.48.24:578][  0]LogUObjectArray: CloseDisregardForGC: 0/0 objects in disregard for GC pool
[2019.03.06-13.48.25:399][  0]LogTcpMessaging: Initializing TcpMessaging bridge
[2019.03.06-13.48.25:411][  0]LogUdpMessaging: Initializing bridge on interface 0.0.0.0:0 to multicast group 230.0.0.1:6666.
[2019.03.06-13.48.25:554][  0]SourceControl: Source control is disabled
[2019.03.06-13.48.25:554][  0]SourceControl: Source control is disabled
[2019.03.06-13.48.25:555][  0]SourceControl: Source control is disabled
[2019.03.06-13.48.25:556][  0]SourceControl: Source control is disabled
[2019.03.06-13.48.25:718][  0]LogAndroidPermission: UAndroidPermissionCallbackProxy::GetInstance
[2019.03.06-13.48.25:784][  0]LogOcInput: OculusInput pre-init called
[2019.03.06-13.48.25:858][  0]LogEngine: Initializing Engine...
[2019.03.06-13.48.25:859][  0]LogHMD: Failed to initialize OpenVR with code 110
[2019.03.06-13.48.25:860][  0]LogStats: UGameplayTagsManager::ConstructGameplayTagTree: ImportINI prefixes -  0.000 s
[2019.03.06-13.48.25:860][  0]LogStats: UGameplayTagsManager::ConstructGameplayTagTree: Construct from data asset -  0.000 s
[2019.03.06-13.48.25:861][  0]LogStats: UGameplayTagsManager::ConstructGameplayTagTree: ImportINI -  0.000 s
[2019.03.06-13.48.25:861][  0]LogStats: UGameplayTagsManager::ConstructGameplayTagTree: GameplayTagTreeChangedEvent.Broadcast -  0.000 s
[2019.03.06-13.48.26:164][  0]LogInit: Initializing FReadOnlyCVARCache
[2019.03.06-13.48.26:179][  0]LogAIModule: Creating AISystem for world Untitled
[2019.03.06-13.48.26:186][  0]LogInit: XAudio2 using 'Realtek HD Audio 2nd output (Realtek High Definition Audio)' : 2 channels at 48 kHz using 32 bits per sample (channel mask 0x3)
[2019.03.06-13.48.26:222][  0]LogInit: FAudioDevice initialized.
[2019.03.06-13.48.26:223][  0]LogNetVersion: Set ProjectVersion to 1.0.0.0. Version Checksum will be recalculated on next use.
[2019.03.06-13.48.26:312][  0]LogDerivedDataCache: Saved boot cache 0.09s 71MB C:/Users/CSG18036486/AppData/Local/UnrealEngine/4.20/DerivedDataCache/Boot.ddc.
[2019.03.06-13.48.26:321][  0]LogInit: Texture streaming: Enabled
[2019.03.06-13.48.26:334][  0]LogEngineSessionManager: EngineSessionManager initialized
[2019.03.06-13.48.26:362][  0]LogInit: Transaction tracking system initialized
[2019.03.06-13.48.26:390][  0]BlueprintLog: New page: Editor Load
[2019.03.06-13.48.26:461][  0]LocalizationService: Localization service is disabled
[2019.03.06-13.48.26:719][  0]LogCook: Display: Max memory allowance for cook 16384mb min free memory 0mb
[2019.03.06-13.48.26:719][  0]LogCook: Display: Mobile HDR setting 1
[2019.03.06-13.48.26:719][  0]LogGameplayTags: Display: UGameplayTagsManager::DoneAddingNativeTags. DelegateIsBound: 0
[2019.03.06-13.48.26:719][  0]LogStats: UGameplayTagsManager::ConstructGameplayTagTree: ImportINI prefixes -  0.000 s
[2019.03.06-13.48.26:719][  0]LogStats: UGameplayTagsManager::ConstructGameplayTagTree: Construct from data asset -  0.000 s
[2019.03.06-13.48.26:719][  0]LogStats: UGameplayTagsManager::ConstructGameplayTagTree: ImportINI -  0.000 s
[2019.03.06-13.48.26:719][  0]LogStats: UGameplayTagsManager::ConstructGameplayTagTree: GameplayTagTreeChangedEvent.Broadcast -  0.000 s
[2019.03.06-13.48.26:811][  0]LogFileCache: Scanning file cache for directory 'C:/Users/CSG18036486/Documents/GitHub/Project/Unreal Project/GroupProject/Content/' took 0.02s
[2019.03.06-13.48.26:811][  0]SourceControl: Source control is disabled
[2019.03.06-13.48.26:811][  0]Cmd: MAP LOAD FILE="../../../../../../Users/CSG18036486/Documents/GitHub/Project/Unreal Project/GroupProject/Content/ThirdPersonBP/Maps/ThirdPersonExampleMap.umap" TEMPLATE=0 SHOWPROGRESS=1 FEATURELEVEL=3
[2019.03.06-13.48.26:811][  0]LightingResults: New page: Lighting Build
[2019.03.06-13.48.26:813][  0]MapCheck: New page: Map Check
[2019.03.06-13.48.26:813][  0]LightingResults: New page: Lighting Build
[2019.03.06-13.48.27:578][  0]LogAIModule: Creating AISystem for world ThirdPersonExampleMap
[2019.03.06-13.48.27:595][  0]LogEditorServer: Finished looking for orphan Actors (0.000 secs)
[2019.03.06-13.48.27:633][  0]Cmd: MAP CHECKDEP NOCLEARLOG
[2019.03.06-13.48.27:700][  0]MapCheck: Map check complete: 0 Error(s), 0 Warning(s), took 66.363ms to complete.
[2019.03.06-13.48.27:700][  0]LogFileHelpers: Loading map 'ThirdPersonExampleMap' took 0.889
[2019.03.06-13.48.27:777][  0]LogWindowsTextInputMethodSystem: Display: IME system now deactivated.
[2019.03.06-13.48.27:809][  0]LogSlate: Updating window title bar state: overlay mode, drag disabled, window buttons hidden, title bar hidden
[2019.03.06-13.48.27:815][  0]LogSlate: Updating window title bar state: overlay mode, drag disabled, window buttons hidden, title bar hidden
[2019.03.06-13.48.27:822][  0]LogSlate: Updating window title bar state: overlay mode, drag disabled, window buttons hidden, title bar hidden
[2019.03.06-13.48.27:829][  0]LogSlate: Updating window title bar state: overlay mode, drag disabled, window buttons hidden, title bar hidden
[2019.03.06-13.48.27:834][  0]LogCollectionManager: Loaded 0 collections in 0.001098 seconds
[2019.03.06-13.48.27:877][  0]LogFileCache: Scanning file cache for directory 'C:/Users/CSG18036486/Documents/GitHub/Project/Unreal Project/GroupProject/Saved/Collections/' took 0.01s
[2019.03.06-13.48.27:877][  0]LogFileCache: Scanning file cache for directory 'C:/Users/CSG18036486/Documents/GitHub/Project/Unreal Project/GroupProject/Content/Developers/CSG18036486/Collections/' took 0.01s
[2019.03.06-13.48.27:877][  0]LogFileCache: Scanning file cache for directory 'C:/Users/CSG18036486/Documents/GitHub/Project/Unreal Project/GroupProject/Content/Collections/' took 0.01s
[2019.03.06-13.48.27:877][  0]LogCollectionManager: Rebuilt the GUID cache for 0 collections in 0.000000 seconds
[2019.03.06-13.48.27:885][  0]LogContentBrowser: Native class hierarchy populated in 0.0084 seconds. Added 2572 classes and 603 folders.
[2019.03.06-13.48.27:890][  0]LogContentBrowser: Native class hierarchy updated for 'WidgetCarousel' in 0.0002 seconds. Added 0 classes and 0 folders.
[2019.03.06-13.48.27:921][  0]LogContentBrowser: Native class hierarchy updated for 'AddContentDialog' in 0.0002 seconds. Added 0 classes and 0 folders.
[2019.03.06-13.48.27:925][  0]LogContentBrowser: Native class hierarchy updated for 'SceneOutliner' in 0.0002 seconds. Added 1 classes and 2 folders.
[2019.03.06-13.48.27:992][  0]LogSlate: Took 0.000341 seconds to synchronously load lazily loaded font '../../../Engine/Content/Slate/Fonts/Roboto-Regular.ttf' (155K)
[2019.03.06-13.48.27:997][  0]LogSlate: Took 0.000268 seconds to synchronously load lazily loaded font '../../../Engine/Content/Slate/Fonts/Roboto-Bold.ttf' (160K)
[2019.03.06-13.48.28:008][  0]LogSlate: Took 0.000155 seconds to synchronously load lazily loaded font '../../../Engine/Content/Editor/Slate/Fonts/FontAwesome.ttf' (139K)
[2019.03.06-13.48.28:151][  0]LogRenderer: Reallocating scene render targets to support 1208x576 Format 10 NumSamples 1 (Frame:1).
[2019.03.06-13.48.28:209][  0]LogSlate: Took 0.000189 seconds to synchronously load lazily loaded font '../../../Engine/Content/Slate/Fonts/Roboto-Light.ttf' (167K)
[2019.03.06-13.48.28:290][  0]LogContentBrowser: Native class hierarchy updated for 'HierarchicalLODOutliner' in 0.0002 seconds. Added 0 classes and 0 folders.
[2019.03.06-13.48.28:290][  0]LogLoad: (Engine Initialization) Total time: 8.95 seconds
[2019.03.06-13.48.28:290][  0]LogLoad: (Engine Initialization) Total Blueprint compile time: 0.00 seconds
[2019.03.06-13.48.28:340][  0]LogContentStreaming: Texture pool size now 1000 MB
[2019.03.06-13.48.28:366][  1]LogFileCache: Retrieving MD5 hashes for directory 'C:/Users/CSG18036486/Documents/GitHub/Project/Unreal Project/GroupProject/Content/' took 0.05s
[2019.03.06-13.48.28:388][  1]LogAssetRegistry: Asset discovery search completed in 4.9638 seconds
[2019.03.06-13.48.28:390][  1]LogCollectionManager: Rebuilt the object cache for 0 collections in 0.000001 seconds (found 0 objects)
[2019.03.06-13.48.28:390][  1]LogCollectionManager: Fixed up redirectors for 0 collections in 0.000036 seconds (updated 0 objects)
[2019.03.06-13.48.29:338][ 98]LogSlate: Took 0.000242 seconds to synchronously load lazily loaded font '../../../Engine/Content/Slate/Fonts/Roboto-Light.ttf' (167K)
[2019.03.06-13.48.35:295][789]LogSlate: FSceneViewport::OnFocusLost() reason 0
[2019.03.06-13.48.41:423][508]LogSlate: FSceneViewport::OnFocusLost() reason 0
[2019.03.06-13.48.41:527][519]LogActorFactory: Actor Factory created untitled
[2019.03.06-13.48.43:602][765]LogActorFactory: Actor Factory created untitled
[2019.03.06-13.48.46:465][ 78]LogEditorViewport: Clicking on Actor (context menu): Landscape (Landscape1)
[2019.03.06-13.48.46:500][ 78]LogSlate: FSceneViewport::OnFocusLost() reason 2
[2019.03.06-13.48.47:643][206]LogActorFactory: Actor Factory created Scifi_door
[2019.03.06-13.48.51:949][654]LogSlate: FSceneViewport::OnFocusLost() reason 0
[2019.03.06-13.48.52:123][673]LogActorFactory: Actor Factory created Scifi_door
[2019.03.06-13.48.53:709][858]LogActorFactory: Actor Factory created Scifi_door
[2019.03.06-13.49.15:789][336]LogSlate: FSceneViewport::OnFocusLost() reason 0
[2019.03.06-13.49.22:891][143]LogSlate: FSceneViewport::OnFocusLost() reason 0
[2019.03.06-13.49.28:032][718]LogSlate: FSceneViewport::OnFocusLost() reason 0
[2019.03.06-13.49.35:895][595]LogEditorViewport: Clicking on Actor (LMB): Landscape (Landscape1)
[2019.03.06-13.49.38:007][805]LogEditorViewport: Clicking on Actor (LMB): StaticMeshActor (Scifi_door5)
[2019.03.06-13.49.41:760][225]LogEditorViewport: Clicking on Actor (LMB): Landscape (Landscape1)
[2019.03.06-13.49.42:291][281]LogEditorViewport: Clicking on Actor (LMB): Landscape (Landscape1)
[2019.03.06-13.55.02:058][  5]LogSlate: FSceneViewport::OnFocusLost() reason 2
[2019.03.06-13.55.08:160][659]LogEditorViewport: Clicking on Actor (LMB): StaticMeshActor (topEmergancyLight2)
[2019.03.06-13.55.08:809][727]Cmd: DELETE
[2019.03.06-13.55.08:809][727]Cmd: ACTOR DELETE
[2019.03.06-13.55.08:814][727]LogEditorActor: Deleted Actor: StaticMeshActor
[2019.03.06-13.55.08:843][727]LogEditorActor: Deleted 1 Actors (0.034 secs)
[2019.03.06-13.55.24:925][642]LogEditorViewport: Clicking on Actor (context menu): StaticMeshActor (Scifi_door3)
[2019.03.06-13.55.24:970][642]LogSlate: FSceneViewport::OnFocusLost() reason 2
[2019.03.06-13.55.31:282][320]LogEditorViewport: Clicking on Actor (LMB): topEmergancyLight2_C (topEmergancyLight5)
[2019.03.06-13.55.36:361][885]LogEditorViewport: Clicking on Actor (LMB): topEmergancyLight2_C (topEmergancyLight5)
[2019.03.06-13.55.39:132][192]LogEditorViewport: Clicking on Actor (LMB): AmbientSound (Alarm_Cue3)
[2019.03.06-13.55.42:424][554]LogSlate: FSceneViewport::OnFocusLost() reason 2
[2019.03.06-13.55.43:451][672]LogEditorViewport: Clicking Background
[2019.03.06-13.57.10:810][806]LogSlate: FSceneViewport::OnFocusLost() reason 0
[2019.03.06-13.57.10:897][814]AssetReimport: New page: Outstanding source content changes 13:57:10
[2019.03.06-13.57.10:913][814]LogEditorFactories: Performing atomic reimport of [C:/Users/CSG18036486/Documents/GitHub/Project/Unreal Project/GroupProject/Content/untitled.fbx]
[2019.03.06-13.57.10:925][814]LogFbx: Loading FBX Scene from C:/Users/CSG18036486/Documents/GitHub/Project/Unreal Project/GroupProject/Content/untitled.fbx
[2019.03.06-13.57.10:933][814]LogFbx: FBX Scene Loaded Succesfully
[2019.03.06-13.57.11:027][814]LogStaticMesh: Building static mesh untitled...
[2019.03.06-13.57.21:796][814]LogStaticMesh: Built static mesh [10.77s] /Game/untitled.untitled
[2019.03.06-13.57.21:837][814]LogEditorFactories: -- imported successfully
[2019.03.06-13.57.21:852][814]LogStaticMesh: Building static mesh untitled...
[2019.03.06-13.57.33:053][814]LogStaticMesh: Built static mesh [11.20s] /Game/untitled.untitled
[2019.03.06-13.57.33:135][815]Cmd: OBJ SAVEPACKAGE PACKAGE="/Game/untitled" FILE="../../../../../../Users/CSG18036486/Documents/GitHub/Project/Unreal Project/GroupProject/Content/untitled.uasset" SILENT=true
[2019.03.06-13.57.33:188][815]LogSavePackage: Moving '../../../../../../Users/CSG18036486/Documents/GitHub/Project/Unreal Project/GroupProject/Saved/untitled65FFD1EF4411B4DEE4A12B8DF104000D.tmp' to '../../../../../../Users/CSG18036486/Documents/GitHub/Project/Unreal Project/GroupProject/Content/untitled.uasset'
[2019.03.06-13.57.36:203][171]AssetReimport: Reimported asset untitled from C:/Users/CSG18036486/Documents/GitHub/Project/Unreal Project/GroupProject/Content/untitled.fbx.
[2019.03.06-13.58.02:108][293]LogSlate: FSceneViewport::OnFocusLost() reason 0
[2019.03.06-13.58.02:186][300]AssetReimport: New page: Outstanding source content changes 13:58:02
[2019.03.06-13.58.02:187][300]LogEditorFactories: Performing atomic reimport of [C:/Users/CSG18036486/Documents/GitHub/Project/Unreal Project/GroupProject/Content/untitled.fbx]
[2019.03.06-13.58.02:200][300]LogFbx: Loading FBX Scene from C:/Users/CSG18036486/Documents/GitHub/Project/Unreal Project/GroupProject/Content/untitled.fbx
[2019.03.06-13.58.02:208][300]LogFbx: FBX Scene Loaded Succesfully
[2019.03.06-13.58.02:302][300]LogStaticMesh: Building static mesh untitled...
[2019.03.06-13.58.15:747][300]LogStaticMesh: Built static mesh [13.45s] /Game/untitled.untitled
[2019.03.06-13.58.15:791][300]LogEditorFactories: -- imported successfully
[2019.03.06-13.58.15:806][300]LogStaticMesh: Building static mesh untitled...
