Log file open, 03/12/19 14:08:01
LogWindows: Failed to load 'aqProf.dll' (GetLastError=126)
LogWindows: File 'aqProf.dll' does not exist
LogWindows: Failed to load 'VtuneApi.dll' (GetLastError=126)
LogWindows: File 'VtuneApi.dll' does not exist
LogWindows: Failed to load 'VtuneApi32e.dll' (GetLastError=126)
LogWindows: File 'VtuneApi32e.dll' does not exist
LogInit: Display: Running engine for game: GroupProject
LogPlatformFile: Not using cached read wrapper
LogTaskGraph: Started task graph with 5 named threads and 35 total threads with 3 sets of task threads.
LogStats: Stats thread started at 0.405695
LogD3D11RHI: Loaded GFSDK_Aftermath_Lib.x64.dll
LogICUInternationalization: Display: ICU TimeZone Detection - Raw Offset: +0:00, Platform Override: ''
LogPluginManager: Mounting plugin Paper2D
LogPluginManager: Mounting plugin AISupport
LogPluginManager: Mounting plugin LightPropagationVolume
LogPluginManager: Mounting plugin CLionSourceCodeAccess
LogPluginManager: Mounting plugin CodeLiteSourceCodeAccess
LogPluginManager: Mounting plugin GitSourceControl
LogPluginManager: Mounting plugin KDevelopSourceCodeAccess
LogPluginManager: Mounting plugin NullSourceCodeAccess
LogPluginManager: Mounting plugin PerforceSourceControl
LogPluginManager: Mounting plugin SubversionSourceControl
LogPluginManager: Mounting plugin UObjectPlugin
LogPluginManager: Mounting plugin VisualStudioCodeSourceCodeAccess
LogPluginManager: Mounting plugin VisualStudioSourceCodeAccess
LogPluginManager: Mounting plugin XCodeSourceCodeAccess
LogPluginManager: Mounting plugin AssetManagerEditor
LogPluginManager: Mounting plugin CryptoKeys
LogPluginManager: Mounting plugin DataValidation
LogPluginManager: Mounting plugin FacialAnimation
LogPluginManager: Mounting plugin GameplayTagsEditor
LogPluginManager: Mounting plugin MacGraphicsSwitching
LogPluginManager: Mounting plugin MeshEditor
LogPluginManager: Mounting plugin MobileLauncherProfileWizard
LogPluginManager: Mounting plugin PluginBrowser
LogPluginManager: Mounting plugin SpeedTreeImporter
LogPluginManager: Mounting plugin DatasmithContent
LogPluginManager: Mounting plugin AlembicImporter
LogPluginManager: Mounting plugin AppleImageUtils
LogPluginManager: Mounting plugin AppleVision
LogPluginManager: Mounting plugin BackChannel
LogPluginManager: Mounting plugin CharacterAI
LogPluginManager: Mounting plugin GeometryCache
LogPluginManager: Mounting plugin HTML5Networking
LogPluginManager: Mounting plugin ProxyLODPlugin
LogPluginManager: Mounting plugin MagicLeap
LogPluginManager: Mounting plugin MagicLeapEmulator
LogPluginManager: Mounting plugin MagicLeapMedia
LogPluginManager: Mounting plugin AndroidMedia
LogPluginManager: Mounting plugin AvfMedia
LogPluginManager: Mounting plugin ImgMedia
LogPluginManager: Mounting plugin LinearTimecode
LogPluginManager: Mounting plugin MediaCompositing
LogPluginManager: Mounting plugin MediaPlayerEditor
LogPluginManager: Mounting plugin WmfMedia
LogPluginManager: Mounting plugin TcpMessaging
LogPluginManager: Mounting plugin UdpMessaging
LogPluginManager: Mounting plugin ActorSequence
LogPluginManager: Mounting plugin LevelSequenceEditor
LogPluginManager: Mounting plugin MatineeToLevelSequence
LogPluginManager: Mounting plugin NetcodeUnitTest
LogPluginManager: Mounting plugin NUTUnrealEngine4
LogPluginManager: Mounting plugin OnlineSubsystemGooglePlay
LogPluginManager: Mounting plugin OnlineSubsystemIOS
LogPluginManager: Mounting plugin OnlineSubsystem
LogPluginManager: Mounting plugin OnlineSubsystemNull
LogPluginManager: Mounting plugin OnlineSubsystemUtils
LogPluginManager: Mounting plugin LauncherChunkInstaller
LogPluginManager: Mounting plugin AndroidDeviceProfileSelector
LogPluginManager: Mounting plugin AndroidMoviePlayer
LogPluginManager: Mounting plugin AndroidPermission
LogPluginManager: Mounting plugin AppleMoviePlayer
LogPluginManager: Mounting plugin ArchVisCharacter
LogPluginManager: Mounting plugin AudioCapture
LogPluginManager: Mounting plugin CableComponent
LogPluginManager: Mounting plugin CustomMeshComponent
LogPluginManager: Mounting plugin EditableMesh
LogPluginManager: Mounting plugin ExampleDeviceProfileSelector
LogPluginManager: Mounting plugin GoogleCloudMessaging
LogPluginManager: Mounting plugin ImmediatePhysics
LogPluginManager: Mounting plugin IOSDeviceProfileSelector
LogPluginManager: Mounting plugin LinuxDeviceProfileSelector
LogPluginManager: Mounting plugin LocationServicesBPLibrary
LogPluginManager: Mounting plugin MobilePatchingUtils
LogPluginManager: Mounting plugin OculusVR
LogPluginManager: Plugin shader directory ../../../Engine/Plugins/Runtime/Oculus/OculusVR/Shaders found
LogPluginManager: Mapping shader source directory ../../../Engine/Plugins/Runtime/Oculus/OculusVR/Shaders to virtual directory /Plugin/OculusVR
LogPluginManager: Mounting plugin PhysXVehicles
LogPluginManager: Mounting plugin ProceduralMeshComponent
LogPluginManager: Mounting plugin RuntimePhysXCooking
LogPluginManager: Mounting plugin SteamVR
LogPluginManager: Mounting plugin WindowsMoviePlayer
LogStreaming: Display: Took  0.102s to configure plugins.
LogInit: Using libcurl 7.55.1-DEV
LogInit:  - built for x86_64-pc-win32
LogInit:  - supports SSL with OpenSSL/1.0.2h
LogInit:  - supports HTTP deflate (compression) using libz 1.2.8
LogInit:  - other features:
LogInit:      CURL_VERSION_SSL
LogInit:      CURL_VERSION_LIBZ
LogInit:      CURL_VERSION_IPV6
LogInit:      CURL_VERSION_ASYNCHDNS
LogInit:      CURL_VERSION_LARGEFILE
LogInit:      CURL_VERSION_IDN
LogInit:  CurlRequestOptions (configurable via config and command line):
LogInit:  - bVerifyPeer = false  - Libcurl will NOT verify peer certificate
LogInit:  - bUseHttpProxy = false  - Libcurl will NOT use HTTP proxy
LogInit:  - bDontReuseConnections = false  - Libcurl will reuse connections
LogInit:  - CertBundlePath = nullptr  - Libcurl will use whatever was configured at build time.
LogInit:  - MaxHostConnections = 16  - Libcurl will limit the number of connections to a host
LogInit:  - LocalHostAddr = Default
LogInit:  - BufferSize = 65536
LogInit: WinSock: version 1.1 (2.2), MaxSocks=32767, MaxUdp=65467
LogInit: Build: ++UE4+Release-4.20-CL-4369336
LogInit: Engine Version: 4.20.3-4369336+++UE4+Release-4.20
LogInit: Compatible Engine Version: 4.20.0-4212847+++UE4+Release-4.20
LogInit: Net CL: 4212847
LogInit: OS: Windows 10 (), CPU: Intel(R) Xeon(R) CPU E5-1650 v3 @ 3.50GHz, GPU: NVIDIA GeForce GTX 970
LogInit: Compiled (64-bit): Sep 17 2018 12:26:19
LogInit: Compiled with Visual C++: 19.13.26129.00
LogInit: Build Configuration: Development
LogInit: Branch Name: ++UE4+Release-4.20
LogInit: Command Line:  
LogInit: Base Directory: C:/Program Files/Epic Games/UE_4.20/Engine/Binaries/Win64/
LogInit: Installed Engine Build: 1
LogDevObjectVersion: Number of dev versions registered: 20
LogDevObjectVersion:   Dev-Blueprints (B0D832E4-1F89-4F0D-ACCF-7EB736FD4AA2): 10
LogDevObjectVersion:   Dev-Build (E1C64328-A22C-4D53-A36C-8E866417BD8C): 0
LogDevObjectVersion:   Dev-Core (375EC13C-06E4-48FB-B500-84F0262A717E): 2
LogDevObjectVersion:   Dev-Editor (E4B068ED-F494-42E9-A231-DA0B2E46BB41): 24
LogDevObjectVersion:   Dev-Framework (CFFC743F-43B0-4480-9391-14DF171D2073): 34
LogDevObjectVersion:   Dev-Mobile (B02B49B5-BB20-44E9-A304-32B752E40360): 2
LogDevObjectVersion:   Dev-Networking (A4E4105C-59A1-49B5-A7C5-40C4547EDFEE): 0
LogDevObjectVersion:   Dev-Online (39C831C9-5AE6-47DC-9A44-9C173E1C8E7C): 0
LogDevObjectVersion:   Dev-Physics (78F01B33-EBEA-4F98-B9B4-84EACCB95AA2): 0
LogDevObjectVersion:   Dev-Platform (6631380F-2D4D-43E0-8009-CF276956A95A): 0
LogDevObjectVersion:   Dev-Rendering (12F88B9F-8875-4AFC-A67C-D90C383ABD29): 26
LogDevObjectVersion:   Dev-Sequencer (7B5AE74C-D270-4C10-A958-57980B212A5A): 9
LogDevObjectVersion:   Dev-VR (D7296918-1DD6-4BDD-9DE2-64A83CC13884): 2
LogDevObjectVersion:   Dev-LoadTimes (C2A15278-BFE7-4AFE-6C17-90FF531DF755): 1
LogDevObjectVersion:   Private-Geometry (6EACA3D4-40EC-4CC1-B786-8BED09428FC5): 3
LogDevObjectVersion:   Dev-AnimPhys (29E575DD-E0A3-4627-9D10-D276232CDCEA): 17
LogDevObjectVersion:   Dev-ReflectionCapture (6B266CEC-1EC7-4B8F-A30B-E4D90942FC07): 1
LogDevObjectVersion:   Dev-Automation (0DF73D61-A23F-47EA-B727-89E90C41499A): 1
LogDevObjectVersion:   FortniteMain (601D1886-AC64-4F84-AA16-D3DE0DEAC7D6): 12
LogDevObjectVersion:   Dev-Enterprise (9DFFBCD6-494F-0158-E221-12823C92A888): 1
LogStreaming: Display: Took  0.002s to delete old logs.
LogInit: Presizing for max 8388607 objects, including 0 objects not considered by GC, pre-allocating 0 bytes for permanent pool.
LogInit: Object subsystem initialized
[2019.03.12-14.08.01:811][  0]LogInit: Selected Device Profile: [Windows]
[2019.03.12-14.08.01:811][  0]LogInit: Applying CVar settings loaded from the selected device profile: [Windows]
[2019.03.12-14.08.01:841][  0]LogHAL: Display: Platform has ~ 32 GB [34262470656 / 34359738368 / 32], which maps to Largest [LargestMinGB=32, LargerMinGB=12, DefaultMinGB=8, SmallerMinGB=6, SmallestMinGB=0)
[2019.03.12-14.08.01:841][  0]LogInit: Setting Device Profile CVar: [[r.Vulkan.UseRealUBs:1]]
[2019.03.12-14.08.01:841][  0]LogInit: Going up to parent DeviceProfile []
[2019.03.12-14.08.01:842][  0]LogInit: Computer: C15003234
[2019.03.12-14.08.01:842][  0]LogInit: User: CSG18036486
[2019.03.12-14.08.01:842][  0]LogInit: CPU Page size=4096, Cores=6
[2019.03.12-14.08.01:842][  0]LogInit: High frequency timer resolution =3.410074 MHz
[2019.03.12-14.08.01:842][  0]LogMemory: Memory total: Physical=31.9GB (32GB approx)
[2019.03.12-14.08.01:842][  0]LogMemory: Platform Memory Stats for Windows
[2019.03.12-14.08.01:842][  0]LogMemory: Process Physical Memory: 101.91 MB used, 101.91 MB peak
[2019.03.12-14.08.01:842][  0]LogMemory: Process Virtual Memory: 86.50 MB used, 86.50 MB peak
[2019.03.12-14.08.01:842][  0]LogMemory: Physical Memory: 5837.84 MB used,  26837.39 MB free, 32675.24 MB total
[2019.03.12-14.08.01:842][  0]LogMemory: Virtual Memory: 521.39 MB used,  26837.39 MB free, 134217728.00 MB total
[2019.03.12-14.08.01:876][  0]LogInit: Using OS detected language (en-US).
[2019.03.12-14.08.01:876][  0]LogInit: Using OS detected locale (en-GB).
[2019.03.12-14.08.01:877][  0]LogTextLocalizationManager: No specific localization for 'en-US' exists, so the 'en' localization will be used.
[2019.03.12-14.08.02:283][  0]LogStreaming: Display: Took  0.408s to InitEngineTextLocalization.
[2019.03.12-14.08.02:283][  0]LogInit: Setting process to per monitor DPI aware
[2019.03.12-14.08.02:302][  0]LogSlate: New Slate User Created.  User Index 0, Is Virtual User: 0
[2019.03.12-14.08.02:302][  0]LogSlate: Slate User Registered.  User Index 0, Is Virtual User: 0
[2019.03.12-14.08.02:492][  0]LogHMD: Failed to initialize OpenVR with code 110
[2019.03.12-14.08.02:492][  0]LogD3D11RHI: D3D11 adapters:
[2019.03.12-14.08.02:542][  0]LogD3D11RHI:    0. 'NVIDIA GeForce GTX 970' (Feature Level 11_0)
[2019.03.12-14.08.02:542][  0]LogD3D11RHI:       4043/0/16337 MB DedicatedVideo/DedicatedSystem/SharedSystem, Outputs:1, VendorId:0x10de
[2019.03.12-14.08.02:544][  0]LogD3D11RHI:    1. 'Microsoft Basic Render Driver' (Feature Level 11_0)
[2019.03.12-14.08.02:544][  0]LogD3D11RHI:       0/0/16337 MB DedicatedVideo/DedicatedSystem/SharedSystem, Outputs:0, VendorId:0x1414
[2019.03.12-14.08.02:544][  0]LogD3D11RHI: Chosen D3D11 Adapter: 0
[2019.03.12-14.08.02:548][  0]LogD3D11RHI: Creating new Direct3DDevice
[2019.03.12-14.08.02:548][  0]LogD3D11RHI:     GPU DeviceId: 0x13c2 (for the marketing name, search the web for "GPU Device Id")
[2019.03.12-14.08.02:548][  0]LogWindows: EnumDisplayDevices:
[2019.03.12-14.08.02:548][  0]LogWindows:    0. 'NVIDIA GeForce GTX 970' (P:1 D:1)
[2019.03.12-14.08.02:549][  0]LogWindows:    1. 'NVIDIA GeForce GTX 970' (P:0 D:0)
[2019.03.12-14.08.02:549][  0]LogWindows:    2. 'NVIDIA GeForce GTX 970' (P:0 D:0)
[2019.03.12-14.08.02:549][  0]LogWindows:    3. 'NVIDIA GeForce GTX 970' (P:0 D:0)
[2019.03.12-14.08.02:549][  0]LogWindows: DebugString: FoundDriverCount:4 
[2019.03.12-14.08.02:549][  0]LogD3D11RHI:     Adapter Name: NVIDIA GeForce GTX 970
[2019.03.12-14.08.02:549][  0]LogD3D11RHI:   Driver Version: 399.24 (internal:24.21.13.9924, unified:399.24)
[2019.03.12-14.08.02:549][  0]LogD3D11RHI:      Driver Date: 9-5-2018
[2019.03.12-14.08.02:549][  0]LogRHI: Texture pool is 2830 MB (70% of 4043 MB)
[2019.03.12-14.08.02:586][  0]LogD3D11RHI: Async texture creation enabled
[2019.03.12-14.08.02:603][  0]LogD3D11RHI: GPU Timing Frequency: 1000.000000 (Debug: 2 2)
[2019.03.12-14.08.02:605][  0]LogShaderCompilers: Guid format shader working directory is -53 characters bigger than the processId version (../../../../../../Users/CSG18036486/Documents/GitHub/Team-Molyneux-3/Project/Unreal Project/GroupProject/Intermediate/Shaders/WorkingDirectory/11184/).
[2019.03.12-14.08.02:606][  0]LogShaderCompilers: Cleaned the shader compiler working directory 'C:/Users/CSG18036486/AppData/Local/Temp/UnrealShaderWorkingDir/C5FE39A94EB45D66178382B404D6159C/'.
[2019.03.12-14.08.02:782][  0]LogTemp: Display: Loaded TP AllDesktopTargetPlatform
[2019.03.12-14.08.02:795][  0]LogTemp: Display: Loaded TP MacClientTargetPlatform
[2019.03.12-14.08.02:809][  0]LogTemp: Display: Loaded TP MacNoEditorTargetPlatform
[2019.03.12-14.08.02:823][  0]LogTemp: Display: Loaded TP MacServerTargetPlatform
[2019.03.12-14.08.02:836][  0]LogTemp: Display: Loaded TP MacTargetPlatform
[2019.03.12-14.08.02:850][  0]LogTemp: Display: Loaded TP WindowsClientTargetPlatform
[2019.03.12-14.08.02:864][  0]LogTemp: Display: Loaded TP WindowsNoEditorTargetPlatform
[2019.03.12-14.08.02:878][  0]LogTemp: Display: Loaded TP WindowsServerTargetPlatform
[2019.03.12-14.08.02:885][  0]LogTemp: Display: Loaded TP WindowsTargetPlatform
[2019.03.12-14.08.02:969][  0]LogTemp: Display: Loaded TP AndroidTargetPlatform
[2019.03.12-14.08.02:969][  0]LogTemp: Display: Loaded TP AndroidTargetPlatform
[2019.03.12-14.08.02:969][  0]LogTemp: Display: Loaded TP AndroidTargetPlatform
[2019.03.12-14.08.02:969][  0]LogTemp: Display: Loaded TP AndroidTargetPlatform
[2019.03.12-14.08.02:969][  0]LogTemp: Display: Loaded TP AndroidTargetPlatform
[2019.03.12-14.08.02:969][  0]LogTemp: Display: Loaded TP AndroidTargetPlatform
[2019.03.12-14.08.02:969][  0]LogTemp: Display: Loaded TP AndroidTargetPlatform
[2019.03.12-14.08.02:969][  0]LogTemp: Display: Loaded TP AndroidTargetPlatform
[2019.03.12-14.08.02:969][  0]LogTemp: Display: Loaded TP AndroidTargetPlatform
[2019.03.12-14.08.02:969][  0]LogTemp: Display: Loaded TP AndroidTargetPlatform
[2019.03.12-14.08.02:969][  0]LogTemp: Display: Loaded TP AndroidTargetPlatform
[2019.03.12-14.08.02:969][  0]LogTemp: Display: Loaded TP AndroidTargetPlatform
[2019.03.12-14.08.02:969][  0]LogTemp: Display: Loaded TP AndroidTargetPlatform
[2019.03.12-14.08.02:969][  0]LogTemp: Display: Loaded TP AndroidTargetPlatform
[2019.03.12-14.08.02:969][  0]LogTemp: Display: Loaded TP AndroidTargetPlatform
[2019.03.12-14.08.02:969][  0]LogTemp: Display: Loaded TP AndroidTargetPlatform
[2019.03.12-14.08.02:969][  0]LogTemp: Display: Loaded TP AndroidTargetPlatform
[2019.03.12-14.08.02:969][  0]LogTemp: Display: Loaded TP AndroidTargetPlatform
[2019.03.12-14.08.02:970][  0]LogTemp: Display: Loaded TP HTML5TargetPlatform
[2019.03.12-14.08.03:046][  0]LogTemp: Display: Loaded TP IOSTargetPlatform
[2019.03.12-14.08.03:046][  0]LogTemp: Display: Loaded TP IOSTargetPlatform
[2019.03.12-14.08.03:101][  0]LogTemp: Display: Loaded TP TVOSTargetPlatform
[2019.03.12-14.08.03:101][  0]LogTemp: Display: Loaded TP TVOSTargetPlatform
[2019.03.12-14.08.03:119][  0]LogTemp: Display: Loaded TP LinuxClientTargetPlatform
[2019.03.12-14.08.03:133][  0]LogTemp: Display: Loaded TP LinuxNoEditorTargetPlatform
[2019.03.12-14.08.03:152][  0]LogTemp: Display: Loaded TP LinuxServerTargetPlatform
[2019.03.12-14.08.03:177][  0]LogTemp: Display: Loaded TP LinuxTargetPlatform
[2019.03.12-14.08.03:186][  0]LogTemp: Display: Loaded TP LuminTargetPlatform
[2019.03.12-14.08.03:186][  0]LogTargetPlatformManager: Display: Building Assets For Windows
[2019.03.12-14.08.03:249][  0]LogXGEController: Cleaning working directory: C:/Users/CSG18036486/AppData/Local/Temp/UnrealXGEWorkingDir/
[2019.03.12-14.08.03:249][  0]LogXGEController: Cannot use XGE Controller as Incredibuild is not installed on this machine.
[2019.03.12-14.08.03:249][  0]LogShaderCompilers: Cannot use XGE Shader Compiler as Incredibuild is not installed on this machine.
[2019.03.12-14.08.03:249][  0]LogShaderCompilers: Display: Using Local Shader Compiler.
[2019.03.12-14.08.04:135][  0]LogDerivedDataCache: Display: Max Cache Size: 512 MB
[2019.03.12-14.08.04:209][  0]LogDerivedDataCache: Loaded boot cache 0.07s 71MB C:/Users/CSG18036486/AppData/Local/UnrealEngine/4.20/DerivedDataCache/Boot.ddc.
[2019.03.12-14.08.04:209][  0]LogDerivedDataCache: Display: Loaded Boot cache: C:/Users/CSG18036486/AppData/Local/UnrealEngine/4.20/DerivedDataCache/Boot.ddc
[2019.03.12-14.08.04:210][  0]LogDerivedDataCache: FDerivedDataBackendGraph:  Pak pak cache file ../../../../../../Users/CSG18036486/Documents/GitHub/Team-Molyneux-3/Project/Unreal Project/GroupProject/DerivedDataCache/DDC.ddp not found, will not use a pak cache.
[2019.03.12-14.08.04:210][  0]LogDerivedDataCache: Unable to find inner node Pak for hierarchical cache Hierarchy.
[2019.03.12-14.08.04:210][  0]LogDerivedDataCache: FDerivedDataBackendGraph:  CompressedPak pak cache file ../../../../../../Users/CSG18036486/Documents/GitHub/Team-Molyneux-3/Project/Unreal Project/GroupProject/DerivedDataCache/Compressed.ddp not found, will not use a pak cache.
[2019.03.12-14.08.04:210][  0]LogDerivedDataCache: Unable to find inner node CompressedPak for hierarchical cache Hierarchy.
[2019.03.12-14.08.04:225][  0]LogDerivedDataCache: Display: Pak cache opened for reading ../../../Engine/DerivedDataCache/Compressed.ddp.
[2019.03.12-14.08.04:237][  0]LogDerivedDataCache: Using Local data cache path C:/Users/CSG18036486/AppData/Local/UnrealEngine/Common/DerivedDataCache: Writable
[2019.03.12-14.08.04:237][  0]LogDerivedDataCache: Shared data cache path not found in *engine.ini, will not use an Shared cache.
[2019.03.12-14.08.04:237][  0]LogDerivedDataCache: Unable to find inner node Shared for hierarchical cache Hierarchy.
[2019.03.12-14.08.04:257][  0]LogMaterial: Verifying Global Shaders for PCD3D_SM5
[2019.03.12-14.08.04:259][  0]LogSlate: Using FreeType 2.6.0
[2019.03.12-14.08.04:259][  0]LogSlate: SlateFontServices - WITH_FREETYPE: 1, WITH_HARFBUZZ: 1
[2019.03.12-14.08.04:333][  0]LogAssetRegistry: FAssetRegistry took 0.0267 seconds to start up
[2019.03.12-14.08.04:730][  0]LogInit: Selected Device Profile: [Windows]
[2019.03.12-14.08.04:882][  0]LogSimplygon: Simplygon DLL not present - disabling.
[2019.03.12-14.08.04:885][  0]LogMeshReduction: Using SimplygonSwarm for distributed automatic mesh merging
[2019.03.12-14.08.04:885][  0]LogMeshReduction: Using ProxyLODMeshReduction for automatic mesh merging
[2019.03.12-14.08.04:885][  0]LogMeshReduction: Using QuadricMeshReduction for automatic static mesh reduction
[2019.03.12-14.08.04:885][  0]LogMeshReduction: No automatic skeletal mesh reduction module available
[2019.03.12-14.08.04:908][  0]LogNetVersion: GroupProject 1.0.0, NetCL: 4212847, EngineNetVer: 5, GameNetVer: 0 (Checksum: 857663312)
[2019.03.12-14.08.05:498][  0]LogPackageLocalizationCache: Processed 11 localized package path(s) for 2 prioritized culture(s) in 0.110921 seconds
[2019.03.12-14.08.05:505][  0]LogUObjectArray: 38425 objects as part of root set at end of initial load.
[2019.03.12-14.08.05:506][  0]LogUObjectAllocator: 6690872 out of 0 bytes used by permanent object pool.
[2019.03.12-14.08.05:506][  0]LogUObjectArray: CloseDisregardForGC: 0/0 objects in disregard for GC pool
[2019.03.12-14.08.06:351][  0]LogTcpMessaging: Initializing TcpMessaging bridge
[2019.03.12-14.08.06:364][  0]LogUdpMessaging: Initializing bridge on interface 0.0.0.0:0 to multicast group 230.0.0.1:6666.
[2019.03.12-14.08.06:514][  0]SourceControl: Source control is disabled
[2019.03.12-14.08.06:514][  0]SourceControl: Source control is disabled
[2019.03.12-14.08.06:515][  0]SourceControl: Source control is disabled
[2019.03.12-14.08.06:516][  0]SourceControl: Source control is disabled
[2019.03.12-14.08.06:688][  0]LogAndroidPermission: UAndroidPermissionCallbackProxy::GetInstance
[2019.03.12-14.08.06:752][  0]LogOcInput: OculusInput pre-init called
[2019.03.12-14.08.06:832][  0]LogEngine: Initializing Engine...
[2019.03.12-14.08.06:833][  0]LogHMD: Failed to initialize OpenVR with code 110
[2019.03.12-14.08.06:835][  0]LogStats: UGameplayTagsManager::ConstructGameplayTagTree: ImportINI prefixes -  0.000 s
[2019.03.12-14.08.06:835][  0]LogStats: UGameplayTagsManager::ConstructGameplayTagTree: Construct from data asset -  0.000 s
[2019.03.12-14.08.06:835][  0]LogStats: UGameplayTagsManager::ConstructGameplayTagTree: ImportINI -  0.000 s
[2019.03.12-14.08.06:835][  0]LogStats: UGameplayTagsManager::ConstructGameplayTagTree: GameplayTagTreeChangedEvent.Broadcast -  0.000 s
[2019.03.12-14.08.07:097][  0]LogInit: Initializing FReadOnlyCVARCache
[2019.03.12-14.08.07:114][  0]LogAIModule: Creating AISystem for world Untitled
[2019.03.12-14.08.07:127][  0]LogInit: XAudio2 using 'Realtek HD Audio 2nd output (Realtek High Definition Audio)' : 2 channels at 48 kHz using 32 bits per sample (channel mask 0x3)
[2019.03.12-14.08.07:137][  0]LogInit: FAudioDevice initialized.
[2019.03.12-14.08.07:137][  0]LogNetVersion: Set ProjectVersion to 1.0.0.0. Version Checksum will be recalculated on next use.
[2019.03.12-14.08.07:221][  0]LogDerivedDataCache: Saved boot cache 0.08s 71MB C:/Users/CSG18036486/AppData/Local/UnrealEngine/4.20/DerivedDataCache/Boot.ddc.
[2019.03.12-14.08.07:237][  0]LogInit: Texture streaming: Enabled
[2019.03.12-14.08.07:254][  0]LogEngineSessionManager: EngineSessionManager initialized
[2019.03.12-14.08.07:254][  0]LogEngineSessionManager: EngineSessionManager sent abnormal shutdown report. Type=AbnormalShutdown, SessionId={AE44E358-4B6B-B4C5-41E9-178A43B75CDB}
[2019.03.12-14.08.07:265][  0]LogInit: Transaction tracking system initialized
[2019.03.12-14.08.07:285][  0]BlueprintLog: New page: Editor Load
[2019.03.12-14.08.07:357][  0]LocalizationService: Localization service is disabled
[2019.03.12-14.08.07:634][  0]LogCook: Display: Max memory allowance for cook 16384mb min free memory 0mb
[2019.03.12-14.08.07:634][  0]LogCook: Display: Mobile HDR setting 1
[2019.03.12-14.08.07:634][  0]LogGameplayTags: Display: UGameplayTagsManager::DoneAddingNativeTags. DelegateIsBound: 0
[2019.03.12-14.08.07:634][  0]LogStats: UGameplayTagsManager::ConstructGameplayTagTree: ImportINI prefixes -  0.000 s
[2019.03.12-14.08.07:634][  0]LogStats: UGameplayTagsManager::ConstructGameplayTagTree: Construct from data asset -  0.000 s
[2019.03.12-14.08.07:634][  0]LogStats: UGameplayTagsManager::ConstructGameplayTagTree: ImportINI -  0.000 s
[2019.03.12-14.08.07:634][  0]LogStats: UGameplayTagsManager::ConstructGameplayTagTree: GameplayTagTreeChangedEvent.Broadcast -  0.000 s
[2019.03.12-14.08.07:740][  0]LogFileCache: Scanning file cache for directory 'C:/Users/CSG18036486/Documents/GitHub/Team-Molyneux-3/Project/Unreal Project/GroupProject/Content/' took 0.01s
[2019.03.12-14.08.07:740][  0]SourceControl: Source control is disabled
[2019.03.12-14.08.07:825][  0]LogSlate: Took 0.000205 seconds to synchronously load lazily loaded font '../../../Engine/Content/Slate/Fonts/Roboto-Regular.ttf' (155K)
[2019.03.12-14.08.38:817][  0]LogSlate: Window 'Restore Packages' being destroyed
[2019.03.12-14.08.38:818][  0]LogWindowsTextInputMethodSystem: Display: IME system now deactivated.
[2019.03.12-14.08.38:825][  0]LogWindowsTextInputMethodSystem: Display: IME system now deactivated.
[2019.03.12-14.08.39:714][  0]LogSlate: Window 'Unable to Check Out From Source Control!' being destroyed
[2019.03.12-14.08.39:715][  0]LogWindowsTextInputMethodSystem: Display: IME system now deactivated.
[2019.03.12-14.08.39:821][  0]LogWindowsTextInputMethodSystem: Display: IME system now deactivated.
[2019.03.12-14.08.39:821][  0]LightingResults: New page: Lighting Build
[2019.03.12-14.08.39:824][  0]MapCheck: New page: Map Check
[2019.03.12-14.08.39:824][  0]LightingResults: New page: Lighting Build
[2019.03.12-14.08.40:436][  0]LogAIModule: Creating AISystem for world ThirdPersonExampleMap
[2019.03.12-14.08.40:454][  0]LogEditorServer: Finished looking for orphan Actors (0.000 secs)
[2019.03.12-14.08.40:486][  0]Cmd: MAP CHECKDEP NOCLEARLOG
[2019.03.12-14.08.40:569][  0]MapCheck: Map check complete: 0 Error(s), 0 Warning(s), took 82.251ms to complete.
[2019.03.12-14.08.40:569][  0]LogFileHelpers: Loading map 'ThirdPersonExampleMap' took 0.748
[2019.03.12-14.08.40:603][  0]LogSlate: Updating window title bar state: overlay mode, drag disabled, window buttons hidden, title bar hidden
[2019.03.12-14.08.40:611][  0]LogSlate: Updating window title bar state: overlay mode, drag disabled, window buttons hidden, title bar hidden
[2019.03.12-14.08.40:619][  0]LogSlate: Updating window title bar state: overlay mode, drag disabled, window buttons hidden, title bar hidden
[2019.03.12-14.08.40:627][  0]LogSlate: Updating window title bar state: overlay mode, drag disabled, window buttons hidden, title bar hidden
[2019.03.12-14.08.40:633][  0]LogCollectionManager: Loaded 0 collections in 0.001340 seconds
[2019.03.12-14.08.40:672][  0]LogFileCache: Scanning file cache for directory 'C:/Users/CSG18036486/Documents/GitHub/Team-Molyneux-3/Project/Unreal Project/GroupProject/Saved/Collections/' took 0.01s
[2019.03.12-14.08.40:673][  0]LogFileCache: Scanning file cache for directory 'C:/Users/CSG18036486/Documents/GitHub/Team-Molyneux-3/Project/Unreal Project/GroupProject/Content/Developers/CSG18036486/Collections/' took 0.01s
[2019.03.12-14.08.40:673][  0]LogFileCache: Scanning file cache for directory 'C:/Users/CSG18036486/Documents/GitHub/Team-Molyneux-3/Project/Unreal Project/GroupProject/Content/Collections/' took 0.01s
[2019.03.12-14.08.40:673][  0]LogCollectionManager: Rebuilt the GUID cache for 0 collections in 0.000000 seconds
[2019.03.12-14.08.40:683][  0]LogContentBrowser: Native class hierarchy populated in 0.0106 seconds. Added 2572 classes and 603 folders.
[2019.03.12-14.08.40:689][  0]LogContentBrowser: Native class hierarchy updated for 'WidgetCarousel' in 0.0006 seconds. Added 0 classes and 0 folders.
[2019.03.12-14.08.40:739][  0]LogContentBrowser: Native class hierarchy updated for 'AddContentDialog' in 0.0003 seconds. Added 0 classes and 0 folders.
[2019.03.12-14.08.40:744][  0]LogContentBrowser: Native class hierarchy updated for 'SceneOutliner' in 0.0006 seconds. Added 1 classes and 2 folders.
[2019.03.12-14.08.40:761][  0]LogSlate: Took 0.000206 seconds to synchronously load lazily loaded font '../../../Engine/Content/Slate/Fonts/Roboto-Bold.ttf' (160K)
[2019.03.12-14.08.40:770][  0]LogSlate: Took 0.000410 seconds to synchronously load lazily loaded font '../../../Engine/Content/Editor/Slate/Fonts/FontAwesome.ttf' (139K)
[2019.03.12-14.08.40:855][  0]LogRenderer: Reallocating scene render targets to support 1208x576 Format 10 NumSamples 1 (Frame:1).
[2019.03.12-14.08.40:906][  0]LogSlate: Took 0.000180 seconds to synchronously load lazily loaded font '../../../Engine/Content/Slate/Fonts/Roboto-Light.ttf' (167K)
[2019.03.12-14.08.40:998][  0]LogContentBrowser: Native class hierarchy updated for 'HierarchicalLODOutliner' in 0.0004 seconds. Added 0 classes and 0 folders.
[2019.03.12-14.08.40:998][  0]LogLoad: (Engine Initialization) Total time: 41.04 seconds
[2019.03.12-14.08.40:998][  0]LogLoad: (Engine Initialization) Total Blueprint compile time: 0.00 seconds
[2019.03.12-14.08.41:059][  0]LogContentStreaming: Texture pool size now 1000 MB
[2019.03.12-14.08.41:090][  1]LogFileCache: Retrieving MD5 hashes for directory 'C:/Users/CSG18036486/Documents/GitHub/Team-Molyneux-3/Project/Unreal Project/GroupProject/Content/' took 0.07s
[2019.03.12-14.08.41:105][  1]LogAssetRegistry: Asset discovery search completed in 36.7946 seconds
[2019.03.12-14.08.41:107][  1]LogCollectionManager: Rebuilt the object cache for 0 collections in 0.000000 seconds (found 0 objects)
[2019.03.12-14.08.41:107][  1]LogCollectionManager: Fixed up redirectors for 0 collections in 0.000035 seconds (updated 0 objects)
[2019.03.12-14.08.42:493][ 79]LogSlate: Took 0.000181 seconds to synchronously load lazily loaded font '../../../Engine/Content/Slate/Fonts/Roboto-Light.ttf' (167K)
[2019.03.12-14.08.45:449][430]LogEditorViewport: Clicking on Actor (LMB): StaticMeshActor (HallWay)
[2019.03.12-14.08.46:383][524]LogEditorViewport: Clicking on Actor (LMB): StaticMeshActor (Scifi_door6)
[2019.03.12-14.08.49:221][845]LogSlate: FSceneViewport::OnFocusLost() reason 0
[2019.03.12-14.08.57:026][724]LogEditorViewport: Clicking on Actor (LMB): PointLight (PointLight6)
[2019.03.12-14.08.57:430][767]Cmd: DELETE
[2019.03.12-14.08.57:430][767]Cmd: ACTOR DELETE
[2019.03.12-14.08.57:443][767]LogEditorActor: Deleted Actor: PointLight
[2019.03.12-14.08.57:485][767]LogEditorActor: Deleted 1 Actors (0.055 secs)
[2019.03.12-14.08.59:665][ 27]LogEditorViewport: Clicking on Actor (LMB): PointLight (PointLight)
[2019.03.12-14.09.00:168][ 80]LogEditorViewport: Clicking on Actor (LMB): PointLight (PointLight)
[2019.03.12-14.09.00:752][146]Cmd: DELETE
[2019.03.12-14.09.00:753][146]Cmd: ACTOR DELETE
[2019.03.12-14.09.00:756][146]LogEditorActor: Deleted Actor: PointLight
[2019.03.12-14.09.00:788][146]LogEditorActor: Deleted 1 Actors (0.035 secs)
[2019.03.12-14.09.07:972][  4]LogSlate: FSceneViewport::OnFocusLost() reason 0
[2019.03.12-14.09.21:825][575]LogEditorViewport: Clicking Background
[2019.03.12-14.09.28:097][318]LogSlate: FSceneViewport::OnFocusLost() reason 0
[2019.03.12-14.09.45:566][278]LogEditorViewport: Clicking Background
[2019.03.12-14.09.46:207][354]LogEditorViewport: Clicking Background
[2019.03.12-14.09.48:081][566]LogEditorViewport: Clicking on Actor (LMB): StaticMeshActor (HallWay)
[2019.03.12-14.09.48:598][604]LogEditorViewport: Clicking on Actor (LMB): StaticMeshActor (HallWay)
[2019.03.12-14.09.49:087][661]LogEditorViewport: Clicking on Actor (LMB): topEmergancyLight2_C (topEmergancyLight4)
[2019.03.12-14.09.54:377][267]LogSlate: FSceneViewport::OnFocusLost() reason 0
[2019.03.12-14.09.57:418][622]LogEditorViewport: Clicking on Component (LMB): SpotLightComponent (SpotLight)
[2019.03.12-14.10.02:151][173]Cmd: TRANSACTION UNDO
[2019.03.12-14.10.02:151][173]LogEditorTransaction: Undo Move Components
[2019.03.12-14.10.03:062][267]LogEditorViewport: Clicking on Component (LMB): StaticMeshComponent (StaticMesh)
[2019.03.12-14.10.05:033][495]LogEditorViewport: Clicking on Component (LMB): SpotLightComponent (SpotLight)
[2019.03.12-14.10.07:165][745]LogEditorViewport: Clicking on Component (LMB): StaticMeshComponent (StaticMesh)
[2019.03.12-14.10.16:932][874]LogSlate: FSceneViewport::OnFocusLost() reason 2
[2019.03.12-14.10.17:893][984]LogTemp: Repeating last play command: Simulate
[2019.03.12-14.10.17:911][984]LogBlueprintUserMessages: Early PlayInEditor Detection: Level '/Game/ThirdPersonBP/Maps/ThirdPersonExampleMap.ThirdPersonExampleMap:PersistentLevel' has LevelScriptBlueprint '/Game/ThirdPersonBP/Maps/ThirdPersonExampleMap.ThirdPersonExampleMap:PersistentLevel.ThirdPersonExampleMap' with GeneratedClass '/Game/ThirdPersonBP/Maps/ThirdPersonExampleMap.ThirdPersonExampleMap_C' with ClassGeneratedBy '/Game/ThirdPersonBP/Maps/ThirdPersonExampleMap.ThirdPersonExampleMap:PersistentLevel.ThirdPersonExampleMap'
[2019.03.12-14.10.17:911][984]LogPlayLevel: PlayLevel: No blueprints needed recompiling
[2019.03.12-14.10.17:923][984]PIE: New page: SIE session: ThirdPersonExampleMap (12 Mar 2019 14:10:17)
[2019.03.12-14.10.17:923][984]LogPlayLevel: Creating play world package: /Game/ThirdPersonBP/Maps/UEDPIE_0_ThirdPersonExampleMap
[2019.03.12-14.10.17:941][984]LogPlayLevel: PIE: StaticDuplicateObject took: (0.018199s)
[2019.03.12-14.10.17:942][984]LogAIModule: Creating AISystem for world ThirdPersonExampleMap
[2019.03.12-14.10.17:942][984]LogPlayLevel: PIE: World Init took: (0.000695s)
[2019.03.12-14.10.17:942][984]LogPlayLevel: PIE: Created PIE world by copying editor world from /Game/ThirdPersonBP/Maps/ThirdPersonExampleMap.ThirdPersonExampleMap to /Game/ThirdPersonBP/Maps/UEDPIE_0_ThirdPersonExampleMap.ThirdPersonExampleMap (0.019053s)
[2019.03.12-14.10.17:986][984]LogInit: XAudio2 using 'Realtek HD Audio 2nd output (Realtek High Definition Audio)' : 2 channels at 48 kHz using 32 bits per sample (channel mask 0x3)
[2019.03.12-14.10.17:993][984]LogInit: FAudioDevice initialized.
[2019.03.12-14.10.17:993][984]LogSlate: FSceneViewport::OnFocusLost() reason 2
[2019.03.12-14.10.18:041][984]LogLoad: Game class is 'ThirdPersonGameMode_C'
[2019.03.12-14.10.18:046][984]LogWorld: Bringing World /Game/ThirdPersonBP/Maps/UEDPIE_0_ThirdPersonExampleMap.ThirdPersonExampleMap up for play (max tick rate 0) at 2019.03.12-14.10.18
[2019.03.12-14.10.18:046][984]LogWorld: Bringing up level for play took: 0.003701
[2019.03.12-14.10.18:058][984]LogGameMode: FindPlayerStart: PATHS NOT DEFINED or NO PLAYERSTART with positive rating
[2019.03.12-14.10.18:062][984]LogContentBrowser: Native class hierarchy updated for 'MovieSceneCapture' in 0.0003 seconds. Added 10 classes and 0 folders.
[2019.03.12-14.10.18:063][984]PIE: Play in editor start time for /Game/ThirdPersonBP/Maps/UEDPIE_0_ThirdPersonExampleMap -0.661
[2019.03.12-14.10.18:074][984]LogBlueprintUserMessages: Late PlayInEditor Detection: Level '/Game/ThirdPersonBP/Maps/ThirdPersonExampleMap.ThirdPersonExampleMap:PersistentLevel' has LevelScriptBlueprint '/Game/ThirdPersonBP/Maps/ThirdPersonExampleMap.ThirdPersonExampleMap:PersistentLevel.ThirdPersonExampleMap' with GeneratedClass '/Game/ThirdPersonBP/Maps/ThirdPersonExampleMap.ThirdPersonExampleMap_C' with ClassGeneratedBy '/Game/ThirdPersonBP/Maps/ThirdPersonExampleMap.ThirdPersonExampleMap:PersistentLevel.ThirdPersonExampleMap'
[2019.03.12-14.10.29:554][340]LogBlueprintUserMessages: Early EndPlayMap Detection: Level '/Game/ThirdPersonBP/Maps/ThirdPersonExampleMap.ThirdPersonExampleMap:PersistentLevel' has LevelScriptBlueprint '/Game/ThirdPersonBP/Maps/ThirdPersonExampleMap.ThirdPersonExampleMap:PersistentLevel.ThirdPersonExampleMap' with GeneratedClass '/Game/ThirdPersonBP/Maps/ThirdPersonExampleMap.ThirdPersonExampleMap_C' with ClassGeneratedBy '/Game/ThirdPersonBP/Maps/ThirdPersonExampleMap.ThirdPersonExampleMap:PersistentLevel.ThirdPersonExampleMap'
[2019.03.12-14.10.29:555][340]LogSlate: Updating window title bar state: overlay mode, drag disabled, window buttons hidden, title bar hidden
[2019.03.12-14.10.29:592][340]LogPlayLevel: Display: Shutting down PIE online subsystems
[2019.03.12-14.10.29:593][340]LogBlueprintUserMessages: Late EndPlayMap Detection: Level '/Game/ThirdPersonBP/Maps/ThirdPersonExampleMap.ThirdPersonExampleMap:PersistentLevel' has LevelScriptBlueprint '/Game/ThirdPersonBP/Maps/ThirdPersonExampleMap.ThirdPersonExampleMap:PersistentLevel.ThirdPersonExampleMap' with GeneratedClass '/Game/ThirdPersonBP/Maps/ThirdPersonExampleMap.ThirdPersonExampleMap_C' with ClassGeneratedBy '/Game/ThirdPersonBP/Maps/ThirdPersonExampleMap.ThirdPersonExampleMap:PersistentLevel.ThirdPersonExampleMap'
[2019.03.12-14.10.29:619][340]LogSlate: Updating window title bar state: overlay mode, drag disabled, window buttons hidden, title bar hidden
[2019.03.12-14.10.29:660][343]LogPlayLevel: Display: Destroying online subsystem :Context_4
[2019.03.12-14.10.33:274][767]LogSlate: FSceneViewport::OnFocusLost() reason 0
[2019.03.12-14.10.34:264][884]LogSlate: Took 0.000182 seconds to synchronously load lazily loaded font '../../../Engine/Content/Slate/Fonts/Roboto-Italic.ttf' (157K)
[2019.03.12-14.10.37:796][300]LogSlate: FSceneViewport::OnFocusLost() reason 2
[2019.03.12-14.10.46:051][274]LogSlate: FSceneViewport::OnFocusLost() reason 0
[2019.03.12-14.11.31:673][671]LogSlate: Window 'Color Picker' being destroyed
[2019.03.12-14.11.33:982][906]LogSavePackage: Moving '../../../../../../Users/CSG18036486/Documents/GitHub/Team-Molyneux-3/Project/Unreal Project/GroupProject/Saved/ThirdPersonExampleMapB21F6BB44F485F0E751F9195AD1C778C.tmp' to '../../../../../../Users/CSG18036486/Documents/GitHub/Team-Molyneux-3/Project/Unreal Project/GroupProject/Content/ThirdPersonBP/Maps/ThirdPersonExampleMap.umap'
[2019.03.12-14.11.34:124][906]LogSavePackage: Moving '../../../../../../Users/CSG18036486/Documents/GitHub/Team-Molyneux-3/Project/Unreal Project/GroupProject/Saved/ThirdPersonExampleMap_BuiltData1F93F4AA413538FBE6A8FBBCDA6A3EAF.tmp' to '../../../../../../Users/CSG18036486/Documents/GitHub/Team-Molyneux-3/Project/Unreal Project/GroupProject/Content/ThirdPersonBP/Maps/ThirdPersonExampleMap_BuiltData.uasset'
[2019.03.12-14.12.03:721][380]LogSavePackage: Moving '../../../../../../Users/CSG18036486/Documents/GitHub/Team-Molyneux-3/Project/Unreal Project/GroupProject/Saved/ThirdPersonExampleMap5C7010A5414B58B0D777CE90420F81FF.tmp' to '../../../../../../Users/CSG18036486/Documents/GitHub/Team-Molyneux-3/Project/Unreal Project/GroupProject/Content/ThirdPersonBP/Maps/ThirdPersonExampleMap.umap'
[2019.03.12-14.12.03:777][380]LogFileHelpers: Saving map 'ThirdPersonExampleMap' took 0.389
[2019.03.12-14.12.28:235][291]LogTemp: Repeating last play command: Simulate
[2019.03.12-14.12.28:254][291]LogBlueprintUserMessages: Early PlayInEditor Detection: Level '/Game/ThirdPersonBP/Maps/ThirdPersonExampleMap.ThirdPersonExampleMap:PersistentLevel' has LevelScriptBlueprint '/Game/ThirdPersonBP/Maps/ThirdPersonExampleMap.ThirdPersonExampleMap:PersistentLevel.ThirdPersonExampleMap' with GeneratedClass '/Game/ThirdPersonBP/Maps/ThirdPersonExampleMap.ThirdPersonExampleMap_C' with ClassGeneratedBy '/Game/ThirdPersonBP/Maps/ThirdPersonExampleMap.ThirdPersonExampleMap:PersistentLevel.ThirdPersonExampleMap'
[2019.03.12-14.12.28:254][291]LogPlayLevel: PlayLevel: No blueprints needed recompiling
[2019.03.12-14.12.28:254][291]PIE: New page: SIE session: ThirdPersonExampleMap (12 Mar 2019 14:12:28)
[2019.03.12-14.12.28:254][291]LogPlayLevel: Creating play world package: /Game/ThirdPersonBP/Maps/UEDPIE_0_ThirdPersonExampleMap
[2019.03.12-14.12.28:274][291]LogPlayLevel: PIE: StaticDuplicateObject took: (0.020306s)
[2019.03.12-14.12.28:275][291]LogAIModule: Creating AISystem for world ThirdPersonExampleMap
[2019.03.12-14.12.28:275][291]LogPlayLevel: PIE: World Init took: (0.000872s)
[2019.03.12-14.12.28:275][291]LogPlayLevel: PIE: Created PIE world by copying editor world from /Game/ThirdPersonBP/Maps/ThirdPersonExampleMap.ThirdPersonExampleMap to /Game/ThirdPersonBP/Maps/UEDPIE_0_ThirdPersonExampleMap.ThirdPersonExampleMap (0.021336s)
[2019.03.12-14.12.28:305][291]LogInit: XAudio2 using 'Realtek HD Audio 2nd output (Realtek High Definition Audio)' : 2 channels at 48 kHz using 32 bits per sample (channel mask 0x3)
[2019.03.12-14.12.28:312][291]LogInit: FAudioDevice initialized.
[2019.03.12-14.12.28:345][291]LogLoad: Game class is 'ThirdPersonGameMode_C'
[2019.03.12-14.12.28:349][291]LogWorld: Bringing World /Game/ThirdPersonBP/Maps/UEDPIE_0_ThirdPersonExampleMap.ThirdPersonExampleMap up for play (max tick rate 0) at 2019.03.12-14.12.28
[2019.03.12-14.12.28:350][291]LogWorld: Bringing up level for play took: 0.004481
[2019.03.12-14.12.28:362][291]LogGameMode: FindPlayerStart: PATHS NOT DEFINED or NO PLAYERSTART with positive rating
[2019.03.12-14.12.28:363][291]PIE: Play in editor start time for /Game/ThirdPersonBP/Maps/UEDPIE_0_ThirdPersonExampleMap -0.361
[2019.03.12-14.12.28:371][291]LogBlueprintUserMessages: Late PlayInEditor Detection: Level '/Game/ThirdPersonBP/Maps/ThirdPersonExampleMap.ThirdPersonExampleMap:PersistentLevel' has LevelScriptBlueprint '/Game/ThirdPersonBP/Maps/ThirdPersonExampleMap.ThirdPersonExampleMap:PersistentLevel.ThirdPersonExampleMap' with GeneratedClass '/Game/ThirdPersonBP/Maps/ThirdPersonExampleMap.ThirdPersonExampleMap_C' with ClassGeneratedBy '/Game/ThirdPersonBP/Maps/ThirdPersonExampleMap.ThirdPersonExampleMap:PersistentLevel.ThirdPersonExampleMap'
[2019.03.12-14.12.48:299][650]LogBlueprintUserMessages: Early EndPlayMap Detection: Level '/Game/ThirdPersonBP/Maps/ThirdPersonExampleMap.ThirdPersonExampleMap:PersistentLevel' has LevelScriptBlueprint '/Game/ThirdPersonBP/Maps/ThirdPersonExampleMap.ThirdPersonExampleMap:PersistentLevel.ThirdPersonExampleMap' with GeneratedClass '/Game/ThirdPersonBP/Maps/ThirdPersonExampleMap.ThirdPersonExampleMap_C' with ClassGeneratedBy '/Game/ThirdPersonBP/Maps/ThirdPersonExampleMap.ThirdPersonExampleMap:PersistentLevel.ThirdPersonExampleMap'
[2019.03.12-14.12.48:299][650]LogSlate: Updating window title bar state: overlay mode, drag disabled, window buttons hidden, title bar hidden
[2019.03.12-14.12.48:336][650]LogPlayLevel: Display: Shutting down PIE online subsystems
[2019.03.12-14.12.48:337][650]LogBlueprintUserMessages: Late EndPlayMap Detection: Level '/Game/ThirdPersonBP/Maps/ThirdPersonExampleMap.ThirdPersonExampleMap:PersistentLevel' has LevelScriptBlueprint '/Game/ThirdPersonBP/Maps/ThirdPersonExampleMap.ThirdPersonExampleMap:PersistentLevel.ThirdPersonExampleMap' with GeneratedClass '/Game/ThirdPersonBP/Maps/ThirdPersonExampleMap.ThirdPersonExampleMap_C' with ClassGeneratedBy '/Game/ThirdPersonBP/Maps/ThirdPersonExampleMap.ThirdPersonExampleMap:PersistentLevel.ThirdPersonExampleMap'
[2019.03.12-14.12.48:365][650]LogSlate: Updating window title bar state: overlay mode, drag disabled, window buttons hidden, title bar hidden
[2019.03.12-14.12.48:398][653]LogPlayLevel: Display: Destroying online subsystem :Context_5
[2019.03.12-14.12.49:040][729]LogEditorViewport: Clicking on Actor (LMB): StaticMeshActor (HallWay)
[2019.03.12-14.12.51:735][ 33]Cmd: TRANSACTION UNDO
[2019.03.12-14.12.51:735][ 33]LogEditorTransaction: Undo Move Actors
[2019.03.12-14.12.53:320][219]LogSlate: FSceneViewport::OnFocusLost() reason 0
[2019.03.12-14.12.55:012][419]LogTemp: Repeating last play command: Simulate
[2019.03.12-14.12.55:031][419]LogBlueprintUserMessages: Early PlayInEditor Detection: Level '/Game/ThirdPersonBP/Maps/ThirdPersonExampleMap.ThirdPersonExampleMap:PersistentLevel' has LevelScriptBlueprint '/Game/ThirdPersonBP/Maps/ThirdPersonExampleMap.ThirdPersonExampleMap:PersistentLevel.ThirdPersonExampleMap' with GeneratedClass '/Game/ThirdPersonBP/Maps/ThirdPersonExampleMap.ThirdPersonExampleMap_C' with ClassGeneratedBy '/Game/ThirdPersonBP/Maps/ThirdPersonExampleMap.ThirdPersonExampleMap:PersistentLevel.ThirdPersonExampleMap'
[2019.03.12-14.12.55:031][419]LogPlayLevel: PlayLevel: No blueprints needed recompiling
[2019.03.12-14.12.55:032][419]PIE: New page: SIE session: ThirdPersonExampleMap (12 Mar 2019 14:12:55)
[2019.03.12-14.12.55:032][419]LogPlayLevel: Creating play world package: /Game/ThirdPersonBP/Maps/UEDPIE_0_ThirdPersonExampleMap
[2019.03.12-14.12.55:051][419]LogPlayLevel: PIE: StaticDuplicateObject took: (0.019506s)
[2019.03.12-14.12.55:052][419]LogAIModule: Creating AISystem for world ThirdPersonExampleMap
[2019.03.12-14.12.55:052][419]LogPlayLevel: PIE: World Init took: (0.000762s)
[2019.03.12-14.12.55:052][419]LogPlayLevel: PIE: Created PIE world by copying editor world from /Game/ThirdPersonBP/Maps/ThirdPersonExampleMap.ThirdPersonExampleMap to /Game/ThirdPersonBP/Maps/UEDPIE_0_ThirdPersonExampleMap.ThirdPersonExampleMap (0.020447s)
[2019.03.12-14.12.55:083][419]LogInit: XAudio2 using 'Realtek HD Audio 2nd output (Realtek High Definition Audio)' : 2 channels at 48 kHz using 32 bits per sample (channel mask 0x3)
[2019.03.12-14.12.55:092][419]LogInit: FAudioDevice initialized.
[2019.03.12-14.12.55:125][419]LogLoad: Game class is 'ThirdPersonGameMode_C'
[2019.03.12-14.12.55:129][419]LogWorld: Bringing World /Game/ThirdPersonBP/Maps/UEDPIE_0_ThirdPersonExampleMap.ThirdPersonExampleMap up for play (max tick rate 0) at 2019.03.12-14.12.55
[2019.03.12-14.12.55:130][419]LogWorld: Bringing up level for play took: 0.004246
[2019.03.12-14.12.55:141][419]LogGameMode: FindPlayerStart: PATHS NOT DEFINED or NO PLAYERSTART with positive rating
[2019.03.12-14.12.55:142][419]PIE: Play in editor start time for /Game/ThirdPersonBP/Maps/UEDPIE_0_ThirdPersonExampleMap 0.418
[2019.03.12-14.12.55:162][419]LogBlueprintUserMessages: Late PlayInEditor Detection: Level '/Game/ThirdPersonBP/Maps/ThirdPersonExampleMap.ThirdPersonExampleMap:PersistentLevel' has LevelScriptBlueprint '/Game/ThirdPersonBP/Maps/ThirdPersonExampleMap.ThirdPersonExampleMap:PersistentLevel.ThirdPersonExampleMap' with GeneratedClass '/Game/ThirdPersonBP/Maps/ThirdPersonExampleMap.ThirdPersonExampleMap_C' with ClassGeneratedBy '/Game/ThirdPersonBP/Maps/ThirdPersonExampleMap.ThirdPersonExampleMap:PersistentLevel.ThirdPersonExampleMap'
[2019.03.12-14.13.15:701][873]LogBlueprintUserMessages: Early EndPlayMap Detection: Level '/Game/ThirdPersonBP/Maps/ThirdPersonExampleMap.ThirdPersonExampleMap:PersistentLevel' has LevelScriptBlueprint '/Game/ThirdPersonBP/Maps/ThirdPersonExampleMap.ThirdPersonExampleMap:PersistentLevel.ThirdPersonExampleMap' with GeneratedClass '/Game/ThirdPersonBP/Maps/ThirdPersonExampleMap.ThirdPersonExampleMap_C' with ClassGeneratedBy '/Game/ThirdPersonBP/Maps/ThirdPersonExampleMap.ThirdPersonExampleMap:PersistentLevel.ThirdPersonExampleMap'
[2019.03.12-14.13.15:702][873]LogSlate: Updating window title bar state: overlay mode, drag disabled, window buttons hidden, title bar hidden
[2019.03.12-14.13.15:739][873]LogPlayLevel: Display: Shutting down PIE online subsystems
[2019.03.12-14.13.15:740][873]LogBlueprintUserMessages: Late EndPlayMap Detection: Level '/Game/ThirdPersonBP/Maps/ThirdPersonExampleMap.ThirdPersonExampleMap:PersistentLevel' has LevelScriptBlueprint '/Game/ThirdPersonBP/Maps/ThirdPersonExampleMap.ThirdPersonExampleMap:PersistentLevel.ThirdPersonExampleMap' with GeneratedClass '/Game/ThirdPersonBP/Maps/ThirdPersonExampleMap.ThirdPersonExampleMap_C' with ClassGeneratedBy '/Game/ThirdPersonBP/Maps/ThirdPersonExampleMap.ThirdPersonExampleMap:PersistentLevel.ThirdPersonExampleMap'
[2019.03.12-14.13.15:776][873]LogSlate: Updating window title bar state: overlay mode, drag disabled, window buttons hidden, title bar hidden
[2019.03.12-14.13.15:804][875]LogPlayLevel: Display: Destroying online subsystem :Context_6
[2019.03.12-14.13.23:607][796]LogEditorViewport: Clicking on Actor (LMB): StaticMeshActor (HallWay)
[2019.03.12-14.13.26:100][ 76]LogEditorViewport: Clicking on Actor (LMB): StaticMeshActor (HallWay)
[2019.03.12-14.13.27:010][176]LogEditorViewport: Clicking on Actor (LMB): StaticMeshActor (HallWay)
[2019.03.12-14.13.32:591][801]Cmd: TRANSACTION UNDO
[2019.03.12-14.13.32:591][801]LogEditorTransaction: Undo Move Actors
[2019.03.12-14.13.35:918][178]LogEditorViewport: Clicking on Actor (LMB): StaticMeshActor (HallWay)
[2019.03.12-14.13.44:691][206]LogEditorViewport: Clicking on Actor (LMB): topEmergancyLight2_C (topEmergancyLight2)
[2019.03.12-14.13.53:894][263]LogSlate: FSceneViewport::OnFocusLost() reason 0
[2019.03.12-14.13.56:529][574]LogSlate: FSceneViewport::OnFocusLost() reason 2
[2019.03.12-14.15.48:990][994]LogSlate: FSceneViewport::OnFocusLost() reason 0
[2019.03.12-14.15.57:825][ 42]LogSlate: FSceneViewport::OnFocusLost() reason 0
[2019.03.12-14.15.59:111][190]LogEditorActor: Deleted Actor: StaticMeshActor
[2019.03.12-14.15.59:111][190]LogEditorActor: Deleted Actor: StaticMeshActor
[2019.03.12-14.15.59:112][190]LogEditorActor: Deleted Actor: StaticMeshActor
[2019.03.12-14.15.59:112][190]LogEditorActor: Deleted Actor: StaticMeshActor
[2019.03.12-14.15.59:112][190]LogEditorActor: Deleted Actor: StaticMeshActor
[2019.03.12-14.15.59:113][190]LogEditorActor: Deleted Actor: StaticMeshActor
[2019.03.12-14.15.59:113][190]LogEditorActor: Deleted Actor: StaticMeshActor
[2019.03.12-14.15.59:114][190]LogEditorActor: Deleted Actor: StaticMeshActor
[2019.03.12-14.15.59:114][190]LogEditorActor: Deleted Actor: StaticMeshActor
[2019.03.12-14.15.59:114][190]LogEditorActor: Deleted Actor: StaticMeshActor
[2019.03.12-14.15.59:115][190]LogEditorActor: Deleted Actor: StaticMeshActor
[2019.03.12-14.15.59:115][190]LogEditorActor: Deleted Actor: StaticMeshActor
[2019.03.12-14.15.59:116][190]LogEditorActor: Deleted Actor: StaticMeshActor
[2019.03.12-14.15.59:116][190]LogEditorActor: Deleted Actor: StaticMeshActor
[2019.03.12-14.15.59:116][190]LogEditorActor: Deleted Actor: StaticMeshActor
[2019.03.12-14.15.59:117][190]LogEditorActor: Deleted Actor: StaticMeshActor
[2019.03.12-14.15.59:117][190]LogEditorActor: Deleted Actor: StaticMeshActor
[2019.03.12-14.15.59:117][190]LogEditorActor: Deleted Actor: StaticMeshActor
[2019.03.12-14.15.59:118][190]LogEditorActor: Deleted Actor: StaticMeshActor
[2019.03.12-14.15.59:118][190]LogEditorActor: Deleted Actor: StaticMeshActor
[2019.03.12-14.15.59:118][190]LogEditorActor: Deleted Actor: StaticMeshActor
[2019.03.12-14.15.59:119][190]LogEditorActor: Deleted Actor: StaticMeshActor
[2019.03.12-14.15.59:119][190]LogEditorActor: Deleted Actor: StaticMeshActor
[2019.03.12-14.15.59:119][190]LogEditorActor: Deleted Actor: StaticMeshActor
[2019.03.12-14.15.59:120][190]LogEditorActor: Deleted Actor: StaticMeshActor
[2019.03.12-14.15.59:120][190]LogEditorActor: Deleted Actor: StaticMeshActor
[2019.03.12-14.15.59:120][190]LogEditorActor: Deleted Actor: StaticMeshActor
[2019.03.12-14.15.59:121][190]LogEditorActor: Deleted Actor: StaticMeshActor
[2019.03.12-14.15.59:121][190]LogEditorActor: Deleted Actor: StaticMeshActor
[2019.03.12-14.15.59:122][190]LogEditorActor: Deleted Actor: StaticMeshActor
[2019.03.12-14.15.59:122][190]LogEditorActor: Deleted Actor: StaticMeshActor
[2019.03.12-14.15.59:122][190]LogEditorActor: Deleted Actor: StaticMeshActor
[2019.03.12-14.15.59:152][190]LogEditorActor: Deleted 32 Actors (0.052 secs)
[2019.03.12-14.16.01:069][418]LogEditorViewport: Clicking on Actor (LMB): StaticMeshActor (4X4Wall)
[2019.03.12-14.16.01:990][522]Cmd: DELETE
[2019.03.12-14.16.01:990][522]Cmd: ACTOR DELETE
[2019.03.12-14.16.01:993][522]LogEditorActor: Deleted Actor: StaticMeshActor
[2019.03.12-14.16.02:021][522]LogEditorActor: Deleted 1 Actors (0.031 secs)
[2019.03.12-14.16.02:828][618]LogEditorViewport: Clicking on Actor (LMB): StaticMeshActor (StaticMesh2)
[2019.03.12-14.18.05:263][ 30]LogEditorViewport: Clicking on Actor (LMB): StaticMeshActor (HallWay)
[2019.03.12-14.18.06:290][129]LogEditorViewport: Clicking on Actor (LMB): StaticMeshActor (HallWay)
[2019.03.12-14.18.08:786][392]LogEditorViewport: Clicking on Actor (LMB): StaticMeshActor (StaticMesh2)
[2019.03.12-14.18.10:303][542]Cmd: DELETE
[2019.03.12-14.18.10:303][542]Cmd: ACTOR DELETE
[2019.03.12-14.18.10:307][542]LogEditorActor: Deleted Actor: StaticMeshActor
[2019.03.12-14.18.10:344][542]LogEditorActor: Deleted 1 Actors (0.041 secs)
[2019.03.12-14.18.11:306][656]LogEditorViewport: Clicking on Actor (context menu): StaticMeshActor (Scifi_door)
[2019.03.12-14.18.11:352][656]LogSlate: FSceneViewport::OnFocusLost() reason 2
[2019.03.12-14.18.12:319][760]LogSlate: FSceneViewport::OnFocusLost() reason 2
[2019.03.12-14.18.13:537][760]LogSlate: Window 'Choose New StaticMesh Location' being destroyed
[2019.03.12-14.18.14:501][871]LogEditorViewport: Clicking on Actor (LMB): StaticMeshActor (Scifi_door)
[2019.03.12-14.18.14:718][894]Cmd: DELETE
[2019.03.12-14.18.14:718][894]Cmd: ACTOR DELETE
[2019.03.12-14.18.14:722][894]LogEditorActor: Deleted Actor: StaticMeshActor
[2019.03.12-14.18.14:756][894]LogEditorActor: Deleted 1 Actors (0.038 secs)
[2019.03.12-14.18.15:204][948]LogEditorViewport: Clicking on Actor (LMB): StaticMeshActor (StaticMesh3)
[2019.03.12-14.18.16:293][ 53]Cmd: DELETE
[2019.03.12-14.18.16:293][ 53]Cmd: ACTOR DELETE
[2019.03.12-14.18.16:296][ 53]LogEditorActor: Deleted Actor: StaticMeshActor
[2019.03.12-14.18.16:327][ 53]LogEditorActor: Deleted 1 Actors (0.035 secs)
[2019.03.12-14.18.22:110][724]LogEditorViewport: Clicking on Actor (LMB): StaticMeshActor (StaticMesh8)
[2019.03.12-14.18.22:835][784]Cmd: DELETE
[2019.03.12-14.18.22:835][784]Cmd: ACTOR DELETE
[2019.03.12-14.18.22:839][784]LogEditorActor: Deleted Actor: StaticMeshActor
[2019.03.12-14.18.22:863][784]LogEditorActor: Deleted 1 Actors (0.028 secs)
[2019.03.12-14.18.23:313][838]LogEditorViewport: Clicking on Actor (LMB): StaticMeshActor (4X4Wall5)
[2019.03.12-14.18.23:625][867]Cmd: DELETE
[2019.03.12-14.18.23:625][867]Cmd: ACTOR DELETE
[2019.03.12-14.18.23:629][867]LogEditorActor: Deleted Actor: StaticMeshActor
[2019.03.12-14.18.23:664][867]LogEditorActor: Deleted 1 Actors (0.039 secs)
[2019.03.12-14.18.23:986][905]LogEditorViewport: Clicking on Actor (LMB): StaticMeshActor (Basic_2_Meter_Section2)
[2019.03.12-14.18.24:389][940]Cmd: DELETE
[2019.03.12-14.18.24:389][940]Cmd: ACTOR DELETE
[2019.03.12-14.18.24:396][940]LogEditorActor: Deleted Actor: StaticMeshActor
[2019.03.12-14.18.24:433][940]LogEditorActor: Deleted 1 Actors (0.044 secs)
[2019.03.12-14.18.24:772][980]LogEditorViewport: Clicking on Actor (LMB): StaticMeshActor (StaticMesh5)
[2019.03.12-14.18.25:077][981]Cmd: DELETE
[2019.03.12-14.18.25:077][981]Cmd: ACTOR DELETE
[2019.03.12-14.18.25:082][981]LogEditorActor: Deleted Actor: StaticMeshActor
[2019.03.12-14.18.25:119][981]LogEditorActor: Deleted 1 Actors (0.042 secs)
[2019.03.12-14.18.25:585][ 36]LogEditorViewport: Clicking on Actor (LMB): StaticMeshActor (StaticMesh9)
[2019.03.12-14.18.26:116][ 76]Cmd: DELETE
[2019.03.12-14.18.26:116][ 76]Cmd: ACTOR DELETE
[2019.03.12-14.18.26:120][ 76]LogEditorActor: Deleted Actor: StaticMeshActor
[2019.03.12-14.18.26:156][ 76]LogEditorActor: Deleted 1 Actors (0.040 secs)
[2019.03.12-14.18.26:638][133]LogEditorViewport: Clicking on Actor (LMB): StaticMeshActor (4X4Wall3)
[2019.03.12-14.18.27:092][177]Cmd: DELETE
[2019.03.12-14.18.27:092][177]Cmd: ACTOR DELETE
[2019.03.12-14.18.27:099][177]LogEditorActor: Deleted Actor: StaticMeshActor
[2019.03.12-14.18.27:134][177]LogEditorActor: Deleted 1 Actors (0.043 secs)
[2019.03.12-14.18.27:609][233]LogEditorViewport: Clicking on Actor (LMB): StaticMeshActor (Scifi_door3)
[2019.03.12-14.18.27:973][269]Cmd: DELETE
[2019.03.12-14.18.27:973][269]Cmd: ACTOR DELETE
[2019.03.12-14.18.27:977][269]LogEditorActor: Deleted Actor: StaticMeshActor
[2019.03.12-14.18.28:007][269]LogEditorActor: Deleted 1 Actors (0.034 secs)
[2019.03.12-14.18.28:469][324]LogEditorViewport: Clicking on Actor (LMB): StaticMeshActor (Scifi_door4)
[2019.03.12-14.18.28:767][353]Cmd: DELETE
[2019.03.12-14.18.28:767][353]Cmd: ACTOR DELETE
[2019.03.12-14.18.28:771][353]LogEditorActor: Deleted Actor: StaticMeshActor
[2019.03.12-14.18.28:804][353]LogEditorActor: Deleted 1 Actors (0.037 secs)
[2019.03.12-14.18.30:813][591]LogEditorViewport: Clicking on Actor (LMB): StaticMeshActor (4X4Wall2)
[2019.03.12-14.18.31:125][619]Cmd: DELETE
[2019.03.12-14.18.31:125][619]Cmd: ACTOR DELETE
[2019.03.12-14.18.31:129][619]LogEditorActor: Deleted Actor: StaticMeshActor
[2019.03.12-14.18.31:166][619]LogEditorActor: Deleted 1 Actors (0.041 secs)
[2019.03.12-14.18.39:931][576]LogEditorViewport: Clicking on Actor (LMB): StaticMeshActor (Basic_2_Meter_Section)
[2019.03.12-14.18.44:554][ 90]LogEditorViewport: Clicking on Actor (LMB): StaticMeshActor (Basic_2_Meter_Section)
[2019.03.12-14.18.47:124][379]Cmd: TRANSACTION UNDO
[2019.03.12-14.18.47:124][379]LogEditorTransaction: Undo Clicking on Actors
[2019.03.12-14.18.48:147][494]LogEditorViewport: Clicking Background
[2019.03.12-14.18.49:084][605]Cmd: TRANSACTION UNDO
[2019.03.12-14.18.49:084][605]LogEditorTransaction: Undo Clicking Background
[2019.03.12-14.18.49:548][648]Cmd: TRANSACTION UNDO
[2019.03.12-14.18.49:548][648]LogEditorTransaction: Undo Move Actors
[2019.03.12-14.18.52:799][ 23]LogSlate: FSceneViewport::OnFocusLost() reason 0
[2019.03.12-14.18.57:542][579]LogSlate: FSceneViewport::OnFocusLost() reason 0
[2019.03.12-14.20.23:828][865]LogSlate: FSceneViewport::OnFocusLost() reason 0
[2019.03.12-14.20.32:895][920]LogActorFactory: Actor Factory created HallWay
[2019.03.12-14.20.33:537][996]LogActorFactory: Actor Factory created HallWay
[2019.03.12-14.21.02:737][347]LogSlate: FSceneViewport::OnFocusLost() reason 0
[2019.03.12-14.21.12:448][462]LogSlate: FSceneViewport::OnFocusLost() reason 0
[2019.03.12-14.21.14:732][733]LogEditorViewport: Clicking on Actor (LMB): StaticMeshActor (HallWay2)
[2019.03.12-14.21.18:038][ 95]LogSlate: FSceneViewport::OnFocusLost() reason 0
[2019.03.12-14.21.21:170][446]LogActorFactory: Actor Factory created 4X4Wall
[2019.03.12-14.21.21:567][493]LogActorFactory: Actor Factory created 4X4Wall
[2019.03.12-14.21.24:765][864]LogEditorViewport: Clicking on Actor (LMB): StaticMeshActor (4X4Wall)
[2019.03.12-14.21.25:644][966]Cmd: DELETE
[2019.03.12-14.21.25:644][966]Cmd: ACTOR DELETE
[2019.03.12-14.21.25:651][966]LogEditorActor: Deleted Actor: StaticMeshActor
[2019.03.12-14.21.25:682][966]LogEditorActor: Deleted 1 Actors (0.038 secs)
[2019.03.12-14.21.27:873][216]LogSlate: FSceneViewport::OnFocusLost() reason 0
[2019.03.12-14.21.28:116][242]LogActorFactory: Actor Factory created 4X4Wall
[2019.03.12-14.21.28:451][282]LogActorFactory: Actor Factory created 4X4Wall
[2019.03.12-14.21.38:587][443]LogEditorViewport: Clicking on Actor (context menu): StaticMeshActor (4X4Wall)
[2019.03.12-14.21.38:607][443]LogSlate: FSceneViewport::OnFocusLost() reason 2
[2019.03.12-14.21.40:762][696]LogSlate: FSceneViewport::OnFocusLost() reason 2
[2019.03.12-14.21.49:065][696]LogSlate: Window 'Choose New StaticMesh Location' being destroyed
[2019.03.12-14.21.49:073][696]LogSlate: FSceneViewport::OnFocusLost() reason 2
[2019.03.12-14.21.49:077][696]LogStaticMesh: Building static mesh 4X4Floor...
[2019.03.12-14.21.49:088][696]LogStaticMesh: Built static mesh [0.01s] /Game/Meshes/4X4Floor.4X4Floor
[2019.03.12-14.21.50:751][884]LogEditorViewport: Clicking on Actor (LMB): StaticMeshActor (4X4Wall)
[2019.03.12-14.21.51:809][  9]Cmd: DELETE
[2019.03.12-14.21.51:809][  9]Cmd: ACTOR DELETE
[2019.03.12-14.21.51:813][  9]LogEditorActor: Deleted Actor: StaticMeshActor
[2019.03.12-14.21.51:837][  9]LogEditorActor: Deleted 1 Actors (0.028 secs)
[2019.03.12-14.21.52:937][141]LogSlate: FSceneViewport::OnFocusLost() reason 0
[2019.03.12-14.21.53:629][223]LogActorFactory: Actor Factory created 4X4Floor
[2019.03.12-14.21.54:080][277]LogActorFactory: Actor Factory created 4X4Floor
[2019.03.12-14.22.01:967][213]LogSlate: FSceneViewport::OnFocusLost() reason 0
[2019.03.12-14.22.02:107][229]LogAssetEditorManager: Opening Asset editor for StaticMesh /Game/Meshes/4X4Floor.4X4Floor
[2019.03.12-14.22.02:772][229]LogRenderer: Reallocating scene render targets to support 1432x924 Format 10 NumSamples 1 (Frame:1).
[2019.03.12-14.22.08:209][794]LogSlate: Window '4X4Floor*' being destroyed
[2019.03.12-14.22.44:027][ 56]LogSlate: FSceneViewport::OnFocusLost() reason 2
[2019.03.12-14.22.44:260][ 56]LogSavePackage: Moving '../../../../../../Users/CSG18036486/Documents/GitHub/Team-Molyneux-3/Project/Unreal Project/GroupProject/Saved/ThirdPersonExampleMap_Auto10B61E9664A7CC4A67FF059AA79C0BC6B.tmp' to '../../../../../../Users/CSG18036486/Documents/GitHub/Team-Molyneux-3/Project/Unreal Project/GroupProject/Saved/Autosaves/Game/ThirdPersonBP/Maps/ThirdPersonExampleMap_Auto1.umap'
[2019.03.12-14.22.44:267][ 56]LogFileHelpers: Editor autosave (incl. sublevels) for '/Game/ThirdPersonBP/Maps/ThirdPersonExampleMap' took 0.211
[2019.03.12-14.22.44:267][ 56]LogFileHelpers: Editor autosave (incl. sublevels) for all levels took 0.211
[2019.03.12-14.22.44:269][ 56]OBJ SavePackage: Generating thumbnails for [1] asset(s) in package [/Game/Meshes/4X4Floor] ([1] browsable assets)...
[2019.03.12-14.22.44:285][ 56]OBJ SavePackage:     Rendered thumbnail for [StaticMesh /Game/Meshes/4X4Floor.4X4Floor]
[2019.03.12-14.22.44:285][ 56]OBJ SavePackage: Finished generating thumbnails for package [/Game/Meshes/4X4Floor]
[2019.03.12-14.22.44:304][ 56]LogSavePackage: Moving '../../../../../../Users/CSG18036486/Documents/GitHub/Team-Molyneux-3/Project/Unreal Project/GroupProject/Saved/4X4Floor_Auto142B010244726C8DD5434C2BC211D377E.tmp' to '../../../../../../Users/CSG18036486/Documents/GitHub/Team-Molyneux-3/Project/Unreal Project/GroupProject/Saved/Autosaves/Game/Meshes/4X4Floor_Auto1.uasset'
[2019.03.12-14.22.44:305][ 56]LogFileHelpers: Auto-saving content packages took 0.036
[2019.03.12-14.26.22:930][151]LogSlate: FSceneViewport::OnFocusLost() reason 2
[2019.03.12-14.26.23:943][251]LogSlate: FSceneViewport::OnFocusLost() reason 2
[2019.03.12-14.26.24:220][251]LogSavePackage: Moving '../../../../../../Users/CSG18036486/Documents/GitHub/Team-Molyneux-3/Project/Unreal Project/GroupProject/Saved/ThirdPersonExampleMap29666E944F1799C6E7287492557F76C2.tmp' to '../../../../../../Users/CSG18036486/Documents/GitHub/Team-Molyneux-3/Project/Unreal Project/GroupProject/Content/ThirdPersonBP/Maps/ThirdPersonExampleMap.umap'
[2019.03.12-14.26.24:283][251]LogFileHelpers: Saving map 'ThirdPersonExampleMap' took 0.337
[2019.03.12-14.26.24:296][251]LogSavePackage: Moving '../../../../../../Users/CSG18036486/Documents/GitHub/Team-Molyneux-3/Project/Unreal Project/GroupProject/Saved/4X4FloorFF5EA0244769B273F64D7B8CCBED3031.tmp' to '../../../../../../Users/CSG18036486/Documents/GitHub/Team-Molyneux-3/Project/Unreal Project/GroupProject/Content/Meshes/4X4Floor.uasset'
[2019.03.12-14.26.25:391][377]LogSlate: FSceneViewport::OnFocusLost() reason 0
[2019.03.12-14.26.25:584][384]LogSlate: Window 'GroupProject - Unreal Editor' being destroyed
[2019.03.12-14.26.25:805][385]Cmd: QUIT_EDITOR
[2019.03.12-14.26.26:788][385]LogWindowsTextInputMethodSystem: Display: IME system now deactivated.
[2019.03.12-14.26.26:806][385]LogExit: Preparing to exit.
[2019.03.12-14.26.27:815][385]LogExit: Editor shut down
[2019.03.12-14.26.27:816][385]LogExit: Transaction tracking system shut down
[2019.03.12-14.26.28:507][385]LogExit: Object subsystem successfully closed.
[2019.03.12-14.26.28:541][385]LogShaderCompilers: Display: Shaders left to compile 0
[2019.03.12-14.26.28:548][385]LogD3D11RHI: Shutdown
[2019.03.12-14.26.28:548][385]LogD3D11RHI: CleanupD3DDevice
[2019.03.12-14.26.28:553][385]LogD3D11RHI: ~FD3D11DynamicRHI
[2019.03.12-14.26.28:577][385]LogModuleManager: Shutting down and abandoning module StaticMeshEditor (618)
[2019.03.12-14.26.28:577][385]LogModuleManager: Shutting down and abandoning module MeshBuilder (616)
[2019.03.12-14.26.28:577][385]LogModuleManager: Shutting down and abandoning module MovieSceneCapture (614)
[2019.03.12-14.26.28:577][385]LogModuleManager: Shutting down and abandoning module Voice (612)
[2019.03.12-14.26.28:577][385]LogModuleManager: Shutting down and abandoning module HierarchicalLODOutliner (610)
[2019.03.12-14.26.28:577][385]LogModuleManager: Shutting down and abandoning module SceneOutliner (608)
[2019.03.12-14.26.28:577][385]LogModuleManager: Shutting down and abandoning module AddContentDialog (606)
[2019.03.12-14.26.28:578][385]LogModuleManager: Shutting down and abandoning module WidgetCarousel (605)
[2019.03.12-14.26.28:578][385]LogModuleManager: Shutting down and abandoning module EditorWidgets (602)
[2019.03.12-14.26.28:578][385]LogModuleManager: Shutting down and abandoning module CollectionManager (600)
[2019.03.12-14.26.28:578][385]LogModuleManager: Shutting down and abandoning module StatsViewer (598)
[2019.03.12-14.26.28:578][385]LogModuleManager: Shutting down and abandoning module FoliageEdit (596)
[2019.03.12-14.26.28:578][385]LogModuleManager: Shutting down and abandoning module LandscapeEditor (594)
[2019.03.12-14.26.28:578][385]LogModuleManager: Shutting down and abandoning module MeshPaintMode (592)
[2019.03.12-14.26.28:578][385]LogModuleManager: Shutting down and abandoning module SceneDepthPickerMode (590)
[2019.03.12-14.26.28:578][385]LogModuleManager: Shutting down and abandoning module ActorPickerMode (588)
[2019.03.12-14.26.28:578][385]LogModuleManager: Shutting down and abandoning module GeometryMode (586)
[2019.03.12-14.26.28:579][385]LogModuleManager: Shutting down and abandoning module TextureAlignMode (584)
[2019.03.12-14.26.28:579][385]LogModuleManager: Shutting down and abandoning module BspMode (582)
[2019.03.12-14.26.28:579][385]LogModuleManager: Shutting down and abandoning module PIEPreviewDeviceProfileSelector (580)
[2019.03.12-14.26.28:579][385]LogModuleManager: Shutting down and abandoning module SequenceRecorderSections (578)
[2019.03.12-14.26.28:579][385]LogModuleManager: Shutting down and abandoning module AutomationWorker (576)
[2019.03.12-14.26.28:579][385]LogModuleManager: Shutting down and abandoning module AudioCaptureEditor (574)
[2019.03.12-14.26.28:579][385]LogModuleManager: Shutting down and abandoning module SequenceRecorder (573)
[2019.03.12-14.26.28:579][385]LogModuleManager: Shutting down and abandoning module MatineeToLevelSequence (570)
[2019.03.12-14.26.28:579][385]LogModuleManager: Shutting down and abandoning module LevelSequenceEditor (568)
[2019.03.12-14.26.28:579][385]LogModuleManager: Shutting down and abandoning module PlacementMode (567)
[2019.03.12-14.26.28:579][385]LogModuleManager: Shutting down and abandoning module MaterialEditor (566)
[2019.03.12-14.26.28:579][385]LogModuleManager: Shutting down and abandoning module WmfMediaFactory (562)
[2019.03.12-14.26.28:579][385]LogModuleManager: Shutting down and abandoning module WmfMediaEditor (560)
[2019.03.12-14.26.28:579][385]LogModuleManager: Shutting down and abandoning module MediaPlayerEditor (558)
[2019.03.12-14.26.28:579][385]LogModuleManager: Shutting down and abandoning module OpenExrWrapper (556)
[2019.03.12-14.26.28:579][385]LogModuleManager: Shutting down and abandoning module ImgMediaFactory (554)
[2019.03.12-14.26.28:579][385]LogModuleManager: Shutting down and abandoning module ImgMediaEditor (552)
[2019.03.12-14.26.28:579][385]LogModuleManager: Shutting down and abandoning module AvfMediaFactory (550)
[2019.03.12-14.26.28:579][385]LogModuleManager: Shutting down and abandoning module AvfMediaEditor (548)
[2019.03.12-14.26.28:579][385]LogModuleManager: Shutting down and abandoning module AndroidMediaFactory (546)
[2019.03.12-14.26.28:579][385]LogModuleManager: Shutting down and abandoning module AndroidMediaEditor (544)
[2019.03.12-14.26.28:579][385]LogModuleManager: Shutting down and abandoning module MagicLeapCameraPreviewFactory (542)
[2019.03.12-14.26.28:579][385]LogModuleManager: Shutting down and abandoning module MagicLeapMediaFactory (540)
[2019.03.12-14.26.28:579][385]LogModuleManager: Shutting down and abandoning module MagicLeapMediaEditor (538)
[2019.03.12-14.26.28:579][385]LogModuleManager: Shutting down and abandoning module CharacterAI (536)
[2019.03.12-14.26.28:579][385]LogModuleManager: Shutting down and abandoning module SmartSnapping (534)
[2019.03.12-14.26.28:579][385]LogModuleManager: Shutting down and abandoning module SessionServices (532)
[2019.03.12-14.26.28:579][385]LogModuleManager: Shutting down and abandoning module ViewportSnapping (530)
[2019.03.12-14.26.28:579][385]LogModuleManager: Shutting down and abandoning module ViewportInteraction (528)
[2019.03.12-14.26.28:579][385]LogModuleManager: Shutting down and abandoning module ClothPainter (526)
[2019.03.12-14.26.28:579][385]LogModuleManager: Shutting down and abandoning module SkeletalMeshEditor (525)
[2019.03.12-14.26.28:579][385]LogModuleManager: Shutting down and abandoning module LogVisualizer (522)
[2019.03.12-14.26.28:579][385]LogModuleManager: Shutting down and abandoning module IntroTutorials (520)
[2019.03.12-14.26.28:580][385]LogModuleManager: Shutting down and abandoning module GameProjectGeneration (519)
[2019.03.12-14.26.28:580][385]LogModuleManager: Shutting down and abandoning module LuminPlatformEditor (516)
[2019.03.12-14.26.28:580][385]LogModuleManager: Shutting down and abandoning module IOSPlatformEditor (514)
[2019.03.12-14.26.28:580][385]LogModuleManager: Shutting down and abandoning module HTML5PlatformEditor (512)
[2019.03.12-14.26.28:580][385]LogModuleManager: Shutting down and abandoning module AndroidPlatformEditor (510)
[2019.03.12-14.26.28:580][385]LogModuleManager: Shutting down and abandoning module AndroidDeviceDetection (509)
[2019.03.12-14.26.28:829][385]LogModuleManager: Shutting down and abandoning module WindowsPlatformEditor (506)
[2019.03.12-14.26.28:829][385]LogModuleManager: Shutting down and abandoning module LuminRuntimeSettings (504)
[2019.03.12-14.26.28:829][385]LogModuleManager: Shutting down and abandoning module IOSRuntimeSettings (502)
[2019.03.12-14.26.28:829][385]LogModuleManager: Shutting down and abandoning module AndroidRuntimeSettings (500)
[2019.03.12-14.26.28:829][385]LogModuleManager: Shutting down and abandoning module InputBindingEditor (498)
[2019.03.12-14.26.28:829][385]LogModuleManager: Shutting down and abandoning module MergeActors (496)
[2019.03.12-14.26.28:829][385]LogModuleManager: Shutting down and abandoning module LocalizationDashboard (494)
[2019.03.12-14.26.28:829][385]LogModuleManager: Shutting down and abandoning module LocalizationService (493)
[2019.03.12-14.26.28:829][385]LogModuleManager: Shutting down and abandoning module HardwareTargeting (490)
[2019.03.12-14.26.28:829][385]LogModuleManager: Shutting down and abandoning module DeviceProfileEditor (488)
[2019.03.12-14.26.28:829][385]LogModuleManager: Shutting down and abandoning module UndoHistory (486)
[2019.03.12-14.26.28:829][385]LogModuleManager: Shutting down and abandoning module XmlParser (484)
[2019.03.12-14.26.28:829][385]LogModuleManager: Shutting down and abandoning module Blutility (482)
[2019.03.12-14.26.28:830][385]LogModuleManager: Shutting down and abandoning module ProjectSettingsViewer (480)
[2019.03.12-14.26.28:830][385]LogModuleManager: Shutting down and abandoning module ProjectTargetPlatformEditor (479)
[2019.03.12-14.26.28:830][385]LogModuleManager: Shutting down and abandoning module EditorSettingsViewer (476)
[2019.03.12-14.26.28:830][385]LogModuleManager: Shutting down and abandoning module SettingsEditor (474)
[2019.03.12-14.26.28:830][385]LogModuleManager: Shutting down and abandoning module ProjectLauncher (472)
[2019.03.12-14.26.28:830][385]LogModuleManager: Shutting down and abandoning module SessionFrontend (470)
[2019.03.12-14.26.28:830][385]LogModuleManager: Shutting down and abandoning module ProfilerClient (468)
[2019.03.12-14.26.28:830][385]LogModuleManager: Shutting down and abandoning module DeviceManager (466)
[2019.03.12-14.26.28:830][385]LogModuleManager: Shutting down and abandoning module TargetDeviceServices (465)
[2019.03.12-14.26.28:903][385]LogModuleManager: Shutting down and abandoning module AutomationController (462)
[2019.03.12-14.26.28:903][385]LogModuleManager: Shutting down and abandoning module AutomationWindow (460)
[2019.03.12-14.26.28:903][385]LogModuleManager: Shutting down and abandoning module Layers (458)
[2019.03.12-14.26.28:903][385]LogModuleManager: Shutting down and abandoning module ComponentVisualizers (456)
[2019.03.12-14.26.28:903][385]LogModuleManager: Shutting down and abandoning module DetailCustomizations (454)
[2019.03.12-14.26.28:903][385]LogModuleManager: Shutting down and abandoning module PackagesDialog (452)
[2019.03.12-14.26.28:903][385]LogModuleManager: Shutting down and abandoning module Persona (450)
[2019.03.12-14.26.28:903][385]LogModuleManager: Shutting down and abandoning module AdvancedPreviewScene (449)
[2019.03.12-14.26.28:903][385]LogModuleManager: Shutting down and abandoning module AnimGraph (447)
[2019.03.12-14.26.28:903][385]LogModuleManager: Shutting down and abandoning module Kismet (444)
[2019.03.12-14.26.28:904][385]LogModuleManager: Shutting down and abandoning module GraphEditor (442)
[2019.03.12-14.26.28:904][385]LogModuleManager: Shutting down and abandoning module ClassViewer (440)
[2019.03.12-14.26.28:904][385]LogModuleManager: Shutting down and abandoning module Toolbox (438)
[2019.03.12-14.26.28:904][385]LogModuleManager: Shutting down and abandoning module ModuleUI (436)
[2019.03.12-14.26.28:904][385]LogModuleManager: Shutting down and abandoning module MovieSceneTools (434)
[2019.03.12-14.26.28:904][385]LogModuleManager: Shutting down and abandoning module OutputLog (432)
[2019.03.12-14.26.28:904][385]LogModuleManager: Shutting down and abandoning module GammaUI (430)
[2019.03.12-14.26.28:904][385]LogModuleManager: Shutting down and abandoning module Documentation (428)
[2019.03.12-14.26.28:904][385]LogModuleManager: Shutting down and abandoning module MovieSceneTracks (426)
[2019.03.12-14.26.28:904][385]LogModuleManager: Shutting down and abandoning module MovieScene (424)
[2019.03.12-14.26.28:904][385]LogModuleManager: Shutting down and abandoning module StreamingPauseRendering (422)
[2019.03.12-14.26.28:904][385]LogModuleManager: Shutting down and abandoning module LauncherPlatform (420)
[2019.03.12-14.26.28:904][385]LogModuleManager: Shutting down and abandoning module AnalyticsET (418)
[2019.03.12-14.26.28:904][385]LogModuleManager: Shutting down and abandoning module PortalServices (416)
[2019.03.12-14.26.28:904][385]LogModuleManager: Shutting down and abandoning module PortalRpc (414)
[2019.03.12-14.26.28:904][385]LogModuleManager: Shutting down and abandoning module MessagingRpc (412)
[2019.03.12-14.26.28:904][385]LogModuleManager: Shutting down and abandoning module AIModule (410)
[2019.03.12-14.26.28:904][385]LogModuleManager: Shutting down and abandoning module GameplayDebugger (409)
[2019.03.12-14.26.28:904][385]LogModuleManager: Shutting down and abandoning module AITestSuite (407)
[2019.03.12-14.26.28:904][385]LogModuleManager: Shutting down and abandoning module NavigationSystem (405)
[2019.03.12-14.26.28:904][385]LogModuleManager: Shutting down and abandoning module DesktopPlatform (402)
[2019.03.12-14.26.28:904][385]LogModuleManager: Shutting down and abandoning module ProfilerService (400)
[2019.03.12-14.26.28:940][385]LogModuleManager: Shutting down and abandoning module TaskGraph (398)
[2019.03.12-14.26.28:940][385]LogModuleManager: Shutting down and abandoning module SteamVRController (396)
[2019.03.12-14.26.28:940][385]LogModuleManager: Shutting down and abandoning module ProceduralMeshComponentEditor (394)
[2019.03.12-14.26.28:940][385]LogModuleManager: Shutting down and abandoning module ProceduralMeshComponent (392)
[2019.03.12-14.26.28:940][385]LogModuleManager: Shutting down and abandoning module OculusInput (390)
[2019.03.12-14.26.28:940][385]LogModuleManager: Shutting down and abandoning module MobilePatchingUtils (388)
[2019.03.12-14.26.28:940][385]LogModuleManager: Shutting down and abandoning module EditableMesh (386)
[2019.03.12-14.26.28:940][385]LogModuleManager: Shutting down and abandoning module CustomMeshComponent (384)
[2019.03.12-14.26.28:940][385]LogModuleManager: Shutting down and abandoning module CableComponent (382)
[2019.03.12-14.26.28:940][385]LogModuleManager: Shutting down and abandoning module AudioCapture (380)
[2019.03.12-14.26.28:940][385]LogModuleManager: Shutting down and abandoning module ArchVisCharacter (378)
[2019.03.12-14.26.28:941][385]LogModuleManager: Shutting down and abandoning module AndroidPermission (376)
[2019.03.12-14.26.28:941][385]LogModuleManager: Shutting down and abandoning module NUTUnrealEngine4 (374)
[2019.03.12-14.26.28:941][385]LogModuleManager: Shutting down and abandoning module NetcodeUnitTest (372)
[2019.03.12-14.26.28:941][385]LogModuleManager: Shutting down and abandoning module MediaCompositingEditor (370)
[2019.03.12-14.26.28:941][385]LogModuleManager: Shutting down and abandoning module MediaCompositing (368)
[2019.03.12-14.26.28:941][385]LogModuleManager: Shutting down and abandoning module LinearTimecode (366)
[2019.03.12-14.26.28:941][385]LogModuleManager: Shutting down and abandoning module ImgMedia (364)
[2019.03.12-14.26.28:947][385]LogModuleManager: Shutting down and abandoning module HTML5Networking (362)
[2019.03.12-14.26.28:947][385]LogModuleManager: Shutting down and abandoning module GeometryCacheTracks (360)
[2019.03.12-14.26.28:947][385]LogModuleManager: Shutting down and abandoning module GeometryCacheSequencer (358)
[2019.03.12-14.26.28:947][385]LogModuleManager: Shutting down and abandoning module BackChannel (356)
[2019.03.12-14.26.28:947][385]LogModuleManager: Shutting down and abandoning module AppleVision (354)
[2019.03.12-14.26.28:947][385]LogModuleManager: Shutting down and abandoning module AppleImageUtils (352)
[2019.03.12-14.26.28:947][385]LogModuleManager: Shutting down and abandoning module AlembicImporter (350)
[2019.03.12-14.26.28:947][385]LogModuleManager: Shutting down and abandoning module AlembicLibrary (349)
[2019.03.12-14.26.28:947][385]LogModuleManager: Shutting down and abandoning module GeometryCache (348)
[2019.03.12-14.26.28:948][385]LogModuleManager: Shutting down and abandoning module GeometryCacheEd (347)
[2019.03.12-14.26.28:948][385]LogModuleManager: Shutting down and abandoning module DatasmithContentEditor (342)
[2019.03.12-14.26.28:948][385]LogModuleManager: Shutting down and abandoning module DatasmithContent (340)
[2019.03.12-14.26.28:948][385]LogModuleManager: Shutting down and abandoning module SpeedTreeImporter (338)
[2019.03.12-14.26.28:948][385]LogModuleManager: Shutting down and abandoning module PluginBrowser (336)
[2019.03.12-14.26.28:948][385]LogModuleManager: Shutting down and abandoning module MobileLauncherProfileWizard (334)
[2019.03.12-14.26.28:949][385]LogModuleManager: Shutting down and abandoning module PolygonModeling (332)
[2019.03.12-14.26.28:949][385]LogModuleManager: Shutting down and abandoning module MeshEditor (330)
[2019.03.12-14.26.28:949][385]LogModuleManager: Shutting down and abandoning module CryptoKeysOpenSSL (328)
[2019.03.12-14.26.28:949][385]LogModuleManager: Shutting down and abandoning module CryptoKeys (326)
[2019.03.12-14.26.28:949][385]LogModuleManager: Shutting down and abandoning module VisualStudioSourceCodeAccess (324)
[2019.03.12-14.26.28:949][385]LogModuleManager: Shutting down and abandoning module VisualStudioCodeSourceCodeAccess (322)
[2019.03.12-14.26.28:949][385]LogModuleManager: Shutting down and abandoning module UObjectPlugin (320)
[2019.03.12-14.26.28:949][385]LogModuleManager: Shutting down and abandoning module SubversionSourceControl (318)
[2019.03.12-14.26.28:949][385]LogModuleManager: Shutting down and abandoning module PerforceSourceControl (316)
[2019.03.12-14.26.28:949][385]LogModuleManager: Shutting down and abandoning module GitSourceControl (314)
[2019.03.12-14.26.28:949][385]LogModuleManager: Shutting down and abandoning module SourceControl (313)
[2019.03.12-14.26.28:949][385]LogModuleManager: Shutting down and abandoning module CLionSourceCodeAccess (310)
[2019.03.12-14.26.28:949][385]LogModuleManager: Shutting down and abandoning module LightPropagationVolumeEditor (308)
[2019.03.12-14.26.28:949][385]LogModuleManager: Shutting down and abandoning module PaperTiledImporter (306)
[2019.03.12-14.26.28:949][385]LogModuleManager: Shutting down and abandoning module PaperSpriteSheetImporter (304)
[2019.03.12-14.26.28:949][385]LogModuleManager: Shutting down and abandoning module Paper2DEditor (302)
[2019.03.12-14.26.28:950][385]LogModuleManager: Shutting down and abandoning module MeshPaint (301)
[2019.03.12-14.26.28:950][385]LogModuleManager: Shutting down and abandoning module RuntimePhysXCooking (298)
[2019.03.12-14.26.28:950][385]LogModuleManager: Shutting down and abandoning module PhysXVehiclesEditor (296)
[2019.03.12-14.26.28:950][385]LogModuleManager: Shutting down and abandoning module PhysXVehicles (294)
[2019.03.12-14.26.28:950][385]LogModuleManager: Shutting down and abandoning module OculusEditor (292)
[2019.03.12-14.26.28:950][385]LogModuleManager: Shutting down and abandoning module LocationServicesBPLibrary (290)
[2019.03.12-14.26.28:950][385]LogModuleManager: Shutting down and abandoning module ImmediatePhysicsEditor (288)
[2019.03.12-14.26.28:950][385]LogModuleManager: Shutting down and abandoning module ImmediatePhysics (286)
[2019.03.12-14.26.28:950][385]LogModuleManager: Shutting down and abandoning module ActorSequence (284)
[2019.03.12-14.26.28:950][385]LogModuleManager: Shutting down and abandoning module UdpMessaging (282)
[2019.03.12-14.26.29:051][385]LogModuleManager: Shutting down and abandoning module TcpMessaging (280)
[2019.03.12-14.26.29:152][385]LogModuleManager: Shutting down and abandoning module MagicLeapAudio (278)
[2019.03.12-14.26.29:152][385]LogModuleManager: Shutting down and abandoning module GameplayTagsEditor (276)
[2019.03.12-14.26.29:152][385]LogModuleManager: Shutting down and abandoning module FacialAnimationEditor (274)
[2019.03.12-14.26.29:152][385]LogModuleManager: Shutting down and abandoning module FacialAnimation (272)
[2019.03.12-14.26.29:152][385]LogModuleManager: Shutting down and abandoning module DataValidation (270)
[2019.03.12-14.26.29:152][385]LogModuleManager: Shutting down and abandoning module AssetManagerEditor (268)
[2019.03.12-14.26.29:152][385]LogModuleManager: Shutting down and abandoning module LevelEditor (267)
[2019.03.12-14.26.29:153][385]LogModuleManager: Shutting down and abandoning module PixelInspectorModule (266)
[2019.03.12-14.26.29:153][385]LogModuleManager: Shutting down and abandoning module CommonMenuExtensions (264)
[2019.03.12-14.26.29:153][385]LogModuleManager: Shutting down and abandoning module MainFrame (262)
[2019.03.12-14.26.29:153][385]LogModuleManager: Shutting down and abandoning module HotReload (261)
[2019.03.12-14.26.29:153][385]LogModuleManager: Shutting down and abandoning module ContentBrowser (257)
[2019.03.12-14.26.29:155][385]LogModuleManager: Shutting down and abandoning module TreeMap (255)
[2019.03.12-14.26.29:155][385]LogModuleManager: Shutting down and abandoning module LightPropagationVolumeRuntime (252)
[2019.03.12-14.26.29:155][385]LogModuleManager: Shutting down and abandoning module AISupportModule (250)
[2019.03.12-14.26.29:155][385]LogModuleManager: Shutting down and abandoning module Paper2D (248)
[2019.03.12-14.26.29:155][385]LogModuleManager: Shutting down and abandoning module WindowsMoviePlayer (246)
[2019.03.12-14.26.29:155][385]LogModuleManager: Shutting down and abandoning module WmfMedia (244)
[2019.03.12-14.26.29:156][385]LogModuleManager: Shutting down and abandoning module Media (243)
[2019.03.12-14.26.29:162][385]LogModuleManager: Shutting down and abandoning module PacketHandler (240)
[2019.03.12-14.26.29:162][385]LogModuleManager: Shutting down and abandoning module ClothingSystemEditor (238)
[2019.03.12-14.26.29:162][385]LogModuleManager: Shutting down and abandoning module ClothingSystemRuntime (236)
[2019.03.12-14.26.29:163][385]LogModuleManager: Shutting down and abandoning module MediaAssets (234)
[2019.03.12-14.26.29:163][385]LogModuleManager: Shutting down and abandoning module Overlay (232)
[2019.03.12-14.26.29:163][385]LogModuleManager: Shutting down and abandoning module OverlayEditor (231)
[2019.03.12-14.26.29:163][385]LogModuleManager: Shutting down and abandoning module VREditor (228)
[2019.03.12-14.26.29:163][385]LogModuleManager: Shutting down and abandoning module StringTableEditor (226)
[2019.03.12-14.26.29:163][385]LogModuleManager: Shutting down and abandoning module GameplayTasksEditor (224)
[2019.03.12-14.26.29:163][385]LogModuleManager: Shutting down and abandoning module BehaviorTreeEditor (222)
[2019.03.12-14.26.29:163][385]LogModuleManager: Shutting down and abandoning module FunctionalTesting (220)
[2019.03.12-14.26.29:163][385]LogModuleManager: Shutting down and abandoning module CollisionAnalyzer (218)
[2019.03.12-14.26.29:163][385]LogModuleManager: Shutting down and abandoning module WorkspaceMenuStructure (217)
[2019.03.12-14.26.29:163][385]LogModuleManager: Shutting down and abandoning module UMG (214)
[2019.03.12-14.26.29:163][385]LogModuleManager: Shutting down and abandoning module UMGEditor (213)
[2019.03.12-14.26.29:163][385]LogModuleManager: Shutting down and abandoning module Sequencer (212)
[2019.03.12-14.26.29:164][385]LogModuleManager: Shutting down and abandoning module MessageLog (209)
[2019.03.12-14.26.29:164][385]LogModuleManager: Shutting down and abandoning module SlateReflector (204)
[2019.03.12-14.26.29:164][385]LogModuleManager: Shutting down and abandoning module Slate (202)
[2019.03.12-14.26.29:164][385]LogModuleManager: Shutting down and abandoning module EditorStyle (200)
[2019.03.12-14.26.29:167][385]LogModuleManager: Shutting down and abandoning module MRMesh (198)
[2019.03.12-14.26.29:167][385]LogModuleManager: Shutting down and abandoning module SourceCodeAccess (196)
[2019.03.12-14.26.29:168][385]LogModuleManager: Shutting down and abandoning module HeadMountedDisplay (194)
[2019.03.12-14.26.29:168][385]LogModuleManager: Shutting down and abandoning module XAudio2 (192)
[2019.03.12-14.26.29:168][385]LogModuleManager: Shutting down and abandoning module Networking (190)
[2019.03.12-14.26.29:168][385]LogModuleManager: Shutting down and abandoning module Core (188)
[2019.03.12-14.26.29:168][385]LogModuleManager: Shutting down and abandoning module LevelSequence (186)
[2019.03.12-14.26.29:168][385]LogModuleManager: Shutting down and abandoning module KismetCompiler (184)
[2019.03.12-14.26.29:168][385]LogModuleManager: Shutting down and abandoning module MeshUtilities (182)
[2019.03.12-14.26.29:168][385]LogModuleManager: Shutting down and abandoning module MeshMergeUtilities (181)
[2019.03.12-14.26.29:168][385]LogModuleManager: Shutting down and abandoning module MeshReductionInterface (180)
[2019.03.12-14.26.29:168][385]LogModuleManager: Shutting down and abandoning module SimplygonSwarm (179)
[2019.03.12-14.26.29:168][385]LogModuleManager: Shutting down and abandoning module ProxyLODMeshReduction (177)
[2019.03.12-14.26.29:168][385]LogModuleManager: Shutting down and abandoning module SimplygonMeshReduction (175)
[2019.03.12-14.26.29:168][385]LogModuleManager: Shutting down and abandoning module QuadricMeshReduction (173)
[2019.03.12-14.26.29:168][385]LogModuleManager: Shutting down and abandoning module MaterialBaking (169)
[2019.03.12-14.26.29:168][385]LogModuleManager: Shutting down and abandoning module DirectoryWatcher (165)
[2019.03.12-14.26.29:168][385]LogModuleManager: Shutting down and abandoning module DerivedDataCache (162)
[2019.03.12-14.26.29:229][385]LogDerivedDataCache: Shutdown
[2019.03.12-14.26.29:229][385]LogModuleManager: Shutting down and abandoning module XGEController (160)
[2019.03.12-14.26.29:229][385]LogXGEController: Cleaning working directory: C:/Users/CSG18036486/AppData/Local/Temp/UnrealXGEWorkingDir/
[2019.03.12-14.26.29:229][385]LogModuleManager: Shutting down and abandoning module TargetPlatform (158)
[2019.03.12-14.26.29:229][385]LogModuleManager: Shutting down and abandoning module VulkanShaderFormat (157)
[2019.03.12-14.26.29:229][385]LogModuleManager: Shutting down and abandoning module ShaderFormatVectorVM (155)
[2019.03.12-14.26.29:229][385]LogModuleManager: Shutting down and abandoning module ShaderFormatOpenGL (153)
[2019.03.12-14.26.29:229][385]LogModuleManager: Shutting down and abandoning module ShaderFormatD3D (151)
[2019.03.12-14.26.29:229][385]LogModuleManager: Shutting down and abandoning module MetalShaderFormat (149)
[2019.03.12-14.26.29:229][385]LogModuleManager: Shutting down and abandoning module TextureFormatUncompressed (147)
[2019.03.12-14.26.29:229][385]LogModuleManager: Shutting down and abandoning module TextureFormatPVR (145)
[2019.03.12-14.26.29:229][385]LogModuleManager: Shutting down and abandoning module TextureFormatDXT (143)
[2019.03.12-14.26.29:229][385]LogModuleManager: Shutting down and abandoning module TextureFormatIntelISPCTexComp (141)
[2019.03.12-14.26.29:229][385]LogModuleManager: Shutting down and abandoning module TextureFormatASTC (139)
[2019.03.12-14.26.29:230][385]LogModuleManager: Shutting down and abandoning module ImageWrapper (138)
[2019.03.12-14.26.29:230][385]LogModuleManager: Shutting down and abandoning module TextureFormatAndroid (135)
[2019.03.12-14.26.29:230][385]LogModuleManager: Shutting down and abandoning module AudioFormatOpus (133)
[2019.03.12-14.26.29:230][385]LogModuleManager: Shutting down and abandoning module AudioFormatOgg (131)
[2019.03.12-14.26.29:230][385]LogModuleManager: Shutting down and abandoning module AudioFormatADPCM (129)
[2019.03.12-14.26.29:230][385]LogModuleManager: Shutting down and abandoning module LuminTargetPlatform (127)
[2019.03.12-14.26.29:230][385]LogModuleManager: Shutting down and abandoning module LinuxTargetPlatform (125)
[2019.03.12-14.26.29:230][385]LogModuleManager: Shutting down and abandoning module LinuxServerTargetPlatform (123)
[2019.03.12-14.26.29:230][385]LogModuleManager: Shutting down and abandoning module LinuxNoEditorTargetPlatform (121)
[2019.03.12-14.26.29:230][385]LogModuleManager: Shutting down and abandoning module LinuxClientTargetPlatform (119)
[2019.03.12-14.26.29:230][385]LogModuleManager: Shutting down and abandoning module TVOSTargetPlatform (117)
[2019.03.12-14.26.29:231][385]LogModuleManager: Shutting down and abandoning module Messaging (115)
[2019.03.12-14.26.29:232][385]LogModuleManager: Shutting down and abandoning module IOSTargetPlatform (113)
[2019.03.12-14.26.29:233][385]LogModuleManager: Shutting down and abandoning module HTML5TargetPlatform (111)
[2019.03.12-14.26.29:233][385]LogModuleManager: Shutting down and abandoning module AndroidTargetPlatform (109)
[2019.03.12-14.26.29:243][385]LogModuleManager: Shutting down and abandoning module WindowsTargetPlatform (107)
[2019.03.12-14.26.29:243][385]LogModuleManager: Shutting down and abandoning module WindowsServerTargetPlatform (105)
[2019.03.12-14.26.29:243][385]LogModuleManager: Shutting down and abandoning module WindowsNoEditorTargetPlatform (103)
[2019.03.12-14.26.29:243][385]LogModuleManager: Shutting down and abandoning module WindowsClientTargetPlatform (101)
[2019.03.12-14.26.29:243][385]LogModuleManager: Shutting down and abandoning module MacTargetPlatform (99)
[2019.03.12-14.26.29:244][385]LogModuleManager: Shutting down and abandoning module MacServerTargetPlatform (97)
[2019.03.12-14.26.29:244][385]LogModuleManager: Shutting down and abandoning module MacNoEditorTargetPlatform (95)
[2019.03.12-14.26.29:244][385]LogModuleManager: Shutting down and abandoning module MacClientTargetPlatform (93)
[2019.03.12-14.26.29:244][385]LogModuleManager: Shutting down and abandoning module AllDesktopTargetPlatform (91)
[2019.03.12-14.26.29:244][385]LogModuleManager: Shutting down and abandoning module InputCore (88)
[2019.03.12-14.26.29:244][385]LogModuleManager: Shutting down and abandoning module Settings (86)
[2019.03.12-14.26.29:244][385]LogModuleManager: Shutting down and abandoning module PhysXCooking (84)
[2019.03.12-14.26.29:244][385]LogModuleManager: Shutting down and abandoning module SteamVR (82)
[2019.03.12-14.26.29:244][385]LogModuleManager: Shutting down and abandoning module OculusHMD (80)
[2019.03.12-14.26.29:244][385]LogModuleManager: Shutting down and abandoning module ExampleDeviceProfileSelector (78)
[2019.03.12-14.26.29:244][385]LogModuleManager: Shutting down and abandoning module LauncherChunkInstaller (76)
[2019.03.12-14.26.29:244][385]LogModuleManager: Shutting down and abandoning module OnlineBlueprintSupport (74)
[2019.03.12-14.26.29:244][385]LogModuleManager: Shutting down and abandoning module OnlineSubsystem (70)
[2019.03.12-14.26.29:245][385]LogModuleManager: Shutting down and abandoning module XMPP (65)
[2019.03.12-14.26.29:245][385]LogModuleManager: Shutting down and abandoning module WebSockets (64)
[2019.03.12-14.26.29:258][385]LogModuleManager: Shutting down and abandoning module HTTP (61)
[2019.03.12-14.26.29:258][385]LogHttp: Display: Http module shutting down, but needs to wait on 1 outstanding Http requests:
[2019.03.12-14.26.29:258][385]LogHttp: Display: 	verb=[POST] url=[https://datarouter.ol.epicgames.com/datarouter/api/v1/public/data?SessionID=%7B89F92576-4C0B-EC7D-4D91-2BBF071CA1A3%7D&AppID=UEEditor.Rocket.Release&AppVersion=4.20.3-4369336%2B%2B%2BUE4%2BRelease-4.20&UserID=06d489ff448e5d45e67656816ca6c540%7C8f48124ec8fc43cfaf2a7289ee5c0681%7C46491164-0f45-4f1c-bea5-5bf642aad20c&AppEnvironment=datacollector-binary&UploadType=eteventstream] status=Processing
[2019.03.12-14.26.29:265][385]LogModuleManager: Shutting down and abandoning module SSL (60)
[2019.03.12-14.26.29:267][385]LogModuleManager: Shutting down and abandoning module MagicLeapEmulator (56)
[2019.03.12-14.26.29:267][385]LogModuleManager: Shutting down and abandoning module MagicLeapPrivileges (54)
[2019.03.12-14.26.29:267][385]LogModuleManager: Shutting down and abandoning module MagicLeapIdentity (52)
[2019.03.12-14.26.29:267][385]LogModuleManager: Shutting down and abandoning module MagicLeapHelperVulkan (50)
[2019.03.12-14.26.29:268][385]LogModuleManager: Shutting down and abandoning module MagicLeapHelperOpenGL (48)
[2019.03.12-14.26.29:268][385]LogModuleManager: Shutting down and abandoning module MagicLeapSecureStorage (46)
[2019.03.12-14.26.29:268][385]LogModuleManager: Shutting down and abandoning module MagicLeapGestures (44)
[2019.03.12-14.26.29:268][385]LogModuleManager: Shutting down and abandoning module MagicLeapEyeTracker (42)
[2019.03.12-14.26.29:268][385]LogModuleManager: Shutting down and abandoning module MagicLeapController (40)
[2019.03.12-14.26.29:268][385]LogSlate: Slate User Destroyed.  User Index 0, Is Virtual User: 0
[2019.03.12-14.26.29:268][385]LogModuleManager: Shutting down and abandoning module MagicLeap (38)
[2019.03.12-14.26.29:268][385]LogModuleManager: Shutting down and abandoning module AnimationModifiers (36)
[2019.03.12-14.26.29:268][385]LogModuleManager: Shutting down and abandoning module PropertyEditor (35)
[2019.03.12-14.26.29:268][385]LogModuleManager: Shutting down and abandoning module AudioEditor (32)
[2019.03.12-14.26.29:268][385]LogModuleManager: Shutting down and abandoning module TextureCompressor (30)
[2019.03.12-14.26.29:269][385]LogModuleManager: Shutting down and abandoning module ShaderCore (28)
[2019.03.12-14.26.29:269][385]LogModuleManager: Shutting down and abandoning module Landscape (26)
[2019.03.12-14.26.29:269][385]LogModuleManager: Shutting down and abandoning module SlateRHIRenderer (24)
[2019.03.12-14.26.29:270][385]LogModuleManager: Shutting down and abandoning module OpenGLDrv (22)
[2019.03.12-14.26.29:270][385]LogModuleManager: Shutting down and abandoning module D3D11RHI (20)
[2019.03.12-14.26.29:270][385]LogModuleManager: Shutting down and abandoning module AnimGraphRuntime (18)
[2019.03.12-14.26.29:270][385]LogModuleManager: Shutting down and abandoning module Renderer (16)
[2019.03.12-14.26.29:270][385]LogModuleManager: Shutting down and abandoning module Engine (14)
[2019.03.12-14.26.29:270][385]LogModuleManager: Shutting down and abandoning module CoreUObject (12)
[2019.03.12-14.26.29:270][385]LogModuleManager: Shutting down and abandoning module NetworkFile (10)
[2019.03.12-14.26.29:270][385]LogModuleManager: Shutting down and abandoning module CookedIterativeFile (8)
[2019.03.12-14.26.29:270][385]LogModuleManager: Shutting down and abandoning module StreamingFile (6)
[2019.03.12-14.26.29:270][385]LogModuleManager: Shutting down and abandoning module SandboxFile (4)
[2019.03.12-14.26.29:270][385]LogModuleManager: Shutting down and abandoning module PakFile (2)
[2019.03.12-14.26.29:280][385]LogExit: Exiting.
[2019.03.12-14.26.29:312][385]Log file closed, 03/12/19 14:26:29
