Log file open, 04/06/19 12:31:54
LogWindows: Failed to load 'aqProf.dll' (GetLastError=126)
LogWindows: File 'aqProf.dll' does not exist
LogWindows: Failed to load 'VSPerf140.dll' (GetLastError=126)
LogWindows: File 'VSPerf140.dll' does not exist
LogWindows: Failed to load 'VtuneApi.dll' (GetLastError=126)
LogWindows: File 'VtuneApi.dll' does not exist
LogWindows: Failed to load 'VtuneApi32e.dll' (GetLastError=126)
LogWindows: File 'VtuneApi32e.dll' does not exist
LogInit: Display: Running engine for game: GroupProject
LogPlatformFile: Not using cached read wrapper
LogTaskGraph: Started task graph with 5 named threads and 23 total threads with 3 sets of task threads.
LogStats: Stats thread started at 0.944795
LogD3D11RHI: Loaded GFSDK_Aftermath_Lib.x64.dll
LogICUInternationalization: Display: ICU TimeZone Detection - Raw Offset: +0:00, Platform Override: ''
LogPluginManager: Mounting plugin Paper2D
LogPluginManager: Mounting plugin AISupport
LogPluginManager: Mounting plugin LightPropagationVolume
LogPluginManager: Mounting plugin CLionSourceCodeAccess
LogPluginManager: Mounting plugin CodeLiteSourceCodeAccess
LogPluginManager: Mounting plugin GitSourceControl
LogPluginManager: Mounting plugin KDevelopSourceCodeAccess
LogPluginManager: Mounting plugin NullSourceCodeAccess
LogPluginManager: Mounting plugin PerforceSourceControl
LogPluginManager: Mounting plugin SubversionSourceControl
LogPluginManager: Mounting plugin UObjectPlugin
LogPluginManager: Mounting plugin VisualStudioCodeSourceCodeAccess
LogPluginManager: Mounting plugin VisualStudioSourceCodeAccess
LogPluginManager: Mounting plugin XCodeSourceCodeAccess
LogPluginManager: Mounting plugin AssetManagerEditor
LogPluginManager: Mounting plugin CryptoKeys
LogPluginManager: Mounting plugin DataValidation
LogPluginManager: Mounting plugin FacialAnimation
LogPluginManager: Mounting plugin GameplayTagsEditor
LogPluginManager: Mounting plugin MacGraphicsSwitching
LogPluginManager: Mounting plugin MeshEditor
LogPluginManager: Mounting plugin MobileLauncherProfileWizard
LogPluginManager: Mounting plugin PluginBrowser
LogPluginManager: Mounting plugin SpeedTreeImporter
LogPluginManager: Mounting plugin DatasmithContent
LogPluginManager: Mounting plugin AlembicImporter
LogPluginManager: Mounting plugin AppleImageUtils
LogPluginManager: Mounting plugin AppleVision
LogPluginManager: Mounting plugin BackChannel
LogPluginManager: Mounting plugin CharacterAI
LogPluginManager: Mounting plugin GeometryCache
LogPluginManager: Mounting plugin HTML5Networking
LogPluginManager: Mounting plugin ProxyLODPlugin
LogPluginManager: Mounting plugin MagicLeap
LogPluginManager: Mounting plugin MagicLeapEmulator
LogPluginManager: Mounting plugin MagicLeapMedia
LogPluginManager: Mounting plugin AndroidMedia
LogPluginManager: Mounting plugin AvfMedia
LogPluginManager: Mounting plugin ImgMedia
LogPluginManager: Mounting plugin LinearTimecode
LogPluginManager: Mounting plugin MediaCompositing
LogPluginManager: Mounting plugin MediaPlayerEditor
LogPluginManager: Mounting plugin WmfMedia
LogPluginManager: Mounting plugin TcpMessaging
LogPluginManager: Mounting plugin UdpMessaging
LogPluginManager: Mounting plugin ActorSequence
LogPluginManager: Mounting plugin LevelSequenceEditor
LogPluginManager: Mounting plugin MatineeToLevelSequence
LogPluginManager: Mounting plugin NetcodeUnitTest
LogPluginManager: Mounting plugin NUTUnrealEngine4
LogPluginManager: Mounting plugin OnlineSubsystemGooglePlay
LogPluginManager: Mounting plugin OnlineSubsystemIOS
LogPluginManager: Mounting plugin OnlineSubsystem
LogPluginManager: Mounting plugin OnlineSubsystemNull
LogPluginManager: Mounting plugin OnlineSubsystemUtils
LogPluginManager: Mounting plugin LauncherChunkInstaller
LogPluginManager: Mounting plugin AndroidDeviceProfileSelector
LogPluginManager: Mounting plugin AndroidMoviePlayer
LogPluginManager: Mounting plugin AndroidPermission
LogPluginManager: Mounting plugin ApexDestruction
LogPluginManager: Mounting plugin AppleMoviePlayer
LogPluginManager: Mounting plugin ArchVisCharacter
LogPluginManager: Mounting plugin AudioCapture
LogPluginManager: Mounting plugin CableComponent
LogPluginManager: Mounting plugin CustomMeshComponent
LogPluginManager: Mounting plugin EditableMesh
LogPluginManager: Mounting plugin ExampleDeviceProfileSelector
LogPluginManager: Mounting plugin GoogleCloudMessaging
LogPluginManager: Mounting plugin ImmediatePhysics
LogPluginManager: Mounting plugin IOSDeviceProfileSelector
LogPluginManager: Mounting plugin LinuxDeviceProfileSelector
LogPluginManager: Mounting plugin LocationServicesBPLibrary
LogPluginManager: Mounting plugin MobilePatchingUtils
LogPluginManager: Mounting plugin OculusVR
LogPluginManager: Plugin shader directory ../../../Engine/Plugins/Runtime/Oculus/OculusVR/Shaders found
LogPluginManager: Mapping shader source directory ../../../Engine/Plugins/Runtime/Oculus/OculusVR/Shaders to virtual directory /Plugin/OculusVR
LogPluginManager: Mounting plugin PhysXVehicles
LogPluginManager: Mounting plugin ProceduralMeshComponent
LogPluginManager: Mounting plugin RuntimePhysXCooking
LogPluginManager: Mounting plugin SteamVR
LogPluginManager: Mounting plugin WindowsMoviePlayer
LogStreaming: Display: Took  0.328s to configure plugins.
LogInit: Using libcurl 7.55.1-DEV
LogInit:  - built for x86_64-pc-win32
LogInit:  - supports SSL with OpenSSL/1.0.2h
LogInit:  - supports HTTP deflate (compression) using libz 1.2.8
LogInit:  - other features:
LogInit:      CURL_VERSION_SSL
LogInit:      CURL_VERSION_LIBZ
LogInit:      CURL_VERSION_IPV6
LogInit:      CURL_VERSION_ASYNCHDNS
LogInit:      CURL_VERSION_LARGEFILE
LogInit:      CURL_VERSION_IDN
LogInit:  CurlRequestOptions (configurable via config and command line):
LogInit:  - bVerifyPeer = false  - Libcurl will NOT verify peer certificate
LogInit:  - bUseHttpProxy = false  - Libcurl will NOT use HTTP proxy
LogInit:  - bDontReuseConnections = false  - Libcurl will reuse connections
LogInit:  - CertBundlePath = nullptr  - Libcurl will use whatever was configured at build time.
LogInit:  - MaxHostConnections = 16  - Libcurl will limit the number of connections to a host
LogInit:  - LocalHostAddr = Default
LogInit:  - BufferSize = 65536
LogInit: WinSock: version 1.1 (2.2), MaxSocks=32767, MaxUdp=65467
LogInit: Build: ++UE4+Release-4.20-CL-4369336
LogInit: Engine Version: 4.20.3-4369336+++UE4+Release-4.20
LogInit: Compatible Engine Version: 4.20.0-4212847+++UE4+Release-4.20
LogInit: Net CL: 4212847
LogInit: OS: Windows 7 (Service Pack 1), CPU: AMD FX(tm)-9370 Eight-Core Processor           , GPU: NVIDIA GeForce GTX 970
LogInit: Compiled (64-bit): Sep 17 2018 12:26:19
LogInit: Compiled with Visual C++: 19.13.26129.00
LogInit: Build Configuration: Development
LogInit: Branch Name: ++UE4+Release-4.20
LogInit: Command Line:  
LogInit: Base Directory: G:/Unreal Engine Install Directory/UE_4.20/Engine/Binaries/Win64/
LogInit: Installed Engine Build: 1
LogDevObjectVersion: Number of dev versions registered: 20
LogDevObjectVersion:   Dev-Blueprints (B0D832E4-1F89-4F0D-ACCF-7EB736FD4AA2): 10
LogDevObjectVersion:   Dev-Build (E1C64328-A22C-4D53-A36C-8E866417BD8C): 0
LogDevObjectVersion:   Dev-Core (375EC13C-06E4-48FB-B500-84F0262A717E): 2
LogDevObjectVersion:   Dev-Editor (E4B068ED-F494-42E9-A231-DA0B2E46BB41): 24
LogDevObjectVersion:   Dev-Framework (CFFC743F-43B0-4480-9391-14DF171D2073): 34
LogDevObjectVersion:   Dev-Mobile (B02B49B5-BB20-44E9-A304-32B752E40360): 2
LogDevObjectVersion:   Dev-Networking (A4E4105C-59A1-49B5-A7C5-40C4547EDFEE): 0
LogDevObjectVersion:   Dev-Online (39C831C9-5AE6-47DC-9A44-9C173E1C8E7C): 0
LogDevObjectVersion:   Dev-Physics (78F01B33-EBEA-4F98-B9B4-84EACCB95AA2): 0
LogDevObjectVersion:   Dev-Platform (6631380F-2D4D-43E0-8009-CF276956A95A): 0
LogDevObjectVersion:   Dev-Rendering (12F88B9F-8875-4AFC-A67C-D90C383ABD29): 26
LogDevObjectVersion:   Dev-Sequencer (7B5AE74C-D270-4C10-A958-57980B212A5A): 9
LogDevObjectVersion:   Dev-VR (D7296918-1DD6-4BDD-9DE2-64A83CC13884): 2
LogDevObjectVersion:   Dev-LoadTimes (C2A15278-BFE7-4AFE-6C17-90FF531DF755): 1
LogDevObjectVersion:   Private-Geometry (6EACA3D4-40EC-4CC1-B786-8BED09428FC5): 3
LogDevObjectVersion:   Dev-AnimPhys (29E575DD-E0A3-4627-9D10-D276232CDCEA): 17
LogDevObjectVersion:   Dev-ReflectionCapture (6B266CEC-1EC7-4B8F-A30B-E4D90942FC07): 1
LogDevObjectVersion:   Dev-Automation (0DF73D61-A23F-47EA-B727-89E90C41499A): 1
LogDevObjectVersion:   FortniteMain (601D1886-AC64-4F84-AA16-D3DE0DEAC7D6): 12
LogDevObjectVersion:   Dev-Enterprise (9DFFBCD6-494F-0158-E221-12823C92A888): 1
LogStreaming: Display: Took  0.001s to delete old logs.
LogInit: Presizing for max 8388607 objects, including 0 objects not considered by GC, pre-allocating 0 bytes for permanent pool.
LogInit: Object subsystem initialized
[2019.04.06-11.31.55:519][  0]LogInit: Selected Device Profile: [Windows]
[2019.04.06-11.31.55:519][  0]LogInit: Applying CVar settings loaded from the selected device profile: [Windows]
[2019.04.06-11.31.55:559][  0]LogHAL: Display: Platform has ~ 16 GB [17072640000 / 17179869184 / 16], which maps to Larger [LargestMinGB=32, LargerMinGB=12, DefaultMinGB=8, SmallerMinGB=6, SmallestMinGB=0)
[2019.04.06-11.31.55:560][  0]LogInit: Setting Device Profile CVar: [[r.Vulkan.UseRealUBs:1]]
[2019.04.06-11.31.55:568][  0]LogInit: Going up to parent DeviceProfile []
[2019.04.06-11.31.55:570][  0]LogInit: Computer: DAN-PC
[2019.04.06-11.31.55:570][  0]LogInit: User: Dan
[2019.04.06-11.31.55:570][  0]LogInit: CPU Page size=4096, Cores=4
[2019.04.06-11.31.55:570][  0]LogInit: High frequency timer resolution =4.311416 MHz
[2019.04.06-11.31.55:570][  0]LogMemory: Memory total: Physical=15.9GB (16GB approx)
[2019.04.06-11.31.55:570][  0]LogMemory: Platform Memory Stats for Windows
[2019.04.06-11.31.55:570][  0]LogMemory: Process Physical Memory: 104.97 MB used, 104.97 MB peak
[2019.04.06-11.31.55:570][  0]LogMemory: Process Virtual Memory: 94.20 MB used, 94.20 MB peak
[2019.04.06-11.31.55:570][  0]LogMemory: Physical Memory: 6916.49 MB used,  9365.25 MB free, 16281.74 MB total
[2019.04.06-11.31.55:570][  0]LogMemory: Virtual Memory: 494.71 MB used,  9365.25 MB free, 8388608.00 MB total
[2019.04.06-11.31.56:069][  0]LogInit: Using OS detected language (en-GB).
[2019.04.06-11.31.56:069][  0]LogInit: Using OS detected locale (en-GB).
[2019.04.06-11.31.56:091][  0]LogTextLocalizationManager: No specific localization for 'en-GB' exists, so the 'en' localization will be used.
[2019.04.06-11.31.56:682][  0]LogStreaming: Display: Took  0.613s to InitEngineTextLocalization.
[2019.04.06-11.31.56:682][  0]LogWindows: Failed to load 'shcore.dll' (GetLastError=126)
[2019.04.06-11.31.56:682][  0]LogWindows: File 'shcore.dll' does not exist
[2019.04.06-11.31.56:682][  0]LogInit: Setting process to DPI aware
[2019.04.06-11.31.56:825][  0]LogSlate: New Slate User Created.  User Index 0, Is Virtual User: 0
[2019.04.06-11.31.56:825][  0]LogSlate: Slate User Registered.  User Index 0, Is Virtual User: 0
[2019.04.06-11.31.57:534][  0]LogHMD: Failed to initialize OpenVR with code 110
[2019.04.06-11.31.57:534][  0]LogD3D11RHI: D3D11 adapters:
[2019.04.06-11.31.57:680][  0]LogD3D11RHI:    0. 'NVIDIA GeForce GTX 970' (Feature Level 11_0)
[2019.04.06-11.31.57:680][  0]LogD3D11RHI:       4007/0/7884 MB DedicatedVideo/DedicatedSystem/SharedSystem, Outputs:2, VendorId:0x10de
[2019.04.06-11.31.57:680][  0]LogD3D11RHI: Chosen D3D11 Adapter: 0
[2019.04.06-11.31.57:688][  0]LogD3D11RHI: Creating new Direct3DDevice
[2019.04.06-11.31.57:689][  0]LogD3D11RHI:     GPU DeviceId: 0x13c2 (for the marketing name, search the web for "GPU Device Id")
[2019.04.06-11.31.57:689][  0]LogWindows: EnumDisplayDevices:
[2019.04.06-11.31.57:689][  0]LogWindows:    0. 'NVIDIA GeForce GTX 970' (P:0 D:1)
[2019.04.06-11.31.57:689][  0]LogWindows:    1. 'NVIDIA GeForce GTX 970' (P:1 D:1)
[2019.04.06-11.31.57:690][  0]LogWindows:    2. 'NVIDIA GeForce GTX 970' (P:0 D:0)
[2019.04.06-11.31.57:690][  0]LogWindows:    3. 'NVIDIA GeForce GTX 970' (P:0 D:0)
[2019.04.06-11.31.57:690][  0]LogWindows:    4. 'RDPDD Chained DD' (P:0 D:0)
[2019.04.06-11.31.57:690][  0]LogWindows:    5. 'RDP Encoder Mirror Driver' (P:0 D:0)
[2019.04.06-11.31.57:691][  0]LogWindows:    6. 'RDP Reflector Display Driver' (P:0 D:0)
[2019.04.06-11.31.57:691][  0]LogWindows: DebugString: GetVideoDriverDetailsInvalid PrimaryIsNotTheChoosenAdapter GetVideoDriverDetailsInvalid PrimaryIsNotTheChoosenAdapter GetVideoDriverDetailsInvalid PrimaryIsNotTheChoosenAdapter FoundDriverCount:4 
[2019.04.06-11.31.57:691][  0]LogD3D11RHI:     Adapter Name: NVIDIA GeForce GTX 970
[2019.04.06-11.31.57:691][  0]LogD3D11RHI:   Driver Version: 388.13 (internal:23.21.13.8813, unified:388.13)
[2019.04.06-11.31.57:691][  0]LogD3D11RHI:      Driver Date: 10-27-2017
[2019.04.06-11.31.57:691][  0]LogRHI: Texture pool is 2805 MB (70% of 4007 MB)
[2019.04.06-11.31.57:706][  0]LogD3D11RHI: Async texture creation enabled
[2019.04.06-11.31.57:808][  0]LogD3D11RHI: GPU Timing Frequency: 1000.000000 (Debug: 2 2)
[2019.04.06-11.31.57:907][  0]LogShaderCompilers: Guid format shader working directory is -74 characters bigger than the processId version (../../../../../Documents/Uni/Northumbria/Year 2/Software Practice/Team-Molyneux-3-/Project/Unreal Project/GroupProject/Intermediate/Shaders/WorkingDirectory/1168/).
[2019.04.06-11.31.57:907][  0]LogShaderCompilers: Cleaned the shader compiler working directory 'C:/Users/Dan/AppData/Local/Temp/UnrealShaderWorkingDir/17735EC849536CF4D247D3A7D20F5C52/'.
[2019.04.06-11.31.58:888][  0]LogTemp: Display: Loaded TP AllDesktopTargetPlatform
[2019.04.06-11.31.58:926][  0]LogTemp: Display: Loaded TP MacClientTargetPlatform
[2019.04.06-11.31.58:967][  0]LogTemp: Display: Loaded TP MacNoEditorTargetPlatform
[2019.04.06-11.31.59:007][  0]LogTemp: Display: Loaded TP MacServerTargetPlatform
[2019.04.06-11.31.59:047][  0]LogTemp: Display: Loaded TP MacTargetPlatform
[2019.04.06-11.31.59:090][  0]LogTemp: Display: Loaded TP WindowsClientTargetPlatform
[2019.04.06-11.31.59:129][  0]LogTemp: Display: Loaded TP WindowsNoEditorTargetPlatform
[2019.04.06-11.31.59:175][  0]LogTemp: Display: Loaded TP WindowsServerTargetPlatform
[2019.04.06-11.31.59:204][  0]LogTemp: Display: Loaded TP WindowsTargetPlatform
[2019.04.06-11.31.59:340][  0]LogTemp: Display: Loaded TP AndroidTargetPlatform
[2019.04.06-11.31.59:340][  0]LogTemp: Display: Loaded TP AndroidTargetPlatform
[2019.04.06-11.31.59:340][  0]LogTemp: Display: Loaded TP AndroidTargetPlatform
[2019.04.06-11.31.59:340][  0]LogTemp: Display: Loaded TP AndroidTargetPlatform
[2019.04.06-11.31.59:340][  0]LogTemp: Display: Loaded TP AndroidTargetPlatform
[2019.04.06-11.31.59:340][  0]LogTemp: Display: Loaded TP AndroidTargetPlatform
[2019.04.06-11.31.59:340][  0]LogTemp: Display: Loaded TP AndroidTargetPlatform
[2019.04.06-11.31.59:340][  0]LogTemp: Display: Loaded TP AndroidTargetPlatform
[2019.04.06-11.31.59:340][  0]LogTemp: Display: Loaded TP AndroidTargetPlatform
[2019.04.06-11.31.59:340][  0]LogTemp: Display: Loaded TP AndroidTargetPlatform
[2019.04.06-11.31.59:340][  0]LogTemp: Display: Loaded TP AndroidTargetPlatform
[2019.04.06-11.31.59:340][  0]LogTemp: Display: Loaded TP AndroidTargetPlatform
[2019.04.06-11.31.59:340][  0]LogTemp: Display: Loaded TP AndroidTargetPlatform
[2019.04.06-11.31.59:340][  0]LogTemp: Display: Loaded TP AndroidTargetPlatform
[2019.04.06-11.31.59:340][  0]LogTemp: Display: Loaded TP AndroidTargetPlatform
[2019.04.06-11.31.59:340][  0]LogTemp: Display: Loaded TP AndroidTargetPlatform
[2019.04.06-11.31.59:340][  0]LogTemp: Display: Loaded TP AndroidTargetPlatform
[2019.04.06-11.31.59:340][  0]LogTemp: Display: Loaded TP AndroidTargetPlatform
[2019.04.06-11.31.59:370][  0]LogTemp: Display: Loaded TP HTML5TargetPlatform
[2019.04.06-11.31.59:584][  0]LogTemp: Display: Loaded TP IOSTargetPlatform
[2019.04.06-11.31.59:584][  0]LogTemp: Display: Loaded TP IOSTargetPlatform
[2019.04.06-11.31.59:634][  0]LogTemp: Display: Loaded TP TVOSTargetPlatform
[2019.04.06-11.31.59:634][  0]LogTemp: Display: Loaded TP TVOSTargetPlatform
[2019.04.06-11.31.59:670][  0]LogTemp: Display: Loaded TP LinuxClientTargetPlatform
[2019.04.06-11.31.59:706][  0]LogTemp: Display: Loaded TP LinuxNoEditorTargetPlatform
[2019.04.06-11.31.59:743][  0]LogTemp: Display: Loaded TP LinuxServerTargetPlatform
[2019.04.06-11.31.59:796][  0]LogTemp: Display: Loaded TP LinuxTargetPlatform
[2019.04.06-11.31.59:828][  0]LogTemp: Display: Loaded TP LuminTargetPlatform
[2019.04.06-11.31.59:828][  0]LogTargetPlatformManager: Display: Building Assets For Windows
[2019.04.06-11.32.00:631][  0]LogXGEController: Cleaning working directory: C:/Users/Dan/AppData/Local/Temp/UnrealXGEWorkingDir/
[2019.04.06-11.32.00:631][  0]LogXGEController: Cannot use XGE Controller as Incredibuild is not installed on this machine.
[2019.04.06-11.32.00:631][  0]LogShaderCompilers: Cannot use XGE Shader Compiler as Incredibuild is not installed on this machine.
[2019.04.06-11.32.00:631][  0]LogShaderCompilers: Display: Using Local Shader Compiler.
[2019.04.06-11.32.01:954][  0]LogDerivedDataCache: Display: Max Cache Size: 512 MB
[2019.04.06-11.32.02:219][  0]LogDerivedDataCache: Loaded boot cache 0.26s 71MB C:/Users/Dan/AppData/Local/UnrealEngine/4.20/DerivedDataCache/Boot.ddc.
[2019.04.06-11.32.02:219][  0]LogDerivedDataCache: Display: Loaded Boot cache: C:/Users/Dan/AppData/Local/UnrealEngine/4.20/DerivedDataCache/Boot.ddc
[2019.04.06-11.32.02:219][  0]LogDerivedDataCache: FDerivedDataBackendGraph:  Pak pak cache file ../../../../../Documents/Uni/Northumbria/Year 2/Software Practice/Team-Molyneux-3-/Project/Unreal Project/GroupProject/DerivedDataCache/DDC.ddp not found, will not use a pak cache.
[2019.04.06-11.32.02:220][  0]LogDerivedDataCache: Unable to find inner node Pak for hierarchical cache Hierarchy.
[2019.04.06-11.32.02:220][  0]LogDerivedDataCache: FDerivedDataBackendGraph:  CompressedPak pak cache file ../../../../../Documents/Uni/Northumbria/Year 2/Software Practice/Team-Molyneux-3-/Project/Unreal Project/GroupProject/DerivedDataCache/Compressed.ddp not found, will not use a pak cache.
[2019.04.06-11.32.02:220][  0]LogDerivedDataCache: Unable to find inner node CompressedPak for hierarchical cache Hierarchy.
[2019.04.06-11.32.02:250][  0]LogDerivedDataCache: Display: Pak cache opened for reading ../../../Engine/DerivedDataCache/Compressed.ddp.
[2019.04.06-11.32.02:263][  0]LogDerivedDataCache: Using Local data cache path C:/Users/Dan/AppData/Local/UnrealEngine/Common/DerivedDataCache: Writable
[2019.04.06-11.32.02:263][  0]LogDerivedDataCache: Shared data cache path not found in *engine.ini, will not use an Shared cache.
[2019.04.06-11.32.02:263][  0]LogDerivedDataCache: Unable to find inner node Shared for hierarchical cache Hierarchy.
[2019.04.06-11.32.02:292][  0]LogMaterial: Verifying Global Shaders for PCD3D_SM5
[2019.04.06-11.32.02:294][  0]LogSlate: Using FreeType 2.6.0
[2019.04.06-11.32.02:297][  0]LogSlate: SlateFontServices - WITH_FREETYPE: 1, WITH_HARFBUZZ: 1
[2019.04.06-11.32.02:542][  0]LogAssetRegistry: FAssetRegistry took 0.0264 seconds to start up
[2019.04.06-11.32.03:167][  0]LogInit: Selected Device Profile: [Windows]
[2019.04.06-11.32.03:887][  0]LogSimplygon: Simplygon DLL not present - disabling.
[2019.04.06-11.32.04:002][  0]LogMeshReduction: Using SimplygonSwarm for distributed automatic mesh merging
[2019.04.06-11.32.04:002][  0]LogMeshReduction: Using ProxyLODMeshReduction for automatic mesh merging
[2019.04.06-11.32.04:002][  0]LogMeshReduction: Using QuadricMeshReduction for automatic static mesh reduction
[2019.04.06-11.32.04:002][  0]LogMeshReduction: No automatic skeletal mesh reduction module available
[2019.04.06-11.32.04:062][  0]LogNetVersion: GroupProject 1.0.0, NetCL: 4212847, EngineNetVer: 5, GameNetVer: 0 (Checksum: 857663312)
[2019.04.06-11.32.05:070][  0]LogPackageLocalizationCache: Processed 11 localized package path(s) for 2 prioritized culture(s) in 0.190886 seconds
[2019.04.06-11.32.05:079][  0]LogUObjectArray: 38425 objects as part of root set at end of initial load.
[2019.04.06-11.32.05:079][  0]LogUObjectAllocator: 6690872 out of 0 bytes used by permanent object pool.
[2019.04.06-11.32.05:079][  0]LogUObjectArray: CloseDisregardForGC: 0/0 objects in disregard for GC pool
[2019.04.06-11.32.08:984][  0]LogTcpMessaging: Initializing TcpMessaging bridge
[2019.04.06-11.32.09:019][  0]LogUdpMessaging: Initializing bridge on interface 0.0.0.0:0 to multicast group 230.0.0.1:6666.
[2019.04.06-11.32.09:734][  0]SourceControl: Source control is disabled
[2019.04.06-11.32.09:734][  0]SourceControl: Source control is disabled
[2019.04.06-11.32.09:809][  0]SourceControl: Source control is disabled
[2019.04.06-11.32.09:832][  0]SourceControl: Source control is disabled
[2019.04.06-11.32.11:000][  0]LogAndroidPermission: UAndroidPermissionCallbackProxy::GetInstance
[2019.04.06-11.32.11:230][  0]LogOcInput: OculusInput pre-init called
[2019.04.06-11.32.11:430][  0]LogEngine: Initializing Engine...
[2019.04.06-11.32.11:433][  0]LogHMD: Failed to initialize OpenVR with code 110
[2019.04.06-11.32.11:435][  0]LogStats: UGameplayTagsManager::ConstructGameplayTagTree: ImportINI prefixes -  0.000 s
[2019.04.06-11.32.11:435][  0]LogStats: UGameplayTagsManager::ConstructGameplayTagTree: Construct from data asset -  0.000 s
[2019.04.06-11.32.11:435][  0]LogStats: UGameplayTagsManager::ConstructGameplayTagTree: ImportINI -  0.000 s
[2019.04.06-11.32.11:435][  0]LogStats: UGameplayTagsManager::ConstructGameplayTagTree: GameplayTagTreeChangedEvent.Broadcast -  0.000 s
[2019.04.06-11.32.11:773][  0]LogInit: Initializing FReadOnlyCVARCache
[2019.04.06-11.32.11:832][  0]LogAIModule: Creating AISystem for world Untitled
[2019.04.06-11.32.11:900][  0]LogInit: XAudio2 using 'Speakers (Realtek High Definition Audio)' : 2 channels at 48 kHz using 32 bits per sample (channel mask 0x3)
[2019.04.06-11.32.11:918][  0]LogInit: FAudioDevice initialized.
[2019.04.06-11.32.11:919][  0]LogNetVersion: Set ProjectVersion to 1.0.0.0. Version Checksum will be recalculated on next use.
[2019.04.06-11.32.12:119][  0]LogDerivedDataCache: Saved boot cache 0.20s 71MB C:/Users/Dan/AppData/Local/UnrealEngine/4.20/DerivedDataCache/Boot.ddc.
[2019.04.06-11.32.12:129][  0]LogInit: Texture streaming: Enabled
[2019.04.06-11.32.12:246][  0]LogEngineSessionManager: EngineSessionManager initialized
[2019.04.06-11.32.12:285][  0]LogInit: Transaction tracking system initialized
[2019.04.06-11.32.12:437][  0]BlueprintLog: New page: Editor Load
[2019.04.06-11.32.13:345][  0]LocalizationService: Localization service is disabled
[2019.04.06-11.32.14:281][  0]LogCook: Display: Max memory allowance for cook 16384mb min free memory 0mb
[2019.04.06-11.32.14:281][  0]LogCook: Display: Mobile HDR setting 1
[2019.04.06-11.32.14:281][  0]LogGameplayTags: Display: UGameplayTagsManager::DoneAddingNativeTags. DelegateIsBound: 0
[2019.04.06-11.32.14:281][  0]LogStats: UGameplayTagsManager::ConstructGameplayTagTree: ImportINI prefixes -  0.000 s
[2019.04.06-11.32.14:281][  0]LogStats: UGameplayTagsManager::ConstructGameplayTagTree: Construct from data asset -  0.000 s
[2019.04.06-11.32.14:281][  0]LogStats: UGameplayTagsManager::ConstructGameplayTagTree: ImportINI -  0.000 s
[2019.04.06-11.32.14:281][  0]LogStats: UGameplayTagsManager::ConstructGameplayTagTree: GameplayTagTreeChangedEvent.Broadcast -  0.000 s
[2019.04.06-11.32.14:339][  0]LogFileCache: Scanning file cache for directory 'G:/Documents/Uni/Northumbria/Year 2/Software Practice/Team-Molyneux-3-/Project/Unreal Project/GroupProject/Content/' took 0.05s
[2019.04.06-11.32.15:433][  0]SourceControl: Source control is disabled
[2019.04.06-11.32.15:434][  0]LightingResults: New page: Lighting Build
[2019.04.06-11.32.15:442][  0]MapCheck: New page: Map Check
[2019.04.06-11.32.15:442][  0]LightingResults: New page: Lighting Build
[2019.04.06-11.32.17:964][  0]LogMaterial: Display: Missing cached shader map for material M_Metal_Burnished_Steel, compiling. 
[2019.04.06-11.32.18:010][  0]LogMaterial: Warning: G:\Documents\Uni\Northumbria\Year 2\Software Practice\Team-Molyneux-3-\Project\Unreal Project\GroupProject\Content\Materials\M_Metal_Burnished_Steel.uasset: Failed to compile Material for platform PCD3D_SM5, Default Material will be used in game.
[2019.04.06-11.32.18:010][  0]LogMaterial: 	(Node TextureSample) TextureSample> Sampler type is Color, should be Linear Color for /Game/StarterContent/Textures/T_MacroVariation.T_MacroVariation
[2019.04.06-11.32.18:698][  0]LogAIModule: Creating AISystem for world ThirdPersonExampleMap
[2019.04.06-11.32.18:824][  0]LogEditorServer: Finished looking for orphan Actors (0.000 secs)
[2019.04.06-11.32.18:923][  0]Cmd: MAP CHECKDEP NOCLEARLOG
[2019.04.06-11.32.19:010][  0]MapCheck: Map check complete: 0 Error(s), 0 Warning(s), took 87.376ms to complete.
[2019.04.06-11.32.19:010][  0]LogFileHelpers: Loading map 'ThirdPersonExampleMap' took 3.578
[2019.04.06-11.32.19:158][  0]LogSlate: Updating window title bar state: overlay mode, drag disabled, window buttons hidden, title bar hidden
[2019.04.06-11.32.19:170][  0]LogSlate: Updating window title bar state: overlay mode, drag disabled, window buttons hidden, title bar hidden
[2019.04.06-11.32.19:180][  0]LogSlate: Updating window title bar state: overlay mode, drag disabled, window buttons hidden, title bar hidden
[2019.04.06-11.32.19:192][  0]LogSlate: Updating window title bar state: overlay mode, drag disabled, window buttons hidden, title bar hidden
[2019.04.06-11.32.19:230][  0]LogCollectionManager: Loaded 0 collections in 0.004537 seconds
[2019.04.06-11.32.19:288][  0]LogFileCache: Scanning file cache for directory 'G:/Documents/Uni/Northumbria/Year 2/Software Practice/Team-Molyneux-3-/Project/Unreal Project/GroupProject/Saved/Collections/' took 0.01s
[2019.04.06-11.32.19:288][  0]LogFileCache: Scanning file cache for directory 'G:/Documents/Uni/Northumbria/Year 2/Software Practice/Team-Molyneux-3-/Project/Unreal Project/GroupProject/Content/Developers/Dan/Collections/' took 0.01s
[2019.04.06-11.32.19:288][  0]LogFileCache: Scanning file cache for directory 'G:/Documents/Uni/Northumbria/Year 2/Software Practice/Team-Molyneux-3-/Project/Unreal Project/GroupProject/Content/Collections/' took 0.01s
[2019.04.06-11.32.19:288][  0]LogCollectionManager: Rebuilt the GUID cache for 0 collections in 0.000001 seconds
[2019.04.06-11.32.19:306][  0]LogContentBrowser: Native class hierarchy populated in 0.0171 seconds. Added 2581 classes and 608 folders.
[2019.04.06-11.32.19:321][  0]LogContentBrowser: Native class hierarchy updated for 'WidgetCarousel' in 0.0003 seconds. Added 0 classes and 0 folders.
[2019.04.06-11.32.19:714][  0]LogContentBrowser: Native class hierarchy updated for 'AddContentDialog' in 0.0003 seconds. Added 0 classes and 0 folders.
[2019.04.06-11.32.19:769][  0]LogContentBrowser: Native class hierarchy updated for 'SceneOutliner' in 0.0005 seconds. Added 1 classes and 2 folders.
[2019.04.06-11.32.19:912][  0]LogSlate: Took 0.002434 seconds to synchronously load lazily loaded font '../../../Engine/Content/Slate/Fonts/Roboto-Regular.ttf' (155K)
[2019.04.06-11.32.19:918][  0]LogSlate: Took 0.003313 seconds to synchronously load lazily loaded font '../../../Engine/Content/Slate/Fonts/Roboto-Bold.ttf' (160K)
[2019.04.06-11.32.19:927][  0]LogSlate: Took 0.001972 seconds to synchronously load lazily loaded font '../../../Engine/Content/Editor/Slate/Fonts/FontAwesome.ttf' (139K)
[2019.04.06-11.32.20:088][  0]LogRenderer: Reallocating scene render targets to support 1496x520 Format 10 NumSamples 1 (Frame:1).
[2019.04.06-11.32.20:243][  0]LogSlate: Took 0.001947 seconds to synchronously load lazily loaded font '../../../Engine/Content/Slate/Fonts/Roboto-Light.ttf' (167K)
[2019.04.06-11.32.20:442][  0]LogContentBrowser: Native class hierarchy updated for 'HierarchicalLODOutliner' in 0.0003 seconds. Added 0 classes and 0 folders.
[2019.04.06-11.32.20:442][  0]LogLoad: (Engine Initialization) Total time: 35.33 seconds
[2019.04.06-11.32.20:442][  0]LogLoad: (Engine Initialization) Total Blueprint compile time: 0.00 seconds
[2019.04.06-11.32.20:509][  0]LogContentStreaming: Texture pool size now 1000 MB
[2019.04.06-11.32.20:599][  1]LogFileCache: Retrieving MD5 hashes for directory 'G:/Documents/Uni/Northumbria/Year 2/Software Practice/Team-Molyneux-3-/Project/Unreal Project/GroupProject/Content/' took 0.13s
[2019.04.06-11.32.20:690][  2]LogAssetRegistry: Asset discovery search completed in 18.1706 seconds
[2019.04.06-11.32.20:693][  2]LogCollectionManager: Rebuilt the object cache for 0 collections in 0.000001 seconds (found 0 objects)
[2019.04.06-11.32.20:693][  2]LogCollectionManager: Fixed up redirectors for 0 collections in 0.000101 seconds (updated 0 objects)
[2019.04.06-11.32.21:997][  6]LogSlate: Took 0.000286 seconds to synchronously load lazily loaded font '../../../Engine/Content/Slate/Fonts/Roboto-Light.ttf' (167K)
[2019.04.06-11.32.43:066][273]LogEditorViewport: Clicking on Actor (LMB): ThirdPersonCharacter_C (ThirdPersonCharacter)
[2019.04.06-11.32.49:519][544]LogSlate: FSceneViewport::OnFocusLost() reason 0
[2019.04.06-11.32.49:592][544]LogTemp: Repeating last play command: Selected Viewport
[2019.04.06-11.32.49:623][544]LogBlueprintUserMessages: Early PlayInEditor Detection: Level '/Game/ThirdPersonBP/Maps/ThirdPersonExampleMap.ThirdPersonExampleMap:PersistentLevel' has LevelScriptBlueprint '/Game/ThirdPersonBP/Maps/ThirdPersonExampleMap.ThirdPersonExampleMap:PersistentLevel.ThirdPersonExampleMap' with GeneratedClass '/Game/ThirdPersonBP/Maps/ThirdPersonExampleMap.ThirdPersonExampleMap_C' with ClassGeneratedBy '/Game/ThirdPersonBP/Maps/ThirdPersonExampleMap.ThirdPersonExampleMap:PersistentLevel.ThirdPersonExampleMap'
[2019.04.06-11.32.49:623][544]LogPlayLevel: PlayLevel: No blueprints needed recompiling
[2019.04.06-11.32.49:636][544]PIE: New page: PIE session: ThirdPersonExampleMap (6 Apr 2019 13:32:49)
[2019.04.06-11.32.49:636][544]LogPlayLevel: Creating play world package: /Game/ThirdPersonBP/Maps/UEDPIE_0_ThirdPersonExampleMap
[2019.04.06-11.32.49:690][544]LogPlayLevel: PIE: StaticDuplicateObject took: (0.054047s)
[2019.04.06-11.32.49:691][544]LogAIModule: Creating AISystem for world ThirdPersonExampleMap
[2019.04.06-11.32.49:691][544]LogPlayLevel: PIE: World Init took: (0.001061s)
[2019.04.06-11.32.49:691][544]LogPlayLevel: PIE: Created PIE world by copying editor world from /Game/ThirdPersonBP/Maps/ThirdPersonExampleMap.ThirdPersonExampleMap to /Game/ThirdPersonBP/Maps/UEDPIE_0_ThirdPersonExampleMap.ThirdPersonExampleMap (0.055370s)
[2019.04.06-11.32.49:784][544]LogInit: XAudio2 using 'Speakers (Realtek High Definition Audio)' : 2 channels at 48 kHz using 32 bits per sample (channel mask 0x3)
[2019.04.06-11.32.49:799][544]LogInit: FAudioDevice initialized.
[2019.04.06-11.32.49:847][544]LogLoad: Game class is 'ThirdPersonGameMode_C'
[2019.04.06-11.32.49:863][544]LogWorld: Bringing World /Game/ThirdPersonBP/Maps/UEDPIE_0_ThirdPersonExampleMap.ThirdPersonExampleMap up for play (max tick rate 0) at 2019.04.06-12.32.49
[2019.04.06-11.32.49:865][544]LogWorld: Bringing up level for play took: 0.015716
[2019.04.06-11.32.49:889][544]LogContentBrowser: Native class hierarchy updated for 'MovieSceneCapture' in 0.0003 seconds. Added 10 classes and 0 folders.
[2019.04.06-11.32.49:895][544]PIE: Play in editor start time for /Game/ThirdPersonBP/Maps/UEDPIE_0_ThirdPersonExampleMap 0.615
[2019.04.06-11.32.49:895][544]LogBlueprintUserMessages: Late PlayInEditor Detection: Level '/Game/ThirdPersonBP/Maps/ThirdPersonExampleMap.ThirdPersonExampleMap:PersistentLevel' has LevelScriptBlueprint '/Game/ThirdPersonBP/Maps/ThirdPersonExampleMap.ThirdPersonExampleMap:PersistentLevel.ThirdPersonExampleMap' with GeneratedClass '/Game/ThirdPersonBP/Maps/ThirdPersonExampleMap.ThirdPersonExampleMap_C' with ClassGeneratedBy '/Game/ThirdPersonBP/Maps/ThirdPersonExampleMap.ThirdPersonExampleMap:PersistentLevel.ThirdPersonExampleMap'
[2019.04.06-11.33.03:898][947]LogBlueprintUserMessages: Early EndPlayMap Detection: Level '/Game/ThirdPersonBP/Maps/ThirdPersonExampleMap.ThirdPersonExampleMap:PersistentLevel' has LevelScriptBlueprint '/Game/ThirdPersonBP/Maps/ThirdPersonExampleMap.ThirdPersonExampleMap:PersistentLevel.ThirdPersonExampleMap' with GeneratedClass '/Game/ThirdPersonBP/Maps/ThirdPersonExampleMap.ThirdPersonExampleMap_C' with ClassGeneratedBy '/Game/ThirdPersonBP/Maps/ThirdPersonExampleMap.ThirdPersonExampleMap:PersistentLevel.ThirdPersonExampleMap'
[2019.04.06-11.33.03:898][947]LogSlate: Updating window title bar state: overlay mode, drag disabled, window buttons hidden, title bar hidden
[2019.04.06-11.33.03:950][947]LogPlayLevel: Display: Shutting down PIE online subsystems
[2019.04.06-11.33.03:950][947]LogBlueprintUserMessages: Late EndPlayMap Detection: Level '/Game/ThirdPersonBP/Maps/ThirdPersonExampleMap.ThirdPersonExampleMap:PersistentLevel' has LevelScriptBlueprint '/Game/ThirdPersonBP/Maps/ThirdPersonExampleMap.ThirdPersonExampleMap:PersistentLevel.ThirdPersonExampleMap' with GeneratedClass '/Game/ThirdPersonBP/Maps/ThirdPersonExampleMap.ThirdPersonExampleMap_C' with ClassGeneratedBy '/Game/ThirdPersonBP/Maps/ThirdPersonExampleMap.ThirdPersonExampleMap:PersistentLevel.ThirdPersonExampleMap'
[2019.04.06-11.33.04:027][947]LogSlate: Updating window title bar state: overlay mode, drag disabled, window buttons hidden, title bar hidden
[2019.04.06-11.33.04:071][948]LogPlayLevel: Display: Destroying online subsystem :Context_11
[2019.04.06-11.33.15:703][101]LogSlate: FSceneViewport::OnFocusLost() reason 0
[2019.04.06-11.33.20:239][429]LogSlate: FSceneViewport::OnFocusLost() reason 0
[2019.04.06-11.33.29:907][ 36]LogEditorViewport: Clicking on Actor (LMB): Door_C (Door2)
[2019.04.06-11.33.41:058][858]Cmd: TRANSACTION UNDO
[2019.04.06-11.33.41:058][858]LogEditorTransaction: Undo Scale Actors
[2019.04.06-11.33.49:137][485]LogSlate: FSceneViewport::OnFocusLost() reason 0
[2019.04.06-11.33.49:195][490]LogTemp: Repeating last play command: Selected Viewport
[2019.04.06-11.33.49:225][490]LogBlueprintUserMessages: Early PlayInEditor Detection: Level '/Game/ThirdPersonBP/Maps/ThirdPersonExampleMap.ThirdPersonExampleMap:PersistentLevel' has LevelScriptBlueprint '/Game/ThirdPersonBP/Maps/ThirdPersonExampleMap.ThirdPersonExampleMap:PersistentLevel.ThirdPersonExampleMap' with GeneratedClass '/Game/ThirdPersonBP/Maps/ThirdPersonExampleMap.ThirdPersonExampleMap_C' with ClassGeneratedBy '/Game/ThirdPersonBP/Maps/ThirdPersonExampleMap.ThirdPersonExampleMap:PersistentLevel.ThirdPersonExampleMap'
[2019.04.06-11.33.49:225][490]LogPlayLevel: PlayLevel: No blueprints needed recompiling
[2019.04.06-11.33.49:225][490]PIE: New page: PIE session: ThirdPersonExampleMap (6 Apr 2019 13:33:49)
[2019.04.06-11.33.49:225][490]LogPlayLevel: Creating play world package: /Game/ThirdPersonBP/Maps/UEDPIE_0_ThirdPersonExampleMap
[2019.04.06-11.33.49:269][490]LogPlayLevel: PIE: StaticDuplicateObject took: (0.044333s)
[2019.04.06-11.33.49:270][490]LogAIModule: Creating AISystem for world ThirdPersonExampleMap
[2019.04.06-11.33.49:271][490]LogPlayLevel: PIE: World Init took: (0.001059s)
[2019.04.06-11.33.49:271][490]LogPlayLevel: PIE: Created PIE world by copying editor world from /Game/ThirdPersonBP/Maps/ThirdPersonExampleMap.ThirdPersonExampleMap to /Game/ThirdPersonBP/Maps/UEDPIE_0_ThirdPersonExampleMap.ThirdPersonExampleMap (0.045599s)
[2019.04.06-11.33.49:375][490]LogInit: XAudio2 using 'Speakers (Realtek High Definition Audio)' : 2 channels at 48 kHz using 32 bits per sample (channel mask 0x3)
[2019.04.06-11.33.49:390][490]LogInit: FAudioDevice initialized.
[2019.04.06-11.33.49:418][490]LogLoad: Game class is 'ThirdPersonGameMode_C'
[2019.04.06-11.33.49:433][490]LogWorld: Bringing World /Game/ThirdPersonBP/Maps/UEDPIE_0_ThirdPersonExampleMap.ThirdPersonExampleMap up for play (max tick rate 0) at 2019.04.06-12.33.49
[2019.04.06-11.33.49:434][490]LogWorld: Bringing up level for play took: 0.015774
[2019.04.06-11.33.49:449][490]PIE: Play in editor start time for /Game/ThirdPersonBP/Maps/UEDPIE_0_ThirdPersonExampleMap 0.17
[2019.04.06-11.33.49:449][490]LogBlueprintUserMessages: Late PlayInEditor Detection: Level '/Game/ThirdPersonBP/Maps/ThirdPersonExampleMap.ThirdPersonExampleMap:PersistentLevel' has LevelScriptBlueprint '/Game/ThirdPersonBP/Maps/ThirdPersonExampleMap.ThirdPersonExampleMap:PersistentLevel.ThirdPersonExampleMap' with GeneratedClass '/Game/ThirdPersonBP/Maps/ThirdPersonExampleMap.ThirdPersonExampleMap_C' with ClassGeneratedBy '/Game/ThirdPersonBP/Maps/ThirdPersonExampleMap.ThirdPersonExampleMap:PersistentLevel.ThirdPersonExampleMap'
[2019.04.06-11.33.57:903][287]LogBlueprintUserMessages: Early EndPlayMap Detection: Level '/Game/ThirdPersonBP/Maps/ThirdPersonExampleMap.ThirdPersonExampleMap:PersistentLevel' has LevelScriptBlueprint '/Game/ThirdPersonBP/Maps/ThirdPersonExampleMap.ThirdPersonExampleMap:PersistentLevel.ThirdPersonExampleMap' with GeneratedClass '/Game/ThirdPersonBP/Maps/ThirdPersonExampleMap.ThirdPersonExampleMap_C' with ClassGeneratedBy '/Game/ThirdPersonBP/Maps/ThirdPersonExampleMap.ThirdPersonExampleMap:PersistentLevel.ThirdPersonExampleMap'
[2019.04.06-11.33.57:903][287]LogSlate: Updating window title bar state: overlay mode, drag disabled, window buttons hidden, title bar hidden
[2019.04.06-11.33.57:955][287]LogPlayLevel: Display: Shutting down PIE online subsystems
[2019.04.06-11.33.57:955][287]LogBlueprintUserMessages: Late EndPlayMap Detection: Level '/Game/ThirdPersonBP/Maps/ThirdPersonExampleMap.ThirdPersonExampleMap:PersistentLevel' has LevelScriptBlueprint '/Game/ThirdPersonBP/Maps/ThirdPersonExampleMap.ThirdPersonExampleMap:PersistentLevel.ThirdPersonExampleMap' with GeneratedClass '/Game/ThirdPersonBP/Maps/ThirdPersonExampleMap.ThirdPersonExampleMap_C' with ClassGeneratedBy '/Game/ThirdPersonBP/Maps/ThirdPersonExampleMap.ThirdPersonExampleMap:PersistentLevel.ThirdPersonExampleMap'
[2019.04.06-11.33.58:041][287]LogSlate: Updating window title bar state: overlay mode, drag disabled, window buttons hidden, title bar hidden
[2019.04.06-11.33.58:084][288]LogPlayLevel: Display: Destroying online subsystem :Context_12
[2019.04.06-11.33.59:774][466]LogSlate: FSceneViewport::OnFocusLost() reason 2
[2019.04.06-11.34.09:502][201]MapCheck: New page: Map Check
[2019.04.06-11.34.09:528][201]Cmd: MAP REBUILD ALLVISIBLE
[2019.04.06-11.34.09:529][201]LogEditorServer: Rebuildmap Clear paths rebuilt
[2019.04.06-11.34.09:977][201]LogMaterial: Display: Missing cached shader map for material FDebugViewModeMaterialProxy LandscapeGizmo_Mat, compiling. 
[2019.04.06-11.34.09:987][201]LogShaderCompilers: Display: Shaders left to compile 1
[2019.04.06-11.34.09:987][201]LogMaterial: Display: Missing cached shader map for material FDebugViewModeMaterialProxy MaterialInstanceDynamic_0, compiling. 
[2019.04.06-11.34.10:000][201]LogMaterial: Display: Missing cached shader map for material FDebugViewModeMaterialProxy M_Metal_Chrome, compiling. 
[2019.04.06-11.34.10:008][201]LogMaterial: Display: Missing cached shader map for material FDebugViewModeMaterialProxy Black, compiling. 
[2019.04.06-11.34.10:014][201]LogMaterial: Display: Missing cached shader map for material FDebugViewModeMaterialProxy M_Floor_Light_Inst1, compiling. 
[2019.04.06-11.34.10:022][201]LogMaterial: Display: Missing cached shader map for material FDebugViewModeMaterialProxy topWall, compiling. 
[2019.04.06-11.34.10:026][201]LogMaterial: Display: Missing cached shader map for material FDebugViewModeMaterialProxy Flooring, compiling. 
[2019.04.06-11.34.10:033][201]LogShaderCompilers: Display: Shaders left to compile 4
[2019.04.06-11.34.10:033][201]LogShaderCompilers: Display: Shaders left to compile 3
[2019.04.06-11.34.10:033][201]LogShaderCompilers: Display: Shaders left to compile 2
[2019.04.06-11.34.10:033][201]LogMaterial: Display: Missing cached shader map for material FDebugViewModeMaterialProxy M_COG_Underground_Ceiling_Pipes, compiling. 
[2019.04.06-11.34.10:043][201]LogMaterial: Display: Missing cached shader map for material FDebugViewModeMaterialProxy M_COG_Underground_Base_Pipe_Painted_Red, compiling. 
[2019.04.06-11.34.10:051][201]LogMaterial: Display: Missing cached shader map for material FDebugViewModeMaterialProxy M_COG_Underground_Pipe_Clamps_04, compiling. 
[2019.04.06-11.34.10:061][201]LogMaterial: Display: Missing cached shader map for material FDebugViewModeMaterialProxy M_COG_Underground_Pipe_Valves_02, compiling. 
[2019.04.06-11.34.10:071][201]LogMaterial: Display: Missing cached shader map for material FDebugViewModeMaterialProxy M_COG_Underground_Base_Pipe_Painted_Yellow, compiling. 
[2019.04.06-11.34.10:079][201]LogMaterial: Display: Missing cached shader map for material FDebugViewModeMaterialProxy M_COG_Underground_Ceiling_Pipes_Painted_Orange, compiling. 
[2019.04.06-11.34.10:090][201]LogMaterial: Display: Missing cached shader map for material FDebugViewModeMaterialProxy M_COG_Underground_Base_Pipe_Painted_Blue, compiling. 
[2019.04.06-11.34.10:099][201]LogMaterial: Display: Missing cached shader map for material FDebugViewModeMaterialProxy M_COG_Underground_Pipecap_Yellow, compiling. 
[2019.04.06-11.34.10:109][201]LogMaterial: Display: Missing cached shader map for material FDebugViewModeMaterialProxy M_Metal_Rust, compiling. 
[2019.04.06-11.34.10:114][201]LogMaterial: Display: Missing cached shader map for material FDebugViewModeMaterialProxy M_Metal_Brushed_Nickel, compiling. 
[2019.04.06-11.34.10:119][201]LogMaterial: Display: Missing cached shader map for material FDebugViewModeMaterialProxy EBlue, compiling. 
[2019.04.06-11.34.10:130][201]LogMaterial: Display: Missing cached shader map for material FDebugViewModeMaterialProxy M_Metal_Burnished_Steel, compiling. 
[2019.04.06-11.34.10:135][201]LogMaterial: Display: Missing cached shader map for material FDebugViewModeMaterialProxy M_UE4Man_Body, compiling. 
[2019.04.06-11.34.10:151][201]LogMaterial: Display: Missing cached shader map for material FDebugViewModeMaterialProxy M_UE4Man_ChestLogo, compiling. 
[2019.04.06-11.34.10:163][201]LogMaterial: Display: Missing cached shader map for material FDebugViewModeMaterialProxy MatineeCam_mat, compiling. 
[2019.04.06-11.34.12:966][201]LogShaderCompilers: Display: Shaders left to compile 14
[2019.04.06-11.34.12:966][201]LogShaderCompilers: Display: Shaders left to compile 13
[2019.04.06-11.34.12:966][201]LogShaderCompilers: Display: Shaders left to compile 12
[2019.04.06-11.34.12:966][201]LogShaderCompilers: Display: Shaders left to compile 11
[2019.04.06-11.34.12:966][201]LogShaderCompilers: Display: Shaders left to compile 10
[2019.04.06-11.34.12:966][201]LogShaderCompilers: Display: Shaders left to compile 9
[2019.04.06-11.34.12:966][201]LogShaderCompilers: Display: Shaders left to compile 8
[2019.04.06-11.34.12:966][201]LogShaderCompilers: Display: Shaders left to compile 7
[2019.04.06-11.34.12:966][201]LogShaderCompilers: Display: Shaders left to compile 6
[2019.04.06-11.34.12:966][201]LogShaderCompilers: Display: Shaders left to compile 5
[2019.04.06-11.34.12:966][201]LogShaderCompilers: Display: Shaders left to compile 4
[2019.04.06-11.34.12:966][201]LogShaderCompilers: Display: Shaders left to compile 3
[2019.04.06-11.34.12:966][201]LogShaderCompilers: Display: Shaders left to compile 2
[2019.04.06-11.34.12:966][201]LogShaderCompilers: Display: Shaders left to compile 1
[2019.04.06-11.34.12:966][201]TextureStreamingBuild: Display: Compiling optional shaders took 2.996 seconds.
[2019.04.06-11.34.13:094][201]LogLevel: Display: Export Material TexCoord Scales took 0.128 seconds.
[2019.04.06-11.34.13:226][201]TextureStreamingBuild: Display: Build Texture Streaming took 0.131 seconds.
[2019.04.06-11.34.13:343][201]LightingResults: New page: Lighting Build - 6 Apr 2019 13:34:13
[2019.04.06-11.34.13:633][201]LogSwarmInterface: [OpenConnection] Registering TCP channel ...
[2019.04.06-11.34.13:706][201]LogSwarmInterface: [OpenConnection] Connecting to agent ...
[2019.04.06-11.34.13:771][201]LogSwarmInterface: [TryOpenConnection] Testing the Agent
[2019.04.06-11.34.14:870][201]LogSwarmInterface: [TryOpenConnection] Opening Connection to Agent
[2019.04.06-11.34.14:870][201]LogSwarmInterface: [TryOpenConnection] Local Process ID is 1168
[2019.04.06-11.34.18:616][201]LightingResults: Warning: No importance volume found and the scene is so large that the automatically synthesized volume will not yield good results.  Please add a tightly bounding lightmass importance volume to optimize your scene's quality and lighting build times.
[2019.04.06-11.34.18:616][201]LogStaticLightingSystem: Running Lightmass w/ ImmediateImport mode ENABLED
[2019.04.06-11.34.18:616][201]LogStaticLightingSystem: Running Lightmass w/ ImmediateProcess mode ENABLED
[2019.04.06-11.34.18:616][201]LogStaticLightingSystem: Running Lightmass w/ Sorting mode ENABLED
[2019.04.06-11.34.18:616][201]LogStaticLightingSystem: Running Lightmass w/ Mapping paddings ENABLED
[2019.04.06-11.34.18:616][201]LogStaticLightingSystem: Running Lightmass w/ Mapping debug paddings DISABLED
[2019.04.06-11.34.18:856][201]Cmd: MAP CHECK DONTDISPLAYDIALOG
[2019.04.06-11.34.18:856][201]MapCheck: New page: ThirdPersonExampleMap - 6 Apr 2019 13:34:18
[2019.04.06-11.34.18:857][201]MapCheck: Error: WorldInfo_0 Maps need lighting rebuilt 
[2019.04.06-11.34.18:944][201]MapCheck: Map check complete: 1 Error(s), 0 Warning(s), took 87.929ms to complete.
[2019.04.06-11.34.18:965][201]LogEditorBuildUtils: Build time 0:09
[2019.04.06-11.34.19:007][201]LogMaterial: Display: Missing cached shader map for material FLightmassMaterialRenderer FloorLights, compiling. 
[2019.04.06-11.34.19:018][201]LogMaterial: Display: Missing cached shader map for material FLightmassMaterialRenderer FloorLights, compiling. 
[2019.04.06-11.34.19:080][202]LogShaderCompilers: Display: Shaders left to compile 4
[2019.04.06-11.34.25:186][221]LightingResults: Warning: HallWay Object has overlapping UVs.
[2019.04.06-11.34.25:186][221]LightingResults: HallWay Lightmap UV are overlapping by 1.4%. Please adjust content - Enable Error Coloring to visualize.
[2019.04.06-11.34.25:186][221]LightingResults: Warning: HallWay Object has overlapping UVs.
[2019.04.06-11.34.25:186][221]LightingResults: HallWay Lightmap UV are overlapping by 1.4%. Please adjust content - Enable Error Coloring to visualize.
[2019.04.06-11.34.25:186][221]LightingResults: Warning: HallWay Object has overlapping UVs.
[2019.04.06-11.34.25:186][221]LightingResults: HallWay Lightmap UV are overlapping by 1.4%. Please adjust content - Enable Error Coloring to visualize.
[2019.04.06-11.34.25:186][221]LightingResults: Warning: HallWay Object has overlapping UVs.
[2019.04.06-11.34.25:186][221]LightingResults: HallWay Lightmap UV are overlapping by 1.4%. Please adjust content - Enable Error Coloring to visualize.
[2019.04.06-11.34.25:186][221]LightingResults: Warning: HallWay Object has overlapping UVs.
[2019.04.06-11.34.25:186][221]LightingResults: HallWay Lightmap UV are overlapping by 1.4%. Please adjust content - Enable Error Coloring to visualize.
[2019.04.06-11.34.25:186][221]LightingResults: Warning: HallWay Object has overlapping UVs.
[2019.04.06-11.34.25:186][221]LightingResults: HallWay Lightmap UV are overlapping by 1.4%. Please adjust content - Enable Error Coloring to visualize.
[2019.04.06-11.34.25:526][222]LightingResults: Warning: HallWay Object has overlapping UVs.
[2019.04.06-11.34.25:526][222]LightingResults: HallWay Lightmap UV are overlapping by 1.4%. Please adjust content - Enable Error Coloring to visualize.
[2019.04.06-11.34.25:526][222]LightingResults: Warning: HallWay Object has overlapping UVs.
[2019.04.06-11.34.25:526][222]LightingResults: HallWay Lightmap UV are overlapping by 1.4%. Please adjust content - Enable Error Coloring to visualize.
[2019.04.06-11.34.25:526][222]LightingResults: Warning: HallWay Object has overlapping UVs.
[2019.04.06-11.34.25:526][222]LightingResults: HallWay Lightmap UV are overlapping by 1.4%. Please adjust content - Enable Error Coloring to visualize.
[2019.04.06-11.34.25:526][222]LightingResults: Warning: HallWay Object has overlapping UVs.
[2019.04.06-11.34.25:526][222]LightingResults: HallWay Lightmap UV are overlapping by 1.4%. Please adjust content - Enable Error Coloring to visualize.
[2019.04.06-11.34.25:526][222]LightingResults: Warning: HallWay Object has overlapping UVs.
[2019.04.06-11.34.25:526][222]LightingResults: HallWay Lightmap UV are overlapping by 1.4%. Please adjust content - Enable Error Coloring to visualize.
[2019.04.06-11.34.25:526][222]LightingResults: Warning: HallWay Object has overlapping UVs.
[2019.04.06-11.34.25:526][222]LightingResults: HallWay Lightmap UV are overlapping by 1.4%. Please adjust content - Enable Error Coloring to visualize.
[2019.04.06-11.34.25:526][222]LightingResults: Warning: HallWay Object has overlapping UVs.
[2019.04.06-11.34.25:526][222]LightingResults: HallWay Lightmap UV are overlapping by 1.4%. Please adjust content - Enable Error Coloring to visualize.
[2019.04.06-11.34.25:856][223]LightingResults: Warning: HallWay Object has overlapping UVs.
[2019.04.06-11.34.25:856][223]LightingResults: HallWay Lightmap UV are overlapping by 1.4%. Please adjust content - Enable Error Coloring to visualize.
[2019.04.06-11.34.25:856][223]LightingResults: Warning: HallWay Object has overlapping UVs.
[2019.04.06-11.34.25:856][223]LightingResults: HallWay Lightmap UV are overlapping by 1.4%. Please adjust content - Enable Error Coloring to visualize.
[2019.04.06-11.34.25:856][223]LightingResults: Warning: HallWay Object has overlapping UVs.
[2019.04.06-11.34.25:856][223]LightingResults: HallWay Lightmap UV are overlapping by 1.4%. Please adjust content - Enable Error Coloring to visualize.
[2019.04.06-11.34.25:856][223]LightingResults: Warning: HallWay Object has overlapping UVs.
[2019.04.06-11.34.25:856][223]LightingResults: HallWay Lightmap UV are overlapping by 1.4%. Please adjust content - Enable Error Coloring to visualize.
[2019.04.06-11.34.25:856][223]LightingResults: Warning: HallWay Object has overlapping UVs.
[2019.04.06-11.34.25:856][223]LightingResults: HallWay Lightmap UV are overlapping by 1.4%. Please adjust content - Enable Error Coloring to visualize.
[2019.04.06-11.34.26:196][224]LightingResults: Warning: HallWay Object has overlapping UVs.
[2019.04.06-11.34.26:196][224]LightingResults: HallWay Lightmap UV are overlapping by 1.4%. Please adjust content - Enable Error Coloring to visualize.
[2019.04.06-11.34.26:196][224]LightingResults: Warning: HallWay Object has overlapping UVs.
[2019.04.06-11.34.26:196][224]LightingResults: HallWay Lightmap UV are overlapping by 1.4%. Please adjust content - Enable Error Coloring to visualize.
[2019.04.06-11.34.26:196][224]LightingResults: Warning: HallWay Object has overlapping UVs.
[2019.04.06-11.34.26:196][224]LightingResults: HallWay Lightmap UV are overlapping by 1.4%. Please adjust content - Enable Error Coloring to visualize.
[2019.04.06-11.34.26:196][224]LightingResults: Warning: HallWay Object has overlapping UVs.
[2019.04.06-11.34.26:196][224]LightingResults: HallWay Lightmap UV are overlapping by 1.4%. Please adjust content - Enable Error Coloring to visualize.
[2019.04.06-11.34.26:196][224]LightingResults: Warning: HallWay Object has overlapping UVs.
[2019.04.06-11.34.26:196][224]LightingResults: HallWay Lightmap UV are overlapping by 1.4%. Please adjust content - Enable Error Coloring to visualize.
[2019.04.06-11.34.26:196][224]LightingResults: Warning: HallWay Object has overlapping UVs.
[2019.04.06-11.34.26:196][224]LightingResults: HallWay Lightmap UV are overlapping by 1.4%. Please adjust content - Enable Error Coloring to visualize.
[2019.04.06-11.34.26:526][225]LightingResults: Warning: HallWay Object has overlapping UVs.
[2019.04.06-11.34.26:526][225]LightingResults: HallWay Lightmap UV are overlapping by 1.4%. Please adjust content - Enable Error Coloring to visualize.
[2019.04.06-11.34.26:526][225]LightingResults: Warning: HallWay Object has overlapping UVs.
[2019.04.06-11.34.26:526][225]LightingResults: HallWay Lightmap UV are overlapping by 1.4%. Please adjust content - Enable Error Coloring to visualize.
[2019.04.06-11.34.26:526][225]LightingResults: Warning: HallWay Object has overlapping UVs.
[2019.04.06-11.34.26:526][225]LightingResults: HallWay Lightmap UV are overlapping by 1.4%. Please adjust content - Enable Error Coloring to visualize.
[2019.04.06-11.34.26:526][225]LightingResults: Warning: HallWay Object has overlapping UVs.
[2019.04.06-11.34.26:526][225]LightingResults: HallWay Lightmap UV are overlapping by 1.4%. Please adjust content - Enable Error Coloring to visualize.
[2019.04.06-11.34.26:526][225]LightingResults: Warning: HallWay Object has overlapping UVs.
[2019.04.06-11.34.26:526][225]LightingResults: HallWay Lightmap UV are overlapping by 1.4%. Please adjust content - Enable Error Coloring to visualize.
[2019.04.06-11.34.26:526][225]LightingResults: Warning: HallWay Object has overlapping UVs.
[2019.04.06-11.34.26:526][225]LightingResults: HallWay Lightmap UV are overlapping by 1.4%. Please adjust content - Enable Error Coloring to visualize.
[2019.04.06-11.34.26:866][226]LightingResults: Warning: HallWay Object has overlapping UVs.
[2019.04.06-11.34.26:866][226]LightingResults: HallWay Lightmap UV are overlapping by 1.4%. Please adjust content - Enable Error Coloring to visualize.
[2019.04.06-11.34.26:866][226]LightingResults: Warning: HallWay Object has overlapping UVs.
[2019.04.06-11.34.26:866][226]LightingResults: HallWay Lightmap UV are overlapping by 1.4%. Please adjust content - Enable Error Coloring to visualize.
[2019.04.06-11.34.26:866][226]LightingResults: Warning: HallWay Object has overlapping UVs.
[2019.04.06-11.34.26:866][226]LightingResults: HallWay Lightmap UV are overlapping by 1.4%. Please adjust content - Enable Error Coloring to visualize.
[2019.04.06-11.34.26:866][226]LightingResults: Warning: HallWay Object has overlapping UVs.
[2019.04.06-11.34.26:866][226]LightingResults: HallWay Lightmap UV are overlapping by 1.4%. Please adjust content - Enable Error Coloring to visualize.
[2019.04.06-11.34.26:866][226]LightingResults: Warning: HallWay Object has overlapping UVs.
[2019.04.06-11.34.26:866][226]LightingResults: HallWay Lightmap UV are overlapping by 1.4%. Please adjust content - Enable Error Coloring to visualize.
[2019.04.06-11.34.26:866][226]LightingResults: Warning: HallWay Object has overlapping UVs.
[2019.04.06-11.34.26:866][226]LightingResults: HallWay Lightmap UV are overlapping by 1.4%. Please adjust content - Enable Error Coloring to visualize.
[2019.04.06-11.34.26:867][226]LightingResults: Warning: HallWay Object has overlapping UVs.
[2019.04.06-11.34.26:867][226]LightingResults: HallWay Lightmap UV are overlapping by 1.4%. Please adjust content - Enable Error Coloring to visualize.
[2019.04.06-11.34.27:196][227]LightingResults: Warning: HallWay Object has overlapping UVs.
[2019.04.06-11.34.27:196][227]LightingResults: HallWay Lightmap UV are overlapping by 1.4%. Please adjust content - Enable Error Coloring to visualize.
[2019.04.06-11.34.27:196][227]LightingResults: Warning: HallWay Object has overlapping UVs.
[2019.04.06-11.34.27:196][227]LightingResults: HallWay Lightmap UV are overlapping by 1.4%. Please adjust content - Enable Error Coloring to visualize.
[2019.04.06-11.34.27:196][227]LightingResults: Warning: HallWay Object has overlapping UVs.
[2019.04.06-11.34.27:196][227]LightingResults: HallWay Lightmap UV are overlapping by 1.4%. Please adjust content - Enable Error Coloring to visualize.
[2019.04.06-11.34.27:196][227]LightingResults: Warning: HallWay Object has overlapping UVs.
[2019.04.06-11.34.27:196][227]LightingResults: HallWay Lightmap UV are overlapping by 1.4%. Please adjust content - Enable Error Coloring to visualize.
[2019.04.06-11.34.27:196][227]LightingResults: Warning: HallWay Object has overlapping UVs.
[2019.04.06-11.34.27:196][227]LightingResults: HallWay Lightmap UV are overlapping by 1.4%. Please adjust content - Enable Error Coloring to visualize.
[2019.04.06-11.34.27:196][227]LightingResults: Warning: HallWay Object has overlapping UVs.
[2019.04.06-11.34.27:196][227]LightingResults: HallWay Lightmap UV are overlapping by 1.4%. Please adjust content - Enable Error Coloring to visualize.
[2019.04.06-11.34.27:536][228]LightingResults: Warning: HallWay Object has overlapping UVs.
[2019.04.06-11.34.27:536][228]LightingResults: HallWay Lightmap UV are overlapping by 1.4%. Please adjust content - Enable Error Coloring to visualize.
[2019.04.06-11.34.27:536][228]LightingResults: Warning: HallWay Object has overlapping UVs.
[2019.04.06-11.34.27:536][228]LightingResults: HallWay Lightmap UV are overlapping by 1.4%. Please adjust content - Enable Error Coloring to visualize.
[2019.04.06-11.34.27:536][228]LightingResults: Warning: HallWay Object has overlapping UVs.
[2019.04.06-11.34.27:536][228]LightingResults: HallWay Lightmap UV are overlapping by 1.4%. Please adjust content - Enable Error Coloring to visualize.
[2019.04.06-11.34.27:536][228]LightingResults: Warning: HallWay Object has overlapping UVs.
[2019.04.06-11.34.27:536][228]LightingResults: HallWay Lightmap UV are overlapping by 1.4%. Please adjust content - Enable Error Coloring to visualize.
[2019.04.06-11.34.27:536][228]LightingResults: Warning: HallWay Object has overlapping UVs.
[2019.04.06-11.34.27:536][228]LightingResults: HallWay Lightmap UV are overlapping by 1.4%. Please adjust content - Enable Error Coloring to visualize.
[2019.04.06-11.34.27:536][228]LightingResults: Warning: HallWay Object has overlapping UVs.
[2019.04.06-11.34.27:536][228]LightingResults: HallWay Lightmap UV are overlapping by 1.4%. Please adjust content - Enable Error Coloring to visualize.
[2019.04.06-11.34.27:536][228]LightingResults: Warning: HallWay Object has overlapping UVs.
[2019.04.06-11.34.27:536][228]LightingResults: HallWay Lightmap UV are overlapping by 1.4%. Please adjust content - Enable Error Coloring to visualize.
[2019.04.06-11.34.27:876][229]LightingResults: Warning: HallWay Object has overlapping UVs.
[2019.04.06-11.34.27:876][229]LightingResults: HallWay Lightmap UV are overlapping by 1.4%. Please adjust content - Enable Error Coloring to visualize.
[2019.04.06-11.34.27:877][229]LightingResults: Warning: HallWay Object has overlapping UVs.
[2019.04.06-11.34.27:879][229]LightingResults: HallWay Lightmap UV are overlapping by 1.4%. Please adjust content - Enable Error Coloring to visualize.
[2019.04.06-11.34.27:880][229]LightingResults: Warning: HallWay Object has overlapping UVs.
[2019.04.06-11.34.27:880][229]LightingResults: HallWay Lightmap UV are overlapping by 1.4%. Please adjust content - Enable Error Coloring to visualize.
[2019.04.06-11.34.27:880][229]LightingResults: Warning: HallWay Object has overlapping UVs.
[2019.04.06-11.34.27:880][229]LightingResults: HallWay Lightmap UV are overlapping by 1.4%. Please adjust content - Enable Error Coloring to visualize.
[2019.04.06-11.34.27:881][229]LightingResults: Warning: HallWay Object has overlapping UVs.
[2019.04.06-11.34.27:882][229]LightingResults: HallWay Lightmap UV are overlapping by 1.4%. Please adjust content - Enable Error Coloring to visualize.
[2019.04.06-11.34.28:196][230]LightingResults: Warning: HallWay Object has overlapping UVs.
[2019.04.06-11.34.28:196][230]LightingResults: HallWay Lightmap UV are overlapping by 1.4%. Please adjust content - Enable Error Coloring to visualize.
[2019.04.06-11.34.28:196][230]LightingResults: Warning: HallWay Object has overlapping UVs.
[2019.04.06-11.34.28:196][230]LightingResults: HallWay Lightmap UV are overlapping by 1.4%. Please adjust content - Enable Error Coloring to visualize.
[2019.04.06-11.34.28:196][230]LightingResults: Warning: HallWay Object has overlapping UVs.
[2019.04.06-11.34.28:196][230]LightingResults: HallWay Lightmap UV are overlapping by 1.4%. Please adjust content - Enable Error Coloring to visualize.
[2019.04.06-11.34.28:196][230]LightingResults: Warning: HallWay Object has overlapping UVs.
[2019.04.06-11.34.28:196][230]LightingResults: HallWay Lightmap UV are overlapping by 1.4%. Please adjust content - Enable Error Coloring to visualize.
[2019.04.06-11.34.28:196][230]LightingResults: Warning: HallWay Object has overlapping UVs.
[2019.04.06-11.34.28:196][230]LightingResults: HallWay Lightmap UV are overlapping by 1.4%. Please adjust content - Enable Error Coloring to visualize.
[2019.04.06-11.34.28:196][230]LightingResults: Warning: HallWay Object has overlapping UVs.
[2019.04.06-11.34.28:196][230]LightingResults: HallWay Lightmap UV are overlapping by 1.4%. Please adjust content - Enable Error Coloring to visualize.
[2019.04.06-11.34.28:536][231]LightingResults: Warning: HallWay Object has overlapping UVs.
[2019.04.06-11.34.28:536][231]LightingResults: HallWay Lightmap UV are overlapping by 1.4%. Please adjust content - Enable Error Coloring to visualize.
[2019.04.06-11.34.28:536][231]LightingResults: Warning: HallWay Object has overlapping UVs.
[2019.04.06-11.34.28:536][231]LightingResults: HallWay Lightmap UV are overlapping by 1.4%. Please adjust content - Enable Error Coloring to visualize.
[2019.04.06-11.34.28:536][231]LightingResults: Warning: HallWay Object has overlapping UVs.
[2019.04.06-11.34.28:536][231]LightingResults: HallWay Lightmap UV are overlapping by 1.4%. Please adjust content - Enable Error Coloring to visualize.
[2019.04.06-11.34.28:536][231]LightingResults: Warning: HallWay Object has overlapping UVs.
[2019.04.06-11.34.28:536][231]LightingResults: HallWay Lightmap UV are overlapping by 1.4%. Please adjust content - Enable Error Coloring to visualize.
[2019.04.06-11.34.28:536][231]LightingResults: Warning: HallWay Object has overlapping UVs.
[2019.04.06-11.34.28:536][231]LightingResults: HallWay Lightmap UV are overlapping by 1.4%. Please adjust content - Enable Error Coloring to visualize.
[2019.04.06-11.34.28:536][231]LightingResults: Warning: HallWay Object has overlapping UVs.
[2019.04.06-11.34.28:536][231]LightingResults: HallWay Lightmap UV are overlapping by 1.4%. Please adjust content - Enable Error Coloring to visualize.
[2019.04.06-11.34.28:536][231]LightingResults: Warning: HallWay Object has overlapping UVs.
[2019.04.06-11.34.28:537][231]LightingResults: HallWay Lightmap UV are overlapping by 1.4%. Please adjust content - Enable Error Coloring to visualize.
[2019.04.06-11.34.28:866][232]LightingResults: Warning: HallWay Object has overlapping UVs.
[2019.04.06-11.34.28:866][232]LightingResults: HallWay Lightmap UV are overlapping by 1.4%. Please adjust content - Enable Error Coloring to visualize.
[2019.04.06-11.34.28:866][232]LightingResults: Warning: HallWay Object has overlapping UVs.
[2019.04.06-11.34.28:866][232]LightingResults: HallWay Lightmap UV are overlapping by 1.4%. Please adjust content - Enable Error Coloring to visualize.
[2019.04.06-11.34.28:866][232]LightingResults: Warning: HallWay Object has overlapping UVs.
[2019.04.06-11.34.28:866][232]LightingResults: HallWay Lightmap UV are overlapping by 1.4%. Please adjust content - Enable Error Coloring to visualize.
[2019.04.06-11.34.28:866][232]LightingResults: Warning: HallWay Object has overlapping UVs.
[2019.04.06-11.34.28:866][232]LightingResults: HallWay Lightmap UV are overlapping by 1.4%. Please adjust content - Enable Error Coloring to visualize.
[2019.04.06-11.34.28:866][232]LightingResults: Warning: HallWay Object has overlapping UVs.
[2019.04.06-11.34.28:866][232]LightingResults: HallWay Lightmap UV are overlapping by 1.4%. Please adjust content - Enable Error Coloring to visualize.
[2019.04.06-11.34.28:866][232]LightingResults: Warning: HallWay Object has overlapping UVs.
[2019.04.06-11.34.28:866][232]LightingResults: HallWay Lightmap UV are overlapping by 1.4%. Please adjust content - Enable Error Coloring to visualize.
[2019.04.06-11.34.28:866][232]LightingResults: Warning: HallWay Object has overlapping UVs.
[2019.04.06-11.34.28:866][232]LightingResults: HallWay Lightmap UV are overlapping by 1.4%. Please adjust content - Enable Error Coloring to visualize.
[2019.04.06-11.34.29:206][233]LightingResults: Warning: HallWay Object has overlapping UVs.
[2019.04.06-11.34.29:206][233]LightingResults: HallWay Lightmap UV are overlapping by 1.4%. Please adjust content - Enable Error Coloring to visualize.
[2019.04.06-11.34.29:206][233]LightingResults: Warning: HallWay Object has overlapping UVs.
[2019.04.06-11.34.29:206][233]LightingResults: HallWay Lightmap UV are overlapping by 1.4%. Please adjust content - Enable Error Coloring to visualize.
[2019.04.06-11.34.29:206][233]LightingResults: Warning: HallWay Object has overlapping UVs.
[2019.04.06-11.34.29:206][233]LightingResults: HallWay Lightmap UV are overlapping by 1.4%. Please adjust content - Enable Error Coloring to visualize.
[2019.04.06-11.34.29:206][233]LightingResults: Warning: HallWay Object has overlapping UVs.
[2019.04.06-11.34.29:206][233]LightingResults: HallWay Lightmap UV are overlapping by 1.4%. Please adjust content - Enable Error Coloring to visualize.
[2019.04.06-11.34.29:206][233]LightingResults: Warning: HallWay Object has overlapping UVs.
[2019.04.06-11.34.29:206][233]LightingResults: HallWay Lightmap UV are overlapping by 1.4%. Please adjust content - Enable Error Coloring to visualize.
[2019.04.06-11.34.29:206][233]LightingResults: Warning: HallWay Object has overlapping UVs.
[2019.04.06-11.34.29:206][233]LightingResults: HallWay Lightmap UV are overlapping by 1.4%. Please adjust content - Enable Error Coloring to visualize.
[2019.04.06-11.34.29:206][233]LightingResults: Warning: HallWay Object has overlapping UVs.
[2019.04.06-11.34.29:206][233]LightingResults: HallWay Lightmap UV are overlapping by 1.4%. Please adjust content - Enable Error Coloring to visualize.
[2019.04.06-11.34.29:207][233]LightingResults: Warning: HallWay Object has overlapping UVs.
[2019.04.06-11.34.29:207][233]LightingResults: HallWay Lightmap UV are overlapping by 1.4%. Please adjust content - Enable Error Coloring to visualize.
[2019.04.06-11.34.29:537][234]LightingResults: Warning: HallWay Object has overlapping UVs.
[2019.04.06-11.34.29:537][234]LightingResults: HallWay Lightmap UV are overlapping by 1.4%. Please adjust content - Enable Error Coloring to visualize.
[2019.04.06-11.34.29:537][234]LightingResults: Warning: HallWay Object has overlapping UVs.
[2019.04.06-11.34.29:537][234]LightingResults: HallWay Lightmap UV are overlapping by 1.4%. Please adjust content - Enable Error Coloring to visualize.
[2019.04.06-11.34.29:537][234]LightingResults: Warning: HallWay Object has overlapping UVs.
[2019.04.06-11.34.29:537][234]LightingResults: HallWay Lightmap UV are overlapping by 1.4%. Please adjust content - Enable Error Coloring to visualize.
[2019.04.06-11.34.29:537][234]LightingResults: Warning: HallWay Object has overlapping UVs.
[2019.04.06-11.34.29:537][234]LightingResults: HallWay Lightmap UV are overlapping by 1.4%. Please adjust content - Enable Error Coloring to visualize.
[2019.04.06-11.34.29:537][234]LightingResults: Warning: HallWay Object has overlapping UVs.
[2019.04.06-11.34.29:537][234]LightingResults: HallWay Lightmap UV are overlapping by 1.4%. Please adjust content - Enable Error Coloring to visualize.
[2019.04.06-11.34.29:537][234]LightingResults: Warning: HallWay Object has overlapping UVs.
[2019.04.06-11.34.29:537][234]LightingResults: HallWay Lightmap UV are overlapping by 1.4%. Please adjust content - Enable Error Coloring to visualize.
[2019.04.06-11.34.29:538][234]LightingResults: Warning: HallWay Object has overlapping UVs.
[2019.04.06-11.34.29:538][234]LightingResults: HallWay Lightmap UV are overlapping by 1.4%. Please adjust content - Enable Error Coloring to visualize.
[2019.04.06-11.34.29:538][234]LightingResults: Warning: HallWay Object has overlapping UVs.
[2019.04.06-11.34.29:538][234]LightingResults: HallWay Lightmap UV are overlapping by 1.4%. Please adjust content - Enable Error Coloring to visualize.
[2019.04.06-11.34.29:538][234]LightingResults: Warning: HallWay Object has overlapping UVs.
[2019.04.06-11.34.29:538][234]LightingResults: HallWay Lightmap UV are overlapping by 1.4%. Please adjust content - Enable Error Coloring to visualize.
[2019.04.06-11.34.29:538][234]LightingResults: Warning: HallWay Object has overlapping UVs.
[2019.04.06-11.34.29:538][234]LightingResults: HallWay Lightmap UV are overlapping by 1.4%. Please adjust content - Enable Error Coloring to visualize.
[2019.04.06-11.34.29:872][235]Job is a success!
[2019.04.06-11.34.29:877][235]LightingResults: Warning: HallWay Object has overlapping UVs.
[2019.04.06-11.34.29:877][235]LightingResults: Warning: HallWay Object has overlapping UVs.
[2019.04.06-11.34.29:877][235]LightingResults: HallWay Lightmap UV are overlapping by 1.4%. Please adjust content - Enable Error Coloring to visualize.
[2019.04.06-11.34.29:877][235]LightingResults: HallWay Lightmap UV are overlapping by 1.4%. Please adjust content - Enable Error Coloring to visualize.
[2019.04.06-11.34.29:877][235]LightingResults: Warning: HallWay Object has overlapping UVs.
[2019.04.06-11.34.29:877][235]LightingResults: HallWay Lightmap UV are overlapping by 1.4%. Please adjust content - Enable Error Coloring to visualize.
[2019.04.06-11.34.29:877][235]LightingResults: Warning: HallWay Object has overlapping UVs.
[2019.04.06-11.34.29:877][235]LightingResults: HallWay Lightmap UV are overlapping by 1.4%. Please adjust content - Enable Error Coloring to visualize.
[2019.04.06-11.34.30:445][236]LogVolumetricLightmapImport: Imported Volumetric Lightmap in 0.071s
[2019.04.06-11.34.30:445][236]LogVolumetricLightmapImport:      Indirection Texture 32x32x32 = 0.1Mb
[2019.04.06-11.34.30:445][236]LogVolumetricLightmapImport:      BrickData 385x5x5 = 0.3Mb (trimmed 2.0Mb due to 0.010000 MinBrickError)
[2019.04.06-11.34.30:445][236]LogVolumetricLightmapImport:      Bricks at Level
[2019.04.06-11.34.30:445][236]LogVolumetricLightmapImport:          0: 10.4% covering 100.0% of volume
[2019.04.06-11.34.30:445][236]LogVolumetricLightmapImport:          1: 76.6% covering 11.5% of volume
[2019.04.06-11.34.30:445][236]LogVolumetricLightmapImport:          2: 13.0% covering 0.0% of volume
[2019.04.06-11.34.30:942][236]LogTexture: Display: Building textures: HQ_Lightmap1_1 (AutoDXT, 1024X1024)
[2019.04.06-11.34.30:942][236]LogTexture: Display: Building textures: LQ_Lightmap_0_2 (DXT1, 512X512)
[2019.04.06-11.34.30:942][236]LogTexture: Display: Building textures: HQ_Lightmap0_2 (AutoDXT, 512X512)
[2019.04.06-11.34.30:942][236]LogTexture: Display: Building textures: LQ_Lightmap_1_1 (DXT1, 1024X1024)
[2019.04.06-11.34.30:942][236]LogTexture: Display: Building textures: HQ_Lightmap1_3 (AutoDXT, 512X512)
[2019.04.06-11.34.30:942][236]LogTexture: Display: Building textures: LQ_Lightmap_1_3 (DXT1, 512X512)
[2019.04.06-11.34.31:160][236]LogTexture: Display: Building textures: ShadowMapTexture2D_2 (G8, 1024X128)
[2019.04.06-11.34.31:160][236]LogTexture: Display: Building textures: ShadowMapTexture2D_3 (G8, 1024X128)
[2019.04.06-11.34.31:160][236]LogTexture: Display: Building textures: ShadowMapTexture2D_1 (G8, 1024X512)
[2019.04.06-11.34.31:290][236]Lightmass on DAN-PC: 9.56 sec total, 374 ms importing, 285 ms setup, 2.24 sec photons, 6.49 sec processing, 0 ms extra exporting [179/179 mappings]. Threads: 45.3 sec total, 26.1 sec processing.
[2019.04.06-11.34.31:413][236]LogStaticLightingSystem: Illumination: 17.7 sec (382 ms encoding lightmaps, 218 ms encoding shadowmaps)
[2019.04.06-11.34.31:414][236]LogStaticLightingSystem: Lightmap texture memory:  3.0 MB (3.0 MB streaming, 0.0 MB non-streaming), 6 textures
[2019.04.06-11.34.31:414][236]LogStaticLightingSystem: Shadowmap texture memory: 1.0 MB (1.0 MB streaming, 0.0 MB non-streaming), 3 textures
[2019.04.06-11.34.31:619][236]DumpUnbuiltLightIteractions
[2019.04.06-11.34.31:619][236]Lights with unbuilt interactions: 0
[2019.04.06-11.34.31:619][236]
[2019.04.06-11.34.31:619][236]Primitives with unbuilt interactions: 0
[2019.04.06-11.34.31:664][237]Cmd: MAP CHECK NOTIFYRESULTS
[2019.04.06-11.34.31:664][237]MapCheck: New page: ThirdPersonExampleMap - 6 Apr 2019 13:34:31
[2019.04.06-11.34.31:753][237]MapCheck: Map check complete: 0 Error(s), 0 Warning(s), took 88.819ms to complete.
[2019.04.06-11.34.43:317][580]LogSlate: Window 'Message Log' being destroyed
[2019.04.06-11.34.43:327][580]LogSlate: Window 'Message Log' being destroyed
[2019.04.06-11.35.22:844][872]LogSlate: FSceneViewport::OnFocusLost() reason 2
[2019.04.06-11.35.25:896][103]LogSlate: FSceneViewport::OnFocusLost() reason 2
[2019.04.06-11.35.26:140][124]LogSlate: FSceneViewport::OnFocusLost() reason 2
[2019.04.06-11.35.28:327][318]LogSlate: FSceneViewport::OnFocusLost() reason 2
[2019.04.06-11.35.30:068][318]LogSlate: Only BGRA pngs, bmps or icos are supported in by External Image Picker
[2019.04.06-11.35.30:350][326]LogTemp: Executing iPhonePackager certificates Engine -bundlename com.YourCompany.GroupProject
[2019.04.06-11.35.30:350][326]LogTemp: CWD: G:\Unreal Engine Install Directory\UE_4.20\Engine\Binaries\DotNET\IOS
[2019.04.06-11.35.30:350][326]LogTemp: Initial Dir: G:\Unreal Engine Install Directory\UE_4.20
[2019.04.06-11.35.30:350][326]LogTemp: Env CWD: G:\Unreal Engine Install Directory\UE_4.20\Engine\Binaries\DotNET\IOS
[2019.04.06-11.35.30:350][326]LogTemp: BranchPath = DAN-PC/G/Unreal Engine Install Directory/UE_4.20/Engine/Binaries --- GameBranchPath = DAN-PC/G/Unreal Engine Install Directory/UE_4.20/Engine/Binaries
[2019.04.06-11.35.30:362][327]LogTemp: IPP ERROR: Could not find provision directory 'C:\Users\Dan\AppData\Local/Apple Computer/MobileDevice/Provisioning Profiles/'.
[2019.04.06-11.35.59:824][354]LogSlate: Window 'Project Settings' being destroyed
[2019.04.06-11.35.59:828][354]LogSlate: Window 'Project Settings' being destroyed
[2019.04.06-11.36.22:216][211]LogSavePackage: Moving '../../../../../Documents/Uni/Northumbria/Year 2/Software Practice/Team-Molyneux-3-/Project/Unreal Project/GroupProject/Saved/ThirdPersonExampleMapF8A0C80648754E10E877759861A8BEC8.tmp' to '../../../../../Documents/Uni/Northumbria/Year 2/Software Practice/Team-Molyneux-3-/Project/Unreal Project/GroupProject/Content/ThirdPersonBP/Maps/ThirdPersonExampleMap.umap'
[2019.04.06-11.36.22:283][211]LogFileHelpers: Saving map 'ThirdPersonExampleMap' took 0.911
[2019.04.06-11.36.22:510][211]LogSavePackage: Moving '../../../../../Documents/Uni/Northumbria/Year 2/Software Practice/Team-Molyneux-3-/Project/Unreal Project/GroupProject/Saved/ThirdPersonExampleMap_BuiltData6497591F429261949AA05EA348E0BB63.tmp' to '../../../../../Documents/Uni/Northumbria/Year 2/Software Practice/Team-Molyneux-3-/Project/Unreal Project/GroupProject/Content/ThirdPersonBP/Maps/ThirdPersonExampleMap_BuiltData.uasset'
[2019.04.06-11.36.33:885][234]UATHelper: Packaging (Windows (32-bit)): Running AutomationTool...
[2019.04.06-11.36.34:292][275]UATHelper: Packaging (Windows (32-bit)): Parsing command line: -ScriptsForProject="G:/Documents/Uni/Northumbria/Year 2/Software Practice/Team-Molyneux-3-/Project/Unreal Project/GroupProject/GroupProject.uproject" BuildCookRun -nocompile -nocompileeditor -installed -nop4 -project="G:/Documents/Uni/Northumbria/Year 2/Software Practice/Team-Molyneux-3-/Project/Unreal Project/GroupProject/GroupProject.uproject" -cook -stage -archive -archivedirectory=C:/Users/Dan/Documents/Game -package -clientconfig=Development -ue4exe=UE4Editor-Cmd.exe -pak -prereqs -nodebuginfo -targetplatform=Win32 -build -utf8output
[2019.04.06-11.36.35:047][357]UATHelper: Packaging (Windows (32-bit)): Setting up ProjectParams for G:\Documents\Uni\Northumbria\Year 2\Software Practice\Team-Molyneux-3-\Project\Unreal Project\GroupProject\GroupProject.uproject
[2019.04.06-11.36.37:054][571]UATHelper: Packaging (Windows (32-bit)): ********** BUILD COMMAND STARTED **********
[2019.04.06-11.36.37:083][574]UATHelper: Packaging (Windows (32-bit)): Running: G:\Unreal Engine Install Directory\UE_4.20\Engine\Binaries\DotNET\UnrealBuildTool.exe GroupProject Win32 Development -Project="G:\Documents\Uni\Northumbria\Year 2\Software Practice\Team-Molyneux-3-\Project\Unreal Project\GroupProject\GroupProject.uproject"  "G:\Documents\Uni\Northumbria\Year 2\Software Practice\Team-Molyneux-3-\Project\Unreal Project\GroupProject\GroupProject.uproject" -NoUBTMakefiles  -remoteini="G:\Documents\Uni\Northumbria\Year 2\Software Practice\Team-Molyneux-3-\Project\Unreal Project\GroupProject" -skipdeploy -noxge -generatemanifest -NoHotReload -log="C:\Users\Dan\AppData\Roaming\Unreal Engine\AutomationTool\Logs\G+Unreal+Engine+Install+Directory+UE_4.20\UBT-GroupProject-Win32-Development.txt"
[2019.04.06-11.36.43:234][804]UATHelper: Packaging (Windows (32-bit)):   Using Visual Studio 2017 14.12.25827 toolchain (C:\Program Files (x86)\Microsoft Visual Studio\2017\Community\VC\Tools\MSVC\14.12.25827) and Windows 10.0.16299.0 SDK (C:\Program Files (x86)\Windows Kits\10).
[2019.04.06-11.36.56:575][844]UATHelper: Packaging (Windows (32-bit)):   Parsing headers for GroupProject
[2019.04.06-11.36.56:575][844]UATHelper: Packaging (Windows (32-bit)):     Running UnrealHeaderTool "G:\Documents\Uni\Northumbria\Year 2\Software Practice\Team-Molyneux-3-\Project\Unreal Project\GroupProject\GroupProject.uproject" "G:\Documents\Uni\Northumbria\Year 2\Software Practice\Team-Molyneux-3-\Project\Unreal Project\GroupProject\Intermediate\Build\Win32\GroupProject\Development\GroupProject.uhtmanifest" -LogCmds="loginit warning, logexit warning, logdatabase error" -Unattended -WarningsAsErrors -installed
[2019.04.06-11.37.08:251][879]UATHelper: Packaging (Windows (32-bit)):   Reflection code generated for GroupProject in 11.4014585 seconds
[2019.04.06-11.37.08:917][881]UATHelper: Packaging (Windows (32-bit)): Took 31.8338207s to run UnrealBuildTool.exe, ExitCode=0
[2019.04.06-11.37.09:251][882]UATHelper: Packaging (Windows (32-bit)): Running: G:\Unreal Engine Install Directory\UE_4.20\Engine\Binaries\DotNET\UnrealBuildTool.exe GroupProject Win32 Development -Project="G:\Documents\Uni\Northumbria\Year 2\Software Practice\Team-Molyneux-3-\Project\Unreal Project\GroupProject\GroupProject.uproject"  "G:\Documents\Uni\Northumbria\Year 2\Software Practice\Team-Molyneux-3-\Project\Unreal Project\GroupProject\GroupProject.uproject" -NoUBTMakefiles  -remoteini="G:\Documents\Uni\Northumbria\Year 2\Software Practice\Team-Molyneux-3-\Project\Unreal Project\GroupProject" -skipdeploy -noxge -NoHotReload -ignorejunk -log="C:\Users\Dan\AppData\Roaming\Unreal Engine\AutomationTool\Logs\G+Unreal+Engine+Install+Directory+UE_4.20\UBT-GroupProject-Win32-Development_2.txt"
[2019.04.06-11.37.10:251][885]UATHelper: Packaging (Windows (32-bit)):   Using Visual Studio 2017 14.12.25827 toolchain (C:\Program Files (x86)\Microsoft Visual Studio\2017\Community\VC\Tools\MSVC\14.12.25827) and Windows 10.0.16299.0 SDK (C:\Program Files (x86)\Windows Kits\10).
[2019.04.06-11.37.14:590][898]UATHelper: Packaging (Windows (32-bit)):   Building 3 actions with 8 processes...
[2019.04.06-11.37.14:917][898]UATHelper: Packaging (Windows (32-bit)):     [1/3] PCH.GroupProject.cpp
[2019.04.06-11.37.14:917][898]UATHelper: Packaging (Windows (32-bit)):     g:\unreal engine install directory\ue_4.20\engine\source\runtime\core\public\Windows/WindowsPlatformCompilerSetup.h(21): error C2338: Visual Studio 2017 version 15.6 is required to compile on Windows. Please install updates through the Visual Studio installer.
[2019.04.06-11.37.14:917][898]UATHelper: Packaging (Windows (32-bit)):   ERROR: UBT ERROR: Failed to produce item: G:\Documents\Uni\Northumbria\Year 2\Software Practice\Team-Molyneux-3-\Project\Unreal Project\GroupProject\Binaries\Win32\GroupProject.exe
[2019.04.06-11.37.14:917][898]UATHelper: Packaging (Windows (32-bit)):          (see C:\Users\Dan\AppData\Roaming\Unreal Engine\AutomationTool\Logs\G+Unreal+Engine+Install+Directory+UE_4.20\UBT-GroupProject-Win32-Development_2.txt for full exception trace)
[2019.04.06-11.37.14:917][898]PackagingResults: Error: UBT ERROR: Failed to produce item: G:\Documents\Uni\Northumbria\Year 2\Software Practice\Team-Molyneux-3-\Project\Unreal Project\GroupProject\Binaries\Win32\GroupProject.exe
[2019.04.06-11.37.15:250][899]UATHelper: Packaging (Windows (32-bit)):   Total build time: 5.71 seconds (Parallel executor: 0.00 seconds)
[2019.04.06-11.37.15:250][899]UATHelper: Packaging (Windows (32-bit)): Took 6.0533463s to run UnrealBuildTool.exe, ExitCode=5
[2019.04.06-11.37.15:250][899]UATHelper: Packaging (Windows (32-bit)): ERROR: UnrealBuildTool failed. See log for more details. (C:\Users\Dan\AppData\Roaming\Unreal Engine\AutomationTool\Logs\G+Unreal+Engine+Install+Directory+UE_4.20\UBT-GroupProject-Win32-Development_2.txt)
[2019.04.06-11.37.15:250][899]UATHelper: Packaging (Windows (32-bit)):        (see C:\Users\Dan\AppData\Roaming\Unreal Engine\AutomationTool\Logs\G+Unreal+Engine+Install+Directory+UE_4.20\Log.txt for full exception trace)
[2019.04.06-11.37.15:250][899]UATHelper: Packaging (Windows (32-bit)): AutomationTool exiting with ExitCode=5 (5)
[2019.04.06-11.37.15:250][899]UATHelper: Packaging (Windows (32-bit)): BUILD FAILED
[2019.04.06-11.37.15:250][899]PackagingResults: Error: UnrealBuildTool failed. See log for more details. (C:\Users\Dan\AppData\Roaming\Unreal Engine\AutomationTool\Logs\G+Unreal+Engine+Install+Directory+UE_4.20\UBT-GroupProject-Win32-Development_2.txt)
[2019.04.06-11.37.15:250][899]PackagingResults: Error: Unknown Error
[2019.04.06-11.37.17:622][906]LogSlate: Took 0.018277 seconds to synchronously load lazily loaded font '../../../Engine/Content/Slate/Fonts/DroidSansMono.ttf' (77K)
[2019.04.06-11.37.26:097][548]LogSlate: Window 'Output Log' being destroyed
[2019.04.06-11.37.26:113][548]LogSlate: Window 'Output Log' being destroyed
[2019.04.06-11.41.36:164][751]LogEditorViewport: Clicking on Actor (LMB): Door_C (Door2)
[2019.04.06-15.38.32:234][391]LogSlate: FSceneViewport::OnFocusLost() reason 0
