Log file open, 04/15/19 11:54:21
LogWindows: Failed to load 'aqProf.dll' (GetLastError=126)
LogWindows: File 'aqProf.dll' does not exist
LogWindows: Failed to load 'VSPerf140.dll' (GetLastError=126)
LogWindows: File 'VSPerf140.dll' does not exist
LogWindows: Failed to load 'VtuneApi.dll' (GetLastError=126)
LogWindows: File 'VtuneApi.dll' does not exist
LogWindows: Failed to load 'VtuneApi32e.dll' (GetLastError=126)
LogWindows: File 'VtuneApi32e.dll' does not exist
LogInit: Display: Running engine for game: GroupProject
LogPlatformFile: Not using cached read wrapper
LogTaskGraph: Started task graph with 5 named threads and 23 total threads with 3 sets of task threads.
LogStats: Stats thread started at 0.853683
LogD3D11RHI: Loaded GFSDK_Aftermath_Lib.x64.dll
LogICUInternationalization: Display: ICU TimeZone Detection - Raw Offset: +0:00, Platform Override: ''
LogPluginManager: Mounting plugin Paper2D
LogPluginManager: Mounting plugin AISupport
LogPluginManager: Mounting plugin LightPropagationVolume
LogPluginManager: Mounting plugin CLionSourceCodeAccess
LogPluginManager: Mounting plugin CodeLiteSourceCodeAccess
LogPluginManager: Mounting plugin GitSourceControl
LogPluginManager: Mounting plugin KDevelopSourceCodeAccess
LogPluginManager: Mounting plugin NullSourceCodeAccess
LogPluginManager: Mounting plugin PerforceSourceControl
LogPluginManager: Mounting plugin SubversionSourceControl
LogPluginManager: Mounting plugin UObjectPlugin
LogPluginManager: Mounting plugin VisualStudioCodeSourceCodeAccess
LogPluginManager: Mounting plugin VisualStudioSourceCodeAccess
LogPluginManager: Mounting plugin XCodeSourceCodeAccess
LogPluginManager: Mounting plugin AssetManagerEditor
LogPluginManager: Mounting plugin CryptoKeys
LogPluginManager: Mounting plugin DataValidation
LogPluginManager: Mounting plugin FacialAnimation
LogPluginManager: Mounting plugin GameplayTagsEditor
LogPluginManager: Mounting plugin MacGraphicsSwitching
LogPluginManager: Mounting plugin MeshEditor
LogPluginManager: Mounting plugin MobileLauncherProfileWizard
LogPluginManager: Mounting plugin PluginBrowser
LogPluginManager: Mounting plugin SpeedTreeImporter
LogPluginManager: Mounting plugin DatasmithContent
LogPluginManager: Mounting plugin AlembicImporter
LogPluginManager: Mounting plugin AppleImageUtils
LogPluginManager: Mounting plugin AppleVision
LogPluginManager: Mounting plugin BackChannel
LogPluginManager: Mounting plugin CharacterAI
LogPluginManager: Mounting plugin GeometryCache
LogPluginManager: Mounting plugin HTML5Networking
LogPluginManager: Mounting plugin ProxyLODPlugin
LogPluginManager: Mounting plugin MagicLeap
LogPluginManager: Mounting plugin MagicLeapEmulator
LogPluginManager: Mounting plugin MagicLeapMedia
LogPluginManager: Mounting plugin AndroidMedia
LogPluginManager: Mounting plugin AvfMedia
LogPluginManager: Mounting plugin ImgMedia
LogPluginManager: Mounting plugin LinearTimecode
LogPluginManager: Mounting plugin MediaCompositing
LogPluginManager: Mounting plugin MediaPlayerEditor
LogPluginManager: Mounting plugin WmfMedia
LogPluginManager: Mounting plugin TcpMessaging
LogPluginManager: Mounting plugin UdpMessaging
LogPluginManager: Mounting plugin ActorSequence
LogPluginManager: Mounting plugin LevelSequenceEditor
LogPluginManager: Mounting plugin MatineeToLevelSequence
LogPluginManager: Mounting plugin NetcodeUnitTest
LogPluginManager: Mounting plugin NUTUnrealEngine4
LogPluginManager: Mounting plugin OnlineSubsystemGooglePlay
LogPluginManager: Mounting plugin OnlineSubsystemIOS
LogPluginManager: Mounting plugin OnlineSubsystem
LogPluginManager: Mounting plugin OnlineSubsystemNull
LogPluginManager: Mounting plugin OnlineSubsystemUtils
LogPluginManager: Mounting plugin LauncherChunkInstaller
LogPluginManager: Mounting plugin AndroidDeviceProfileSelector
LogPluginManager: Mounting plugin AndroidMoviePlayer
LogPluginManager: Mounting plugin AndroidPermission
LogPluginManager: Mounting plugin ApexDestruction
LogPluginManager: Mounting plugin AppleMoviePlayer
LogPluginManager: Mounting plugin ArchVisCharacter
LogPluginManager: Mounting plugin AudioCapture
LogPluginManager: Mounting plugin CableComponent
LogPluginManager: Mounting plugin CustomMeshComponent
LogPluginManager: Mounting plugin EditableMesh
LogPluginManager: Mounting plugin ExampleDeviceProfileSelector
LogPluginManager: Mounting plugin GoogleCloudMessaging
LogPluginManager: Mounting plugin ImmediatePhysics
LogPluginManager: Mounting plugin IOSDeviceProfileSelector
LogPluginManager: Mounting plugin LinuxDeviceProfileSelector
LogPluginManager: Mounting plugin LocationServicesBPLibrary
LogPluginManager: Mounting plugin MobilePatchingUtils
LogPluginManager: Mounting plugin OculusVR
LogPluginManager: Plugin shader directory ../../../Engine/Plugins/Runtime/Oculus/OculusVR/Shaders found
LogPluginManager: Mapping shader source directory ../../../Engine/Plugins/Runtime/Oculus/OculusVR/Shaders to virtual directory /Plugin/OculusVR
LogPluginManager: Mounting plugin PhysXVehicles
LogPluginManager: Mounting plugin ProceduralMeshComponent
LogPluginManager: Mounting plugin RuntimePhysXCooking
LogPluginManager: Mounting plugin SteamVR
LogPluginManager: Mounting plugin WindowsMoviePlayer
LogStreaming: Display: Took  0.161s to configure plugins.
LogInit: Using libcurl 7.55.1-DEV
LogInit:  - built for x86_64-pc-win32
LogInit:  - supports SSL with OpenSSL/1.0.2h
LogInit:  - supports HTTP deflate (compression) using libz 1.2.8
LogInit:  - other features:
LogInit:      CURL_VERSION_SSL
LogInit:      CURL_VERSION_LIBZ
LogInit:      CURL_VERSION_IPV6
LogInit:      CURL_VERSION_ASYNCHDNS
LogInit:      CURL_VERSION_LARGEFILE
LogInit:      CURL_VERSION_IDN
LogInit:  CurlRequestOptions (configurable via config and command line):
LogInit:  - bVerifyPeer = false  - Libcurl will NOT verify peer certificate
LogInit:  - bUseHttpProxy = false  - Libcurl will NOT use HTTP proxy
LogInit:  - bDontReuseConnections = false  - Libcurl will reuse connections
LogInit:  - CertBundlePath = nullptr  - Libcurl will use whatever was configured at build time.
LogInit:  - MaxHostConnections = 16  - Libcurl will limit the number of connections to a host
LogInit:  - LocalHostAddr = Default
LogInit:  - BufferSize = 65536
LogInit: WinSock: version 1.1 (2.2), MaxSocks=32767, MaxUdp=65467
LogInit: Build: ++UE4+Release-4.20-CL-4369336
LogInit: Engine Version: 4.20.3-4369336+++UE4+Release-4.20
LogInit: Compatible Engine Version: 4.20.0-4212847+++UE4+Release-4.20
LogInit: Net CL: 4212847
LogInit: OS: Windows 7 (Service Pack 1), CPU: AMD FX(tm)-9370 Eight-Core Processor           , GPU: NVIDIA GeForce GTX 970
LogInit: Compiled (64-bit): Sep 17 2018 12:26:19
LogInit: Compiled with Visual C++: 19.13.26129.00
LogInit: Build Configuration: Development
LogInit: Branch Name: ++UE4+Release-4.20
LogInit: Command Line:  
LogInit: Base Directory: G:/Unreal Engine Install Directory/UE_4.20/Engine/Binaries/Win64/
LogInit: Installed Engine Build: 1
LogDevObjectVersion: Number of dev versions registered: 20
LogDevObjectVersion:   Dev-Blueprints (B0D832E4-1F89-4F0D-ACCF-7EB736FD4AA2): 10
LogDevObjectVersion:   Dev-Build (E1C64328-A22C-4D53-A36C-8E866417BD8C): 0
LogDevObjectVersion:   Dev-Core (375EC13C-06E4-48FB-B500-84F0262A717E): 2
LogDevObjectVersion:   Dev-Editor (E4B068ED-F494-42E9-A231-DA0B2E46BB41): 24
LogDevObjectVersion:   Dev-Framework (CFFC743F-43B0-4480-9391-14DF171D2073): 34
LogDevObjectVersion:   Dev-Mobile (B02B49B5-BB20-44E9-A304-32B752E40360): 2
LogDevObjectVersion:   Dev-Networking (A4E4105C-59A1-49B5-A7C5-40C4547EDFEE): 0
LogDevObjectVersion:   Dev-Online (39C831C9-5AE6-47DC-9A44-9C173E1C8E7C): 0
LogDevObjectVersion:   Dev-Physics (78F01B33-EBEA-4F98-B9B4-84EACCB95AA2): 0
LogDevObjectVersion:   Dev-Platform (6631380F-2D4D-43E0-8009-CF276956A95A): 0
LogDevObjectVersion:   Dev-Rendering (12F88B9F-8875-4AFC-A67C-D90C383ABD29): 26
LogDevObjectVersion:   Dev-Sequencer (7B5AE74C-D270-4C10-A958-57980B212A5A): 9
LogDevObjectVersion:   Dev-VR (D7296918-1DD6-4BDD-9DE2-64A83CC13884): 2
LogDevObjectVersion:   Dev-LoadTimes (C2A15278-BFE7-4AFE-6C17-90FF531DF755): 1
LogDevObjectVersion:   Private-Geometry (6EACA3D4-40EC-4CC1-B786-8BED09428FC5): 3
LogDevObjectVersion:   Dev-AnimPhys (29E575DD-E0A3-4627-9D10-D276232CDCEA): 17
LogDevObjectVersion:   Dev-ReflectionCapture (6B266CEC-1EC7-4B8F-A30B-E4D90942FC07): 1
LogDevObjectVersion:   Dev-Automation (0DF73D61-A23F-47EA-B727-89E90C41499A): 1
LogDevObjectVersion:   FortniteMain (601D1886-AC64-4F84-AA16-D3DE0DEAC7D6): 12
LogDevObjectVersion:   Dev-Enterprise (9DFFBCD6-494F-0158-E221-12823C92A888): 1
LogStreaming: Display: Took  0.003s to delete old logs.
LogInit: Presizing for max 8388607 objects, including 0 objects not considered by GC, pre-allocating 0 bytes for permanent pool.
LogInit: Object subsystem initialized
[2019.04.15-10.54.22:917][  0]LogInit: Selected Device Profile: [Windows]
[2019.04.15-10.54.22:917][  0]LogInit: Applying CVar settings loaded from the selected device profile: [Windows]
[2019.04.15-10.54.22:931][  0]LogHAL: Display: Platform has ~ 16 GB [17072640000 / 17179869184 / 16], which maps to Larger [LargestMinGB=32, LargerMinGB=12, DefaultMinGB=8, SmallerMinGB=6, SmallestMinGB=0)
[2019.04.15-10.54.22:931][  0]LogInit: Setting Device Profile CVar: [[r.Vulkan.UseRealUBs:1]]
[2019.04.15-10.54.22:932][  0]LogInit: Going up to parent DeviceProfile []
[2019.04.15-10.54.22:933][  0]LogInit: Computer: DAN-PC
[2019.04.15-10.54.22:933][  0]LogInit: User: Dan
[2019.04.15-10.54.22:933][  0]LogInit: CPU Page size=4096, Cores=4
[2019.04.15-10.54.22:933][  0]LogInit: High frequency timer resolution =4.311386 MHz
[2019.04.15-10.54.22:934][  0]LogMemory: Memory total: Physical=15.9GB (16GB approx)
[2019.04.15-10.54.22:934][  0]LogMemory: Platform Memory Stats for Windows
[2019.04.15-10.54.22:934][  0]LogMemory: Process Physical Memory: 104.22 MB used, 104.22 MB peak
[2019.04.15-10.54.22:934][  0]LogMemory: Process Virtual Memory: 93.15 MB used, 93.15 MB peak
[2019.04.15-10.54.22:934][  0]LogMemory: Physical Memory: 5642.91 MB used,  10638.83 MB free, 16281.74 MB total
[2019.04.15-10.54.22:934][  0]LogMemory: Virtual Memory: 493.65 MB used,  10638.83 MB free, 8388608.00 MB total
[2019.04.15-10.54.23:299][  0]LogInit: Using OS detected language (en-GB).
[2019.04.15-10.54.23:299][  0]LogInit: Using OS detected locale (en-GB).
[2019.04.15-10.54.23:307][  0]LogTextLocalizationManager: No specific localization for 'en-GB' exists, so the 'en' localization will be used.
[2019.04.15-10.54.23:854][  0]LogStreaming: Display: Took  0.555s to InitEngineTextLocalization.
[2019.04.15-10.54.23:855][  0]LogWindows: Failed to load 'shcore.dll' (GetLastError=126)
[2019.04.15-10.54.23:855][  0]LogWindows: File 'shcore.dll' does not exist
[2019.04.15-10.54.23:855][  0]LogInit: Setting process to DPI aware
[2019.04.15-10.54.23:958][  0]LogSlate: New Slate User Created.  User Index 0, Is Virtual User: 0
[2019.04.15-10.54.23:959][  0]LogSlate: Slate User Registered.  User Index 0, Is Virtual User: 0
[2019.04.15-10.54.24:536][  0]LogHMD: Failed to initialize OpenVR with code 110
[2019.04.15-10.54.24:536][  0]LogD3D11RHI: D3D11 adapters:
[2019.04.15-10.54.24:665][  0]LogD3D11RHI:    0. 'NVIDIA GeForce GTX 970' (Feature Level 11_0)
[2019.04.15-10.54.24:665][  0]LogD3D11RHI:       4007/0/7884 MB DedicatedVideo/DedicatedSystem/SharedSystem, Outputs:2, VendorId:0x10de
[2019.04.15-10.54.24:665][  0]LogD3D11RHI: Chosen D3D11 Adapter: 0
[2019.04.15-10.54.24:674][  0]LogD3D11RHI: Creating new Direct3DDevice
[2019.04.15-10.54.24:674][  0]LogD3D11RHI:     GPU DeviceId: 0x13c2 (for the marketing name, search the web for "GPU Device Id")
[2019.04.15-10.54.24:674][  0]LogWindows: EnumDisplayDevices:
[2019.04.15-10.54.24:674][  0]LogWindows:    0. 'NVIDIA GeForce GTX 970' (P:0 D:1)
[2019.04.15-10.54.24:675][  0]LogWindows:    1. 'NVIDIA GeForce GTX 970' (P:1 D:1)
[2019.04.15-10.54.24:675][  0]LogWindows:    2. 'NVIDIA GeForce GTX 970' (P:0 D:0)
[2019.04.15-10.54.24:675][  0]LogWindows:    3. 'NVIDIA GeForce GTX 970' (P:0 D:0)
[2019.04.15-10.54.24:675][  0]LogWindows:    4. 'RDPDD Chained DD' (P:0 D:0)
[2019.04.15-10.54.24:676][  0]LogWindows:    5. 'RDP Encoder Mirror Driver' (P:0 D:0)
[2019.04.15-10.54.24:676][  0]LogWindows:    6. 'RDP Reflector Display Driver' (P:0 D:0)
[2019.04.15-10.54.24:676][  0]LogWindows: DebugString: GetVideoDriverDetailsInvalid PrimaryIsNotTheChoosenAdapter GetVideoDriverDetailsInvalid PrimaryIsNotTheChoosenAdapter GetVideoDriverDetailsInvalid PrimaryIsNotTheChoosenAdapter FoundDriverCount:4 
[2019.04.15-10.54.24:676][  0]LogD3D11RHI:     Adapter Name: NVIDIA GeForce GTX 970
[2019.04.15-10.54.24:676][  0]LogD3D11RHI:   Driver Version: 388.13 (internal:23.21.13.8813, unified:388.13)
[2019.04.15-10.54.24:676][  0]LogD3D11RHI:      Driver Date: 10-27-2017
[2019.04.15-10.54.24:676][  0]LogRHI: Texture pool is 2805 MB (70% of 4007 MB)
[2019.04.15-10.54.24:691][  0]LogD3D11RHI: Async texture creation enabled
[2019.04.15-10.54.24:748][  0]LogD3D11RHI: GPU Timing Frequency: 1000.000000 (Debug: 2 2)
[2019.04.15-10.54.24:847][  0]LogShaderCompilers: Guid format shader working directory is -74 characters bigger than the processId version (../../../../../Documents/Uni/Northumbria/Year 2/Software Practice/Team-Molyneux-3-/Project/Unreal Project/GroupProject/Intermediate/Shaders/WorkingDirectory/4804/).
[2019.04.15-10.54.24:847][  0]LogShaderCompilers: Cleaned the shader compiler working directory 'C:/Users/Dan/AppData/Local/Temp/UnrealShaderWorkingDir/70193D79489C55CB5B59728E063FD4AD/'.
[2019.04.15-10.54.25:864][  0]LogTemp: Display: Loaded TP AllDesktopTargetPlatform
[2019.04.15-10.54.25:901][  0]LogTemp: Display: Loaded TP MacClientTargetPlatform
[2019.04.15-10.54.25:940][  0]LogTemp: Display: Loaded TP MacNoEditorTargetPlatform
[2019.04.15-10.54.25:978][  0]LogTemp: Display: Loaded TP MacServerTargetPlatform
[2019.04.15-10.54.26:018][  0]LogTemp: Display: Loaded TP MacTargetPlatform
[2019.04.15-10.54.26:058][  0]LogTemp: Display: Loaded TP WindowsClientTargetPlatform
[2019.04.15-10.54.26:096][  0]LogTemp: Display: Loaded TP WindowsNoEditorTargetPlatform
[2019.04.15-10.54.26:138][  0]LogTemp: Display: Loaded TP WindowsServerTargetPlatform
[2019.04.15-10.54.26:167][  0]LogTemp: Display: Loaded TP WindowsTargetPlatform
[2019.04.15-10.54.26:323][  0]LogTemp: Display: Loaded TP AndroidTargetPlatform
[2019.04.15-10.54.26:323][  0]LogTemp: Display: Loaded TP AndroidTargetPlatform
[2019.04.15-10.54.26:323][  0]LogTemp: Display: Loaded TP AndroidTargetPlatform
[2019.04.15-10.54.26:323][  0]LogTemp: Display: Loaded TP AndroidTargetPlatform
[2019.04.15-10.54.26:323][  0]LogTemp: Display: Loaded TP AndroidTargetPlatform
[2019.04.15-10.54.26:323][  0]LogTemp: Display: Loaded TP AndroidTargetPlatform
[2019.04.15-10.54.26:323][  0]LogTemp: Display: Loaded TP AndroidTargetPlatform
[2019.04.15-10.54.26:323][  0]LogTemp: Display: Loaded TP AndroidTargetPlatform
[2019.04.15-10.54.26:323][  0]LogTemp: Display: Loaded TP AndroidTargetPlatform
[2019.04.15-10.54.26:323][  0]LogTemp: Display: Loaded TP AndroidTargetPlatform
[2019.04.15-10.54.26:323][  0]LogTemp: Display: Loaded TP AndroidTargetPlatform
[2019.04.15-10.54.26:323][  0]LogTemp: Display: Loaded TP AndroidTargetPlatform
[2019.04.15-10.54.26:323][  0]LogTemp: Display: Loaded TP AndroidTargetPlatform
[2019.04.15-10.54.26:323][  0]LogTemp: Display: Loaded TP AndroidTargetPlatform
[2019.04.15-10.54.26:323][  0]LogTemp: Display: Loaded TP AndroidTargetPlatform
[2019.04.15-10.54.26:323][  0]LogTemp: Display: Loaded TP AndroidTargetPlatform
[2019.04.15-10.54.26:323][  0]LogTemp: Display: Loaded TP AndroidTargetPlatform
[2019.04.15-10.54.26:323][  0]LogTemp: Display: Loaded TP AndroidTargetPlatform
[2019.04.15-10.54.26:342][  0]LogTemp: Display: Loaded TP HTML5TargetPlatform
[2019.04.15-10.54.26:545][  0]LogTemp: Display: Loaded TP IOSTargetPlatform
[2019.04.15-10.54.26:545][  0]LogTemp: Display: Loaded TP IOSTargetPlatform
[2019.04.15-10.54.26:599][  0]LogTemp: Display: Loaded TP TVOSTargetPlatform
[2019.04.15-10.54.26:599][  0]LogTemp: Display: Loaded TP TVOSTargetPlatform
[2019.04.15-10.54.26:636][  0]LogTemp: Display: Loaded TP LinuxClientTargetPlatform
[2019.04.15-10.54.26:673][  0]LogTemp: Display: Loaded TP LinuxNoEditorTargetPlatform
[2019.04.15-10.54.26:709][  0]LogTemp: Display: Loaded TP LinuxServerTargetPlatform
[2019.04.15-10.54.26:747][  0]LogTemp: Display: Loaded TP LinuxTargetPlatform
[2019.04.15-10.54.26:777][  0]LogTemp: Display: Loaded TP LuminTargetPlatform
[2019.04.15-10.54.26:777][  0]LogTargetPlatformManager: Display: Building Assets For Windows
[2019.04.15-10.54.27:488][  0]LogXGEController: Cleaning working directory: C:/Users/Dan/AppData/Local/Temp/UnrealXGEWorkingDir/
[2019.04.15-10.54.27:488][  0]LogXGEController: Cannot use XGE Controller as Incredibuild is not installed on this machine.
[2019.04.15-10.54.27:488][  0]LogShaderCompilers: Cannot use XGE Shader Compiler as Incredibuild is not installed on this machine.
[2019.04.15-10.54.27:488][  0]LogShaderCompilers: Display: Using Local Shader Compiler.
[2019.04.15-10.54.28:829][  0]LogDerivedDataCache: Display: Max Cache Size: 512 MB
[2019.04.15-10.54.29:099][  0]LogDerivedDataCache: Loaded boot cache 0.27s 71MB C:/Users/Dan/AppData/Local/UnrealEngine/4.20/DerivedDataCache/Boot.ddc.
[2019.04.15-10.54.29:099][  0]LogDerivedDataCache: Display: Loaded Boot cache: C:/Users/Dan/AppData/Local/UnrealEngine/4.20/DerivedDataCache/Boot.ddc
[2019.04.15-10.54.29:099][  0]LogDerivedDataCache: FDerivedDataBackendGraph:  Pak pak cache file ../../../../../Documents/Uni/Northumbria/Year 2/Software Practice/Team-Molyneux-3-/Project/Unreal Project/GroupProject/DerivedDataCache/DDC.ddp not found, will not use a pak cache.
[2019.04.15-10.54.29:099][  0]LogDerivedDataCache: Unable to find inner node Pak for hierarchical cache Hierarchy.
[2019.04.15-10.54.29:099][  0]LogDerivedDataCache: FDerivedDataBackendGraph:  CompressedPak pak cache file ../../../../../Documents/Uni/Northumbria/Year 2/Software Practice/Team-Molyneux-3-/Project/Unreal Project/GroupProject/DerivedDataCache/Compressed.ddp not found, will not use a pak cache.
[2019.04.15-10.54.29:099][  0]LogDerivedDataCache: Unable to find inner node CompressedPak for hierarchical cache Hierarchy.
[2019.04.15-10.54.29:127][  0]LogDerivedDataCache: Display: Pak cache opened for reading ../../../Engine/DerivedDataCache/Compressed.ddp.
[2019.04.15-10.54.29:140][  0]LogDerivedDataCache: Using Local data cache path C:/Users/Dan/AppData/Local/UnrealEngine/Common/DerivedDataCache: Writable
[2019.04.15-10.54.29:140][  0]LogDerivedDataCache: Shared data cache path not found in *engine.ini, will not use an Shared cache.
[2019.04.15-10.54.29:140][  0]LogDerivedDataCache: Unable to find inner node Shared for hierarchical cache Hierarchy.
[2019.04.15-10.54.29:169][  0]LogMaterial: Verifying Global Shaders for PCD3D_SM5
[2019.04.15-10.54.29:171][  0]LogSlate: Using FreeType 2.6.0
[2019.04.15-10.54.29:174][  0]LogSlate: SlateFontServices - WITH_FREETYPE: 1, WITH_HARFBUZZ: 1
[2019.04.15-10.54.29:394][  0]LogAssetRegistry: FAssetRegistry took 0.0261 seconds to start up
[2019.04.15-10.54.29:971][  0]LogInit: Selected Device Profile: [Windows]
[2019.04.15-10.54.30:576][  0]LogSimplygon: Simplygon DLL not present - disabling.
[2019.04.15-10.54.30:735][  0]LogMeshReduction: Using SimplygonSwarm for distributed automatic mesh merging
[2019.04.15-10.54.30:735][  0]LogMeshReduction: Using ProxyLODMeshReduction for automatic mesh merging
[2019.04.15-10.54.30:735][  0]LogMeshReduction: Using QuadricMeshReduction for automatic static mesh reduction
[2019.04.15-10.54.30:735][  0]LogMeshReduction: No automatic skeletal mesh reduction module available
[2019.04.15-10.54.30:922][  0]LogNetVersion: GroupProject 1.0.0, NetCL: 4212847, EngineNetVer: 5, GameNetVer: 0 (Checksum: 857663312)
[2019.04.15-10.54.31:850][  0]LogPackageLocalizationCache: Processed 11 localized package path(s) for 2 prioritized culture(s) in 0.124686 seconds
[2019.04.15-10.54.31:858][  0]LogUObjectArray: 38425 objects as part of root set at end of initial load.
[2019.04.15-10.54.31:858][  0]LogUObjectAllocator: 6690864 out of 0 bytes used by permanent object pool.
[2019.04.15-10.54.31:858][  0]LogUObjectArray: CloseDisregardForGC: 0/0 objects in disregard for GC pool
[2019.04.15-10.54.35:713][  0]LogTcpMessaging: Initializing TcpMessaging bridge
[2019.04.15-10.54.35:747][  0]LogUdpMessaging: Initializing bridge on interface 0.0.0.0:0 to multicast group 230.0.0.1:6666.
[2019.04.15-10.54.36:488][  0]SourceControl: Source control is disabled
[2019.04.15-10.54.36:488][  0]SourceControl: Source control is disabled
[2019.04.15-10.54.36:555][  0]SourceControl: Source control is disabled
[2019.04.15-10.54.36:579][  0]SourceControl: Source control is disabled
[2019.04.15-10.54.37:684][  0]LogAndroidPermission: UAndroidPermissionCallbackProxy::GetInstance
[2019.04.15-10.54.37:903][  0]LogOcInput: OculusInput pre-init called
[2019.04.15-10.54.38:119][  0]LogEngine: Initializing Engine...
[2019.04.15-10.54.38:122][  0]LogHMD: Failed to initialize OpenVR with code 110
[2019.04.15-10.54.38:124][  0]LogStats: UGameplayTagsManager::ConstructGameplayTagTree: ImportINI prefixes -  0.000 s
[2019.04.15-10.54.38:124][  0]LogStats: UGameplayTagsManager::ConstructGameplayTagTree: Construct from data asset -  0.000 s
[2019.04.15-10.54.38:124][  0]LogStats: UGameplayTagsManager::ConstructGameplayTagTree: ImportINI -  0.000 s
[2019.04.15-10.54.38:124][  0]LogStats: UGameplayTagsManager::ConstructGameplayTagTree: GameplayTagTreeChangedEvent.Broadcast -  0.000 s
[2019.04.15-10.54.38:485][  0]LogInit: Initializing FReadOnlyCVARCache
[2019.04.15-10.54.38:551][  0]LogAIModule: Creating AISystem for world Untitled
[2019.04.15-10.54.38:598][  0]LogInit: XAudio2 using 'Speakers (Realtek High Definition Audio)' : 2 channels at 48 kHz using 32 bits per sample (channel mask 0x3)
[2019.04.15-10.54.38:615][  0]LogInit: FAudioDevice initialized.
[2019.04.15-10.54.38:615][  0]LogNetVersion: Set ProjectVersion to 1.0.0.0. Version Checksum will be recalculated on next use.
[2019.04.15-10.54.38:750][  0]LogDerivedDataCache: Saved boot cache 0.14s 71MB C:/Users/Dan/AppData/Local/UnrealEngine/4.20/DerivedDataCache/Boot.ddc.
[2019.04.15-10.54.38:760][  0]LogInit: Texture streaming: Enabled
[2019.04.15-10.54.38:890][  0]LogEngineSessionManager: EngineSessionManager initialized
[2019.04.15-10.54.38:890][  0]LogEngineSessionManager: EngineSessionManager sent abnormal shutdown report. Type=AbnormalShutdown, SessionId={60A7888D-4978-0E7E-28DE-9AB20BEB7F79}
[2019.04.15-10.54.38:927][  0]LogInit: Transaction tracking system initialized
[2019.04.15-10.54.39:074][  0]BlueprintLog: New page: Editor Load
[2019.04.15-10.54.39:850][  0]LocalizationService: Localization service is disabled
[2019.04.15-10.54.40:854][  0]LogCook: Display: Max memory allowance for cook 16384mb min free memory 0mb
[2019.04.15-10.54.40:854][  0]LogCook: Display: Mobile HDR setting 1
[2019.04.15-10.54.40:855][  0]LogGameplayTags: Display: UGameplayTagsManager::DoneAddingNativeTags. DelegateIsBound: 0
[2019.04.15-10.54.40:855][  0]LogStats: UGameplayTagsManager::ConstructGameplayTagTree: ImportINI prefixes -  0.000 s
[2019.04.15-10.54.40:855][  0]LogStats: UGameplayTagsManager::ConstructGameplayTagTree: Construct from data asset -  0.000 s
[2019.04.15-10.54.40:855][  0]LogStats: UGameplayTagsManager::ConstructGameplayTagTree: ImportINI -  0.000 s
[2019.04.15-10.54.40:855][  0]LogStats: UGameplayTagsManager::ConstructGameplayTagTree: GameplayTagTreeChangedEvent.Broadcast -  0.000 s
[2019.04.15-10.54.41:781][  0]LogFileCache: Scanning file cache for directory 'G:/Documents/Uni/Northumbria/Year 2/Software Practice/Team-Molyneux-3-/Project/Unreal Project/GroupProject/Content/' took 0.10s
[2019.04.15-10.54.42:195][  0]SourceControl: Source control is disabled
[2019.04.15-10.54.42:196][  0]LightingResults: New page: Lighting Build
[2019.04.15-10.54.42:204][  0]MapCheck: New page: Map Check
[2019.04.15-10.54.42:204][  0]LightingResults: New page: Lighting Build
[2019.04.15-10.54.44:913][  0]LogAIModule: Creating AISystem for world ThirdPersonExampleMap
[2019.04.15-10.54.45:166][  0]LogEditorServer: Finished looking for orphan Actors (0.000 secs)
[2019.04.15-10.54.45:255][  0]Cmd: MAP CHECKDEP NOCLEARLOG
[2019.04.15-10.54.45:333][  0]MapCheck: Map check complete: 0 Error(s), 0 Warning(s), took 77.977ms to complete.
[2019.04.15-10.54.45:333][  0]LogFileHelpers: Loading map 'ThirdPersonExampleMap' took 3.138
[2019.04.15-10.54.45:467][  0]LogSlate: Updating window title bar state: overlay mode, drag disabled, window buttons hidden, title bar hidden
[2019.04.15-10.54.45:477][  0]LogSlate: Updating window title bar state: overlay mode, drag disabled, window buttons hidden, title bar hidden
[2019.04.15-10.54.45:487][  0]LogSlate: Updating window title bar state: overlay mode, drag disabled, window buttons hidden, title bar hidden
[2019.04.15-10.54.45:497][  0]LogSlate: Updating window title bar state: overlay mode, drag disabled, window buttons hidden, title bar hidden
[2019.04.15-10.54.45:530][  0]LogCollectionManager: Loaded 0 collections in 0.004830 seconds
[2019.04.15-10.54.45:590][  0]LogFileCache: Scanning file cache for directory 'G:/Documents/Uni/Northumbria/Year 2/Software Practice/Team-Molyneux-3-/Project/Unreal Project/GroupProject/Saved/Collections/' took 0.01s
[2019.04.15-10.54.45:590][  0]LogFileCache: Scanning file cache for directory 'G:/Documents/Uni/Northumbria/Year 2/Software Practice/Team-Molyneux-3-/Project/Unreal Project/GroupProject/Content/Developers/Dan/Collections/' took 0.01s
[2019.04.15-10.54.45:590][  0]LogFileCache: Scanning file cache for directory 'G:/Documents/Uni/Northumbria/Year 2/Software Practice/Team-Molyneux-3-/Project/Unreal Project/GroupProject/Content/Collections/' took 0.01s
[2019.04.15-10.54.45:590][  0]LogCollectionManager: Rebuilt the GUID cache for 0 collections in 0.000000 seconds
[2019.04.15-10.54.45:606][  0]LogContentBrowser: Native class hierarchy populated in 0.0153 seconds. Added 2581 classes and 608 folders.
[2019.04.15-10.54.45:618][  0]LogContentBrowser: Native class hierarchy updated for 'WidgetCarousel' in 0.0003 seconds. Added 0 classes and 0 folders.
[2019.04.15-10.54.45:935][  0]LogContentBrowser: Native class hierarchy updated for 'AddContentDialog' in 0.0003 seconds. Added 0 classes and 0 folders.
[2019.04.15-10.54.51:760][  0]LogContentBrowser: Native class hierarchy updated for 'SceneOutliner' in 0.0003 seconds. Added 1 classes and 2 folders.
[2019.04.15-10.54.51:867][  0]LogSlate: Took 0.001851 seconds to synchronously load lazily loaded font '../../../Engine/Content/Slate/Fonts/Roboto-Regular.ttf' (155K)
[2019.04.15-10.54.51:873][  0]LogSlate: Took 0.003466 seconds to synchronously load lazily loaded font '../../../Engine/Content/Slate/Fonts/Roboto-Bold.ttf' (160K)
[2019.04.15-10.54.51:881][  0]LogSlate: Took 0.001785 seconds to synchronously load lazily loaded font '../../../Engine/Content/Editor/Slate/Fonts/FontAwesome.ttf' (139K)
[2019.04.15-10.54.52:010][  0]LogRenderer: Reallocating scene render targets to support 1300x544 Format 10 NumSamples 1 (Frame:1).
[2019.04.15-10.54.52:147][  0]LogSlate: Took 0.001845 seconds to synchronously load lazily loaded font '../../../Engine/Content/Slate/Fonts/Roboto-Light.ttf' (167K)
[2019.04.15-10.54.52:299][  0]LogContentBrowser: Native class hierarchy updated for 'HierarchicalLODOutliner' in 0.0003 seconds. Added 0 classes and 0 folders.
[2019.04.15-10.54.52:299][  0]LogLoad: (Engine Initialization) Total time: 38.44 seconds
[2019.04.15-10.54.52:299][  0]LogLoad: (Engine Initialization) Total Blueprint compile time: 0.00 seconds
[2019.04.15-10.54.52:359][  0]LogContentStreaming: Texture pool size now 1000 MB
[2019.04.15-10.54.52:432][  1]LogFileCache: Retrieving MD5 hashes for directory 'G:/Documents/Uni/Northumbria/Year 2/Software Practice/Team-Molyneux-3-/Project/Unreal Project/GroupProject/Content/' took 0.10s
[2019.04.15-10.54.52:500][  2]LogAssetRegistry: Asset discovery search completed in 23.1263 seconds
[2019.04.15-10.54.52:503][  2]LogCollectionManager: Rebuilt the object cache for 0 collections in 0.000000 seconds (found 0 objects)
[2019.04.15-10.54.52:504][  2]LogCollectionManager: Fixed up redirectors for 0 collections in 0.000106 seconds (updated 0 objects)
[2019.04.15-10.54.53:823][  6]LogSlate: Took 0.000206 seconds to synchronously load lazily loaded font '../../../Engine/Content/Slate/Fonts/Roboto-Light.ttf' (167K)
[2019.04.15-10.58.01:856][884]LogSlate: FSceneViewport::OnFocusLost() reason 0
[2019.04.15-10.58.26:829][181]LogFactory: FactoryCreateFile: StaticMesh with FbxFactory (0 0 ../../../../../Documents/Uni/Northumbria/Year 2/Software Practice/Team-Molyneux-3-/Project/Models/Corridor (Fixed).obj)
[2019.04.15-10.58.26:852][181]LogFbx: Loading FBX Scene from ../../../../../Documents/Uni/Northumbria/Year 2/Software Practice/Team-Molyneux-3-/Project/Models/Corridor (Fixed).obj
[2019.04.15-10.58.26:863][181]LogFbx: FBX Scene Loaded Succesfully
[2019.04.15-10.58.26:966][181]LogMaterial: Display: Missing cached shader map for material M_Brick_Clay_Beveled, compiling. 
[2019.04.15-10.58.26:968][181]LogMaterial: Warning: G:\Documents\Uni\Northumbria\Year 2\Software Practice\Team-Molyneux-3-\Project\Unreal Project\GroupProject\Content\StarterContent\Materials\M_Brick_Clay_Beveled.uasset: Failed to compile Material for platform PCD3D_SM5, Default Material will be used in game.
[2019.04.15-10.58.26:968][181]LogMaterial: 	(Node TextureSample) TextureSample> Sampler type is Color, should be Linear Color for /Game/StarterContent/Textures/T_Brick_Clay_Beveled_D.T_Brick_Clay_Beveled_D
[2019.04.15-10.58.26:968][181]LogMaterial: 	(Node TextureSample) TextureSample> Sampler type is Color, should be Linear Color for /Game/StarterContent/Textures/T_MacroVariation.T_MacroVariation
[2019.04.15-10.58.26:968][181]LogMaterial: 	(Node TextureSample) TextureSample> Sampler type is Color, should be Linear Color for /Game/StarterContent/Textures/T_Brick_Clay_Beveled_M.T_Brick_Clay_Beveled_M
[2019.04.15-10.58.28:574][181]LogSlate: Window 'FBX Import Options' being destroyed
[2019.04.15-10.58.29:047][181]LogStaticMesh: Building static mesh Corridor__Fixed_...
[2019.04.15-10.58.29:314][181]LogStaticMesh: Built static mesh [0.27s] /Game/Meshes/Corridor__Fixed_.Corridor__Fixed_
[2019.04.15-10.58.29:320][181]LogStaticMesh: Warning: Corridor__Fixed_ has degenerate tangent bases which will result in incorrect shading.  MikkTSpace relies on tangent bases and may result in mesh corruption, consider disabling this option.
[2019.04.15-10.58.29:321][181]LogStaticMesh: Warning: Corridor__Fixed_ has some nearly zero tangents which can create some issues. (Tolerance of 1E-4)
[2019.04.15-10.58.29:321][181]LogStaticMesh: Warning: Corridor__Fixed_ has some nearly zero bi-normals which can create some issues. (Tolerance of 1E-4)
[2019.04.15-10.58.29:425][181]FBXImport: Warning: No smoothing group information was found in this FBX scene.  Please make sure to enable the 'Export Smoothing Groups' option in the FBX Exporter plug-in before exporting the file.  Even for tools that don't support smoothing groups, the FBX Exporter will generate appropriate smoothing data at export-time so that correct vertex normals can be inferred while importing. 
[2019.04.15-10.58.29:425][181]FBXImport: Warning: Corridor__Fixed_ has degenerate tangent bases which will result in incorrect shading.  MikkTSpace relies on tangent bases and may result in mesh corruption, consider disabling this option. 
[2019.04.15-10.58.29:425][181]FBXImport: Warning: Corridor__Fixed_ has some nearly zero tangents which can create some issues. (Tolerance of 1E-4) 
[2019.04.15-10.58.29:426][181]FBXImport: Warning: Corridor__Fixed_ has some nearly zero bi-normals which can create some issues. (Tolerance of 1E-4) 
[2019.04.15-10.58.29:442][181]LogStaticMesh: Building static mesh Corridor__Fixed_...
[2019.04.15-10.58.29:707][181]LogStaticMesh: Built static mesh [0.27s] /Game/Meshes/Corridor__Fixed_.Corridor__Fixed_
[2019.04.15-10.58.29:720][181]LogStaticMesh: Warning: Corridor__Fixed_ has degenerate tangent bases which will result in incorrect shading.  MikkTSpace relies on tangent bases and may result in mesh corruption, consider disabling this option.
[2019.04.15-10.58.29:720][181]LogStaticMesh: Warning: Corridor__Fixed_ has some nearly zero tangents which can create some issues. (Tolerance of 1E-4)
[2019.04.15-10.58.29:720][181]LogStaticMesh: Warning: Corridor__Fixed_ has some nearly zero bi-normals which can create some issues. (Tolerance of 1E-4)
[2019.04.15-10.58.32:035][341]LogSlate: Window 'Message Log' being destroyed
[2019.04.15-10.58.32:037][341]LogSlate: Window 'Message Log' being destroyed
[2019.04.15-10.58.33:499][427]LogAssetEditorManager: Opening Asset editor for StaticMesh /Game/Meshes/Corridor__Fixed_.Corridor__Fixed_
[2019.04.15-10.58.34:631][427]LogRenderer: Reallocating scene render targets to support 1432x924 Format 10 NumSamples 1 (Frame:1).
[2019.04.15-10.58.34:631][427]LogSlate: Took 0.002175 seconds to synchronously load lazily loaded font '../../../Engine/Content/Slate/Fonts/Roboto-Italic.ttf' (157K)
[2019.04.15-10.58.45:319][ 35]LogSlate: FSceneViewport::OnFocusLost() reason 0
[2019.04.15-10.58.45:395][ 40]LogSlate: Window 'Corridor__Fixed_*' being destroyed
[2019.04.15-10.58.50:974][194]LogFactory: FactoryCreateFile: StaticMesh with FbxFactory (0 0 ../../../../../Documents/Uni/Northumbria/Year 2/Software Practice/Team-Molyneux-3-/Project/Models/Corridor Window.obj)
[2019.04.15-10.58.50:992][194]LogFbx: Loading FBX Scene from ../../../../../Documents/Uni/Northumbria/Year 2/Software Practice/Team-Molyneux-3-/Project/Models/Corridor Window.obj
[2019.04.15-10.58.51:023][194]LogFbx: FBX Scene Loaded Succesfully
[2019.04.15-10.58.52:664][194]LogSlate: Window 'FBX Import Options' being destroyed
[2019.04.15-10.58.52:780][194]LogStaticMesh: Building static mesh Corridor_Window...
[2019.04.15-10.58.54:277][194]LogStaticMesh: Built static mesh [1.51s] /Game/Meshes/Corridor_Window.Corridor_Window
[2019.04.15-10.58.54:286][194]LogStaticMesh: Warning: Corridor_Window has degenerate tangent bases which will result in incorrect shading.  MikkTSpace relies on tangent bases and may result in mesh corruption, consider disabling this option.
[2019.04.15-10.58.54:286][194]LogStaticMesh: Warning: Corridor_Window has some nearly zero tangents which can create some issues. (Tolerance of 1E-4)
[2019.04.15-10.58.54:286][194]LogStaticMesh: Warning: Corridor_Window has some nearly zero bi-normals which can create some issues. (Tolerance of 1E-4)
[2019.04.15-10.58.54:305][194]FBXImport: Warning: No smoothing group information was found in this FBX scene.  Please make sure to enable the 'Export Smoothing Groups' option in the FBX Exporter plug-in before exporting the file.  Even for tools that don't support smoothing groups, the FBX Exporter will generate appropriate smoothing data at export-time so that correct vertex normals can be inferred while importing. 
[2019.04.15-10.58.54:305][194]FBXImport: Warning: Corridor_Window has degenerate tangent bases which will result in incorrect shading.  MikkTSpace relies on tangent bases and may result in mesh corruption, consider disabling this option. 
[2019.04.15-10.58.54:305][194]FBXImport: Warning: Corridor_Window has some nearly zero tangents which can create some issues. (Tolerance of 1E-4) 
[2019.04.15-10.58.54:305][194]FBXImport: Warning: Corridor_Window has some nearly zero bi-normals which can create some issues. (Tolerance of 1E-4) 
[2019.04.15-10.58.54:321][194]LogStaticMesh: Building static mesh Corridor_Window...
[2019.04.15-10.58.55:766][194]LogStaticMesh: Built static mesh [1.45s] /Game/Meshes/Corridor_Window.Corridor_Window
[2019.04.15-10.58.55:777][194]LogStaticMesh: Warning: Corridor_Window has degenerate tangent bases which will result in incorrect shading.  MikkTSpace relies on tangent bases and may result in mesh corruption, consider disabling this option.
[2019.04.15-10.58.55:777][194]LogStaticMesh: Warning: Corridor_Window has some nearly zero tangents which can create some issues. (Tolerance of 1E-4)
[2019.04.15-10.58.55:777][194]LogStaticMesh: Warning: Corridor_Window has some nearly zero bi-normals which can create some issues. (Tolerance of 1E-4)
[2019.04.15-10.58.57:710][320]LogSlate: Window 'Message Log' being destroyed
[2019.04.15-10.58.57:711][320]LogSlate: Window 'Message Log' being destroyed
[2019.04.15-10.58.59:334][417]LogAssetEditorManager: Opening Asset editor for StaticMesh /Game/Meshes/Corridor_Window.Corridor_Window
[2019.04.15-10.59.23:549][866]LogSlate: FSceneViewport::OnFocusLost() reason 0
[2019.04.15-10.59.23:611][872]LogSlate: Window 'Corridor_Window*' being destroyed
[2019.04.15-10.59.24:987][951]LogActorFactory: Actor Factory created Corridor_Window
[2019.04.15-10.59.26:088][ 27]LogActorFactory: Actor Factory created Corridor_Window
[2019.04.15-10.59.27:575][111]LogSlate: FSceneViewport::OnFocusLost() reason 0
[2019.04.15-11.00.05:872][ 55]LogSlate: FSceneViewport::OnFocusLost() reason 0
[2019.04.15-11.00.06:351][ 64]LogAssetEditorManager: Opening Asset editor for StaticMesh /Game/Meshes/Corridor__Fixed_.Corridor__Fixed_
[2019.04.15-11.00.30:632][709]LogSlate: Window 'Corridor__Fixed_*' being destroyed
[2019.04.15-11.00.31:726][775]LogEditorViewport: Clicking on Actor (LMB): StaticMeshActor (Corridor_Window)
[2019.04.15-11.01.19:525][312]LogEditorViewport: Clicking on Actor (LMB): StaticMeshActor (Corridor_Window)
[2019.04.15-11.01.20:640][397]Cmd: DELETE
[2019.04.15-11.01.20:640][397]Cmd: ACTOR DELETE
[2019.04.15-11.01.20:660][397]LogEditorActor: Deleted Actor: StaticMeshActor
[2019.04.15-11.01.20:756][397]LogEditorActor: Deleted 1 Actors (0.115 secs)
[2019.04.15-11.01.23:132][592]LogSlate: FSceneViewport::OnFocusLost() reason 0
[2019.04.15-11.04.53:938][225]LogSavePackage: Moving '../../../../../Documents/Uni/Northumbria/Year 2/Software Practice/Team-Molyneux-3-/Project/Unreal Project/GroupProject/Saved/ThirdPersonExampleMap_Auto11A6370C74903DD4CE8A9639602616CBE.tmp' to '../../../../../Documents/Uni/Northumbria/Year 2/Software Practice/Team-Molyneux-3-/Project/Unreal Project/GroupProject/Saved/Autosaves/Game/ThirdPersonBP/Maps/ThirdPersonExampleMap_Auto1.umap'
[2019.04.15-11.04.53:957][225]LogFileHelpers: Editor autosave (incl. sublevels) for '/Game/ThirdPersonBP/Maps/ThirdPersonExampleMap' took 1.259
[2019.04.15-11.04.53:957][225]LogFileHelpers: Editor autosave (incl. sublevels) for all levels took 1.259
[2019.04.15-11.04.54:006][225]OBJ SavePackage: Generating thumbnails for [1] asset(s) in package [/Game/Meshes/Corridor__Fixed_] ([1] browsable assets)...
[2019.04.15-11.04.54:056][225]OBJ SavePackage:     Rendered thumbnail for [StaticMesh /Game/Meshes/Corridor__Fixed_.Corridor__Fixed_]
[2019.04.15-11.04.54:057][225]OBJ SavePackage: Finished generating thumbnails for package [/Game/Meshes/Corridor__Fixed_]
[2019.04.15-11.04.54:075][225]LogSavePackage: Moving '../../../../../Documents/Uni/Northumbria/Year 2/Software Practice/Team-Molyneux-3-/Project/Unreal Project/GroupProject/Saved/Corridor__Fixed__Auto1793C58BC44C70F26D506238F1912F249.tmp' to '../../../../../Documents/Uni/Northumbria/Year 2/Software Practice/Team-Molyneux-3-/Project/Unreal Project/GroupProject/Saved/Autosaves/Game/Meshes/Corridor__Fixed__Auto1.uasset'
[2019.04.15-11.04.54:078][225]OBJ SavePackage: Generating thumbnails for [1] asset(s) in package [/Game/Meshes/Corridor_Window] ([1] browsable assets)...
[2019.04.15-11.04.54:099][225]OBJ SavePackage:     Rendered thumbnail for [StaticMesh /Game/Meshes/Corridor_Window.Corridor_Window]
[2019.04.15-11.04.54:099][225]OBJ SavePackage: Finished generating thumbnails for package [/Game/Meshes/Corridor_Window]
[2019.04.15-11.04.54:119][225]LogSavePackage: Moving '../../../../../Documents/Uni/Northumbria/Year 2/Software Practice/Team-Molyneux-3-/Project/Unreal Project/GroupProject/Saved/Corridor_Window_Auto1D494768148E6B398D38CDA96438F8DF2.tmp' to '../../../../../Documents/Uni/Northumbria/Year 2/Software Practice/Team-Molyneux-3-/Project/Unreal Project/GroupProject/Saved/Autosaves/Game/Meshes/Corridor_Window_Auto1.uasset'
[2019.04.15-11.04.54:123][225]LogFileHelpers: Auto-saving content packages took 0.118
[2019.04.15-11.27.11:696][816]LogSlate: FSceneViewport::OnFocusLost() reason 0
[2019.04.15-13.24.27:069][767]LogSlate: FSceneViewport::OnFocusLost() reason 0
[2019.04.15-13.24.32:068][979]LogAssetEditorManager: Opening Asset editor for Blueprint /Game/Blueprints/Button.Button
[2019.04.15-13.24.32:913][979]LogContentBrowser: Native class hierarchy updated for 'BlueprintGraph' in 0.0009 seconds. Added 116 classes and 0 folders.
[2019.04.15-13.24.34:181][979]LogSlate: Took 0.002153 seconds to synchronously load lazily loaded font '../../../Engine/Content/Slate/Fonts/Roboto-BoldCondensed.ttf' (158K)
[2019.04.15-13.24.38:065][192]LogSlate: Window 'Button' being destroyed
[2019.04.15-13.24.52:589][828]LogTemp: Repeating last play command: Selected Viewport
[2019.04.15-13.24.52:619][828]LogBlueprintUserMessages: Early PlayInEditor Detection: Level '/Game/ThirdPersonBP/Maps/ThirdPersonExampleMap.ThirdPersonExampleMap:PersistentLevel' has LevelScriptBlueprint '/Game/ThirdPersonBP/Maps/ThirdPersonExampleMap.ThirdPersonExampleMap:PersistentLevel.ThirdPersonExampleMap' with GeneratedClass '/Game/ThirdPersonBP/Maps/ThirdPersonExampleMap.ThirdPersonExampleMap_C' with ClassGeneratedBy '/Game/ThirdPersonBP/Maps/ThirdPersonExampleMap.ThirdPersonExampleMap:PersistentLevel.ThirdPersonExampleMap'
[2019.04.15-13.24.52:619][828]LogPlayLevel: PlayLevel: No blueprints needed recompiling
[2019.04.15-13.24.52:631][828]PIE: New page: PIE session: ThirdPersonExampleMap (15 Apr 2019 15:24:52)
[2019.04.15-13.24.52:632][828]LogPlayLevel: Creating play world package: /Game/ThirdPersonBP/Maps/UEDPIE_0_ThirdPersonExampleMap
[2019.04.15-13.24.52:691][828]LogPlayLevel: PIE: StaticDuplicateObject took: (0.059550s)
[2019.04.15-13.24.52:692][828]LogAIModule: Creating AISystem for world ThirdPersonExampleMap
[2019.04.15-13.24.52:693][828]LogPlayLevel: PIE: World Init took: (0.000969s)
[2019.04.15-13.24.52:693][828]LogPlayLevel: PIE: Created PIE world by copying editor world from /Game/ThirdPersonBP/Maps/ThirdPersonExampleMap.ThirdPersonExampleMap to /Game/ThirdPersonBP/Maps/UEDPIE_0_ThirdPersonExampleMap.ThirdPersonExampleMap (0.061181s)
[2019.04.15-13.24.52:761][828]LogInit: XAudio2 using 'Speakers (Realtek High Definition Audio)' : 2 channels at 48 kHz using 32 bits per sample (channel mask 0x3)
[2019.04.15-13.24.52:775][828]LogInit: FAudioDevice initialized.
[2019.04.15-13.24.52:838][828]LogLoad: Game class is 'ThirdPersonGameMode_C'
[2019.04.15-13.24.52:869][828]LogWorld: Bringing World /Game/ThirdPersonBP/Maps/UEDPIE_0_ThirdPersonExampleMap.ThirdPersonExampleMap up for play (max tick rate 0) at 2019.04.15-14.24.52
[2019.04.15-13.24.52:872][828]LogWorld: Bringing up level for play took: 0.031603
[2019.04.15-13.24.52:932][828]LogContentBrowser: Native class hierarchy updated for 'MovieSceneCapture' in 0.0004 seconds. Added 10 classes and 0 folders.
[2019.04.15-13.24.52:941][828]PIE: Play in editor start time for /Game/ThirdPersonBP/Maps/UEDPIE_0_ThirdPersonExampleMap -0.094
[2019.04.15-13.24.52:942][828]LogBlueprintUserMessages: Late PlayInEditor Detection: Level '/Game/ThirdPersonBP/Maps/ThirdPersonExampleMap.ThirdPersonExampleMap:PersistentLevel' has LevelScriptBlueprint '/Game/ThirdPersonBP/Maps/ThirdPersonExampleMap.ThirdPersonExampleMap:PersistentLevel.ThirdPersonExampleMap' with GeneratedClass '/Game/ThirdPersonBP/Maps/ThirdPersonExampleMap.ThirdPersonExampleMap_C' with ClassGeneratedBy '/Game/ThirdPersonBP/Maps/ThirdPersonExampleMap.ThirdPersonExampleMap:PersistentLevel.ThirdPersonExampleMap'
[2019.04.15-13.24.53:009][829]LogCharacterMovement: Warning: GetSimulationTimeStep() - Max iterations 8 hit while remaining time 0.097102 > MaxSimulationTimeStep (0.050) for 'ThirdPersonCharacter_167', movement 'Walking'
[2019.04.15-13.24.57:376][253]LogBlueprintUserMessages: [Button_2] Emergency Lights Off
[2019.04.15-13.25.10:781][ 54]LogBlueprintUserMessages: Early EndPlayMap Detection: Level '/Game/ThirdPersonBP/Maps/ThirdPersonExampleMap.ThirdPersonExampleMap:PersistentLevel' has LevelScriptBlueprint '/Game/ThirdPersonBP/Maps/ThirdPersonExampleMap.ThirdPersonExampleMap:PersistentLevel.ThirdPersonExampleMap' with GeneratedClass '/Game/ThirdPersonBP/Maps/ThirdPersonExampleMap.ThirdPersonExampleMap_C' with ClassGeneratedBy '/Game/ThirdPersonBP/Maps/ThirdPersonExampleMap.ThirdPersonExampleMap:PersistentLevel.ThirdPersonExampleMap'
[2019.04.15-13.25.10:782][ 54]LogSlate: Updating window title bar state: overlay mode, drag disabled, window buttons hidden, title bar hidden
[2019.04.15-13.25.10:845][ 54]LogPlayLevel: Display: Shutting down PIE online subsystems
[2019.04.15-13.25.10:845][ 54]LogBlueprintUserMessages: Late EndPlayMap Detection: Level '/Game/ThirdPersonBP/Maps/ThirdPersonExampleMap.ThirdPersonExampleMap:PersistentLevel' has LevelScriptBlueprint '/Game/ThirdPersonBP/Maps/ThirdPersonExampleMap.ThirdPersonExampleMap:PersistentLevel.ThirdPersonExampleMap' with GeneratedClass '/Game/ThirdPersonBP/Maps/ThirdPersonExampleMap.ThirdPersonExampleMap_C' with ClassGeneratedBy '/Game/ThirdPersonBP/Maps/ThirdPersonExampleMap.ThirdPersonExampleMap:PersistentLevel.ThirdPersonExampleMap'
[2019.04.15-13.25.10:935][ 54]LogSlate: Updating window title bar state: overlay mode, drag disabled, window buttons hidden, title bar hidden
[2019.04.15-13.25.10:982][ 55]LogPlayLevel: Display: Destroying online subsystem :Context_14
[2019.04.15-13.25.17:061][431]LogSlate: FSceneViewport::OnFocusLost() reason 0
[2019.04.15-13.25.17:221][438]LogAssetEditorManager: Opening Asset editor for Blueprint /Game/Blueprints/HallWay.HallWay
[2019.04.15-13.25.45:514][  1]LogSlate: FSceneViewport::OnFocusLost() reason 0
[2019.04.15-13.25.56:584][581]LogAssetEditorManager: Opening Asset editor for StaticMesh /Game/Meshes/HallWay/Hallway.HallWay
[2019.04.15-13.25.57:214][582]LogRenderer: Reallocating scene render targets to support 1432x964 Format 10 NumSamples 1 (Frame:1).
[2019.04.15-13.26.22:755][ 96]LogSlate: FSceneViewport::OnFocusLost() reason 0
[2019.04.15-13.27.08:886][ 80]LogEditorViewport: Clicking on Actor (LMB): SlidingDoor_C (SlidingDoor)
[2019.04.15-13.27.12:117][285]LogSlate: FSceneViewport::OnFocusLost() reason 0
[2019.04.15-13.27.17:258][563]LogEditorViewport: Clicking on Actor (LMB): SlidingDoor_C (SlidingDoor)
[2019.04.15-13.27.18:226][627]Cmd: DELETE
[2019.04.15-13.27.18:226][627]Cmd: ACTOR DELETE
[2019.04.15-13.27.18:248][627]LogEditorActor: Deleted Actor: SlidingDoor_C
[2019.04.15-13.27.18:350][627]LogEditorActor: Deleted 1 Actors (0.124 secs)
[2019.04.15-13.27.19:279][697]LogEditorViewport: Clicking on Actor (LMB): SlidingDoor_C (SlidingDoor5)
[2019.04.15-13.27.19:705][722]Cmd: DELETE
[2019.04.15-13.27.19:705][722]Cmd: ACTOR DELETE
[2019.04.15-13.27.19:724][722]LogEditorActor: Deleted Actor: SlidingDoor_C
[2019.04.15-13.27.19:814][722]LogEditorActor: Deleted 1 Actors (0.109 secs)
[2019.04.15-13.27.21:466][836]LogSlate: FSceneViewport::OnFocusLost() reason 0
[2019.04.15-13.27.45:027][180]LogEditorViewport: Clicking on Actor (LMB): Door_C (Door7)
[2019.04.15-13.27.45:154][183]Cmd: DELETE
[2019.04.15-13.27.45:154][183]Cmd: ACTOR DELETE
[2019.04.15-13.27.45:175][183]LogEditorActor: Deleted Actor: Door_C
[2019.04.15-13.27.45:268][183]LogEditorActor: Deleted 1 Actors (0.114 secs)
[2019.04.15-13.27.46:397][241]LogEditorViewport: Clicking on Actor (LMB): Door_C (Door)
[2019.04.15-13.27.48:881][369]LogSlate: FSceneViewport::OnFocusLost() reason 2
[2019.04.15-13.27.49:876][369]LogSavePackage: Moving '../../../../../Documents/Uni/Northumbria/Year 2/Software Practice/Team-Molyneux-3-/Project/Unreal Project/GroupProject/Saved/ThirdPersonExampleMap_Auto2C36D56D24B6691564EFB77884A7F8216.tmp' to '../../../../../Documents/Uni/Northumbria/Year 2/Software Practice/Team-Molyneux-3-/Project/Unreal Project/GroupProject/Saved/Autosaves/Game/ThirdPersonBP/Maps/ThirdPersonExampleMap_Auto2.umap'
[2019.04.15-13.27.49:882][369]LogFileHelpers: Editor autosave (incl. sublevels) for '/Game/ThirdPersonBP/Maps/ThirdPersonExampleMap' took 0.961
[2019.04.15-13.27.49:882][369]LogFileHelpers: Editor autosave (incl. sublevels) for all levels took 0.961
[2019.04.15-13.27.49:886][369]OBJ SavePackage: Generating thumbnails for [1] asset(s) in package [/Game/Blueprints/HallWay] ([1] browsable assets)...
[2019.04.15-13.27.49:907][369]OBJ SavePackage:     Rendered thumbnail for [Blueprint /Game/Blueprints/HallWay.HallWay]
[2019.04.15-13.27.49:907][369]OBJ SavePackage: Finished generating thumbnails for package [/Game/Blueprints/HallWay]
[2019.04.15-13.27.49:990][369]LogSavePackage: Moving '../../../../../Documents/Uni/Northumbria/Year 2/Software Practice/Team-Molyneux-3-/Project/Unreal Project/GroupProject/Saved/HallWay_Auto2BD69265A424C10B704067BA730E3B2F1.tmp' to '../../../../../Documents/Uni/Northumbria/Year 2/Software Practice/Team-Molyneux-3-/Project/Unreal Project/GroupProject/Saved/Autosaves/Game/Blueprints/HallWay_Auto2.uasset'
[2019.04.15-13.27.49:992][369]LogFileHelpers: Auto-saving content packages took 0.108
[2019.04.15-13.28.47:364][732]LogEditorViewport: Clicking on Actor (LMB): Door_C (Door)
[2019.04.15-13.28.56:287][154]LogEditorViewport: Clicking on Actor (LMB): Door_C (Door7)
[2019.04.15-13.28.57:646][216]LogSlate: FSceneViewport::OnFocusLost() reason 0
[2019.04.15-13.28.59:023][286]LogEditorViewport: Clicking on Actor (LMB): Door_C (Door8)
[2019.04.15-13.29.00:543][357]LogSlate: FSceneViewport::OnFocusLost() reason 0
[2019.04.15-13.29.16:491][955]LogEditorViewport: Clicking on Actor (LMB): Door_C (Door5)
[2019.04.15-13.29.20:272][164]LogEditorViewport: Clicking on Actor (LMB): Door_C (Door6)
[2019.04.15-13.29.58:754][ 92]LogSlate: FSceneViewport::OnFocusLost() reason 2
[2019.04.15-13.30.00:931][139]LogSlate: FSceneViewport::OnFocusLost() reason 2
[2019.04.15-13.30.02:046][139]LogSavePackage: Moving '../../../../../Documents/Uni/Northumbria/Year 2/Software Practice/Team-Molyneux-3-/Project/Unreal Project/GroupProject/Saved/ThirdPersonExampleMap894231BF43AACCA1CCBA1EA703AF791A.tmp' to '../../../../../Documents/Uni/Northumbria/Year 2/Software Practice/Team-Molyneux-3-/Project/Unreal Project/GroupProject/Content/ThirdPersonBP/Maps/ThirdPersonExampleMap.umap'
[2019.04.15-13.30.02:110][139]LogFileHelpers: Saving map 'ThirdPersonExampleMap' took 1.163
[2019.04.15-15.03.01:247][665]LogSlate: FSceneViewport::OnFocusLost() reason 2
[2019.04.15-15.03.05:851][768]LogSlate: FSceneViewport::OnFocusLost() reason 0
[2019.04.15-15.03.07:426][770]LogSlate: Window 'Save Content' being destroyed
[2019.04.15-15.03.07:443][770]LogSlate: FSceneViewport::OnFocusLost() reason 2
[2019.04.15-15.03.07:527][770]LogSavePackage: Moving '../../../../../Documents/Uni/Northumbria/Year 2/Software Practice/Team-Molyneux-3-/Project/Unreal Project/GroupProject/Saved/HallWay44848117471D1AA52DC0318074E039C8.tmp' to '../../../../../Documents/Uni/Northumbria/Year 2/Software Practice/Team-Molyneux-3-/Project/Unreal Project/GroupProject/Content/Blueprints/HallWay.uasset'
[2019.04.15-15.03.07:546][770]LogSavePackage: Moving '../../../../../Documents/Uni/Northumbria/Year 2/Software Practice/Team-Molyneux-3-/Project/Unreal Project/GroupProject/Saved/Corridor__Fixed_4DD66F91464EF3368FE284875A761470.tmp' to '../../../../../Documents/Uni/Northumbria/Year 2/Software Practice/Team-Molyneux-3-/Project/Unreal Project/GroupProject/Content/Meshes/Corridor__Fixed_.uasset'
[2019.04.15-15.03.07:564][770]LogSavePackage: Moving '../../../../../Documents/Uni/Northumbria/Year 2/Software Practice/Team-Molyneux-3-/Project/Unreal Project/GroupProject/Saved/Corridor_WindowDB77724043AF03CADA1CFD915BFCEDB3.tmp' to '../../../../../Documents/Uni/Northumbria/Year 2/Software Practice/Team-Molyneux-3-/Project/Unreal Project/GroupProject/Content/Meshes/Corridor_Window.uasset'
[2019.04.15-15.03.07:784][770]LogActorComponent: UnregisterComponent: (/Engine/Transient.EditorFloorComp) Not registered. Aborting.
[2019.04.15-15.03.07:855][770]LogSlate: Window 'GroupProject - Unreal Editor' being destroyed
[2019.04.15-15.03.08:093][771]Cmd: QUIT_EDITOR
[2019.04.15-15.03.08:133][771]LogExit: Preparing to exit.
[2019.04.15-15.03.09:016][771]LogDirectoryWatcher: A directory notification failed for 'G:/Documents/Uni/Northumbria/Year 2/Software Practice/Team-Molyneux-3-/Project/Unreal Project/GroupProject/Content/', and we were unable to create a new request.
[2019.04.15-15.03.09:066][771]LogExit: Editor shut down
[2019.04.15-15.03.09:066][771]LogExit: Transaction tracking system shut down
[2019.04.15-15.03.09:665][771]LogExit: Object subsystem successfully closed.
[2019.04.15-15.03.09:680][771]LogShaderCompilers: Display: Shaders left to compile 0
[2019.04.15-15.03.09:685][771]LogD3D11RHI: Shutdown
[2019.04.15-15.03.09:685][771]LogD3D11RHI: CleanupD3DDevice
[2019.04.15-15.03.09:694][771]LogD3D11RHI: ~FD3D11DynamicRHI
[2019.04.15-15.03.09:712][771]LogModuleManager: Shutting down and abandoning module HierarchicalLODUtilities (626)
[2019.04.15-15.03.09:712][771]LogModuleManager: Shutting down and abandoning module MovieSceneCapture (624)
[2019.04.15-15.03.09:712][771]LogModuleManager: Shutting down and abandoning module Voice (622)
[2019.04.15-15.03.09:713][771]LogModuleManager: Shutting down and abandoning module BlueprintGraph (620)
[2019.04.15-15.03.09:713][771]LogModuleManager: Shutting down and abandoning module StaticMeshEditor (618)
[2019.04.15-15.03.09:713][771]LogModuleManager: Shutting down and abandoning module MeshBuilder (616)
[2019.04.15-15.03.09:713][771]LogModuleManager: Shutting down and abandoning module HierarchicalLODOutliner (614)
[2019.04.15-15.03.09:713][771]LogModuleManager: Shutting down and abandoning module SceneOutliner (612)
[2019.04.15-15.03.09:713][771]LogModuleManager: Shutting down and abandoning module AddContentDialog (610)
[2019.04.15-15.03.09:713][771]LogModuleManager: Shutting down and abandoning module WidgetCarousel (609)
[2019.04.15-15.03.09:714][771]LogModuleManager: Shutting down and abandoning module EditorWidgets (606)
[2019.04.15-15.03.09:714][771]LogModuleManager: Shutting down and abandoning module CollectionManager (604)
[2019.04.15-15.03.09:714][771]LogModuleManager: Shutting down and abandoning module StatsViewer (602)
[2019.04.15-15.03.09:714][771]LogModuleManager: Shutting down and abandoning module FoliageEdit (600)
[2019.04.15-15.03.09:714][771]LogModuleManager: Shutting down and abandoning module LandscapeEditor (598)
[2019.04.15-15.03.09:714][771]LogModuleManager: Shutting down and abandoning module MeshPaintMode (596)
[2019.04.15-15.03.09:714][771]LogModuleManager: Shutting down and abandoning module SceneDepthPickerMode (594)
[2019.04.15-15.03.09:714][771]LogModuleManager: Shutting down and abandoning module ActorPickerMode (592)
[2019.04.15-15.03.09:714][771]LogModuleManager: Shutting down and abandoning module GeometryMode (590)
[2019.04.15-15.03.09:714][771]LogModuleManager: Shutting down and abandoning module TextureAlignMode (588)
[2019.04.15-15.03.09:714][771]LogModuleManager: Shutting down and abandoning module BspMode (586)
[2019.04.15-15.03.09:714][771]LogModuleManager: Shutting down and abandoning module PIEPreviewDeviceProfileSelector (584)
[2019.04.15-15.03.09:714][771]LogModuleManager: Shutting down and abandoning module SequenceRecorderSections (582)
[2019.04.15-15.03.09:714][771]LogModuleManager: Shutting down and abandoning module AutomationWorker (580)
[2019.04.15-15.03.09:714][771]LogModuleManager: Shutting down and abandoning module AudioCaptureEditor (578)
[2019.04.15-15.03.09:714][771]LogModuleManager: Shutting down and abandoning module SequenceRecorder (577)
[2019.04.15-15.03.09:714][771]LogModuleManager: Shutting down and abandoning module MatineeToLevelSequence (574)
[2019.04.15-15.03.09:715][771]LogModuleManager: Shutting down and abandoning module LevelSequenceEditor (572)
[2019.04.15-15.03.09:715][771]LogModuleManager: Shutting down and abandoning module PlacementMode (571)
[2019.04.15-15.03.09:715][771]LogModuleManager: Shutting down and abandoning module MaterialEditor (570)
[2019.04.15-15.03.09:715][771]LogModuleManager: Shutting down and abandoning module WmfMediaFactory (566)
[2019.04.15-15.03.09:715][771]LogModuleManager: Shutting down and abandoning module WmfMediaEditor (564)
[2019.04.15-15.03.09:715][771]LogModuleManager: Shutting down and abandoning module MediaPlayerEditor (562)
[2019.04.15-15.03.09:715][771]LogModuleManager: Shutting down and abandoning module OpenExrWrapper (560)
[2019.04.15-15.03.09:715][771]LogModuleManager: Shutting down and abandoning module ImgMediaFactory (558)
[2019.04.15-15.03.09:715][771]LogModuleManager: Shutting down and abandoning module ImgMediaEditor (556)
[2019.04.15-15.03.09:715][771]LogModuleManager: Shutting down and abandoning module AvfMediaFactory (554)
[2019.04.15-15.03.09:715][771]LogModuleManager: Shutting down and abandoning module AvfMediaEditor (552)
[2019.04.15-15.03.09:715][771]LogModuleManager: Shutting down and abandoning module AndroidMediaFactory (550)
[2019.04.15-15.03.09:715][771]LogModuleManager: Shutting down and abandoning module AndroidMediaEditor (548)
[2019.04.15-15.03.09:715][771]LogModuleManager: Shutting down and abandoning module MagicLeapCameraPreviewFactory (546)
[2019.04.15-15.03.09:715][771]LogModuleManager: Shutting down and abandoning module MagicLeapMediaFactory (544)
[2019.04.15-15.03.09:715][771]LogModuleManager: Shutting down and abandoning module MagicLeapMediaEditor (542)
[2019.04.15-15.03.09:715][771]LogModuleManager: Shutting down and abandoning module CharacterAI (540)
[2019.04.15-15.03.09:715][771]LogModuleManager: Shutting down and abandoning module SmartSnapping (538)
[2019.04.15-15.03.09:715][771]LogModuleManager: Shutting down and abandoning module SessionServices (536)
[2019.04.15-15.03.09:715][771]LogModuleManager: Shutting down and abandoning module ViewportSnapping (534)
[2019.04.15-15.03.09:715][771]LogModuleManager: Shutting down and abandoning module ViewportInteraction (532)
[2019.04.15-15.03.09:715][771]LogModuleManager: Shutting down and abandoning module ClothPainter (530)
[2019.04.15-15.03.09:715][771]LogModuleManager: Shutting down and abandoning module SkeletalMeshEditor (529)
[2019.04.15-15.03.09:716][771]LogModuleManager: Shutting down and abandoning module LogVisualizer (526)
[2019.04.15-15.03.09:716][771]LogModuleManager: Shutting down and abandoning module IntroTutorials (524)
[2019.04.15-15.03.09:716][771]LogModuleManager: Shutting down and abandoning module GameProjectGeneration (523)
[2019.04.15-15.03.09:716][771]LogModuleManager: Shutting down and abandoning module LuminPlatformEditor (520)
[2019.04.15-15.03.09:716][771]LogModuleManager: Shutting down and abandoning module IOSPlatformEditor (518)
[2019.04.15-15.03.09:716][771]LogModuleManager: Shutting down and abandoning module HTML5PlatformEditor (516)
[2019.04.15-15.03.09:716][771]LogModuleManager: Shutting down and abandoning module AndroidPlatformEditor (514)
[2019.04.15-15.03.09:716][771]LogModuleManager: Shutting down and abandoning module AndroidDeviceDetection (513)
[2019.04.15-15.03.10:147][771]LogModuleManager: Shutting down and abandoning module WindowsPlatformEditor (510)
[2019.04.15-15.03.10:147][771]LogModuleManager: Shutting down and abandoning module LuminRuntimeSettings (508)
[2019.04.15-15.03.10:147][771]LogModuleManager: Shutting down and abandoning module IOSRuntimeSettings (506)
[2019.04.15-15.03.10:147][771]LogModuleManager: Shutting down and abandoning module AndroidRuntimeSettings (504)
[2019.04.15-15.03.10:147][771]LogModuleManager: Shutting down and abandoning module InputBindingEditor (502)
[2019.04.15-15.03.10:147][771]LogModuleManager: Shutting down and abandoning module MergeActors (500)
[2019.04.15-15.03.10:147][771]LogModuleManager: Shutting down and abandoning module LocalizationDashboard (498)
[2019.04.15-15.03.10:147][771]LogModuleManager: Shutting down and abandoning module LocalizationService (497)
[2019.04.15-15.03.10:147][771]LogModuleManager: Shutting down and abandoning module HardwareTargeting (494)
[2019.04.15-15.03.10:147][771]LogModuleManager: Shutting down and abandoning module DeviceProfileEditor (492)
[2019.04.15-15.03.10:147][771]LogModuleManager: Shutting down and abandoning module UndoHistory (490)
[2019.04.15-15.03.10:147][771]LogModuleManager: Shutting down and abandoning module XmlParser (488)
[2019.04.15-15.03.10:147][771]LogModuleManager: Shutting down and abandoning module Blutility (486)
[2019.04.15-15.03.10:147][771]LogModuleManager: Shutting down and abandoning module ProjectSettingsViewer (484)
[2019.04.15-15.03.10:147][771]LogModuleManager: Shutting down and abandoning module ProjectTargetPlatformEditor (483)
[2019.04.15-15.03.10:147][771]LogModuleManager: Shutting down and abandoning module EditorSettingsViewer (480)
[2019.04.15-15.03.10:147][771]LogModuleManager: Shutting down and abandoning module SettingsEditor (478)
[2019.04.15-15.03.10:147][771]LogModuleManager: Shutting down and abandoning module ProjectLauncher (476)
[2019.04.15-15.03.10:147][771]LogModuleManager: Shutting down and abandoning module SessionFrontend (474)
[2019.04.15-15.03.10:147][771]LogModuleManager: Shutting down and abandoning module ProfilerClient (472)
[2019.04.15-15.03.10:147][771]LogModuleManager: Shutting down and abandoning module DeviceManager (470)
[2019.04.15-15.03.10:147][771]LogModuleManager: Shutting down and abandoning module TargetDeviceServices (469)
[2019.04.15-15.03.10:187][771]LogModuleManager: Shutting down and abandoning module AutomationController (466)
[2019.04.15-15.03.10:187][771]LogModuleManager: Shutting down and abandoning module AutomationWindow (464)
[2019.04.15-15.03.10:187][771]LogModuleManager: Shutting down and abandoning module Layers (462)
[2019.04.15-15.03.10:187][771]LogModuleManager: Shutting down and abandoning module ComponentVisualizers (460)
[2019.04.15-15.03.10:187][771]LogModuleManager: Shutting down and abandoning module DetailCustomizations (458)
[2019.04.15-15.03.10:187][771]LogModuleManager: Shutting down and abandoning module PackagesDialog (456)
[2019.04.15-15.03.10:187][771]LogModuleManager: Shutting down and abandoning module Persona (454)
[2019.04.15-15.03.10:187][771]LogModuleManager: Shutting down and abandoning module AdvancedPreviewScene (453)
[2019.04.15-15.03.10:187][771]LogModuleManager: Shutting down and abandoning module AnimGraph (451)
[2019.04.15-15.03.10:187][771]LogModuleManager: Shutting down and abandoning module Kismet (448)
[2019.04.15-15.03.10:196][771]LogModuleManager: Shutting down and abandoning module GraphEditor (446)
[2019.04.15-15.03.10:196][771]LogModuleManager: Shutting down and abandoning module ClassViewer (444)
[2019.04.15-15.03.10:196][771]LogModuleManager: Shutting down and abandoning module Toolbox (442)
[2019.04.15-15.03.10:196][771]LogModuleManager: Shutting down and abandoning module ModuleUI (440)
[2019.04.15-15.03.10:196][771]LogModuleManager: Shutting down and abandoning module MovieSceneTools (438)
[2019.04.15-15.03.10:196][771]LogModuleManager: Shutting down and abandoning module OutputLog (436)
[2019.04.15-15.03.10:196][771]LogModuleManager: Shutting down and abandoning module GammaUI (434)
[2019.04.15-15.03.10:196][771]LogModuleManager: Shutting down and abandoning module Documentation (432)
[2019.04.15-15.03.10:196][771]LogModuleManager: Shutting down and abandoning module MovieSceneTracks (430)
[2019.04.15-15.03.10:196][771]LogModuleManager: Shutting down and abandoning module MovieScene (428)
[2019.04.15-15.03.10:196][771]LogModuleManager: Shutting down and abandoning module StreamingPauseRendering (426)
[2019.04.15-15.03.10:196][771]LogModuleManager: Shutting down and abandoning module LauncherPlatform (424)
[2019.04.15-15.03.10:196][771]LogModuleManager: Shutting down and abandoning module AnalyticsET (422)
[2019.04.15-15.03.10:196][771]LogModuleManager: Shutting down and abandoning module PortalServices (420)
[2019.04.15-15.03.10:196][771]LogModuleManager: Shutting down and abandoning module PortalRpc (418)
[2019.04.15-15.03.10:196][771]LogModuleManager: Shutting down and abandoning module MessagingRpc (416)
[2019.04.15-15.03.10:196][771]LogModuleManager: Shutting down and abandoning module AIModule (414)
[2019.04.15-15.03.10:196][771]LogModuleManager: Shutting down and abandoning module GameplayDebugger (413)
[2019.04.15-15.03.10:196][771]LogModuleManager: Shutting down and abandoning module AITestSuite (411)
[2019.04.15-15.03.10:196][771]LogModuleManager: Shutting down and abandoning module NavigationSystem (409)
[2019.04.15-15.03.10:196][771]LogModuleManager: Shutting down and abandoning module DesktopPlatform (406)
[2019.04.15-15.03.10:197][771]LogModuleManager: Shutting down and abandoning module ProfilerService (404)
[2019.04.15-15.03.10:427][771]LogModuleManager: Shutting down and abandoning module TaskGraph (402)
[2019.04.15-15.03.10:427][771]LogModuleManager: Shutting down and abandoning module SteamVRController (400)
[2019.04.15-15.03.10:427][771]LogModuleManager: Shutting down and abandoning module ProceduralMeshComponentEditor (398)
[2019.04.15-15.03.10:427][771]LogModuleManager: Shutting down and abandoning module ProceduralMeshComponent (396)
[2019.04.15-15.03.10:427][771]LogModuleManager: Shutting down and abandoning module OculusInput (394)
[2019.04.15-15.03.10:427][771]LogModuleManager: Shutting down and abandoning module MobilePatchingUtils (392)
[2019.04.15-15.03.10:427][771]LogModuleManager: Shutting down and abandoning module EditableMesh (390)
[2019.04.15-15.03.10:427][771]LogModuleManager: Shutting down and abandoning module CustomMeshComponent (388)
[2019.04.15-15.03.10:427][771]LogModuleManager: Shutting down and abandoning module CableComponent (386)
[2019.04.15-15.03.10:427][771]LogModuleManager: Shutting down and abandoning module AudioCapture (384)
[2019.04.15-15.03.10:427][771]LogModuleManager: Shutting down and abandoning module ArchVisCharacter (382)
[2019.04.15-15.03.10:427][771]LogModuleManager: Shutting down and abandoning module AndroidPermission (380)
[2019.04.15-15.03.10:427][771]LogModuleManager: Shutting down and abandoning module NUTUnrealEngine4 (378)
[2019.04.15-15.03.10:427][771]LogModuleManager: Shutting down and abandoning module NetcodeUnitTest (376)
[2019.04.15-15.03.10:427][771]LogModuleManager: Shutting down and abandoning module MediaCompositingEditor (374)
[2019.04.15-15.03.10:427][771]LogModuleManager: Shutting down and abandoning module MediaCompositing (372)
[2019.04.15-15.03.10:427][771]LogModuleManager: Shutting down and abandoning module LinearTimecode (370)
[2019.04.15-15.03.10:427][771]LogModuleManager: Shutting down and abandoning module ImgMedia (368)
[2019.04.15-15.03.10:430][771]LogModuleManager: Shutting down and abandoning module HTML5Networking (366)
[2019.04.15-15.03.10:430][771]LogModuleManager: Shutting down and abandoning module GeometryCacheTracks (364)
[2019.04.15-15.03.10:430][771]LogModuleManager: Shutting down and abandoning module GeometryCacheSequencer (362)
[2019.04.15-15.03.10:430][771]LogModuleManager: Shutting down and abandoning module BackChannel (360)
[2019.04.15-15.03.10:431][771]LogModuleManager: Shutting down and abandoning module AppleVision (358)
[2019.04.15-15.03.10:431][771]LogModuleManager: Shutting down and abandoning module AppleImageUtils (356)
[2019.04.15-15.03.10:431][771]LogModuleManager: Shutting down and abandoning module AlembicImporter (354)
[2019.04.15-15.03.10:431][771]LogModuleManager: Shutting down and abandoning module AlembicLibrary (353)
[2019.04.15-15.03.10:431][771]LogModuleManager: Shutting down and abandoning module GeometryCache (352)
[2019.04.15-15.03.10:431][771]LogModuleManager: Shutting down and abandoning module GeometryCacheEd (351)
[2019.04.15-15.03.10:431][771]LogModuleManager: Shutting down and abandoning module DatasmithContentEditor (346)
[2019.04.15-15.03.10:431][771]LogModuleManager: Shutting down and abandoning module DatasmithContent (344)
[2019.04.15-15.03.10:431][771]LogModuleManager: Shutting down and abandoning module SpeedTreeImporter (342)
[2019.04.15-15.03.10:431][771]LogModuleManager: Shutting down and abandoning module PluginBrowser (340)
[2019.04.15-15.03.10:431][771]LogModuleManager: Shutting down and abandoning module MobileLauncherProfileWizard (338)
[2019.04.15-15.03.10:431][771]LogModuleManager: Shutting down and abandoning module PolygonModeling (336)
[2019.04.15-15.03.10:432][771]LogModuleManager: Shutting down and abandoning module MeshEditor (334)
[2019.04.15-15.03.10:432][771]LogModuleManager: Shutting down and abandoning module CryptoKeysOpenSSL (332)
[2019.04.15-15.03.10:432][771]LogModuleManager: Shutting down and abandoning module CryptoKeys (330)
[2019.04.15-15.03.10:432][771]LogModuleManager: Shutting down and abandoning module VisualStudioSourceCodeAccess (328)
[2019.04.15-15.03.10:432][771]LogModuleManager: Shutting down and abandoning module VisualStudioCodeSourceCodeAccess (326)
[2019.04.15-15.03.10:432][771]LogModuleManager: Shutting down and abandoning module UObjectPlugin (324)
[2019.04.15-15.03.10:432][771]LogModuleManager: Shutting down and abandoning module SubversionSourceControl (322)
[2019.04.15-15.03.10:432][771]LogModuleManager: Shutting down and abandoning module PerforceSourceControl (320)
[2019.04.15-15.03.10:432][771]LogModuleManager: Shutting down and abandoning module GitSourceControl (318)
[2019.04.15-15.03.10:432][771]LogModuleManager: Shutting down and abandoning module SourceControl (317)
[2019.04.15-15.03.10:432][771]LogModuleManager: Shutting down and abandoning module CLionSourceCodeAccess (314)
[2019.04.15-15.03.10:432][771]LogModuleManager: Shutting down and abandoning module LightPropagationVolumeEditor (312)
[2019.04.15-15.03.10:432][771]LogModuleManager: Shutting down and abandoning module PaperTiledImporter (310)
[2019.04.15-15.03.10:432][771]LogModuleManager: Shutting down and abandoning module PaperSpriteSheetImporter (308)
[2019.04.15-15.03.10:432][771]LogModuleManager: Shutting down and abandoning module Paper2DEditor (306)
[2019.04.15-15.03.10:432][771]LogModuleManager: Shutting down and abandoning module MeshPaint (305)
[2019.04.15-15.03.10:432][771]LogModuleManager: Shutting down and abandoning module RuntimePhysXCooking (302)
[2019.04.15-15.03.10:432][771]LogModuleManager: Shutting down and abandoning module PhysXVehiclesEditor (300)
[2019.04.15-15.03.10:432][771]LogModuleManager: Shutting down and abandoning module PhysXVehicles (298)
[2019.04.15-15.03.10:432][771]LogModuleManager: Shutting down and abandoning module OculusEditor (296)
[2019.04.15-15.03.10:432][771]LogModuleManager: Shutting down and abandoning module LocationServicesBPLibrary (294)
[2019.04.15-15.03.10:432][771]LogModuleManager: Shutting down and abandoning module ImmediatePhysicsEditor (292)
[2019.04.15-15.03.10:432][771]LogModuleManager: Shutting down and abandoning module ImmediatePhysics (290)
[2019.04.15-15.03.10:432][771]LogModuleManager: Shutting down and abandoning module ApexDestructionEditor (288)
[2019.04.15-15.03.10:432][771]LogModuleManager: Shutting down and abandoning module ApexDestruction (286)
[2019.04.15-15.03.10:433][771]LogModuleManager: Shutting down and abandoning module ActorSequence (284)
[2019.04.15-15.03.10:433][771]LogModuleManager: Shutting down and abandoning module UdpMessaging (282)
[2019.04.15-15.03.10:533][771]LogModuleManager: Shutting down and abandoning module TcpMessaging (280)
[2019.04.15-15.03.10:633][771]LogModuleManager: Shutting down and abandoning module MagicLeapAudio (278)
[2019.04.15-15.03.10:633][771]LogModuleManager: Shutting down and abandoning module GameplayTagsEditor (276)
[2019.04.15-15.03.10:633][771]LogModuleManager: Shutting down and abandoning module FacialAnimationEditor (274)
[2019.04.15-15.03.10:633][771]LogModuleManager: Shutting down and abandoning module FacialAnimation (272)
[2019.04.15-15.03.10:633][771]LogModuleManager: Shutting down and abandoning module DataValidation (270)
[2019.04.15-15.03.10:633][771]LogModuleManager: Shutting down and abandoning module AssetManagerEditor (268)
[2019.04.15-15.03.10:633][771]LogModuleManager: Shutting down and abandoning module LevelEditor (267)
[2019.04.15-15.03.10:634][771]LogModuleManager: Shutting down and abandoning module PixelInspectorModule (266)
[2019.04.15-15.03.10:634][771]LogModuleManager: Shutting down and abandoning module CommonMenuExtensions (264)
[2019.04.15-15.03.10:634][771]LogModuleManager: Shutting down and abandoning module MainFrame (262)
[2019.04.15-15.03.10:634][771]LogModuleManager: Shutting down and abandoning module HotReload (261)
[2019.04.15-15.03.10:635][771]LogModuleManager: Shutting down and abandoning module ContentBrowser (257)
[2019.04.15-15.03.10:636][771]LogModuleManager: Shutting down and abandoning module TreeMap (255)
[2019.04.15-15.03.10:636][771]LogModuleManager: Shutting down and abandoning module LightPropagationVolumeRuntime (252)
[2019.04.15-15.03.10:636][771]LogModuleManager: Shutting down and abandoning module AISupportModule (250)
[2019.04.15-15.03.10:636][771]LogModuleManager: Shutting down and abandoning module Paper2D (248)
[2019.04.15-15.03.10:636][771]LogModuleManager: Shutting down and abandoning module WindowsMoviePlayer (246)
[2019.04.15-15.03.10:636][771]LogModuleManager: Shutting down and abandoning module WmfMedia (244)
[2019.04.15-15.03.10:637][771]LogModuleManager: Shutting down and abandoning module Media (243)
[2019.04.15-15.03.10:642][771]LogModuleManager: Shutting down and abandoning module PacketHandler (240)
[2019.04.15-15.03.10:642][771]LogModuleManager: Shutting down and abandoning module ClothingSystemEditor (238)
[2019.04.15-15.03.10:642][771]LogModuleManager: Shutting down and abandoning module ClothingSystemRuntime (236)
[2019.04.15-15.03.10:642][771]LogModuleManager: Shutting down and abandoning module MediaAssets (234)
[2019.04.15-15.03.10:642][771]LogModuleManager: Shutting down and abandoning module Overlay (232)
[2019.04.15-15.03.10:642][771]LogModuleManager: Shutting down and abandoning module OverlayEditor (231)
[2019.04.15-15.03.10:642][771]LogModuleManager: Shutting down and abandoning module VREditor (228)
[2019.04.15-15.03.10:642][771]LogModuleManager: Shutting down and abandoning module StringTableEditor (226)
[2019.04.15-15.03.10:642][771]LogModuleManager: Shutting down and abandoning module GameplayTasksEditor (224)
[2019.04.15-15.03.10:642][771]LogModuleManager: Shutting down and abandoning module BehaviorTreeEditor (222)
[2019.04.15-15.03.10:643][771]LogModuleManager: Shutting down and abandoning module FunctionalTesting (220)
[2019.04.15-15.03.10:643][771]LogModuleManager: Shutting down and abandoning module CollisionAnalyzer (218)
[2019.04.15-15.03.10:643][771]LogModuleManager: Shutting down and abandoning module WorkspaceMenuStructure (217)
[2019.04.15-15.03.10:643][771]LogModuleManager: Shutting down and abandoning module UMG (214)
[2019.04.15-15.03.10:643][771]LogModuleManager: Shutting down and abandoning module UMGEditor (213)
[2019.04.15-15.03.10:643][771]LogModuleManager: Shutting down and abandoning module Sequencer (212)
[2019.04.15-15.03.10:643][771]LogModuleManager: Shutting down and abandoning module MessageLog (209)
[2019.04.15-15.03.10:643][771]LogModuleManager: Shutting down and abandoning module SlateReflector (204)
[2019.04.15-15.03.10:643][771]LogModuleManager: Shutting down and abandoning module Slate (202)
[2019.04.15-15.03.10:643][771]LogModuleManager: Shutting down and abandoning module EditorStyle (200)
[2019.04.15-15.03.10:645][771]LogModuleManager: Shutting down and abandoning module MRMesh (198)
[2019.04.15-15.03.10:645][771]LogModuleManager: Shutting down and abandoning module SourceCodeAccess (196)
[2019.04.15-15.03.10:645][771]LogModuleManager: Shutting down and abandoning module HeadMountedDisplay (194)
[2019.04.15-15.03.10:645][771]LogModuleManager: Shutting down and abandoning module XAudio2 (192)
[2019.04.15-15.03.10:645][771]LogModuleManager: Shutting down and abandoning module Networking (190)
[2019.04.15-15.03.10:645][771]LogModuleManager: Shutting down and abandoning module Core (188)
[2019.04.15-15.03.10:645][771]LogModuleManager: Shutting down and abandoning module LevelSequence (186)
[2019.04.15-15.03.10:645][771]LogModuleManager: Shutting down and abandoning module KismetCompiler (184)
[2019.04.15-15.03.10:645][771]LogModuleManager: Shutting down and abandoning module MeshUtilities (182)
[2019.04.15-15.03.10:645][771]LogModuleManager: Shutting down and abandoning module MeshMergeUtilities (181)
[2019.04.15-15.03.10:645][771]LogModuleManager: Shutting down and abandoning module MeshReductionInterface (180)
[2019.04.15-15.03.10:645][771]LogModuleManager: Shutting down and abandoning module SimplygonSwarm (179)
[2019.04.15-15.03.10:645][771]LogModuleManager: Shutting down and abandoning module ProxyLODMeshReduction (177)
[2019.04.15-15.03.10:645][771]LogModuleManager: Shutting down and abandoning module SimplygonMeshReduction (175)
[2019.04.15-15.03.10:645][771]LogModuleManager: Shutting down and abandoning module QuadricMeshReduction (173)
[2019.04.15-15.03.10:645][771]LogModuleManager: Shutting down and abandoning module MaterialBaking (169)
[2019.04.15-15.03.10:645][771]LogModuleManager: Shutting down and abandoning module DirectoryWatcher (165)
[2019.04.15-15.03.10:645][771]LogModuleManager: Shutting down and abandoning module DerivedDataCache (162)
[2019.04.15-15.03.10:727][771]LogDerivedDataCache: Shutdown
[2019.04.15-15.03.10:727][771]LogModuleManager: Shutting down and abandoning module XGEController (160)
[2019.04.15-15.03.10:727][771]LogXGEController: Cleaning working directory: C:/Users/Dan/AppData/Local/Temp/UnrealXGEWorkingDir/
[2019.04.15-15.03.10:728][771]LogModuleManager: Shutting down and abandoning module TargetPlatform (158)
[2019.04.15-15.03.10:728][771]LogModuleManager: Shutting down and abandoning module VulkanShaderFormat (157)
[2019.04.15-15.03.10:728][771]LogModuleManager: Shutting down and abandoning module ShaderFormatVectorVM (155)
[2019.04.15-15.03.10:728][771]LogModuleManager: Shutting down and abandoning module ShaderFormatOpenGL (153)
[2019.04.15-15.03.10:728][771]LogModuleManager: Shutting down and abandoning module ShaderFormatD3D (151)
[2019.04.15-15.03.10:728][771]LogModuleManager: Shutting down and abandoning module MetalShaderFormat (149)
[2019.04.15-15.03.10:728][771]LogModuleManager: Shutting down and abandoning module TextureFormatUncompressed (147)
[2019.04.15-15.03.10:728][771]LogModuleManager: Shutting down and abandoning module TextureFormatPVR (145)
[2019.04.15-15.03.10:728][771]LogModuleManager: Shutting down and abandoning module TextureFormatDXT (143)
[2019.04.15-15.03.10:728][771]LogModuleManager: Shutting down and abandoning module TextureFormatIntelISPCTexComp (141)
[2019.04.15-15.03.10:728][771]LogModuleManager: Shutting down and abandoning module TextureFormatASTC (139)
[2019.04.15-15.03.10:728][771]LogModuleManager: Shutting down and abandoning module ImageWrapper (138)
[2019.04.15-15.03.10:728][771]LogModuleManager: Shutting down and abandoning module TextureFormatAndroid (135)
[2019.04.15-15.03.10:728][771]LogModuleManager: Shutting down and abandoning module AudioFormatOpus (133)
[2019.04.15-15.03.10:728][771]LogModuleManager: Shutting down and abandoning module AudioFormatOgg (131)
[2019.04.15-15.03.10:728][771]LogModuleManager: Shutting down and abandoning module AudioFormatADPCM (129)
[2019.04.15-15.03.10:728][771]LogModuleManager: Shutting down and abandoning module LuminTargetPlatform (127)
[2019.04.15-15.03.10:728][771]LogModuleManager: Shutting down and abandoning module LinuxTargetPlatform (125)
[2019.04.15-15.03.10:728][771]LogModuleManager: Shutting down and abandoning module LinuxServerTargetPlatform (123)
[2019.04.15-15.03.10:728][771]LogModuleManager: Shutting down and abandoning module LinuxNoEditorTargetPlatform (121)
[2019.04.15-15.03.10:728][771]LogModuleManager: Shutting down and abandoning module LinuxClientTargetPlatform (119)
[2019.04.15-15.03.10:728][771]LogModuleManager: Shutting down and abandoning module TVOSTargetPlatform (117)
[2019.04.15-15.03.10:729][771]LogModuleManager: Shutting down and abandoning module Messaging (115)
[2019.04.15-15.03.10:729][771]LogModuleManager: Shutting down and abandoning module IOSTargetPlatform (113)
[2019.04.15-15.03.10:730][771]LogModuleManager: Shutting down and abandoning module HTML5TargetPlatform (111)
[2019.04.15-15.03.10:730][771]LogModuleManager: Shutting down and abandoning module AndroidTargetPlatform (109)
[2019.04.15-15.03.10:737][771]LogModuleManager: Shutting down and abandoning module WindowsTargetPlatform (107)
[2019.04.15-15.03.10:737][771]LogModuleManager: Shutting down and abandoning module WindowsServerTargetPlatform (105)
[2019.04.15-15.03.10:737][771]LogModuleManager: Shutting down and abandoning module WindowsNoEditorTargetPlatform (103)
[2019.04.15-15.03.10:737][771]LogModuleManager: Shutting down and abandoning module WindowsClientTargetPlatform (101)
[2019.04.15-15.03.10:737][771]LogModuleManager: Shutting down and abandoning module MacTargetPlatform (99)
[2019.04.15-15.03.10:737][771]LogModuleManager: Shutting down and abandoning module MacServerTargetPlatform (97)
[2019.04.15-15.03.10:737][771]LogModuleManager: Shutting down and abandoning module MacNoEditorTargetPlatform (95)
[2019.04.15-15.03.10:737][771]LogModuleManager: Shutting down and abandoning module MacClientTargetPlatform (93)
[2019.04.15-15.03.10:737][771]LogModuleManager: Shutting down and abandoning module AllDesktopTargetPlatform (91)
[2019.04.15-15.03.10:737][771]LogModuleManager: Shutting down and abandoning module InputCore (88)
[2019.04.15-15.03.10:737][771]LogModuleManager: Shutting down and abandoning module Settings (86)
[2019.04.15-15.03.10:737][771]LogModuleManager: Shutting down and abandoning module PhysXCooking (84)
[2019.04.15-15.03.10:737][771]LogModuleManager: Shutting down and abandoning module SteamVR (82)
[2019.04.15-15.03.10:737][771]LogModuleManager: Shutting down and abandoning module OculusHMD (80)
[2019.04.15-15.03.10:737][771]LogModuleManager: Shutting down and abandoning module ExampleDeviceProfileSelector (78)
[2019.04.15-15.03.10:737][771]LogModuleManager: Shutting down and abandoning module LauncherChunkInstaller (76)
[2019.04.15-15.03.10:737][771]LogModuleManager: Shutting down and abandoning module OnlineBlueprintSupport (74)
[2019.04.15-15.03.10:737][771]LogModuleManager: Shutting down and abandoning module OnlineSubsystem (70)
[2019.04.15-15.03.10:738][771]LogModuleManager: Shutting down and abandoning module XMPP (65)
[2019.04.15-15.03.10:738][771]LogModuleManager: Shutting down and abandoning module WebSockets (64)
[2019.04.15-15.03.10:761][771]LogModuleManager: Shutting down and abandoning module HTTP (61)
[2019.04.15-15.03.10:761][771]LogHttp: Display: Http module shutting down, but needs to wait on 1 outstanding Http requests:
[2019.04.15-15.03.10:761][771]LogHttp: Display: 	verb=[POST] url=[https://datarouter.ol.epicgames.com/datarouter/api/v1/public/data?SessionID=%7B95BE3E1C-444B-E4FB-BF8C-23BACB01562E%7D&AppID=UEEditor.Rocket.Release&AppVersion=4.20.3-4369336%2B%2B%2BUE4%2BRelease-4.20&UserID=a30f69964d155b474c7d52997b332232%7C8f48124ec8fc43cfaf2a7289ee5c0681%7C8ba62db0-0fda-4050-bee2-a55e03f90959&AppEnvironment=datacollector-binary&UploadType=eteventstream] status=Processing
[2019.04.15-15.03.10:779][771]LogModuleManager: Shutting down and abandoning module SSL (60)
[2019.04.15-15.03.10:779][771]LogModuleManager: Shutting down and abandoning module MagicLeapEmulator (56)
[2019.04.15-15.03.10:780][771]LogModuleManager: Shutting down and abandoning module MagicLeapPrivileges (54)
[2019.04.15-15.03.10:780][771]LogModuleManager: Shutting down and abandoning module MagicLeapIdentity (52)
[2019.04.15-15.03.10:780][771]LogModuleManager: Shutting down and abandoning module MagicLeapHelperVulkan (50)
[2019.04.15-15.03.10:780][771]LogModuleManager: Shutting down and abandoning module MagicLeapHelperOpenGL (48)
[2019.04.15-15.03.10:780][771]LogModuleManager: Shutting down and abandoning module MagicLeapSecureStorage (46)
[2019.04.15-15.03.10:780][771]LogModuleManager: Shutting down and abandoning module MagicLeapGestures (44)
[2019.04.15-15.03.10:780][771]LogModuleManager: Shutting down and abandoning module MagicLeapEyeTracker (42)
[2019.04.15-15.03.10:780][771]LogModuleManager: Shutting down and abandoning module MagicLeapController (40)
[2019.04.15-15.03.10:780][771]LogSlate: Slate User Destroyed.  User Index 0, Is Virtual User: 0
[2019.04.15-15.03.10:780][771]LogModuleManager: Shutting down and abandoning module MagicLeap (38)
[2019.04.15-15.03.10:780][771]LogModuleManager: Shutting down and abandoning module AnimationModifiers (36)
[2019.04.15-15.03.10:780][771]LogModuleManager: Shutting down and abandoning module PropertyEditor (35)
[2019.04.15-15.03.10:780][771]LogModuleManager: Shutting down and abandoning module AudioEditor (32)
[2019.04.15-15.03.10:780][771]LogModuleManager: Shutting down and abandoning module TextureCompressor (30)
[2019.04.15-15.03.10:780][771]LogModuleManager: Shutting down and abandoning module ShaderCore (28)
[2019.04.15-15.03.10:780][771]LogModuleManager: Shutting down and abandoning module Landscape (26)
[2019.04.15-15.03.10:780][771]LogModuleManager: Shutting down and abandoning module SlateRHIRenderer (24)
[2019.04.15-15.03.10:781][771]LogModuleManager: Shutting down and abandoning module OpenGLDrv (22)
[2019.04.15-15.03.10:781][771]LogModuleManager: Shutting down and abandoning module D3D11RHI (20)
[2019.04.15-15.03.10:781][771]LogModuleManager: Shutting down and abandoning module AnimGraphRuntime (18)
[2019.04.15-15.03.10:781][771]LogModuleManager: Shutting down and abandoning module Renderer (16)
[2019.04.15-15.03.10:781][771]LogModuleManager: Shutting down and abandoning module Engine (14)
[2019.04.15-15.03.10:781][771]LogModuleManager: Shutting down and abandoning module CoreUObject (12)
[2019.04.15-15.03.10:781][771]LogModuleManager: Shutting down and abandoning module NetworkFile (10)
[2019.04.15-15.03.10:781][771]LogModuleManager: Shutting down and abandoning module CookedIterativeFile (8)
[2019.04.15-15.03.10:781][771]LogModuleManager: Shutting down and abandoning module StreamingFile (6)
[2019.04.15-15.03.10:781][771]LogModuleManager: Shutting down and abandoning module SandboxFile (4)
[2019.04.15-15.03.10:781][771]LogModuleManager: Shutting down and abandoning module PakFile (2)
[2019.04.15-15.03.10:789][771]LogExit: Exiting.
[2019.04.15-15.03.10:816][771]Log file closed, 04/15/19 16:03:10
