Log file open, 05/09/19 16:46:44
LogWindows: Failed to load 'aqProf.dll' (GetLastError=126)
LogWindows: File 'aqProf.dll' does not exist
LogWindows: Failed to load 'VtuneApi.dll' (GetLastError=126)
LogWindows: File 'VtuneApi.dll' does not exist
LogWindows: Failed to load 'VtuneApi32e.dll' (GetLastError=126)
LogWindows: File 'VtuneApi32e.dll' does not exist
LogInit: Display: Running engine for game: GroupProject
LogPlatformFile: Not using cached read wrapper
LogTaskGraph: Started task graph with 5 named threads and 35 total threads with 3 sets of task threads.
LogStats: Stats thread started at 0.410733
LogD3D11RHI: Loaded GFSDK_Aftermath_Lib.x64.dll
LogICUInternationalization: Display: ICU TimeZone Detection - Raw Offset: +0:00, Platform Override: ''
LogPluginManager: Mounting plugin Paper2D
LogPluginManager: Mounting plugin AISupport
LogPluginManager: Mounting plugin LightPropagationVolume
LogPluginManager: Mounting plugin CLionSourceCodeAccess
LogPluginManager: Mounting plugin CodeLiteSourceCodeAccess
LogPluginManager: Mounting plugin GitSourceControl
LogPluginManager: Mounting plugin KDevelopSourceCodeAccess
LogPluginManager: Mounting plugin NullSourceCodeAccess
LogPluginManager: Mounting plugin PerforceSourceControl
LogPluginManager: Mounting plugin SubversionSourceControl
LogPluginManager: Mounting plugin UObjectPlugin
LogPluginManager: Mounting plugin VisualStudioCodeSourceCodeAccess
LogPluginManager: Mounting plugin VisualStudioSourceCodeAccess
LogPluginManager: Mounting plugin XCodeSourceCodeAccess
LogPluginManager: Mounting plugin AssetManagerEditor
LogPluginManager: Mounting plugin CryptoKeys
LogPluginManager: Mounting plugin DataValidation
LogPluginManager: Mounting plugin FacialAnimation
LogPluginManager: Mounting plugin GameplayTagsEditor
LogPluginManager: Mounting plugin MacGraphicsSwitching
LogPluginManager: Mounting plugin MeshEditor
LogPluginManager: Mounting plugin MobileLauncherProfileWizard
LogPluginManager: Mounting plugin PluginBrowser
LogPluginManager: Mounting plugin SpeedTreeImporter
LogPluginManager: Mounting plugin DatasmithContent
LogPluginManager: Mounting plugin AlembicImporter
LogPluginManager: Mounting plugin AppleImageUtils
LogPluginManager: Mounting plugin AppleVision
LogPluginManager: Mounting plugin BackChannel
LogPluginManager: Mounting plugin CharacterAI
LogPluginManager: Mounting plugin GeometryCache
LogPluginManager: Mounting plugin HTML5Networking
LogPluginManager: Mounting plugin ProxyLODPlugin
LogPluginManager: Mounting plugin MagicLeap
LogPluginManager: Mounting plugin MagicLeapEmulator
LogPluginManager: Mounting plugin MagicLeapMedia
LogPluginManager: Mounting plugin AndroidMedia
LogPluginManager: Mounting plugin AvfMedia
LogPluginManager: Mounting plugin ImgMedia
LogPluginManager: Mounting plugin LinearTimecode
LogPluginManager: Mounting plugin MediaCompositing
LogPluginManager: Mounting plugin MediaPlayerEditor
LogPluginManager: Mounting plugin WmfMedia
LogPluginManager: Mounting plugin TcpMessaging
LogPluginManager: Mounting plugin UdpMessaging
LogPluginManager: Mounting plugin ActorSequence
LogPluginManager: Mounting plugin LevelSequenceEditor
LogPluginManager: Mounting plugin MatineeToLevelSequence
LogPluginManager: Mounting plugin NetcodeUnitTest
LogPluginManager: Mounting plugin NUTUnrealEngine4
LogPluginManager: Mounting plugin OnlineSubsystemGooglePlay
LogPluginManager: Mounting plugin OnlineSubsystemIOS
LogPluginManager: Mounting plugin OnlineSubsystem
LogPluginManager: Mounting plugin OnlineSubsystemNull
LogPluginManager: Mounting plugin OnlineSubsystemUtils
LogPluginManager: Mounting plugin LauncherChunkInstaller
LogPluginManager: Mounting plugin AndroidDeviceProfileSelector
LogPluginManager: Mounting plugin AndroidMoviePlayer
LogPluginManager: Mounting plugin AndroidPermission
LogPluginManager: Mounting plugin ApexDestruction
LogPluginManager: Mounting plugin AppleMoviePlayer
LogPluginManager: Mounting plugin ArchVisCharacter
LogPluginManager: Mounting plugin AudioCapture
LogPluginManager: Mounting plugin CableComponent
LogPluginManager: Mounting plugin CustomMeshComponent
LogPluginManager: Mounting plugin EditableMesh
LogPluginManager: Mounting plugin ExampleDeviceProfileSelector
LogPluginManager: Mounting plugin GoogleCloudMessaging
LogPluginManager: Mounting plugin ImmediatePhysics
LogPluginManager: Mounting plugin IOSDeviceProfileSelector
LogPluginManager: Mounting plugin LinuxDeviceProfileSelector
LogPluginManager: Mounting plugin LocationServicesBPLibrary
LogPluginManager: Mounting plugin MobilePatchingUtils
LogPluginManager: Mounting plugin OculusVR
LogPluginManager: Plugin shader directory ../../../Engine/Plugins/Runtime/Oculus/OculusVR/Shaders found
LogPluginManager: Mapping shader source directory ../../../Engine/Plugins/Runtime/Oculus/OculusVR/Shaders to virtual directory /Plugin/OculusVR
LogPluginManager: Mounting plugin PhysXVehicles
LogPluginManager: Mounting plugin ProceduralMeshComponent
LogPluginManager: Mounting plugin RuntimePhysXCooking
LogPluginManager: Mounting plugin SteamVR
LogPluginManager: Mounting plugin WindowsMoviePlayer
LogStreaming: Display: Took  0.702s to configure plugins.
LogInit: Using libcurl 7.55.1-DEV
LogInit:  - built for x86_64-pc-win32
LogInit:  - supports SSL with OpenSSL/1.0.2h
LogInit:  - supports HTTP deflate (compression) using libz 1.2.8
LogInit:  - other features:
LogInit:      CURL_VERSION_SSL
LogInit:      CURL_VERSION_LIBZ
LogInit:      CURL_VERSION_IPV6
LogInit:      CURL_VERSION_ASYNCHDNS
LogInit:      CURL_VERSION_LARGEFILE
LogInit:      CURL_VERSION_IDN
LogInit:  CurlRequestOptions (configurable via config and command line):
LogInit:  - bVerifyPeer = false  - Libcurl will NOT verify peer certificate
LogInit:  - bUseHttpProxy = false  - Libcurl will NOT use HTTP proxy
LogInit:  - bDontReuseConnections = false  - Libcurl will reuse connections
LogInit:  - CertBundlePath = nullptr  - Libcurl will use whatever was configured at build time.
LogInit:  - MaxHostConnections = 16  - Libcurl will limit the number of connections to a host
LogInit:  - LocalHostAddr = Default
LogInit:  - BufferSize = 65536
LogInit: WinSock: version 1.1 (2.2), MaxSocks=32767, MaxUdp=65467
LogHMD: Failed initializing OVRPlugin 1.25.0
LogInit: Build: ++UE4+Release-4.20-CL-4369336
LogInit: Engine Version: 4.20.3-4369336+++UE4+Release-4.20
LogInit: Compatible Engine Version: 4.20.0-4212847+++UE4+Release-4.20
LogInit: Net CL: 4212847
LogInit: OS: Windows 10 (), CPU: Intel(R) Xeon(R) CPU E5-1650 v3 @ 3.50GHz, GPU: NVIDIA GeForce GTX 970
LogInit: Compiled (64-bit): Sep 17 2018 12:26:19
LogInit: Compiled with Visual C++: 19.13.26129.00
LogInit: Build Configuration: Development
LogInit: Branch Name: ++UE4+Release-4.20
LogInit: Command Line:  
LogInit: Base Directory: C:/Program Files/Epic Games/UE_4.20/Engine/Binaries/Win64/
LogInit: Installed Engine Build: 1
LogDevObjectVersion: Number of dev versions registered: 20
LogDevObjectVersion:   Dev-Blueprints (B0D832E4-1F89-4F0D-ACCF-7EB736FD4AA2): 10
LogDevObjectVersion:   Dev-Build (E1C64328-A22C-4D53-A36C-8E866417BD8C): 0
LogDevObjectVersion:   Dev-Core (375EC13C-06E4-48FB-B500-84F0262A717E): 2
LogDevObjectVersion:   Dev-Editor (E4B068ED-F494-42E9-A231-DA0B2E46BB41): 24
LogDevObjectVersion:   Dev-Framework (CFFC743F-43B0-4480-9391-14DF171D2073): 34
LogDevObjectVersion:   Dev-Mobile (B02B49B5-BB20-44E9-A304-32B752E40360): 2
LogDevObjectVersion:   Dev-Networking (A4E4105C-59A1-49B5-A7C5-40C4547EDFEE): 0
LogDevObjectVersion:   Dev-Online (39C831C9-5AE6-47DC-9A44-9C173E1C8E7C): 0
LogDevObjectVersion:   Dev-Physics (78F01B33-EBEA-4F98-B9B4-84EACCB95AA2): 0
LogDevObjectVersion:   Dev-Platform (6631380F-2D4D-43E0-8009-CF276956A95A): 0
LogDevObjectVersion:   Dev-Rendering (12F88B9F-8875-4AFC-A67C-D90C383ABD29): 26
LogDevObjectVersion:   Dev-Sequencer (7B5AE74C-D270-4C10-A958-57980B212A5A): 9
LogDevObjectVersion:   Dev-VR (D7296918-1DD6-4BDD-9DE2-64A83CC13884): 2
LogDevObjectVersion:   Dev-LoadTimes (C2A15278-BFE7-4AFE-6C17-90FF531DF755): 1
LogDevObjectVersion:   Private-Geometry (6EACA3D4-40EC-4CC1-B786-8BED09428FC5): 3
LogDevObjectVersion:   Dev-AnimPhys (29E575DD-E0A3-4627-9D10-D276232CDCEA): 17
LogDevObjectVersion:   Dev-ReflectionCapture (6B266CEC-1EC7-4B8F-A30B-E4D90942FC07): 1
LogDevObjectVersion:   Dev-Automation (0DF73D61-A23F-47EA-B727-89E90C41499A): 1
LogDevObjectVersion:   FortniteMain (601D1886-AC64-4F84-AA16-D3DE0DEAC7D6): 12
LogDevObjectVersion:   Dev-Enterprise (9DFFBCD6-494F-0158-E221-12823C92A888): 1
LogStreaming: Display: Took  0.096s to delete old logs.
LogInit: Presizing for max 8388607 objects, including 0 objects not considered by GC, pre-allocating 0 bytes for permanent pool.
LogInit: Object subsystem initialized
[2019.05.09-15.46.45:957][  0]LogInit: Selected Device Profile: [Windows]
[2019.05.09-15.46.45:957][  0]LogInit: Applying CVar settings loaded from the selected device profile: [Windows]
[2019.05.09-15.46.46:024][  0]LogHAL: Display: Platform has ~ 32 GB [34262470656 / 34359738368 / 32], which maps to Largest [LargestMinGB=32, LargerMinGB=12, DefaultMinGB=8, SmallerMinGB=6, SmallestMinGB=0)
[2019.05.09-15.46.46:024][  0]LogInit: Setting Device Profile CVar: [[r.Vulkan.UseRealUBs:1]]
[2019.05.09-15.46.46:024][  0]LogInit: Going up to parent DeviceProfile []
[2019.05.09-15.46.46:025][  0]LogInit: Computer: C15003259
[2019.05.09-15.46.46:025][  0]LogInit: User: CSG17007563
[2019.05.09-15.46.46:025][  0]LogInit: CPU Page size=4096, Cores=6
[2019.05.09-15.46.46:025][  0]LogInit: High frequency timer resolution =3.410069 MHz
[2019.05.09-15.46.46:026][  0]LogMemory: Memory total: Physical=31.9GB (32GB approx)
[2019.05.09-15.46.46:026][  0]LogMemory: Platform Memory Stats for Windows
[2019.05.09-15.46.46:026][  0]LogMemory: Process Physical Memory: 105.19 MB used, 105.19 MB peak
[2019.05.09-15.46.46:026][  0]LogMemory: Process Virtual Memory: 99.62 MB used, 99.62 MB peak
[2019.05.09-15.46.46:026][  0]LogMemory: Physical Memory: 6295.20 MB used,  26380.04 MB free, 32675.24 MB total
[2019.05.09-15.46.46:026][  0]LogMemory: Virtual Memory: 546.72 MB used,  26380.04 MB free, 134217728.00 MB total
[2019.05.09-15.46.46:062][  0]LogInit: Using OS detected language (en-US).
[2019.05.09-15.46.46:062][  0]LogInit: Using OS detected locale (en-GB).
[2019.05.09-15.46.46:063][  0]LogTextLocalizationManager: No specific localization for 'en-US' exists, so the 'en' localization will be used.
[2019.05.09-15.46.46:450][  0]LogStreaming: Display: Took  0.389s to InitEngineTextLocalization.
[2019.05.09-15.46.46:451][  0]LogInit: Setting process to per monitor DPI aware
[2019.05.09-15.46.46:501][  0]LogSlate: New Slate User Created.  User Index 0, Is Virtual User: 0
[2019.05.09-15.46.46:501][  0]LogSlate: Slate User Registered.  User Index 0, Is Virtual User: 0
[2019.05.09-15.46.46:696][  0]LogHMD: Failed to initialize OpenVR with code 110
[2019.05.09-15.46.46:696][  0]LogD3D11RHI: D3D11 adapters:
[2019.05.09-15.46.46:773][  0]LogD3D11RHI:    0. 'NVIDIA GeForce GTX 970' (Feature Level 11_0)
[2019.05.09-15.46.46:773][  0]LogD3D11RHI:       4043/0/16337 MB DedicatedVideo/DedicatedSystem/SharedSystem, Outputs:1, VendorId:0x10de
[2019.05.09-15.46.46:775][  0]LogD3D11RHI:    1. 'Microsoft Basic Render Driver' (Feature Level 11_0)
[2019.05.09-15.46.46:775][  0]LogD3D11RHI:       0/0/16337 MB DedicatedVideo/DedicatedSystem/SharedSystem, Outputs:0, VendorId:0x1414
[2019.05.09-15.46.46:775][  0]LogD3D11RHI: Chosen D3D11 Adapter: 0
[2019.05.09-15.46.46:780][  0]LogD3D11RHI: Creating new Direct3DDevice
[2019.05.09-15.46.46:780][  0]LogD3D11RHI:     GPU DeviceId: 0x13c2 (for the marketing name, search the web for "GPU Device Id")
[2019.05.09-15.46.46:780][  0]LogWindows: EnumDisplayDevices:
[2019.05.09-15.46.46:780][  0]LogWindows:    0. 'NVIDIA GeForce GTX 970' (P:1 D:1)
[2019.05.09-15.46.46:780][  0]LogWindows:    1. 'NVIDIA GeForce GTX 970' (P:0 D:0)
[2019.05.09-15.46.46:780][  0]LogWindows:    2. 'NVIDIA GeForce GTX 970' (P:0 D:0)
[2019.05.09-15.46.46:781][  0]LogWindows:    3. 'NVIDIA GeForce GTX 970' (P:0 D:0)
[2019.05.09-15.46.46:781][  0]LogWindows: DebugString: FoundDriverCount:4 
[2019.05.09-15.46.46:781][  0]LogD3D11RHI:     Adapter Name: NVIDIA GeForce GTX 970
[2019.05.09-15.46.46:781][  0]LogD3D11RHI:   Driver Version: 399.24 (internal:24.21.13.9924, unified:399.24)
[2019.05.09-15.46.46:781][  0]LogD3D11RHI:      Driver Date: 9-5-2018
[2019.05.09-15.46.46:781][  0]LogRHI: Texture pool is 2830 MB (70% of 4043 MB)
[2019.05.09-15.46.46:826][  0]LogD3D11RHI: Async texture creation enabled
[2019.05.09-15.46.46:845][  0]LogD3D11RHI: GPU Timing Frequency: 1000.000000 (Debug: 2 2)
[2019.05.09-15.46.46:848][  0]LogShaderCompilers: Guid format shader working directory is -25 characters bigger than the processId version (Z:/Assignment Repository/Team-Molyneux-3/Project/Unreal Project/GroupProject/Intermediate/Shaders/WorkingDirectory/12188/).
[2019.05.09-15.46.46:848][  0]LogShaderCompilers: Cleaned the shader compiler working directory 'C:/Users/CSG17007563/AppData/Local/Temp/UnrealShaderWorkingDir/EB90530546EC60CCBA13589DCB186DDA/'.
[2019.05.09-15.46.47:058][  0]LogTemp: Display: Loaded TP AllDesktopTargetPlatform
[2019.05.09-15.46.47:074][  0]LogTemp: Display: Loaded TP MacClientTargetPlatform
[2019.05.09-15.46.47:091][  0]LogTemp: Display: Loaded TP MacNoEditorTargetPlatform
[2019.05.09-15.46.47:107][  0]LogTemp: Display: Loaded TP MacServerTargetPlatform
[2019.05.09-15.46.47:124][  0]LogTemp: Display: Loaded TP MacTargetPlatform
[2019.05.09-15.46.47:140][  0]LogTemp: Display: Loaded TP WindowsClientTargetPlatform
[2019.05.09-15.46.47:156][  0]LogTemp: Display: Loaded TP WindowsNoEditorTargetPlatform
[2019.05.09-15.46.47:172][  0]LogTemp: Display: Loaded TP WindowsServerTargetPlatform
[2019.05.09-15.46.47:179][  0]LogTemp: Display: Loaded TP WindowsTargetPlatform
[2019.05.09-15.46.47:279][  0]LogTemp: Display: Loaded TP AndroidTargetPlatform
[2019.05.09-15.46.47:279][  0]LogTemp: Display: Loaded TP AndroidTargetPlatform
[2019.05.09-15.46.47:279][  0]LogTemp: Display: Loaded TP AndroidTargetPlatform
[2019.05.09-15.46.47:279][  0]LogTemp: Display: Loaded TP AndroidTargetPlatform
[2019.05.09-15.46.47:279][  0]LogTemp: Display: Loaded TP AndroidTargetPlatform
[2019.05.09-15.46.47:279][  0]LogTemp: Display: Loaded TP AndroidTargetPlatform
[2019.05.09-15.46.47:279][  0]LogTemp: Display: Loaded TP AndroidTargetPlatform
[2019.05.09-15.46.47:279][  0]LogTemp: Display: Loaded TP AndroidTargetPlatform
[2019.05.09-15.46.47:279][  0]LogTemp: Display: Loaded TP AndroidTargetPlatform
[2019.05.09-15.46.47:279][  0]LogTemp: Display: Loaded TP AndroidTargetPlatform
[2019.05.09-15.46.47:279][  0]LogTemp: Display: Loaded TP AndroidTargetPlatform
[2019.05.09-15.46.47:279][  0]LogTemp: Display: Loaded TP AndroidTargetPlatform
[2019.05.09-15.46.47:279][  0]LogTemp: Display: Loaded TP AndroidTargetPlatform
[2019.05.09-15.46.47:279][  0]LogTemp: Display: Loaded TP AndroidTargetPlatform
[2019.05.09-15.46.47:279][  0]LogTemp: Display: Loaded TP AndroidTargetPlatform
[2019.05.09-15.46.47:279][  0]LogTemp: Display: Loaded TP AndroidTargetPlatform
[2019.05.09-15.46.47:279][  0]LogTemp: Display: Loaded TP AndroidTargetPlatform
[2019.05.09-15.46.47:279][  0]LogTemp: Display: Loaded TP AndroidTargetPlatform
[2019.05.09-15.46.47:280][  0]LogTemp: Display: Loaded TP HTML5TargetPlatform
[2019.05.09-15.46.47:347][  0]LogTemp: Display: Loaded TP IOSTargetPlatform
[2019.05.09-15.46.47:347][  0]LogTemp: Display: Loaded TP IOSTargetPlatform
[2019.05.09-15.46.47:393][  0]LogTemp: Display: Loaded TP TVOSTargetPlatform
[2019.05.09-15.46.47:393][  0]LogTemp: Display: Loaded TP TVOSTargetPlatform
[2019.05.09-15.46.47:409][  0]LogTemp: Display: Loaded TP LinuxClientTargetPlatform
[2019.05.09-15.46.47:427][  0]LogTemp: Display: Loaded TP LinuxNoEditorTargetPlatform
[2019.05.09-15.46.47:443][  0]LogTemp: Display: Loaded TP LinuxServerTargetPlatform
[2019.05.09-15.46.47:461][  0]LogTemp: Display: Loaded TP LinuxTargetPlatform
[2019.05.09-15.46.47:471][  0]LogTemp: Display: Loaded TP LuminTargetPlatform
[2019.05.09-15.46.47:471][  0]LogTargetPlatformManager: Display: Building Assets For Windows
[2019.05.09-15.46.47:519][  0]LogXGEController: Cleaning working directory: C:/Users/CSG17007563/AppData/Local/Temp/UnrealXGEWorkingDir/
[2019.05.09-15.46.47:519][  0]LogXGEController: Cannot use XGE Controller as Incredibuild is not installed on this machine.
[2019.05.09-15.46.47:519][  0]LogShaderCompilers: Cannot use XGE Shader Compiler as Incredibuild is not installed on this machine.
[2019.05.09-15.46.47:519][  0]LogShaderCompilers: Display: Using Local Shader Compiler.
[2019.05.09-15.46.48:281][  0]LogDerivedDataCache: Display: Max Cache Size: 512 MB
[2019.05.09-15.46.48:383][  0]LogDerivedDataCache: Loaded boot cache 0.10s 87MB C:/Users/CSG17007563/AppData/Local/UnrealEngine/4.20/DerivedDataCache/Boot.ddc.
[2019.05.09-15.46.48:383][  0]LogDerivedDataCache: Display: Loaded Boot cache: C:/Users/CSG17007563/AppData/Local/UnrealEngine/4.20/DerivedDataCache/Boot.ddc
[2019.05.09-15.46.48:384][  0]LogDerivedDataCache: FDerivedDataBackendGraph:  Pak pak cache file Z:/Assignment Repository/Team-Molyneux-3/Project/Unreal Project/GroupProject/DerivedDataCache/DDC.ddp not found, will not use a pak cache.
[2019.05.09-15.46.48:384][  0]LogDerivedDataCache: Unable to find inner node Pak for hierarchical cache Hierarchy.
[2019.05.09-15.46.48:385][  0]LogDerivedDataCache: FDerivedDataBackendGraph:  CompressedPak pak cache file Z:/Assignment Repository/Team-Molyneux-3/Project/Unreal Project/GroupProject/DerivedDataCache/Compressed.ddp not found, will not use a pak cache.
[2019.05.09-15.46.48:385][  0]LogDerivedDataCache: Unable to find inner node CompressedPak for hierarchical cache Hierarchy.
[2019.05.09-15.46.48:409][  0]LogDerivedDataCache: Display: Pak cache opened for reading ../../../Engine/DerivedDataCache/Compressed.ddp.
[2019.05.09-15.46.48:421][  0]LogDerivedDataCache: Using Local data cache path C:/Users/CSG17007563/AppData/Local/UnrealEngine/Common/DerivedDataCache: Writable
[2019.05.09-15.46.48:421][  0]LogDerivedDataCache: Shared data cache path not found in *engine.ini, will not use an Shared cache.
[2019.05.09-15.46.48:421][  0]LogDerivedDataCache: Unable to find inner node Shared for hierarchical cache Hierarchy.
[2019.05.09-15.46.48:458][  0]LogMaterial: Verifying Global Shaders for PCD3D_SM5
[2019.05.09-15.46.48:460][  0]LogSlate: Using FreeType 2.6.0
[2019.05.09-15.46.48:460][  0]LogSlate: SlateFontServices - WITH_FREETYPE: 1, WITH_HARFBUZZ: 1
[2019.05.09-15.46.48:536][  0]LogAssetRegistry: FAssetRegistry took 0.0280 seconds to start up
[2019.05.09-15.46.48:995][  0]LogInit: Selected Device Profile: [Windows]
[2019.05.09-15.46.49:151][  0]LogSimplygon: Simplygon DLL not present - disabling.
[2019.05.09-15.46.49:153][  0]LogMeshReduction: Using SimplygonSwarm for distributed automatic mesh merging
[2019.05.09-15.46.49:153][  0]LogMeshReduction: Using ProxyLODMeshReduction for automatic mesh merging
[2019.05.09-15.46.49:153][  0]LogMeshReduction: Using QuadricMeshReduction for automatic static mesh reduction
[2019.05.09-15.46.49:153][  0]LogMeshReduction: No automatic skeletal mesh reduction module available
[2019.05.09-15.46.49:168][  0]LogNetVersion: GroupProject 1.0.0, NetCL: 4212847, EngineNetVer: 5, GameNetVer: 0 (Checksum: 857663312)
[2019.05.09-15.46.50:284][  0]LogPackageLocalizationCache: Processed 11 localized package path(s) for 2 prioritized culture(s) in 0.601114 seconds
[2019.05.09-15.46.50:290][  0]LogUObjectArray: 38425 objects as part of root set at end of initial load.
[2019.05.09-15.46.50:290][  0]LogUObjectAllocator: 6690864 out of 0 bytes used by permanent object pool.
[2019.05.09-15.46.50:290][  0]LogUObjectArray: CloseDisregardForGC: 0/0 objects in disregard for GC pool
[2019.05.09-15.46.51:047][  0]LogTcpMessaging: Initializing TcpMessaging bridge
[2019.05.09-15.46.51:060][  0]LogUdpMessaging: Initializing bridge on interface 0.0.0.0:0 to multicast group 230.0.0.1:6666.
[2019.05.09-15.46.51:060][  0]LogDirectoryWatcher: A directory notification failed for 'Z:/Assignment Repository/Team-Molyneux-3/Project/Unreal Project/GroupProject/Content/' because it was empty or there was a buffer overflow. Attemping another request...
[2019.05.09-15.46.51:241][  0]SourceControl: Source control is disabled
[2019.05.09-15.46.51:241][  0]SourceControl: Source control is disabled
[2019.05.09-15.46.51:242][  0]SourceControl: Source control is disabled
[2019.05.09-15.46.51:243][  0]SourceControl: Source control is disabled
[2019.05.09-15.46.51:438][  0]LogAndroidPermission: UAndroidPermissionCallbackProxy::GetInstance
[2019.05.09-15.46.51:497][  0]LogOcInput: OculusInput pre-init called
[2019.05.09-15.46.51:566][  0]LogEngine: Initializing Engine...
[2019.05.09-15.46.51:567][  0]LogHMD: Failed to initialize OpenVR with code 110
[2019.05.09-15.46.51:570][  0]LogStats: UGameplayTagsManager::ConstructGameplayTagTree: ImportINI prefixes -  0.000 s
[2019.05.09-15.46.51:570][  0]LogStats: UGameplayTagsManager::ConstructGameplayTagTree: Construct from data asset -  0.000 s
[2019.05.09-15.46.51:571][  0]LogStats: UGameplayTagsManager::ConstructGameplayTagTree: ImportINI -  0.001 s
[2019.05.09-15.46.51:571][  0]LogStats: UGameplayTagsManager::ConstructGameplayTagTree: GameplayTagTreeChangedEvent.Broadcast -  0.000 s
[2019.05.09-15.46.51:801][  0]LogInit: Initializing FReadOnlyCVARCache
[2019.05.09-15.46.51:810][  0]LogAIModule: Creating AISystem for world Untitled
[2019.05.09-15.46.51:844][  0]LogInit: XAudio2 using 'Speakers (Realtek High Definition Audio)' : 2 channels at 48 kHz using 32 bits per sample (channel mask 0x3)
[2019.05.09-15.46.51:865][  0]LogInit: FAudioDevice initialized.
[2019.05.09-15.46.51:865][  0]LogNetVersion: Set ProjectVersion to 1.0.0.0. Version Checksum will be recalculated on next use.
[2019.05.09-15.46.51:958][  0]LogDerivedDataCache: Saved boot cache 0.09s 71MB C:/Users/CSG17007563/AppData/Local/UnrealEngine/4.20/DerivedDataCache/Boot.ddc.
[2019.05.09-15.46.51:974][  0]LogInit: Texture streaming: Enabled
[2019.05.09-15.46.51:988][  0]LogEngineSessionManager: EngineSessionManager initialized
[2019.05.09-15.46.51:989][  0]LogEngineSessionManager: EngineSessionManager sent abnormal shutdown report. Type=Crashed, SessionId={098D9068-4D29-6ECB-5501-A6A775B4C71D}
[2019.05.09-15.46.52:000][  0]LogInit: Transaction tracking system initialized
[2019.05.09-15.46.52:017][  0]BlueprintLog: New page: Editor Load
[2019.05.09-15.46.52:096][  0]LocalizationService: Localization service is disabled
[2019.05.09-15.46.52:331][  0]LogCook: Display: Max memory allowance for cook 16384mb min free memory 0mb
[2019.05.09-15.46.52:331][  0]LogCook: Display: Mobile HDR setting 1
[2019.05.09-15.46.52:331][  0]LogGameplayTags: Display: UGameplayTagsManager::DoneAddingNativeTags. DelegateIsBound: 0
[2019.05.09-15.46.52:331][  0]LogStats: UGameplayTagsManager::ConstructGameplayTagTree: ImportINI prefixes -  0.000 s
[2019.05.09-15.46.52:331][  0]LogStats: UGameplayTagsManager::ConstructGameplayTagTree: Construct from data asset -  0.000 s
[2019.05.09-15.46.52:332][  0]LogStats: UGameplayTagsManager::ConstructGameplayTagTree: ImportINI -  0.001 s
[2019.05.09-15.46.52:332][  0]LogStats: UGameplayTagsManager::ConstructGameplayTagTree: GameplayTagTreeChangedEvent.Broadcast -  0.000 s
[2019.05.09-15.46.52:426][  0]LogFileCache: Scanning file cache for directory 'Z:/Assignment Repository/Team-Molyneux-3/Project/Unreal Project/GroupProject/Content/' took 0.07s
[2019.05.09-15.46.52:426][  0]SourceControl: Source control is disabled
[2019.05.09-15.46.52:426][  0]Cmd: MAP LOAD FILE="Z:/Assignment Repository/Team-Molyneux-3/Project/Unreal Project/GroupProject/Content/ThirdPersonBP/Maps/ThirdPersonExampleMap.umap" TEMPLATE=0 SHOWPROGRESS=1 FEATURELEVEL=3
[2019.05.09-15.46.52:427][  0]LightingResults: New page: Lighting Build
[2019.05.09-15.46.52:429][  0]MapCheck: New page: Map Check
[2019.05.09-15.46.52:429][  0]LightingResults: New page: Lighting Build
[2019.05.09-15.46.54:152][  0]LogLinker: Warning: Can't find file '/Game/UI/UIAssets/Normal_fw'
[2019.05.09-15.46.54:152][  0]LogLinker: Warning: Can't find file for asset '/Game/UI/UIAssets/Normal_fw' while loading Z:/Assignment Repository/Team-Molyneux-3/Project/Unreal Project/GroupProject/Content/UI/GameOverScreen.uasset.
[2019.05.09-15.46.54:152][  0]LoadErrors: Error: /Game/UI/GameOverScreen : Can't find file for asset. /Game/UI/UIAssets/Normal_fw
[2019.05.09-15.46.54:155][  0]LogLinker: Warning: Can't find file '/Game/UI/UIAssets/Normal_fw'
[2019.05.09-15.46.54:155][  0]LogLinker: Warning: Can't find file for asset '/Game/UI/UIAssets/Normal_fw' while loading Z:/Assignment Repository/Team-Molyneux-3/Project/Unreal Project/GroupProject/Content/UI/GameOverScreen.uasset.
[2019.05.09-15.46.54:155][  0]LoadErrors: Error: /Game/UI/GameOverScreen : Can't find file for asset. /Game/UI/UIAssets/Normal_fw
[2019.05.09-15.46.54:156][  0]LogLinker: Warning: Can't find file '/Game/UI/UIAssets/Normal_fw'
[2019.05.09-15.46.54:157][  0]LogLinker: Warning: Can't find file for asset '/Game/UI/UIAssets/Normal_fw' while loading Z:/Assignment Repository/Team-Molyneux-3/Project/Unreal Project/GroupProject/Content/Blueprints/Door/Door.uasset.
[2019.05.09-15.46.54:157][  0]LoadErrors: Error: /Game/Blueprints/Door/Door : Can't find file for asset. /Game/UI/UIAssets/Normal_fw
[2019.05.09-15.46.54:158][  0]LogLinker: Warning: Can't find file '/Game/UI/UIAssets/Normal_fw'
[2019.05.09-15.46.54:158][  0]LogLinker: Warning: Can't find file for asset '/Game/UI/UIAssets/Normal_fw' while loading Z:/Assignment Repository/Team-Molyneux-3/Project/Unreal Project/GroupProject/Content/Blueprints/Door/Door.uasset.
[2019.05.09-15.46.54:158][  0]LoadErrors: Error: /Game/Blueprints/Door/Door : Can't find file for asset. /Game/UI/UIAssets/Normal_fw
[2019.05.09-15.46.54:160][  0]LogLinker: Warning: Can't find file '/Game/UI/UIAssets/Normal_fw'
[2019.05.09-15.46.54:160][  0]LoadErrors: Failed to load /Game/UI/UIAssets/Normal_fw.Normal_fw Referenced by PlayAgainButton
[2019.05.09-15.46.54:161][  0]LogLinker: Warning: Can't find file for asset '/Game/UI/UIAssets/Normal_fw' while loading Z:/Assignment Repository/Team-Molyneux-3/Project/Unreal Project/GroupProject/Content/Blueprints/Door/Door.uasset.
[2019.05.09-15.46.54:161][  0]LoadErrors: Failed to load /Game/UI/UIAssets/Normal_fw.Normal_fw Referenced by PlayAgainButton
[2019.05.09-15.46.54:161][  0]LoadErrors: Error: /Game/Blueprints/Door/Door : Can't find file for asset. /Game/UI/UIAssets/Normal_fw
[2019.05.09-15.46.57:984][  0]LogAIModule: Creating AISystem for world ThirdPersonExampleMap
[2019.05.09-15.46.58:248][  0]LogEditorServer: Finished looking for orphan Actors (0.000 secs)
[2019.05.09-15.46.58:288][  0]Cmd: MAP CHECKDEP NOCLEARLOG
[2019.05.09-15.46.58:492][  0]MapCheck: Map check complete: 0 Error(s), 0 Warning(s), took 204.427ms to complete.
[2019.05.09-15.46.58:492][  0]LogFileHelpers: Loading map 'ThirdPersonExampleMap' took 6.067
[2019.05.09-15.46.58:566][  0]LogWindowsTextInputMethodSystem: Display: IME system now deactivated.
[2019.05.09-15.46.58:621][  0]LogSlate: Updating window title bar state: overlay mode, drag disabled, window buttons hidden, title bar hidden
[2019.05.09-15.46.58:634][  0]LogSlate: Updating window title bar state: overlay mode, drag disabled, window buttons hidden, title bar hidden
[2019.05.09-15.46.58:654][  0]LogSlate: Updating window title bar state: overlay mode, drag disabled, window buttons hidden, title bar hidden
[2019.05.09-15.46.58:667][  0]LogSlate: Updating window title bar state: overlay mode, drag disabled, window buttons hidden, title bar hidden
[2019.05.09-15.46.58:675][  0]LogCollectionManager: Loaded 0 collections in 0.004159 seconds
[2019.05.09-15.46.58:729][  0]LogFileCache: Scanning file cache for directory 'Z:/Assignment Repository/Team-Molyneux-3/Project/Unreal Project/GroupProject/Saved/Collections/' took 0.01s
[2019.05.09-15.46.58:729][  0]LogFileCache: Scanning file cache for directory 'Z:/Assignment Repository/Team-Molyneux-3/Project/Unreal Project/GroupProject/Content/Developers/CSG17007563/Collections/' took 0.01s
[2019.05.09-15.46.58:729][  0]LogFileCache: Scanning file cache for directory 'Z:/Assignment Repository/Team-Molyneux-3/Project/Unreal Project/GroupProject/Content/Collections/' took 0.01s
[2019.05.09-15.46.58:730][  0]LogCollectionManager: Rebuilt the GUID cache for 0 collections in 0.000001 seconds
[2019.05.09-15.46.58:741][  0]LogContentBrowser: Native class hierarchy populated in 0.0118 seconds. Added 2581 classes and 608 folders.
[2019.05.09-15.46.58:752][  0]LogContentBrowser: Native class hierarchy updated for 'WidgetCarousel' in 0.0005 seconds. Added 0 classes and 0 folders.
[2019.05.09-15.46.58:803][  0]LogContentBrowser: Native class hierarchy updated for 'AddContentDialog' in 0.0005 seconds. Added 0 classes and 0 folders.
[2019.05.09-15.46.58:808][  0]LogContentBrowser: Native class hierarchy updated for 'SceneOutliner' in 0.0005 seconds. Added 1 classes and 2 folders.
[2019.05.09-15.46.58:841][  0]LogSlate: Took 0.000444 seconds to synchronously load lazily loaded font '../../../Engine/Content/Slate/Fonts/Roboto-Regular.ttf' (155K)
[2019.05.09-15.46.58:845][  0]LogSlate: Took 0.000414 seconds to synchronously load lazily loaded font '../../../Engine/Content/Slate/Fonts/Roboto-Bold.ttf' (160K)
[2019.05.09-15.46.58:859][  0]LogSlate: Took 0.000400 seconds to synchronously load lazily loaded font '../../../Engine/Content/Editor/Slate/Fonts/FontAwesome.ttf' (139K)
[2019.05.09-15.46.58:999][  0]LogRenderer: Reallocating scene render targets to support 1208x576 Format 10 NumSamples 1 (Frame:1).
[2019.05.09-15.46.59:106][  0]LogSlate: Took 0.000170 seconds to synchronously load lazily loaded font '../../../Engine/Content/Slate/Fonts/Roboto-Light.ttf' (167K)
[2019.05.09-15.46.59:203][  0]LogContentBrowser: Native class hierarchy updated for 'HierarchicalLODOutliner' in 0.0005 seconds. Added 0 classes and 0 folders.
[2019.05.09-15.46.59:203][  0]LogLoad: (Engine Initialization) Total time: 16.63 seconds
[2019.05.09-15.46.59:203][  0]LogLoad: (Engine Initialization) Total Blueprint compile time: 0.00 seconds
[2019.05.09-15.46.59:253][  0]LogDirectoryWatcher: A directory notification failed for 'Z:/Assignment Repository/Team-Molyneux-3/Project/Unreal Project/GroupProject/Content/' because it was empty or there was a buffer overflow. Attemping another request...
[2019.05.09-15.46.59:253][  0]LogDirectoryWatcher: A directory notification failed for 'Z:/Assignment Repository/Team-Molyneux-3/Project/Unreal Project/GroupProject/Content/', and we were unable to create a new request.
[2019.05.09-15.46.59:254][  0]LogDirectoryWatcher: A directory notification failed for 'Z:/Assignment Repository/Team-Molyneux-3/Project/Unreal Project/GroupProject/Saved/Collections/' because it was empty or there was a buffer overflow. Attemping another request...
[2019.05.09-15.46.59:254][  0]LogDirectoryWatcher: A directory notification failed for 'Z:/Assignment Repository/Team-Molyneux-3/Project/Unreal Project/GroupProject/Content/Developers/CSG17007563/Collections/' because it was empty or there was a buffer overflow. Attemping another request...
[2019.05.09-15.46.59:254][  0]LogDirectoryWatcher: A directory notification failed for 'Z:/Assignment Repository/Team-Molyneux-3/Project/Unreal Project/GroupProject/Content/Collections/' because it was empty or there was a buffer overflow. Attemping another request...
[2019.05.09-15.46.59:256][  0]LogContentStreaming: Texture pool size now 1000 MB
[2019.05.09-15.46.59:260][  0]LogSlate: FSceneViewport::OnFocusLost() reason 2
[2019.05.09-15.46.59:316][  1]LogFileCache: Retrieving MD5 hashes for directory 'Z:/Assignment Repository/Team-Molyneux-3/Project/Unreal Project/GroupProject/Content/' took 0.09s
[2019.05.09-15.46.59:360][  1]LogAssetRegistry: Asset discovery search completed in 10.8462 seconds
[2019.05.09-15.46.59:362][  1]LogCollectionManager: Rebuilt the object cache for 0 collections in 0.000001 seconds (found 0 objects)
[2019.05.09-15.46.59:362][  1]LogCollectionManager: Fixed up redirectors for 0 collections in 0.000042 seconds (updated 0 objects)
[2019.05.09-15.46.59:362][  1]LogDirectoryWatcher: A directory notification failed for 'Z:/Assignment Repository/Team-Molyneux-3/Project/Unreal Project/GroupProject/Saved/Collections/' because it was empty or there was a buffer overflow. Attemping another request...
[2019.05.09-15.46.59:363][  1]LogDirectoryWatcher: A directory notification failed for 'Z:/Assignment Repository/Team-Molyneux-3/Project/Unreal Project/GroupProject/Saved/Collections/', and we were unable to create a new request.
[2019.05.09-15.46.59:363][  1]LogDirectoryWatcher: A directory notification failed for 'Z:/Assignment Repository/Team-Molyneux-3/Project/Unreal Project/GroupProject/Content/Developers/CSG17007563/Collections/' because it was empty or there was a buffer overflow. Attemping another request...
[2019.05.09-15.46.59:363][  1]LogDirectoryWatcher: A directory notification failed for 'Z:/Assignment Repository/Team-Molyneux-3/Project/Unreal Project/GroupProject/Content/Developers/CSG17007563/Collections/', and we were unable to create a new request.
[2019.05.09-15.46.59:363][  1]LogDirectoryWatcher: A directory notification failed for 'Z:/Assignment Repository/Team-Molyneux-3/Project/Unreal Project/GroupProject/Content/Collections/' because it was empty or there was a buffer overflow. Attemping another request...
[2019.05.09-15.46.59:364][  1]LogDirectoryWatcher: A directory notification failed for 'Z:/Assignment Repository/Team-Molyneux-3/Project/Unreal Project/GroupProject/Content/Collections/', and we were unable to create a new request.
[2019.05.09-15.47.00:241][ 77]LogSlate: Took 0.000167 seconds to synchronously load lazily loaded font '../../../Engine/Content/Slate/Fonts/Roboto-Light.ttf' (167K)
[2019.05.09-15.47.01:962][278]LogSlate: Window 'Message Log' being destroyed
[2019.05.09-15.47.01:965][278]LogSlate: Window 'Message Log' being destroyed
[2019.05.09-15.47.02:787][372]LogSlate: FSceneViewport::OnFocusLost() reason 0
[2019.05.09-15.47.11:881][145]LogEditorViewport: Clicking on Actor (LMB): OxBoost_C (OxBoost2)
[2019.05.09-15.47.13:051][219]LogSlate: FSceneViewport::OnFocusLost() reason 0
[2019.05.09-15.47.13:110][224]LogAssetEditorManager: Opening Asset editor for Blueprint /Game/OxBoost.OxBoost
[2019.05.09-15.47.13:541][224]LogContentBrowser: Native class hierarchy updated for 'BlueprintGraph' in 0.0012 seconds. Added 116 classes and 0 folders.
[2019.05.09-15.47.14:370][224]LogBlueprintUserMessages: [OxBoost_C_0] In range
[2019.05.09-15.47.14:370][224]LogBlueprintUserMessages: [OxBoost_C_0] In range
[2019.05.09-15.47.14:373][224]LogSlate: Took 0.000161 seconds to synchronously load lazily loaded font '../../../Engine/Content/Slate/Fonts/Roboto-BoldCondensed.ttf' (158K)
[2019.05.09-15.47.14:487][225]LogSlate: Took 0.000190 seconds to synchronously load lazily loaded font '../../../Engine/Content/Slate/Fonts/Roboto-Italic.ttf' (157K)
[2019.05.09-15.47.21:338][998]BlueprintLog: New page: Compile OxBoost
[2019.05.09-15.47.22:400][ 85]Cmd: OBJ SAVEPACKAGE PACKAGE="/Game/OxBoost" FILE="Z:/Assignment Repository/Team-Molyneux-3/Project/Unreal Project/GroupProject/Content/OxBoost.uasset" SILENT=true
[2019.05.09-15.47.22:568][ 85]LogSavePackage: Moving 'Z:/Assignment Repository/Team-Molyneux-3/Project/Unreal Project/GroupProject/Saved/OxBoost1A39E4454198FCD0A37A9A9B0FFE64BA.tmp' to 'Z:/Assignment Repository/Team-Molyneux-3/Project/Unreal Project/GroupProject/Content/OxBoost.uasset'
[2019.05.09-15.47.26:559][368]LogAssetEditorManager: Opening Asset editor for WidgetBlueprint /Game/UI/MainMenu.MainMenu
[2019.05.09-15.47.31:559][739]LogAIModule: Creating AISystem for world MainMenu
[2019.05.09-15.47.31:562][739]LogAssetEditorManager: Opening Asset editor for World /Game/Maps/MainMenu.MainMenu
[2019.05.09-15.47.33:129][739]LogSlate: Window 'Save Content' being destroyed
[2019.05.09-15.47.37:343][739]LogSavePackage: Moving 'Z:/Assignment Repository/Team-Molyneux-3/Project/Unreal Project/GroupProject/Saved/ThirdPersonExampleMap5E437BD24C2FC6DB4DD19F8D58DC3D98.tmp' to 'Z:/Assignment Repository/Team-Molyneux-3/Project/Unreal Project/GroupProject/Content/ThirdPersonBP/Maps/ThirdPersonExampleMap.umap'
[2019.05.09-15.47.37:481][739]LogFileHelpers: Saving map 'ThirdPersonExampleMap' took 4.342
[2019.05.09-15.47.37:483][739]Cmd: MAP LOAD FILE="Z:/Assignment Repository/Team-Molyneux-3/Project/Unreal Project/GroupProject/Content/Maps/MainMenu.umap" TEMPLATE=0 SHOWPROGRESS=1 FEATURELEVEL=3
[2019.05.09-15.47.37:483][739]LightingResults: New page: Lighting Build
[2019.05.09-15.47.37:485][739]LoadErrors: New page: Loading map: MainMenu.umap
[2019.05.09-15.47.37:513][739]MapCheck: New page: Map Check
[2019.05.09-15.47.37:513][739]LightingResults: New page: Lighting Build
[2019.05.09-15.47.37:569][739]LogEditorServer: Finished looking for orphan Actors (0.000 secs)
[2019.05.09-15.47.37:649][739]Cmd: MAP CHECKDEP NOCLEARLOG
[2019.05.09-15.47.37:923][739]MapCheck: Map check complete: 0 Error(s), 0 Warning(s), took 273.704ms to complete.
[2019.05.09-15.47.37:924][739]LogFileHelpers: Loading map 'MainMenu' took 0.443
[2019.05.09-15.47.40:237][  7]LogTemp: Repeating last play command: Selected Viewport
[2019.05.09-15.47.40:263][  7]LogBlueprintUserMessages: Early PlayInEditor Detection: Level '/Game/Maps/MainMenu.MainMenu:PersistentLevel' has LevelScriptBlueprint '/Game/Maps/MainMenu.MainMenu:PersistentLevel.MainMenu' with GeneratedClass '/Game/Maps/MainMenu.MainMenu_C' with ClassGeneratedBy '/Game/Maps/MainMenu.MainMenu:PersistentLevel.MainMenu'
[2019.05.09-15.47.40:264][  7]LogPlayLevel: PlayLevel: No blueprints needed recompiling
[2019.05.09-15.47.40:276][  7]PIE: New page: PIE session: MainMenu (9 May 2019 17:47:40)
[2019.05.09-15.47.40:276][  7]LogPlayLevel: Creating play world package: /Game/Maps/UEDPIE_0_MainMenu
[2019.05.09-15.47.40:278][  7]LogPlayLevel: PIE: StaticDuplicateObject took: (0.002051s)
[2019.05.09-15.47.40:278][  7]LogAIModule: Creating AISystem for world MainMenu
[2019.05.09-15.47.40:278][  7]LogPlayLevel: PIE: World Init took: (0.000580s)
[2019.05.09-15.47.40:278][  7]LogPlayLevel: PIE: Created PIE world by copying editor world from /Game/Maps/MainMenu.MainMenu to /Game/Maps/UEDPIE_0_MainMenu.MainMenu (0.002742s)
[2019.05.09-15.47.40:327][  7]LogInit: XAudio2 using 'Speakers (Realtek High Definition Audio)' : 2 channels at 48 kHz using 32 bits per sample (channel mask 0x3)
[2019.05.09-15.47.40:337][  7]LogInit: FAudioDevice initialized.
[2019.05.09-15.47.40:383][  7]LogLoad: Game class is 'ThirdPersonGameMode_C'
[2019.05.09-15.47.40:384][  7]LogWorld: Bringing World /Game/Maps/UEDPIE_0_MainMenu.MainMenu up for play (max tick rate 0) at 2019.05.09-16.47.40
[2019.05.09-15.47.40:385][  7]LogWorld: Bringing up level for play took: 0.000459
[2019.05.09-15.47.40:401][  7]LogContentBrowser: Native class hierarchy updated for 'MovieSceneCapture' in 0.0005 seconds. Added 10 classes and 0 folders.
[2019.05.09-15.47.40:402][  7]PIE: Play in editor start time for /Game/Maps/UEDPIE_0_MainMenu 1.055
[2019.05.09-15.47.40:403][  7]LogBlueprintUserMessages: Late PlayInEditor Detection: Level '/Game/Maps/MainMenu.MainMenu:PersistentLevel' has LevelScriptBlueprint '/Game/Maps/MainMenu.MainMenu:PersistentLevel.MainMenu' with GeneratedClass '/Game/Maps/MainMenu.MainMenu_C' with ClassGeneratedBy '/Game/Maps/MainMenu.MainMenu:PersistentLevel.MainMenu'
[2019.05.09-15.47.42:097][208]LogBlueprintUserMessages: Early EndPlayMap Detection: Level '/Game/Maps/MainMenu.MainMenu:PersistentLevel' has LevelScriptBlueprint '/Game/Maps/MainMenu.MainMenu:PersistentLevel.MainMenu' with GeneratedClass '/Game/Maps/MainMenu.MainMenu_C' with ClassGeneratedBy '/Game/Maps/MainMenu.MainMenu:PersistentLevel.MainMenu'
[2019.05.09-15.47.42:097][208]LogSlate: Updating window title bar state: overlay mode, drag disabled, window buttons hidden, title bar hidden
[2019.05.09-15.47.42:132][208]LogPlayLevel: Display: Shutting down PIE online subsystems
[2019.05.09-15.47.42:132][208]LogBlueprintUserMessages: Late EndPlayMap Detection: Level '/Game/Maps/MainMenu.MainMenu:PersistentLevel' has LevelScriptBlueprint '/Game/Maps/MainMenu.MainMenu:PersistentLevel.MainMenu' with GeneratedClass '/Game/Maps/MainMenu.MainMenu_C' with ClassGeneratedBy '/Game/Maps/MainMenu.MainMenu:PersistentLevel.MainMenu'
[2019.05.09-15.47.42:171][208]LogSlate: Updating window title bar state: overlay mode, drag disabled, window buttons hidden, title bar hidden
[2019.05.09-15.47.42:201][211]LogPlayLevel: Display: Destroying online subsystem :Context_6
[2019.05.09-15.47.48:034][898]LogSlate: Took 0.002298 seconds to synchronously load lazily loaded font '../../../Engine/Content/Slate/Fonts/DroidSansFallback.ttf' (3848K)
[2019.05.09-15.48.06:377][590]LogFactory: FactoryCreateFile: Texture with ReimportTextureFactory (0 0 E:/Year 2 Modules/[S2] KF5012 - Software Engineering Practice/Assignments/Group Project/Assets/Buttons/Button_Hovered.fw.png)
[2019.05.09-15.48.06:382][590]LogTexture: Display: Building textures: Button_Hovered_fw (BGRA8, 100X50)
[2019.05.09-15.48.06:411][590]LogFactory: FactoryCreateFile: Texture with ReimportTextureFactory (0 0 E:/Year 2 Modules/[S2] KF5012 - Software Engineering Practice/Assignments/Group Project/Assets/Buttons/Button_Normal.fw.png)
[2019.05.09-15.48.06:415][590]LogTexture: Display: Building textures: Button_Normal_fw (BGRA8, 100X50)
[2019.05.09-15.48.06:441][590]LogFactory: FactoryCreateFile: Texture with ReimportTextureFactory (0 0 E:/Year 2 Modules/[S2] KF5012 - Software Engineering Practice/Assignments/Group Project/Assets/Buttons/Button_Pressed.fw.png)
[2019.05.09-15.48.06:445][590]LogTexture: Display: Building textures: Button_Pressed_fw (BGRA8, 100X50)
[2019.05.09-15.48.12:325][281]LogAssetEditorManager: Opening Asset editor for WidgetBlueprint /Game/UI/MainMenu.MainMenu
[2019.05.09-15.49.10:149][116]BlueprintLog: New page: Compile MainMenu
[2019.05.09-15.49.11:790][257]Cmd: OBJ SAVEPACKAGE PACKAGE="/Game/UI/MainMenu" FILE="Z:/Assignment Repository/Team-Molyneux-3/Project/Unreal Project/GroupProject/Content/UI/MainMenu.uasset" SILENT=true
[2019.05.09-15.49.11:992][257]LogSavePackage: Moving 'Z:/Assignment Repository/Team-Molyneux-3/Project/Unreal Project/GroupProject/Saved/MainMenu04FB8E484F34B0E01533138D4524CFFC.tmp' to 'Z:/Assignment Repository/Team-Molyneux-3/Project/Unreal Project/GroupProject/Content/UI/MainMenu.uasset'
[2019.05.09-15.49.13:865][451]LogTemp: Repeating last play command: Selected Viewport
[2019.05.09-15.49.13:890][451]LogBlueprintUserMessages: Early PlayInEditor Detection: Level '/Game/Maps/MainMenu.MainMenu:PersistentLevel' has LevelScriptBlueprint '/Game/Maps/MainMenu.MainMenu:PersistentLevel.MainMenu' with GeneratedClass '/Game/Maps/MainMenu.MainMenu_C' with ClassGeneratedBy '/Game/Maps/MainMenu.MainMenu:PersistentLevel.MainMenu'
[2019.05.09-15.49.13:890][451]LogPlayLevel: PlayLevel: No blueprints needed recompiling
[2019.05.09-15.49.13:890][451]PIE: New page: PIE session: MainMenu (9 May 2019 17:49:13)
[2019.05.09-15.49.13:890][451]LogPlayLevel: Creating play world package: /Game/Maps/UEDPIE_0_MainMenu
[2019.05.09-15.49.13:892][451]LogPlayLevel: PIE: StaticDuplicateObject took: (0.001927s)
[2019.05.09-15.49.13:893][451]LogAIModule: Creating AISystem for world MainMenu
[2019.05.09-15.49.13:893][451]LogPlayLevel: PIE: World Init took: (0.000634s)
[2019.05.09-15.49.13:893][451]LogPlayLevel: PIE: Created PIE world by copying editor world from /Game/Maps/MainMenu.MainMenu to /Game/Maps/UEDPIE_0_MainMenu.MainMenu (0.002660s)
[2019.05.09-15.49.13:927][451]LogInit: XAudio2 using 'Speakers (Realtek High Definition Audio)' : 2 channels at 48 kHz using 32 bits per sample (channel mask 0x3)
[2019.05.09-15.49.13:934][451]LogInit: FAudioDevice initialized.
[2019.05.09-15.49.13:965][451]LogLoad: Game class is 'ThirdPersonGameMode_C'
[2019.05.09-15.49.13:966][451]LogWorld: Bringing World /Game/Maps/UEDPIE_0_MainMenu.MainMenu up for play (max tick rate 0) at 2019.05.09-16.49.13
[2019.05.09-15.49.13:966][451]LogWorld: Bringing up level for play took: 0.000412
[2019.05.09-15.49.13:979][451]PIE: Play in editor start time for /Game/Maps/UEDPIE_0_MainMenu 0.632
[2019.05.09-15.49.13:979][451]LogBlueprintUserMessages: Late PlayInEditor Detection: Level '/Game/Maps/MainMenu.MainMenu:PersistentLevel' has LevelScriptBlueprint '/Game/Maps/MainMenu.MainMenu:PersistentLevel.MainMenu' with GeneratedClass '/Game/Maps/MainMenu.MainMenu_C' with ClassGeneratedBy '/Game/Maps/MainMenu.MainMenu:PersistentLevel.MainMenu'
[2019.05.09-15.49.20:728][260]LogSlate: Updating window title bar state: overlay mode, drag disabled, window buttons hidden, title bar hidden
[2019.05.09-15.49.20:728][260]LogBlueprintUserMessages: Early EndPlayMap Detection: Level '/Game/Maps/MainMenu.MainMenu:PersistentLevel' has LevelScriptBlueprint '/Game/Maps/MainMenu.MainMenu:PersistentLevel.MainMenu' with GeneratedClass '/Game/Maps/MainMenu.MainMenu_C' with ClassGeneratedBy '/Game/Maps/MainMenu.MainMenu:PersistentLevel.MainMenu'
[2019.05.09-15.49.20:762][260]LogPlayLevel: Display: Shutting down PIE online subsystems
[2019.05.09-15.49.20:762][260]LogBlueprintUserMessages: Late EndPlayMap Detection: Level '/Game/Maps/MainMenu.MainMenu:PersistentLevel' has LevelScriptBlueprint '/Game/Maps/MainMenu.MainMenu:PersistentLevel.MainMenu' with GeneratedClass '/Game/Maps/MainMenu.MainMenu_C' with ClassGeneratedBy '/Game/Maps/MainMenu.MainMenu:PersistentLevel.MainMenu'
[2019.05.09-15.49.20:796][260]LogSlate: Updating window title bar state: overlay mode, drag disabled, window buttons hidden, title bar hidden
[2019.05.09-15.49.20:831][263]LogPlayLevel: Display: Destroying online subsystem :Context_10
[2019.05.09-15.49.23:771][613]LogAssetEditorManager: Opening Asset editor for WidgetBlueprint /Game/UI/PauseMenu.PauseMenu
[2019.05.09-15.50.10:581][415]BlueprintLog: New page: Compile PauseMenu
[2019.05.09-15.50.11:637][483]Cmd: OBJ SAVEPACKAGE PACKAGE="/Game/UI/PauseMenu" FILE="Z:/Assignment Repository/Team-Molyneux-3/Project/Unreal Project/GroupProject/Content/UI/PauseMenu.uasset" SILENT=true
[2019.05.09-15.50.11:892][483]LogSavePackage: Moving 'Z:/Assignment Repository/Team-Molyneux-3/Project/Unreal Project/GroupProject/Saved/PauseMenu9185306046B9267917A3FB8810C3F888.tmp' to 'Z:/Assignment Repository/Team-Molyneux-3/Project/Unreal Project/GroupProject/Content/UI/PauseMenu.uasset'
[2019.05.09-15.50.14:669][776]LogAssetEditorManager: Opening Asset editor for WidgetBlueprint /Game/UI/GameOverScreen.GameOverScreen
[2019.05.09-15.50.44:313][  1]BlueprintLog: New page: Compile GameOverScreen
[2019.05.09-15.50.45:164][ 62]Cmd: OBJ SAVEPACKAGE PACKAGE="/Game/UI/GameOverScreen" FILE="Z:/Assignment Repository/Team-Molyneux-3/Project/Unreal Project/GroupProject/Content/UI/GameOverScreen.uasset" SILENT=true
[2019.05.09-15.50.45:283][ 62]LogSavePackage: Moving 'Z:/Assignment Repository/Team-Molyneux-3/Project/Unreal Project/GroupProject/Saved/GameOverScreen2AE132DF410EFD7EB6F255ACCFD92107.tmp' to 'Z:/Assignment Repository/Team-Molyneux-3/Project/Unreal Project/GroupProject/Content/UI/GameOverScreen.uasset'
[2019.05.09-15.51.12:111][219]LogSlate: Window 'Color Picker' being destroyed
[2019.05.09-15.51.25:418][684]BlueprintLog: New page: Compile GameOverScreen
[2019.05.09-15.51.26:442][764]Cmd: OBJ SAVEPACKAGE PACKAGE="/Game/UI/GameOverScreen" FILE="Z:/Assignment Repository/Team-Molyneux-3/Project/Unreal Project/GroupProject/Content/UI/GameOverScreen.uasset" SILENT=true
[2019.05.09-15.51.26:552][764]LogSavePackage: Moving 'Z:/Assignment Repository/Team-Molyneux-3/Project/Unreal Project/GroupProject/Saved/GameOverScreenA34298EE448659C8116A56962FF3395C.tmp' to 'Z:/Assignment Repository/Team-Molyneux-3/Project/Unreal Project/GroupProject/Content/UI/GameOverScreen.uasset'
[2019.05.09-15.51.48:306][735]LogAssetEditorManager: Opening Asset editor for WidgetBlueprint /Game/UI/HUD.HUD
[2019.05.09-15.52.24:199][801]LogEditorTransaction: Undo Resize Widget
[2019.05.09-15.52.26:003][995]BlueprintLog: New page: Compile PauseMenu
[2019.05.09-15.52.26:968][ 82]Cmd: OBJ SAVEPACKAGE PACKAGE="/Game/UI/PauseMenu" FILE="Z:/Assignment Repository/Team-Molyneux-3/Project/Unreal Project/GroupProject/Content/UI/PauseMenu.uasset" SILENT=true
[2019.05.09-15.52.27:232][ 82]LogSavePackage: Moving 'Z:/Assignment Repository/Team-Molyneux-3/Project/Unreal Project/GroupProject/Saved/PauseMenuF8D54F9B427CF3A563EDA68A497E3777.tmp' to 'Z:/Assignment Repository/Team-Molyneux-3/Project/Unreal Project/GroupProject/Content/UI/PauseMenu.uasset'
[2019.05.09-15.52.43:237][592]LogSlate: Window 'Save Content' being destroyed
[2019.05.09-15.52.43:291][592]LogSavePackage: Moving 'Z:/Assignment Repository/Team-Molyneux-3/Project/Unreal Project/GroupProject/Saved/Button_Hovered_fw756BDB504E2BEC58AE817BA85614ED71.tmp' to 'Z:/Assignment Repository/Team-Molyneux-3/Project/Unreal Project/GroupProject/Content/UI/UIAssets/MenuButtons/Button_Hovered_fw.uasset'
[2019.05.09-15.52.43:343][592]LogSavePackage: Moving 'Z:/Assignment Repository/Team-Molyneux-3/Project/Unreal Project/GroupProject/Saved/Button_Normal_fwB139D7F44C1E53BD8E427FB937AFCA05.tmp' to 'Z:/Assignment Repository/Team-Molyneux-3/Project/Unreal Project/GroupProject/Content/UI/UIAssets/MenuButtons/Button_Normal_fw.uasset'
[2019.05.09-15.52.43:401][592]LogSavePackage: Moving 'Z:/Assignment Repository/Team-Molyneux-3/Project/Unreal Project/GroupProject/Saved/Button_Pressed_fw653A0B3042CC3DDDDDDBF684F37DF8EE.tmp' to 'Z:/Assignment Repository/Team-Molyneux-3/Project/Unreal Project/GroupProject/Content/UI/UIAssets/MenuButtons/Button_Pressed_fw.uasset'
[2019.05.09-15.52.43:575][592]LogSlate: Window 'GroupProject - Unreal Editor' being destroyed
[2019.05.09-15.52.43:576][592]LogWindowsTextInputMethodSystem: Display: IME system now deactivated.
[2019.05.09-15.52.43:783][593]Cmd: QUIT_EDITOR
[2019.05.09-15.52.44:355][593]LogExit: Preparing to exit.
[2019.05.09-15.52.45:318][593]LogExit: Editor shut down
[2019.05.09-15.52.45:318][593]LogExit: Transaction tracking system shut down
[2019.05.09-15.52.46:133][593]LogExit: Object subsystem successfully closed.
[2019.05.09-15.52.46:167][593]LogShaderCompilers: Display: Shaders left to compile 0
[2019.05.09-15.52.46:175][593]LogD3D11RHI: Shutdown
[2019.05.09-15.52.46:175][593]LogD3D11RHI: CleanupD3DDevice
[2019.05.09-15.52.46:179][593]LogD3D11RHI: ~FD3D11DynamicRHI
[2019.05.09-15.52.46:198][593]LogModuleManager: Shutting down and abandoning module MovieSceneCapture (622)
[2019.05.09-15.52.46:198][593]LogModuleManager: Shutting down and abandoning module Voice (620)
[2019.05.09-15.52.46:198][593]LogModuleManager: Shutting down and abandoning module SequencerWidgets (618)
[2019.05.09-15.52.46:198][593]LogModuleManager: Shutting down and abandoning module BlueprintGraph (616)
[2019.05.09-15.52.46:198][593]LogModuleManager: Shutting down and abandoning module HierarchicalLODOutliner (614)
[2019.05.09-15.52.46:198][593]LogModuleManager: Shutting down and abandoning module SceneOutliner (612)
[2019.05.09-15.52.46:198][593]LogModuleManager: Shutting down and abandoning module AddContentDialog (610)
[2019.05.09-15.52.46:199][593]LogModuleManager: Shutting down and abandoning module WidgetCarousel (609)
[2019.05.09-15.52.46:199][593]LogModuleManager: Shutting down and abandoning module EditorWidgets (606)
[2019.05.09-15.52.46:199][593]LogModuleManager: Shutting down and abandoning module CollectionManager (604)
[2019.05.09-15.52.46:199][593]LogModuleManager: Shutting down and abandoning module StatsViewer (602)
[2019.05.09-15.52.46:199][593]LogModuleManager: Shutting down and abandoning module FoliageEdit (600)
[2019.05.09-15.52.46:199][593]LogModuleManager: Shutting down and abandoning module LandscapeEditor (598)
[2019.05.09-15.52.46:200][593]LogModuleManager: Shutting down and abandoning module MeshPaintMode (596)
[2019.05.09-15.52.46:200][593]LogModuleManager: Shutting down and abandoning module SceneDepthPickerMode (594)
[2019.05.09-15.52.46:200][593]LogModuleManager: Shutting down and abandoning module ActorPickerMode (592)
[2019.05.09-15.52.46:200][593]LogModuleManager: Shutting down and abandoning module GeometryMode (590)
[2019.05.09-15.52.46:200][593]LogModuleManager: Shutting down and abandoning module TextureAlignMode (588)
[2019.05.09-15.52.46:200][593]LogModuleManager: Shutting down and abandoning module BspMode (586)
[2019.05.09-15.52.46:200][593]LogModuleManager: Shutting down and abandoning module PIEPreviewDeviceProfileSelector (584)
[2019.05.09-15.52.46:200][593]LogModuleManager: Shutting down and abandoning module SequenceRecorderSections (582)
[2019.05.09-15.52.46:200][593]LogModuleManager: Shutting down and abandoning module AutomationWorker (580)
[2019.05.09-15.52.46:200][593]LogModuleManager: Shutting down and abandoning module AudioCaptureEditor (578)
[2019.05.09-15.52.46:200][593]LogModuleManager: Shutting down and abandoning module SequenceRecorder (577)
[2019.05.09-15.52.46:200][593]LogModuleManager: Shutting down and abandoning module MatineeToLevelSequence (574)
[2019.05.09-15.52.46:200][593]LogModuleManager: Shutting down and abandoning module LevelSequenceEditor (572)
[2019.05.09-15.52.46:200][593]LogModuleManager: Shutting down and abandoning module PlacementMode (571)
[2019.05.09-15.52.46:200][593]LogModuleManager: Shutting down and abandoning module MaterialEditor (570)
[2019.05.09-15.52.46:200][593]LogModuleManager: Shutting down and abandoning module WmfMediaFactory (566)
[2019.05.09-15.52.46:201][593]LogModuleManager: Shutting down and abandoning module WmfMediaEditor (564)
[2019.05.09-15.52.46:201][593]LogModuleManager: Shutting down and abandoning module MediaPlayerEditor (562)
[2019.05.09-15.52.46:201][593]LogModuleManager: Shutting down and abandoning module OpenExrWrapper (560)
[2019.05.09-15.52.46:201][593]LogModuleManager: Shutting down and abandoning module ImgMediaFactory (558)
[2019.05.09-15.52.46:201][593]LogModuleManager: Shutting down and abandoning module ImgMediaEditor (556)
[2019.05.09-15.52.46:201][593]LogModuleManager: Shutting down and abandoning module AvfMediaFactory (554)
[2019.05.09-15.52.46:201][593]LogModuleManager: Shutting down and abandoning module AvfMediaEditor (552)
[2019.05.09-15.52.46:201][593]LogModuleManager: Shutting down and abandoning module AndroidMediaFactory (550)
[2019.05.09-15.52.46:201][593]LogModuleManager: Shutting down and abandoning module AndroidMediaEditor (548)
[2019.05.09-15.52.46:201][593]LogModuleManager: Shutting down and abandoning module MagicLeapCameraPreviewFactory (546)
[2019.05.09-15.52.46:201][593]LogModuleManager: Shutting down and abandoning module MagicLeapMediaFactory (544)
[2019.05.09-15.52.46:201][593]LogModuleManager: Shutting down and abandoning module MagicLeapMediaEditor (542)
[2019.05.09-15.52.46:201][593]LogModuleManager: Shutting down and abandoning module CharacterAI (540)
[2019.05.09-15.52.46:201][593]LogModuleManager: Shutting down and abandoning module SmartSnapping (538)
[2019.05.09-15.52.46:201][593]LogModuleManager: Shutting down and abandoning module SessionServices (536)
[2019.05.09-15.52.46:201][593]LogModuleManager: Shutting down and abandoning module ViewportSnapping (534)
[2019.05.09-15.52.46:201][593]LogModuleManager: Shutting down and abandoning module ViewportInteraction (532)
[2019.05.09-15.52.46:201][593]LogModuleManager: Shutting down and abandoning module ClothPainter (530)
[2019.05.09-15.52.46:201][593]LogModuleManager: Shutting down and abandoning module SkeletalMeshEditor (529)
[2019.05.09-15.52.46:201][593]LogModuleManager: Shutting down and abandoning module LogVisualizer (526)
[2019.05.09-15.52.46:202][593]LogModuleManager: Shutting down and abandoning module IntroTutorials (524)
[2019.05.09-15.52.46:202][593]LogModuleManager: Shutting down and abandoning module GameProjectGeneration (523)
[2019.05.09-15.52.46:202][593]LogModuleManager: Shutting down and abandoning module LuminPlatformEditor (520)
[2019.05.09-15.52.46:202][593]LogModuleManager: Shutting down and abandoning module IOSPlatformEditor (518)
[2019.05.09-15.52.46:202][593]LogModuleManager: Shutting down and abandoning module HTML5PlatformEditor (516)
[2019.05.09-15.52.46:202][593]LogModuleManager: Shutting down and abandoning module AndroidPlatformEditor (514)
[2019.05.09-15.52.46:202][593]LogModuleManager: Shutting down and abandoning module AndroidDeviceDetection (513)
[2019.05.09-15.52.46:268][593]LogModuleManager: Shutting down and abandoning module WindowsPlatformEditor (510)
[2019.05.09-15.52.46:268][593]LogModuleManager: Shutting down and abandoning module LuminRuntimeSettings (508)
[2019.05.09-15.52.46:268][593]LogModuleManager: Shutting down and abandoning module IOSRuntimeSettings (506)
[2019.05.09-15.52.46:268][593]LogModuleManager: Shutting down and abandoning module AndroidRuntimeSettings (504)
[2019.05.09-15.52.46:268][593]LogModuleManager: Shutting down and abandoning module InputBindingEditor (502)
[2019.05.09-15.52.46:268][593]LogModuleManager: Shutting down and abandoning module MergeActors (500)
[2019.05.09-15.52.46:268][593]LogModuleManager: Shutting down and abandoning module LocalizationDashboard (498)
[2019.05.09-15.52.46:268][593]LogModuleManager: Shutting down and abandoning module LocalizationService (497)
[2019.05.09-15.52.46:268][593]LogModuleManager: Shutting down and abandoning module HardwareTargeting (494)
[2019.05.09-15.52.46:268][593]LogModuleManager: Shutting down and abandoning module DeviceProfileEditor (492)
[2019.05.09-15.52.46:268][593]LogModuleManager: Shutting down and abandoning module UndoHistory (490)
[2019.05.09-15.52.46:269][593]LogModuleManager: Shutting down and abandoning module XmlParser (488)
[2019.05.09-15.52.46:269][593]LogModuleManager: Shutting down and abandoning module Blutility (486)
[2019.05.09-15.52.46:269][593]LogModuleManager: Shutting down and abandoning module ProjectSettingsViewer (484)
[2019.05.09-15.52.46:269][593]LogModuleManager: Shutting down and abandoning module ProjectTargetPlatformEditor (483)
[2019.05.09-15.52.46:269][593]LogModuleManager: Shutting down and abandoning module EditorSettingsViewer (480)
[2019.05.09-15.52.46:269][593]LogModuleManager: Shutting down and abandoning module SettingsEditor (478)
[2019.05.09-15.52.46:269][593]LogModuleManager: Shutting down and abandoning module ProjectLauncher (476)
[2019.05.09-15.52.46:269][593]LogModuleManager: Shutting down and abandoning module SessionFrontend (474)
[2019.05.09-15.52.46:269][593]LogModuleManager: Shutting down and abandoning module ProfilerClient (472)
[2019.05.09-15.52.46:269][593]LogModuleManager: Shutting down and abandoning module DeviceManager (470)
[2019.05.09-15.52.46:269][593]LogModuleManager: Shutting down and abandoning module TargetDeviceServices (469)
[2019.05.09-15.52.46:343][593]LogModuleManager: Shutting down and abandoning module AutomationController (466)
[2019.05.09-15.52.46:343][593]LogModuleManager: Shutting down and abandoning module AutomationWindow (464)
[2019.05.09-15.52.46:343][593]LogModuleManager: Shutting down and abandoning module Layers (462)
[2019.05.09-15.52.46:343][593]LogModuleManager: Shutting down and abandoning module ComponentVisualizers (460)
[2019.05.09-15.52.46:343][593]LogModuleManager: Shutting down and abandoning module DetailCustomizations (458)
[2019.05.09-15.52.46:343][593]LogModuleManager: Shutting down and abandoning module PackagesDialog (456)
[2019.05.09-15.52.46:343][593]LogModuleManager: Shutting down and abandoning module Persona (454)
[2019.05.09-15.52.46:343][593]LogModuleManager: Shutting down and abandoning module AdvancedPreviewScene (453)
[2019.05.09-15.52.46:343][593]LogModuleManager: Shutting down and abandoning module AnimGraph (451)
[2019.05.09-15.52.46:344][593]LogModuleManager: Shutting down and abandoning module Kismet (448)
[2019.05.09-15.52.46:354][593]LogModuleManager: Shutting down and abandoning module GraphEditor (446)
[2019.05.09-15.52.46:354][593]LogModuleManager: Shutting down and abandoning module ClassViewer (444)
[2019.05.09-15.52.46:354][593]LogModuleManager: Shutting down and abandoning module Toolbox (442)
[2019.05.09-15.52.46:354][593]LogModuleManager: Shutting down and abandoning module ModuleUI (440)
[2019.05.09-15.52.46:354][593]LogModuleManager: Shutting down and abandoning module MovieSceneTools (438)
[2019.05.09-15.52.46:354][593]LogModuleManager: Shutting down and abandoning module OutputLog (436)
[2019.05.09-15.52.46:354][593]LogModuleManager: Shutting down and abandoning module GammaUI (434)
[2019.05.09-15.52.46:354][593]LogModuleManager: Shutting down and abandoning module Documentation (432)
[2019.05.09-15.52.46:354][593]LogModuleManager: Shutting down and abandoning module MovieSceneTracks (430)
[2019.05.09-15.52.46:354][593]LogModuleManager: Shutting down and abandoning module MovieScene (428)
[2019.05.09-15.52.46:354][593]LogModuleManager: Shutting down and abandoning module StreamingPauseRendering (426)
[2019.05.09-15.52.46:355][593]LogModuleManager: Shutting down and abandoning module LauncherPlatform (424)
[2019.05.09-15.52.46:355][593]LogModuleManager: Shutting down and abandoning module AnalyticsET (422)
[2019.05.09-15.52.46:355][593]LogModuleManager: Shutting down and abandoning module PortalServices (420)
[2019.05.09-15.52.46:355][593]LogModuleManager: Shutting down and abandoning module PortalRpc (418)
[2019.05.09-15.52.46:355][593]LogModuleManager: Shutting down and abandoning module MessagingRpc (416)
[2019.05.09-15.52.46:355][593]LogModuleManager: Shutting down and abandoning module AIModule (414)
[2019.05.09-15.52.46:355][593]LogModuleManager: Shutting down and abandoning module GameplayDebugger (413)
[2019.05.09-15.52.46:355][593]LogModuleManager: Shutting down and abandoning module AITestSuite (411)
[2019.05.09-15.52.46:355][593]LogModuleManager: Shutting down and abandoning module NavigationSystem (409)
[2019.05.09-15.52.46:355][593]LogModuleManager: Shutting down and abandoning module DesktopPlatform (406)
[2019.05.09-15.52.46:355][593]LogModuleManager: Shutting down and abandoning module ProfilerService (404)
[2019.05.09-15.52.46:481][593]LogModuleManager: Shutting down and abandoning module TaskGraph (402)
[2019.05.09-15.52.46:481][593]LogModuleManager: Shutting down and abandoning module SteamVRController (400)
[2019.05.09-15.52.46:481][593]LogModuleManager: Shutting down and abandoning module ProceduralMeshComponentEditor (398)
[2019.05.09-15.52.46:481][593]LogModuleManager: Shutting down and abandoning module ProceduralMeshComponent (396)
[2019.05.09-15.52.46:481][593]LogModuleManager: Shutting down and abandoning module OculusInput (394)
[2019.05.09-15.52.46:481][593]LogModuleManager: Shutting down and abandoning module MobilePatchingUtils (392)
[2019.05.09-15.52.46:481][593]LogModuleManager: Shutting down and abandoning module EditableMesh (390)
[2019.05.09-15.52.46:481][593]LogModuleManager: Shutting down and abandoning module CustomMeshComponent (388)
[2019.05.09-15.52.46:481][593]LogModuleManager: Shutting down and abandoning module CableComponent (386)
[2019.05.09-15.52.46:481][593]LogModuleManager: Shutting down and abandoning module AudioCapture (384)
[2019.05.09-15.52.46:481][593]LogModuleManager: Shutting down and abandoning module ArchVisCharacter (382)
[2019.05.09-15.52.46:481][593]LogModuleManager: Shutting down and abandoning module AndroidPermission (380)
[2019.05.09-15.52.46:481][593]LogModuleManager: Shutting down and abandoning module NUTUnrealEngine4 (378)
[2019.05.09-15.52.46:481][593]LogModuleManager: Shutting down and abandoning module NetcodeUnitTest (376)
[2019.05.09-15.52.46:481][593]LogModuleManager: Shutting down and abandoning module MediaCompositingEditor (374)
[2019.05.09-15.52.46:481][593]LogModuleManager: Shutting down and abandoning module MediaCompositing (372)
[2019.05.09-15.52.46:481][593]LogModuleManager: Shutting down and abandoning module LinearTimecode (370)
[2019.05.09-15.52.46:481][593]LogModuleManager: Shutting down and abandoning module ImgMedia (368)
[2019.05.09-15.52.46:488][593]LogModuleManager: Shutting down and abandoning module HTML5Networking (366)
[2019.05.09-15.52.46:488][593]LogModuleManager: Shutting down and abandoning module GeometryCacheTracks (364)
[2019.05.09-15.52.46:488][593]LogModuleManager: Shutting down and abandoning module GeometryCacheSequencer (362)
[2019.05.09-15.52.46:488][593]LogModuleManager: Shutting down and abandoning module BackChannel (360)
[2019.05.09-15.52.46:488][593]LogModuleManager: Shutting down and abandoning module AppleVision (358)
[2019.05.09-15.52.46:488][593]LogModuleManager: Shutting down and abandoning module AppleImageUtils (356)
[2019.05.09-15.52.46:488][593]LogModuleManager: Shutting down and abandoning module AlembicImporter (354)
[2019.05.09-15.52.46:488][593]LogModuleManager: Shutting down and abandoning module AlembicLibrary (353)
[2019.05.09-15.52.46:488][593]LogModuleManager: Shutting down and abandoning module GeometryCache (352)
[2019.05.09-15.52.46:488][593]LogModuleManager: Shutting down and abandoning module GeometryCacheEd (351)
[2019.05.09-15.52.46:488][593]LogModuleManager: Shutting down and abandoning module DatasmithContentEditor (346)
[2019.05.09-15.52.46:488][593]LogModuleManager: Shutting down and abandoning module DatasmithContent (344)
[2019.05.09-15.52.46:495][593]LogModuleManager: Shutting down and abandoning module SpeedTreeImporter (342)
[2019.05.09-15.52.46:495][593]LogModuleManager: Shutting down and abandoning module PluginBrowser (340)
[2019.05.09-15.52.46:495][593]LogModuleManager: Shutting down and abandoning module MobileLauncherProfileWizard (338)
[2019.05.09-15.52.46:495][593]LogModuleManager: Shutting down and abandoning module PolygonModeling (336)
[2019.05.09-15.52.46:495][593]LogModuleManager: Shutting down and abandoning module MeshEditor (334)
[2019.05.09-15.52.46:495][593]LogModuleManager: Shutting down and abandoning module CryptoKeysOpenSSL (332)
[2019.05.09-15.52.46:495][593]LogModuleManager: Shutting down and abandoning module CryptoKeys (330)
[2019.05.09-15.52.46:495][593]LogModuleManager: Shutting down and abandoning module VisualStudioSourceCodeAccess (328)
[2019.05.09-15.52.46:495][593]LogModuleManager: Shutting down and abandoning module VisualStudioCodeSourceCodeAccess (326)
[2019.05.09-15.52.46:495][593]LogModuleManager: Shutting down and abandoning module UObjectPlugin (324)
[2019.05.09-15.52.46:495][593]LogModuleManager: Shutting down and abandoning module SubversionSourceControl (322)
[2019.05.09-15.52.46:495][593]LogModuleManager: Shutting down and abandoning module PerforceSourceControl (320)
[2019.05.09-15.52.46:495][593]LogModuleManager: Shutting down and abandoning module GitSourceControl (318)
[2019.05.09-15.52.46:496][593]LogModuleManager: Shutting down and abandoning module SourceControl (317)
[2019.05.09-15.52.46:496][593]LogModuleManager: Shutting down and abandoning module CLionSourceCodeAccess (314)
[2019.05.09-15.52.46:496][593]LogModuleManager: Shutting down and abandoning module LightPropagationVolumeEditor (312)
[2019.05.09-15.52.46:496][593]LogModuleManager: Shutting down and abandoning module PaperTiledImporter (310)
[2019.05.09-15.52.46:496][593]LogModuleManager: Shutting down and abandoning module PaperSpriteSheetImporter (308)
[2019.05.09-15.52.46:496][593]LogModuleManager: Shutting down and abandoning module Paper2DEditor (306)
[2019.05.09-15.52.46:496][593]LogModuleManager: Shutting down and abandoning module MeshPaint (305)
[2019.05.09-15.52.46:496][593]LogModuleManager: Shutting down and abandoning module RuntimePhysXCooking (302)
[2019.05.09-15.52.46:496][593]LogModuleManager: Shutting down and abandoning module PhysXVehiclesEditor (300)
[2019.05.09-15.52.46:496][593]LogModuleManager: Shutting down and abandoning module PhysXVehicles (298)
[2019.05.09-15.52.46:496][593]LogModuleManager: Shutting down and abandoning module OculusEditor (296)
[2019.05.09-15.52.46:496][593]LogModuleManager: Shutting down and abandoning module LocationServicesBPLibrary (294)
[2019.05.09-15.52.46:496][593]LogModuleManager: Shutting down and abandoning module ImmediatePhysicsEditor (292)
[2019.05.09-15.52.46:496][593]LogModuleManager: Shutting down and abandoning module ImmediatePhysics (290)
[2019.05.09-15.52.46:496][593]LogModuleManager: Shutting down and abandoning module ApexDestructionEditor (288)
[2019.05.09-15.52.46:496][593]LogModuleManager: Shutting down and abandoning module ApexDestruction (286)
[2019.05.09-15.52.46:496][593]LogModuleManager: Shutting down and abandoning module ActorSequence (284)
[2019.05.09-15.52.46:496][593]LogModuleManager: Shutting down and abandoning module UdpMessaging (282)
[2019.05.09-15.52.46:597][593]LogModuleManager: Shutting down and abandoning module TcpMessaging (280)
[2019.05.09-15.52.46:698][593]LogModuleManager: Shutting down and abandoning module MagicLeapAudio (278)
[2019.05.09-15.52.46:698][593]LogModuleManager: Shutting down and abandoning module GameplayTagsEditor (276)
[2019.05.09-15.52.46:698][593]LogModuleManager: Shutting down and abandoning module FacialAnimationEditor (274)
[2019.05.09-15.52.46:698][593]LogModuleManager: Shutting down and abandoning module FacialAnimation (272)
[2019.05.09-15.52.46:698][593]LogModuleManager: Shutting down and abandoning module DataValidation (270)
[2019.05.09-15.52.46:698][593]LogModuleManager: Shutting down and abandoning module AssetManagerEditor (268)
[2019.05.09-15.52.46:698][593]LogModuleManager: Shutting down and abandoning module LevelEditor (267)
[2019.05.09-15.52.46:700][593]LogModuleManager: Shutting down and abandoning module PixelInspectorModule (266)
[2019.05.09-15.52.46:700][593]LogModuleManager: Shutting down and abandoning module CommonMenuExtensions (264)
[2019.05.09-15.52.46:700][593]LogModuleManager: Shutting down and abandoning module MainFrame (262)
[2019.05.09-15.52.46:700][593]LogModuleManager: Shutting down and abandoning module HotReload (261)
[2019.05.09-15.52.46:700][593]LogModuleManager: Shutting down and abandoning module ContentBrowser (257)
[2019.05.09-15.52.46:703][593]LogModuleManager: Shutting down and abandoning module TreeMap (255)
[2019.05.09-15.52.46:703][593]LogModuleManager: Shutting down and abandoning module LightPropagationVolumeRuntime (252)
[2019.05.09-15.52.46:703][593]LogModuleManager: Shutting down and abandoning module AISupportModule (250)
[2019.05.09-15.52.46:703][593]LogModuleManager: Shutting down and abandoning module Paper2D (248)
[2019.05.09-15.52.46:703][593]LogModuleManager: Shutting down and abandoning module WindowsMoviePlayer (246)
[2019.05.09-15.52.46:703][593]LogModuleManager: Shutting down and abandoning module WmfMedia (244)
[2019.05.09-15.52.46:703][593]LogModuleManager: Shutting down and abandoning module Media (243)
[2019.05.09-15.52.46:710][593]LogModuleManager: Shutting down and abandoning module PacketHandler (240)
[2019.05.09-15.52.46:710][593]LogModuleManager: Shutting down and abandoning module ClothingSystemEditor (238)
[2019.05.09-15.52.46:710][593]LogModuleManager: Shutting down and abandoning module ClothingSystemRuntime (236)
[2019.05.09-15.52.46:710][593]LogModuleManager: Shutting down and abandoning module MediaAssets (234)
[2019.05.09-15.52.46:710][593]LogModuleManager: Shutting down and abandoning module Overlay (232)
[2019.05.09-15.52.46:710][593]LogModuleManager: Shutting down and abandoning module OverlayEditor (231)
[2019.05.09-15.52.46:710][593]LogModuleManager: Shutting down and abandoning module VREditor (228)
[2019.05.09-15.52.46:710][593]LogModuleManager: Shutting down and abandoning module StringTableEditor (226)
[2019.05.09-15.52.46:710][593]LogModuleManager: Shutting down and abandoning module GameplayTasksEditor (224)
[2019.05.09-15.52.46:710][593]LogModuleManager: Shutting down and abandoning module BehaviorTreeEditor (222)
[2019.05.09-15.52.46:710][593]LogModuleManager: Shutting down and abandoning module FunctionalTesting (220)
[2019.05.09-15.52.46:710][593]LogModuleManager: Shutting down and abandoning module CollisionAnalyzer (218)
[2019.05.09-15.52.46:710][593]LogModuleManager: Shutting down and abandoning module WorkspaceMenuStructure (217)
[2019.05.09-15.52.46:710][593]LogModuleManager: Shutting down and abandoning module UMG (214)
[2019.05.09-15.52.46:710][593]LogModuleManager: Shutting down and abandoning module UMGEditor (213)
[2019.05.09-15.52.46:710][593]LogModuleManager: Shutting down and abandoning module Sequencer (212)
[2019.05.09-15.52.46:711][593]LogModuleManager: Shutting down and abandoning module MessageLog (209)
[2019.05.09-15.52.46:711][593]LogModuleManager: Shutting down and abandoning module SlateReflector (204)
[2019.05.09-15.52.46:711][593]LogModuleManager: Shutting down and abandoning module Slate (202)
[2019.05.09-15.52.46:711][593]LogModuleManager: Shutting down and abandoning module EditorStyle (200)
[2019.05.09-15.52.46:715][593]LogModuleManager: Shutting down and abandoning module MRMesh (198)
[2019.05.09-15.52.46:715][593]LogModuleManager: Shutting down and abandoning module SourceCodeAccess (196)
[2019.05.09-15.52.46:715][593]LogModuleManager: Shutting down and abandoning module HeadMountedDisplay (194)
[2019.05.09-15.52.46:715][593]LogModuleManager: Shutting down and abandoning module XAudio2 (192)
[2019.05.09-15.52.46:715][593]LogModuleManager: Shutting down and abandoning module Networking (190)
[2019.05.09-15.52.46:715][593]LogModuleManager: Shutting down and abandoning module Core (188)
[2019.05.09-15.52.46:715][593]LogModuleManager: Shutting down and abandoning module LevelSequence (186)
[2019.05.09-15.52.46:715][593]LogModuleManager: Shutting down and abandoning module KismetCompiler (184)
[2019.05.09-15.52.46:715][593]LogModuleManager: Shutting down and abandoning module MeshUtilities (182)
[2019.05.09-15.52.46:715][593]LogModuleManager: Shutting down and abandoning module MeshMergeUtilities (181)
[2019.05.09-15.52.46:715][593]LogModuleManager: Shutting down and abandoning module MeshReductionInterface (180)
[2019.05.09-15.52.46:715][593]LogModuleManager: Shutting down and abandoning module SimplygonSwarm (179)
[2019.05.09-15.52.46:715][593]LogModuleManager: Shutting down and abandoning module ProxyLODMeshReduction (177)
[2019.05.09-15.52.46:715][593]LogModuleManager: Shutting down and abandoning module SimplygonMeshReduction (175)
[2019.05.09-15.52.46:715][593]LogModuleManager: Shutting down and abandoning module QuadricMeshReduction (173)
[2019.05.09-15.52.46:715][593]LogModuleManager: Shutting down and abandoning module MaterialBaking (169)
[2019.05.09-15.52.46:715][593]LogModuleManager: Shutting down and abandoning module DirectoryWatcher (165)
[2019.05.09-15.52.46:716][593]LogModuleManager: Shutting down and abandoning module DerivedDataCache (162)
[2019.05.09-15.52.46:769][593]LogDerivedDataCache: Shutdown
[2019.05.09-15.52.46:769][593]LogModuleManager: Shutting down and abandoning module XGEController (160)
[2019.05.09-15.52.46:769][593]LogXGEController: Cleaning working directory: C:/Users/CSG17007563/AppData/Local/Temp/UnrealXGEWorkingDir/
[2019.05.09-15.52.46:769][593]LogModuleManager: Shutting down and abandoning module TargetPlatform (158)
[2019.05.09-15.52.46:769][593]LogModuleManager: Shutting down and abandoning module VulkanShaderFormat (157)
[2019.05.09-15.52.46:769][593]LogModuleManager: Shutting down and abandoning module ShaderFormatVectorVM (155)
[2019.05.09-15.52.46:769][593]LogModuleManager: Shutting down and abandoning module ShaderFormatOpenGL (153)
[2019.05.09-15.52.46:769][593]LogModuleManager: Shutting down and abandoning module ShaderFormatD3D (151)
[2019.05.09-15.52.46:769][593]LogModuleManager: Shutting down and abandoning module MetalShaderFormat (149)
[2019.05.09-15.52.46:769][593]LogModuleManager: Shutting down and abandoning module TextureFormatUncompressed (147)
[2019.05.09-15.52.46:770][593]LogModuleManager: Shutting down and abandoning module TextureFormatPVR (145)
[2019.05.09-15.52.46:770][593]LogModuleManager: Shutting down and abandoning module TextureFormatDXT (143)
[2019.05.09-15.52.46:770][593]LogModuleManager: Shutting down and abandoning module TextureFormatIntelISPCTexComp (141)
[2019.05.09-15.52.46:770][593]LogModuleManager: Shutting down and abandoning module TextureFormatASTC (139)
[2019.05.09-15.52.46:770][593]LogModuleManager: Shutting down and abandoning module ImageWrapper (138)
[2019.05.09-15.52.46:770][593]LogModuleManager: Shutting down and abandoning module TextureFormatAndroid (135)
[2019.05.09-15.52.46:770][593]LogModuleManager: Shutting down and abandoning module AudioFormatOpus (133)
[2019.05.09-15.52.46:770][593]LogModuleManager: Shutting down and abandoning module AudioFormatOgg (131)
[2019.05.09-15.52.46:770][593]LogModuleManager: Shutting down and abandoning module AudioFormatADPCM (129)
[2019.05.09-15.52.46:770][593]LogModuleManager: Shutting down and abandoning module LuminTargetPlatform (127)
[2019.05.09-15.52.46:770][593]LogModuleManager: Shutting down and abandoning module LinuxTargetPlatform (125)
[2019.05.09-15.52.46:770][593]LogModuleManager: Shutting down and abandoning module LinuxServerTargetPlatform (123)
[2019.05.09-15.52.46:770][593]LogModuleManager: Shutting down and abandoning module LinuxNoEditorTargetPlatform (121)
[2019.05.09-15.52.46:770][593]LogModuleManager: Shutting down and abandoning module LinuxClientTargetPlatform (119)
[2019.05.09-15.52.46:770][593]LogModuleManager: Shutting down and abandoning module TVOSTargetPlatform (117)
[2019.05.09-15.52.46:772][593]LogModuleManager: Shutting down and abandoning module Messaging (115)
[2019.05.09-15.52.46:772][593]LogModuleManager: Shutting down and abandoning module IOSTargetPlatform (113)
[2019.05.09-15.52.46:774][593]LogModuleManager: Shutting down and abandoning module HTML5TargetPlatform (111)
[2019.05.09-15.52.46:774][593]LogModuleManager: Shutting down and abandoning module AndroidTargetPlatform (109)
[2019.05.09-15.52.46:784][593]LogModuleManager: Shutting down and abandoning module WindowsTargetPlatform (107)
[2019.05.09-15.52.46:784][593]LogModuleManager: Shutting down and abandoning module WindowsServerTargetPlatform (105)
[2019.05.09-15.52.46:784][593]LogModuleManager: Shutting down and abandoning module WindowsNoEditorTargetPlatform (103)
[2019.05.09-15.52.46:784][593]LogModuleManager: Shutting down and abandoning module WindowsClientTargetPlatform (101)
[2019.05.09-15.52.46:784][593]LogModuleManager: Shutting down and abandoning module MacTargetPlatform (99)
[2019.05.09-15.52.46:784][593]LogModuleManager: Shutting down and abandoning module MacServerTargetPlatform (97)
[2019.05.09-15.52.46:784][593]LogModuleManager: Shutting down and abandoning module MacNoEditorTargetPlatform (95)
[2019.05.09-15.52.46:784][593]LogModuleManager: Shutting down and abandoning module MacClientTargetPlatform (93)
[2019.05.09-15.52.46:784][593]LogModuleManager: Shutting down and abandoning module AllDesktopTargetPlatform (91)
[2019.05.09-15.52.46:784][593]LogModuleManager: Shutting down and abandoning module InputCore (88)
[2019.05.09-15.52.46:784][593]LogModuleManager: Shutting down and abandoning module Settings (86)
[2019.05.09-15.52.46:785][593]LogModuleManager: Shutting down and abandoning module PhysXCooking (84)
[2019.05.09-15.52.46:785][593]LogModuleManager: Shutting down and abandoning module SteamVR (82)
[2019.05.09-15.52.46:785][593]LogModuleManager: Shutting down and abandoning module OculusHMD (80)
[2019.05.09-15.52.46:785][593]LogModuleManager: Shutting down and abandoning module ExampleDeviceProfileSelector (78)
[2019.05.09-15.52.46:785][593]LogModuleManager: Shutting down and abandoning module LauncherChunkInstaller (76)
[2019.05.09-15.52.46:785][593]LogModuleManager: Shutting down and abandoning module OnlineBlueprintSupport (74)
[2019.05.09-15.52.46:785][593]LogModuleManager: Shutting down and abandoning module OnlineSubsystem (70)
[2019.05.09-15.52.46:786][593]LogModuleManager: Shutting down and abandoning module XMPP (65)
[2019.05.09-15.52.46:786][593]LogModuleManager: Shutting down and abandoning module WebSockets (64)
[2019.05.09-15.52.46:793][593]LogModuleManager: Shutting down and abandoning module HTTP (61)
[2019.05.09-15.52.46:793][593]LogHttp: Display: Http module shutting down, but needs to wait on 1 outstanding Http requests:
[2019.05.09-15.52.46:793][593]LogHttp: Display: 	verb=[POST] url=[https://datarouter.ol.epicgames.com/datarouter/api/v1/public/data?SessionID=%7B4807E82D-4FC8-BC3E-0FBD-B0ADE940742F%7D&AppID=UEEditor.Rocket.Release&AppVersion=4.20.3-4369336%2B%2B%2BUE4%2BRelease-4.20&UserID=8c71bf5544189ba3f0b29091db620c48%7C%7C46491164-0f45-4f1c-bea5-5bf642aad20c&AppEnvironment=datacollector-binary&UploadType=eteventstream] status=Processing
[2019.05.09-15.52.46:813][593]LogModuleManager: Shutting down and abandoning module SSL (60)
[2019.05.09-15.52.46:815][593]LogModuleManager: Shutting down and abandoning module MagicLeapEmulator (56)
[2019.05.09-15.52.46:815][593]LogModuleManager: Shutting down and abandoning module MagicLeapPrivileges (54)
[2019.05.09-15.52.46:815][593]LogModuleManager: Shutting down and abandoning module MagicLeapIdentity (52)
[2019.05.09-15.52.46:815][593]LogModuleManager: Shutting down and abandoning module MagicLeapHelperVulkan (50)
[2019.05.09-15.52.46:815][593]LogModuleManager: Shutting down and abandoning module MagicLeapHelperOpenGL (48)
[2019.05.09-15.52.46:815][593]LogModuleManager: Shutting down and abandoning module MagicLeapSecureStorage (46)
[2019.05.09-15.52.46:815][593]LogModuleManager: Shutting down and abandoning module MagicLeapGestures (44)
[2019.05.09-15.52.46:815][593]LogModuleManager: Shutting down and abandoning module MagicLeapEyeTracker (42)
[2019.05.09-15.52.46:815][593]LogModuleManager: Shutting down and abandoning module MagicLeapController (40)
[2019.05.09-15.52.46:815][593]LogSlate: Slate User Destroyed.  User Index 0, Is Virtual User: 0
[2019.05.09-15.52.46:815][593]LogModuleManager: Shutting down and abandoning module MagicLeap (38)
[2019.05.09-15.52.46:815][593]LogModuleManager: Shutting down and abandoning module AnimationModifiers (36)
[2019.05.09-15.52.46:815][593]LogModuleManager: Shutting down and abandoning module PropertyEditor (35)
[2019.05.09-15.52.46:815][593]LogModuleManager: Shutting down and abandoning module AudioEditor (32)
[2019.05.09-15.52.46:815][593]LogModuleManager: Shutting down and abandoning module TextureCompressor (30)
[2019.05.09-15.52.46:815][593]LogModuleManager: Shutting down and abandoning module ShaderCore (28)
[2019.05.09-15.52.46:815][593]LogModuleManager: Shutting down and abandoning module Landscape (26)
[2019.05.09-15.52.46:815][593]LogModuleManager: Shutting down and abandoning module SlateRHIRenderer (24)
[2019.05.09-15.52.46:816][593]LogModuleManager: Shutting down and abandoning module OpenGLDrv (22)
[2019.05.09-15.52.46:816][593]LogModuleManager: Shutting down and abandoning module D3D11RHI (20)
[2019.05.09-15.52.46:816][593]LogModuleManager: Shutting down and abandoning module AnimGraphRuntime (18)
[2019.05.09-15.52.46:816][593]LogModuleManager: Shutting down and abandoning module Renderer (16)
[2019.05.09-15.52.46:816][593]LogModuleManager: Shutting down and abandoning module Engine (14)
[2019.05.09-15.52.46:816][593]LogModuleManager: Shutting down and abandoning module CoreUObject (12)
[2019.05.09-15.52.46:816][593]LogModuleManager: Shutting down and abandoning module NetworkFile (10)
[2019.05.09-15.52.46:816][593]LogModuleManager: Shutting down and abandoning module CookedIterativeFile (8)
[2019.05.09-15.52.46:816][593]LogModuleManager: Shutting down and abandoning module StreamingFile (6)
[2019.05.09-15.52.46:816][593]LogModuleManager: Shutting down and abandoning module SandboxFile (4)
[2019.05.09-15.52.46:816][593]LogModuleManager: Shutting down and abandoning module PakFile (2)
[2019.05.09-15.52.46:834][593]LogExit: Exiting.
[2019.05.09-15.52.46:881][593]Log file closed, 05/09/19 16:52:46
